Received arguments: 10963492.0 0 eflow-phisym ecal_rerecos_v1 386640,386642,386661,386668 10207 eflow_plots/10207/ /eos/cms/store/group/dpg_ecal/alca_ecalcalib/automation_replays/test_eflow_v1/eflow-phisym/eflow/ test_eflow_v1 386668
1
eflow-phisym
2
ecal_rerecos_v1
3
test_eflow_v1
10963492.0
0
Some automation commands require a valid grid proxy.
For those the automation T0 API is expecting a path to a VOMS proxy file in the X509_USER_PROXY environment variable which is set to '/pool/condor/dir_1755571/grid_proxy.x509'.
If needed, the file itself can be generated e.g. with 'voms-proxy-init --voms cms --out $HOME/grid_proxy.x509' before starting the singularity container.
Alternatively, the X509_USER_PROXY environment variable can be set to point to an existing VOMS proxy file.
/eos/user/p/pbackes/gitlab/ecalphisym
run numbers: ['386640', '386642', '386661', '386668']
Running on these files: 
{'PhiSym': ['/eos/cms/store/group/dpg_ecal/alca_ecalcalib/automation_replays/test_eflow_v1/phisym/386640/phisymreco_nano_19.root', '/eos/cms/store/group/dpg_ecal/alca_ecalcalib/automation_replays/test_eflow_v1/phisym/386642/phisymreco_nano_4.root', '/eos/cms/store/group/dpg_ecal/alca_ecalcalib/automation_replays/test_eflow_v1/phisym/386640/phisymreco_nano_4.root', '/eos/cms/store/group/dpg_ecal/alca_ecalcalib/automation_replays/test_eflow_v1/phisym/386640/phisymreco_nano_6.root', '/eos/cms/store/group/dpg_ecal/alca_ecalcalib/automation_replays/test_eflow_v1/phisym/386640/phisymreco_nano_22.root', '/eos/cms/store/group/dpg_ecal/alca_ecalcalib/automation_replays/test_eflow_v1/phisym/386642/phisymreco_nano_5.root', '/eos/cms/store/group/dpg_ecal/alca_ecalcalib/automation_replays/test_eflow_v1/phisym/386642/phisymreco_nano_9.root', '/eos/cms/store/group/dpg_ecal/alca_ecalcalib/automation_replays/test_eflow_v1/phisym/386661/phisymreco_nano_0.root', '/eos/cms/store/group/dpg_ecal/alca_ecalcalib/automation_replays/test_eflow_v1/phisym/386668/phisymreco_nano_1.root', '/eos/cms/store/group/dpg_ecal/alca_ecalcalib/automation_replays/test_eflow_v1/phisym/386661/phisymreco_nano_2.root', '/eos/cms/store/group/dpg_ecal/alca_ecalcalib/automation_replays/test_eflow_v1/phisym/386640/phisymreco_nano_8.root', '/eos/cms/store/group/dpg_ecal/alca_ecalcalib/automation_replays/test_eflow_v1/phisym/386642/phisymreco_nano_11.root', '/eos/cms/store/group/dpg_ecal/alca_ecalcalib/automation_replays/test_eflow_v1/phisym/386642/phisymreco_nano_1.root', '/eos/cms/store/group/dpg_ecal/alca_ecalcalib/automation_replays/test_eflow_v1/phisym/386640/phisymreco_nano_16.root', '/eos/cms/store/group/dpg_ecal/alca_ecalcalib/automation_replays/test_eflow_v1/phisym/386640/phisymreco_nano_0.root', '/eos/cms/store/group/dpg_ecal/alca_ecalcalib/automation_replays/test_eflow_v1/phisym/386661/phisymreco_nano_4.root', '/eos/cms/store/group/dpg_ecal/alca_ecalcalib/automation_replays/test_eflow_v1/phisym/386642/phisymreco_nano_7.root', '/eos/cms/store/group/dpg_ecal/alca_ecalcalib/automation_replays/test_eflow_v1/phisym/386642/phisymreco_nano_2.root', '/eos/cms/store/group/dpg_ecal/alca_ecalcalib/automation_replays/test_eflow_v1/phisym/386640/phisymreco_nano_20.root', '/eos/cms/store/group/dpg_ecal/alca_ecalcalib/automation_replays/test_eflow_v1/phisym/386661/phisymreco_nano_3.root', '/eos/cms/store/group/dpg_ecal/alca_ecalcalib/automation_replays/test_eflow_v1/phisym/386640/phisymreco_nano_2.root', '/eos/cms/store/group/dpg_ecal/alca_ecalcalib/automation_replays/test_eflow_v1/phisym/386640/phisymreco_nano_21.root', '/eos/cms/store/group/dpg_ecal/alca_ecalcalib/automation_replays/test_eflow_v1/phisym/386640/phisymreco_nano_1.root', '/eos/cms/store/group/dpg_ecal/alca_ecalcalib/automation_replays/test_eflow_v1/phisym/386640/phisymreco_nano_17.root', '/eos/cms/store/group/dpg_ecal/alca_ecalcalib/automation_replays/test_eflow_v1/phisym/386642/phisymreco_nano_10.root', '/eos/cms/store/group/dpg_ecal/alca_ecalcalib/automation_replays/test_eflow_v1/phisym/386640/phisymreco_nano_18.root', '/eos/cms/store/group/dpg_ecal/alca_ecalcalib/automation_replays/test_eflow_v1/phisym/386640/phisymreco_nano_5.root', '/eos/cms/store/group/dpg_ecal/alca_ecalcalib/automation_replays/test_eflow_v1/phisym/386640/phisymreco_nano_12.root', '/eos/cms/store/group/dpg_ecal/alca_ecalcalib/automation_replays/test_eflow_v1/phisym/386640/phisymreco_nano_10.root', '/eos/cms/store/group/dpg_ecal/alca_ecalcalib/automation_replays/test_eflow_v1/phisym/386640/phisymreco_nano_15.root', '/eos/cms/store/group/dpg_ecal/alca_ecalcalib/automation_replays/test_eflow_v1/phisym/386661/phisymreco_nano_1.root', '/eos/cms/store/group/dpg_ecal/alca_ecalcalib/automation_replays/test_eflow_v1/phisym/386640/phisymreco_nano_7.root', '/eos/cms/store/group/dpg_ecal/alca_ecalcalib/automation_replays/test_eflow_v1/phisym/386642/phisymreco_nano_8.root', '/eos/cms/store/group/dpg_ecal/alca_ecalcalib/automation_replays/test_eflow_v1/phisym/386642/phisymreco_nano_3.root', '/eos/cms/store/group/dpg_ecal/alca_ecalcalib/automation_replays/test_eflow_v1/phisym/386642/phisymreco_nano_0.root', '/eos/cms/store/group/dpg_ecal/alca_ecalcalib/automation_replays/test_eflow_v1/phisym/386640/phisymreco_nano_13.root', '/eos/cms/store/group/dpg_ecal/alca_ecalcalib/automation_replays/test_eflow_v1/phisym/386668/phisymreco_nano_0.root', '/eos/cms/store/group/dpg_ecal/alca_ecalcalib/automation_replays/test_eflow_v1/phisym/386640/phisymreco_nano_11.root', '/eos/cms/store/group/dpg_ecal/alca_ecalcalib/automation_replays/test_eflow_v1/phisym/386640/phisymreco_nano_3.root', '/eos/cms/store/group/dpg_ecal/alca_ecalcalib/automation_replays/test_eflow_v1/phisym/386640/phisymreco_nano_9.root', '/eos/cms/store/group/dpg_ecal/alca_ecalcalib/automation_replays/test_eflow_v1/phisym/386640/phisymreco_nano_14.root', '/eos/cms/store/group/dpg_ecal/alca_ecalcalib/automation_replays/test_eflow_v1/phisym/386642/phisymreco_nano_6.root']}
  Preprocessing 100% ━━━━━━━━━━━━━━━ 42/42 [ 0:00:00 < 0:00:00 | 48.7   file/s ]
Merging (local) 100% ━━━━━━━━━━━━━━━ 42/42 [ 0:00:00 < 0:00:00 | ?    merges/s ]
     Processing 100% ━━━━━━━━━━━━━━━━ 42/42 [ 0:00:07 < 0:00:00 | 6.0  chunk/s ]
Merging (local) 100% ━━━━━━━━━━━━━━━━ 42/42 [ 0:00:07 < 0:00:00 | ?   merges/s ]
runs:  [386640, 386640, 386640, 386642, 386640, ... 386640, 386640, 386640, 386642, 386640]
[0, 0, 0, 0, 0, 0, 0, 0, 0, 0, 0, 0, 0, 0, ... 0, 0, 0, 0, 0, 0, 0, 0, 0, 0, 0, 0, 0] <class 'awkward.highlevel.Array'>
[0, 1, 2, 4, 5, 9, 12, 13, 14, 15, 16, ... 30, 35, 36, 40, 11, 22, 26, 32, 34, 7, 33] [386640, 386640, 386640, 386642, 386640, ... 386640, 386640, 386640, 386642, 386640]
42
Fill: 0 and Run: 386640 
 hits here 16784982 -- n hits before 0
Fill: 0 and Run: 386640 
 hits here 19205178 -- n hits before 16784982
Fill: 0 and Run: 386640 
 hits here 18052506 -- n hits before 35990160
Fill: 0 and Run: 386640 
 hits here 16529736 -- n hits before 54042666
Fill: 0 and Run: 386640 
 hits here 7372335 -- n hits before 70572402
Fill: 0 and Run: 386640 
 hits here 7359861 -- n hits before 77944737
Fill: 0 and Run: 386640 
 hits here 16047587 -- n hits before 85304598
Fill: 0 and Run: 386640 
 hits here 7390980 -- n hits before 101352185
Fill: 0 and Run: 386640 
 hits here 15699223 -- n hits before 108743165
Fill: 0 and Run: 386640 
 hits here 14535989 -- n hits before 124442388
Fill: 0 and Run: 386640 
 hits here 14013307 -- n hits before 138978377
Fill: 0 and Run: 386640 
 hits here 19830464 -- n hits before 152991684
Fill: 0 and Run: 386640 
 hits here 11217595 -- n hits before 172822148
Fill: 0 and Run: 386640 
 hits here 7373576 -- n hits before 184039743
Fill: 0 and Run: 386640 
 hits here 7354874 -- n hits before 191413319
Fill: 0 and Run: 386640 
 hits here 20296116 -- n hits before 198768193
Fill: 0 and Run: 386640 
 hits here 17929274 -- n hits before 219064309
Fill: 0 and Run: 386640 
 hits here 11780805 -- n hits before 236993583
Fill: 0 and Run: 386640 
 hits here 13089285 -- n hits before 248774388
Fill: 0 and Run: 386640 
 hits here 57908341 -- n hits before 261863673
Fill: 0 and Run: 386640 
 hits here 17129098 -- n hits before 319772014
Fill: 0 and Run: 386640 
 hits here 12837680 -- n hits before 336901112
>>>>> At idx 21 --> min hits achieved == 349738792
Now closing IOV and resetting to -->=  0
Fill: 0 and Run: 386640 
 hits here 65510387 -- n hits before 0
Fill: 0 and Run: 386642 
 hits here 30188200 -- n hits before 65510387
Fill: 0 and Run: 386642 
 hits here 36409737 -- n hits before 95698587
Fill: 0 and Run: 386642 
 hits here 107995593 -- n hits before 132108324
Fill: 0 and Run: 386642 
 hits here 31372924 -- n hits before 240103917
Fill: 0 and Run: 386642 
 hits here 38708106 -- n hits before 271476841
Fill: 0 and Run: 386642 
 hits here 23681833 -- n hits before 310184947
Fill: 0 and Run: 386642 
 hits here 42312524 -- n hits before 333866780
>>>>> At idx 29 --> min hits achieved == 376179304
Now closing IOV and resetting to -->=  0
Fill: 0 and Run: 386642 
 hits here 60050050 -- n hits before 0
Fill: 0 and Run: 386642 
 hits here 88390875 -- n hits before 60050050
Fill: 0 and Run: 386642 
 hits here 155393858 -- n hits before 148440925
Fill: 0 and Run: 386642 
 hits here 50361135 -- n hits before 303834783
>>>>> At idx 33 --> min hits achieved == 354195918
Now closing IOV and resetting to -->=  0
Fill: 0 and Run: 386642 
 hits here 50331307 -- n hits before 0
Fill: 0 and Run: 386661 
 hits here 62282658 -- n hits before 50331307
Fill: 0 and Run: 386661 
 hits here 52848014 -- n hits before 112613965
Fill: 0 and Run: 386661 
 hits here 10304373 -- n hits before 165461979
Fill: 0 and Run: 386661 
 hits here 11202180 -- n hits before 175766352
Fill: 0 and Run: 386661 
 hits here 13670235 -- n hits before 186968532
Fill: 0 and Run: 386668 
 hits here 59797051 -- n hits before 200638767
Fill: 0 and Run: 386668 
 hits here 59603524 -- n hits before 260435818
So this are the counts merged:: 
   [ 0 22 30 34] 
 These are the final splits: 
  [22  8  4  8]
Diveded in 4 IOVS --> These are the initial runs of the IOV: 
 [386640, 386640, 386642, 386642]
Diveded in 4 IOVS --> These are the final runs of the IOV: 
 [386640, 386642, 386642, 386668]
Number of hits for each IOV:  [[349738792], [376179304], [354195918], [320039342]]
Deriving the corrections...
Eta Weight file provided ...  {'/eos/cms/store/group/dpg_ecal/alca_ecalcalib/automation_replays/test_eflow_v1/eflow-phisym/reweighting/10204/386640_386642/weights.txt', '/eos/cms/store/group/dpg_ecal/alca_ecalcalib/automation_replays/test_eflow_v1/eflow-phisym/reweighting/10206/386661/weights.txt', '/eos/cms/store/group/dpg_ecal/alca_ecalcalib/automation_replays/test_eflow_v1/eflow-phisym/reweighting/10207/386668/weights.txt'}
... saving histories in .root ...
How much does it takes??? 1.920665979385376 s
... plotting ...
EFlow, [386640, 386640, 386642, 386642] [1, 1, 1.01, 0.996]
EFlow weighted, [386640, 386640, 386642, 386642] [1, 1, 1.01, 0.996]
EFlow, [386640, 386640, 386642, 386642] [1, 0.975, 0.99, 1.01]
EFlow weighted, [386640, 386640, 386642, 386642] [1, 0.975, 0.99, 1.01]
EFlow, [386640, 386640, 386642, 386642] [1, 1.03, 1.01, 0.981]
EFlow weighted, [386640, 386640, 386642, 386642] [1, 1.03, 1.01, 0.981]
EFlow, [386640, 386640, 386642, 386642] [1, 1.06, 1.03, 1.02]
EFlow weighted, [386640, 386640, 386642, 386642] [1, 1.06, 1.03, 1.02]
EFlow, [386640, 386640, 386642, 386642] [1, 0.933, 1.02, 1.03]
EFlow weighted, [386640, 386640, 386642, 386642] [1, 0.933, 1.02, 1.03]
EFlow, [386640, 386640, 386642, 386642] [1, 0.958, 0.973, 1]
EFlow weighted, [386640, 386640, 386642, 386642] [1, 0.958, 0.973, 1]
EFlow, [386640, 386640, 386642, 386642] [1, 1.03, 1.01, 1.02]
EFlow weighted, [386640, 386640, 386642, 386642] [1, 1.03, 1.01, 1.02]
EFlow, [386640, 386640, 386642, 386642] [1, 0.977, 0.922, 0.965]
EFlow weighted, [386640, 386640, 386642, 386642] [1, 0.977, 0.922, 0.965]
EFlow, [386640, 386640, 386642, 386642] [1, 1, 0.978, 1]
EFlow weighted, [386640, 386640, 386642, 386642] [1, 1, 0.978, 1]
EFlow, [386640, 386640, 386642, 386642] [1, 0.987, 0.96, 0.914]
EFlow weighted, [386640, 386640, 386642, 386642] [1, 0.987, 0.96, 0.914]
EFlow, [386640, 386640, 386642, 386642] [1, 0.997, 0.976, 1.01]
EFlow weighted, [386640, 386640, 386642, 386642] [1, 0.997, 0.976, 1.01]
EFlow, [386640, 386640, 386642, 386642] [1, 1.02, 0.986, 1.04]
EFlow weighted, [386640, 386640, 386642, 386642] [1, 1.02, 0.986, 1.04]
EFlow, [386640, 386640, 386642, 386642] [1, 0.923, 0.99, 0.984]
EFlow weighted, [386640, 386640, 386642, 386642] [1, 0.923, 0.99, 0.984]
EFlow, [386640, 386640, 386642, 386642] [1, 1.02, 1.01, 1.03]
EFlow weighted, [386640, 386640, 386642, 386642] [1, 1.02, 1.01, 1.03]
EFlow, [386640, 386640, 386642, 386642] [1, 1.07, 1.04, 1.1]
EFlow weighted, [386640, 386640, 386642, 386642] [1, 1.07, 1.04, 1.1]
EFlow, [386640, 386640, 386642, 386642] [1, 0.997, 1.06, 1.06]
EFlow weighted, [386640, 386640, 386642, 386642] [1, 0.997, 1.06, 1.06]
EFlow, [386640, 386640, 386642, 386642] [1, 1.01, 0.965, 1.09]
EFlow weighted, [386640, 386640, 386642, 386642] [1, 1.01, 0.965, 1.09]
EFlow, [386640, 386640, 386642, 386642] [1, 1.02, 1.03, 1.04]
EFlow weighted, [386640, 386640, 386642, 386642] [1, 1.02, 1.03, 1.04]
EFlow, [386640, 386640, 386642, 386642] [1, 1.01, 1.02, 0.979]
EFlow weighted, [386640, 386640, 386642, 386642] [1, 1.01, 1.02, 0.979]
EFlow, [386640, 386640, 386642, 386642] [1, 1.03, 1.04, 1.08]
EFlow weighted, [386640, 386640, 386642, 386642] [1, 1.03, 1.04, 1.08]
EFlow, [386640, 386640, 386642, 386642] [1, 0.996, 1.03, 1]
EFlow weighted, [386640, 386640, 386642, 386642] [1, 0.996, 1.03, 1]
EFlow, [386640, 386640, 386642, 386642] [1, 0.911, 0.968, 0.942]
EFlow weighted, [386640, 386640, 386642, 386642] [1, 0.911, 0.968, 0.942]
EFlow, [386640, 386640, 386642, 386642] [1, 1.04, 1.03, 0.989]
EFlow weighted, [386640, 386640, 386642, 386642] [1, 1.04, 1.03, 0.989]
EFlow, [386640, 386640, 386642, 386642] [1, 0.939, 1.02, 0.961]
EFlow weighted, [386640, 386640, 386642, 386642] [1, 0.939, 1.02, 0.961]
EFlow, [386640, 386640, 386642, 386642] [1, 0.992, 0.997, 1.02]
EFlow weighted, [386640, 386640, 386642, 386642] [1, 0.992, 0.997, 1.02]
EFlow, [386640, 386640, 386642, 386642] [1, 0.971, 0.957, 0.976]
EFlow weighted, [386640, 386640, 386642, 386642] [1, 0.971, 0.957, 0.976]
EFlow, [386640, 386640, 386642, 386642] [1, 1.15, 1.08, 0.956]
EFlow weighted, [386640, 386640, 386642, 386642] [1, 1.15, 1.08, 0.955]
EFlow, [386640, 386640, 386642, 386642] [1, 1.03, 1.01, 1.02]
EFlow weighted, [386640, 386640, 386642, 386642] [1, 1.03, 1.01, 1.02]
EFlow, [386640, 386640, 386642, 386642] [1, 0.984, 0.971, 0.961]
EFlow weighted, [386640, 386640, 386642, 386642] [1, 0.984, 0.971, 0.961]
EFlow, [386640, 386640, 386642, 386642] [1, 0.989, 0.992, 0.997]
EFlow weighted, [386640, 386640, 386642, 386642] [1, 0.989, 0.992, 0.997]
EFlow, [386640, 386640, 386642, 386642] [1, 0.981, 0.972, 1.03]
EFlow weighted, [386640, 386640, 386642, 386642] [1, 0.981, 0.972, 1.03]
EFlow, [386640, 386640, 386642, 386642] [1, 1.01, 0.993, 1.15]
EFlow weighted, [386640, 386640, 386642, 386642] [1, 1.01, 0.993, 1.15]
EFlow, [386640, 386640, 386642, 386642] [1, 1.05, 1.03, 1.11]
EFlow weighted, [386640, 386640, 386642, 386642] [1, 1.05, 1.03, 1.11]
EFlow, [386640, 386640, 386642, 386642] [1, 0.965, 0.912, 0.904]
EFlow weighted, [386640, 386640, 386642, 386642] [1, 0.965, 0.912, 0.904]
EFlow, [386640, 386640, 386642, 386642] [1, 0.958, 0.829, 0.894]
EFlow weighted, [386640, 386640, 386642, 386642] [1, 0.958, 0.829, 0.894]
EFlow, [386640, 386640, 386642, 386642] [1, 0.984, 0.981, 1]
EFlow weighted, [386640, 386640, 386642, 386642] [1, 0.984, 0.981, 1]
EFlow, [386640, 386640, 386642, 386642] [1, 0.974, 0.95, 1.01]
EFlow weighted, [386640, 386640, 386642, 386642] [1, 0.974, 0.95, 1.01]
EFlow, [386640, 386640, 386642, 386642] [1, 1.01, 1.02, 1.02]
EFlow weighted, [386640, 386640, 386642, 386642] [1, 1.01, 1.02, 1.02]
EFlow, [386640, 386640, 386642, 386642] [1, 0.746, 0.988, 0.894]
EFlow weighted, [386640, 386640, 386642, 386642] [1, 0.746, 0.988, 0.894]
EFlow, [386640, 386640, 386642, 386642] [1, 0.945, 0.967, 0.88]
EFlow weighted, [386640, 386640, 386642, 386642] [1, 0.945, 0.966, 0.88]
EFlow, [386640, 386640, 386642, 386642] [1, 1.04, 1.06, 1.05]
EFlow weighted, [386640, 386640, 386642, 386642] [1, 1.04, 1.06, 1.05]
EFlow, [386640, 386640, 386642, 386642] [1, 0.993, 0.943, 0.989]
EFlow weighted, [386640, 386640, 386642, 386642] [1, 0.993, 0.943, 0.989]
EFlow, [386640, 386640, 386642, 386642] [1, 1.01, 1.01, 1]
EFlow weighted, [386640, 386640, 386642, 386642] [1, 1.01, 1.01, 1]
EFlow, [386640, 386640, 386642, 386642] [1, 1.01, 1.01, 0.997]
EFlow weighted, [386640, 386640, 386642, 386642] [1, 1.01, 1.01, 0.997]
EFlow, [386640, 386640, 386642, 386642] [1, 1.02, 0.976, 0.963]
EFlow weighted, [386640, 386640, 386642, 386642] [1, 1.02, 0.976, 0.963]
EFlow, [386640, 386640, 386642, 386642] [1, 1.04, 1.08, 0.984]
EFlow weighted, [386640, 386640, 386642, 386642] [1, 1.04, 1.08, 0.984]
EFlow, [386640, 386640, 386642, 386642] [1, 0.996, 0.994, 0.989]
EFlow weighted, [386640, 386640, 386642, 386642] [1, 0.996, 0.994, 0.989]
EFlow, [386640, 386640, 386642, 386642] [1, 1.04, 0.998, 1.03]
EFlow weighted, [386640, 386640, 386642, 386642] [1, 1.04, 0.998, 1.03]
EFlow, [386640, 386640, 386642, 386642] [1, 1, 1, 0.94]
EFlow weighted, [386640, 386640, 386642, 386642] [1, 1, 1, 0.94]
EFlow, [386640, 386640, 386642, 386642] [1, 0.963, 0.972, 1.04]
EFlow weighted, [386640, 386640, 386642, 386642] [1, 0.963, 0.972, 1.04]
EFlow, [386640, 386640, 386642, 386642] [1, 1, 0.987, 0.995]
EFlow weighted, [386640, 386640, 386642, 386642] [1, 1, 0.987, 0.995]
EFlow, [386640, 386640, 386642, 386642] [1, 0.939, 0.983, 0.97]
EFlow weighted, [386640, 386640, 386642, 386642] [1, 0.939, 0.983, 0.97]
EFlow, [386640, 386640, 386642, 386642] [1, 0.981, 0.978, 1]
EFlow weighted, [386640, 386640, 386642, 386642] [1, 0.981, 0.978, 1]
EFlow, [386640, 386640, 386642, 386642] [1, 0.878, 0.98, 1.02]
EFlow weighted, [386640, 386640, 386642, 386642] [1, 0.878, 0.98, 1.02]
EFlow, [386640, 386640, 386642, 386642] [1, 1.02, 1.02, 1.13]
EFlow weighted, [386640, 386640, 386642, 386642] [1, 1.02, 1.02, 1.13]
EFlow, [386640, 386640, 386642, 386642] [1, 1.04, 1.1, 0.945]
EFlow weighted, [386640, 386640, 386642, 386642] [1, 1.04, 1.1, 0.945]
EFlow, [386640, 386640, 386642, 386642] [1, 1.28, 1.67, 1.08]
EFlow weighted, [386640, 386640, 386642, 386642] [1, 1.28, 1.67, 1.08]
Bad xstal i$\eta$ = -70 i$\phi$ = 301 ---> Skipping 
EFlow, [386640, 386640, 386642, 386642] [1, 1.02, 1.03, 0.993]
EFlow weighted, [386640, 386640, 386642, 386642] [1, 1.02, 1.03, 0.993]
EFlow, [386640, 386640, 386642, 386642] [1, 0.979, 0.976, 0.981]
EFlow weighted, [386640, 386640, 386642, 386642] [1, 0.979, 0.976, 0.981]
Bad xstal i$\eta$ = -69 i$\phi$ = 241 ---> Skipping 
EFlow, [386640, 386640, 386642, 386642] [1, 0.957, 1.01, 0.99]
EFlow weighted, [386640, 386640, 386642, 386642] [1, 0.957, 1.01, 0.99]
EFlow, [386640, 386640, 386642, 386642] [1, 1.01, 0.954, 1.02]
EFlow weighted, [386640, 386640, 386642, 386642] [1, 1.01, 0.954, 1.02]
EFlow, [386640, 386640, 386642, 386642] [1, 0.961, 0.965, 0.97]
EFlow weighted, [386640, 386640, 386642, 386642] [1, 0.961, 0.965, 0.97]
EFlow, [386640, 386640, 386642, 386642] [1, 0.953, 1.04, 1.02]
EFlow weighted, [386640, 386640, 386642, 386642] [1, 0.953, 1.04, 1.02]
EFlow, [386640, 386640, 386642, 386642] [1, 1.08, 1.09, 1.12]
EFlow weighted, [386640, 386640, 386642, 386642] [1, 1.08, 1.09, 1.12]
EFlow, [386640, 386640, 386642, 386642] [1, 0.911, 0.905, 0.986]
EFlow weighted, [386640, 386640, 386642, 386642] [1, 0.911, 0.905, 0.986]
EFlow, [386640, 386640, 386642, 386642] [1, 0.964, 0.913, 1.01]
EFlow weighted, [386640, 386640, 386642, 386642] [1, 0.964, 0.913, 1.01]
EFlow, [386640, 386640, 386642, 386642] [1, 0.97, 1.04, 0.95]
EFlow weighted, [386640, 386640, 386642, 386642] [1, 0.97, 1.04, 0.95]
EFlow, [386640, 386640, 386642, 386642] [1, 0.729, 0.856, 0.899]
EFlow weighted, [386640, 386640, 386642, 386642] [1, 0.729, 0.856, 0.899]
EFlow, [386640, 386640, 386642, 386642] [1, 0.99, 0.998, 0.993]
EFlow weighted, [386640, 386640, 386642, 386642] [1, 0.99, 0.998, 0.993]
EFlow, [386640, 386640, 386642, 386642] [1, 1.03, 1.07, 1.1]
EFlow weighted, [386640, 386640, 386642, 386642] [1, 1.03, 1.07, 1.1]
EFlow, [386640, 386640, 386642, 386642] [1, 0.971, 0.952, 0.99]
EFlow weighted, [386640, 386640, 386642, 386642] [1, 0.971, 0.952, 0.989]
EFlow, [386640, 386640, 386642, 386642] [1, 0.958, 0.974, 1.02]
EFlow weighted, [386640, 386640, 386642, 386642] [1, 0.958, 0.974, 1.02]
Bad xstal i$\eta$ = -65 i$\phi$ = 201 ---> Skipping 
EFlow, [386640, 386640, 386642, 386642] [1, 1, 0.988, 0.99]
EFlow weighted, [386640, 386640, 386642, 386642] [1, 1, 0.988, 0.99]
EFlow, [386640, 386640, 386642, 386642] [1, 0.961, 0.83, 0.943]
EFlow weighted, [386640, 386640, 386642, 386642] [1, 0.961, 0.829, 0.943]
EFlow, [386640, 386640, 386642, 386642] [1, 1, 1.06, 1]
EFlow weighted, [386640, 386640, 386642, 386642] [1, 1, 1.06, 1]
EFlow, [386640, 386640, 386642, 386642] [1, 0.934, 0.9, 1.02]
EFlow weighted, [386640, 386640, 386642, 386642] [1, 0.934, 0.9, 1.02]
EFlow, [386640, 386640, 386642, 386642] [1, 0.937, 1.1, 1]
EFlow weighted, [386640, 386640, 386642, 386642] [1, 0.937, 1.1, 1]
EFlow, [386640, 386640, 386642, 386642] [1, 1.01, 1.01, 0.985]
EFlow weighted, [386640, 386640, 386642, 386642] [1, 1.01, 1.01, 0.985]
EFlow, [386640, 386640, 386642, 386642] [1, 0.526, 0.836, 0.971]
EFlow weighted, [386640, 386640, 386642, 386642] [1, 0.526, 0.836, 0.971]
EFlow, [386640, 386640, 386642, 386642] [1, 1.05, 1.04, 1.04]
EFlow weighted, [386640, 386640, 386642, 386642] [1, 1.05, 1.04, 1.04]
EFlow, [386640, 386640, 386642, 386642] [1, 0.862, 1, 0.933]
EFlow weighted, [386640, 386640, 386642, 386642] [1, 0.862, 1, 0.933]
EFlow, [386640, 386640, 386642, 386642] [1, 0.905, 1.11, 0.988]
EFlow weighted, [386640, 386640, 386642, 386642] [1, 0.905, 1.11, 0.988]
EFlow, [386640, 386640, 386642, 386642] [1, 0.989, 1.01, 1.01]
EFlow weighted, [386640, 386640, 386642, 386642] [1, 0.989, 1.01, 1.01]
EFlow, [386640, 386640, 386642, 386642] [1, 0.994, 0.998, 0.991]
EFlow weighted, [386640, 386640, 386642, 386642] [1, 0.994, 0.998, 0.991]
EFlow, [386640, 386640, 386642, 386642] [1, 0.999, 0.999, 0.993]
EFlow weighted, [386640, 386640, 386642, 386642] [1, 0.999, 0.999, 0.993]
EFlow, [386640, 386640, 386642, 386642] [1, 0.99, 0.979, 0.951]
EFlow weighted, [386640, 386640, 386642, 386642] [1, 0.99, 0.979, 0.951]
EFlow, [386640, 386640, 386642, 386642] [1, 1.13, 1.06, 1.11]
EFlow weighted, [386640, 386640, 386642, 386642] [1, 1.13, 1.06, 1.11]
EFlow, [386640, 386640, 386642, 386642] [1, 0.868, 0.851, 0.845]
EFlow weighted, [386640, 386640, 386642, 386642] [1, 0.868, 0.851, 0.845]
EFlow, [386640, 386640, 386642, 386642] [1, 1.01, 0.986, 1.01]
EFlow weighted, [386640, 386640, 386642, 386642] [1, 1.01, 0.986, 1.01]
EFlow, [386640, 386640, 386642, 386642] [1, 0.958, 0.912, 0.941]
EFlow weighted, [386640, 386640, 386642, 386642] [1, 0.958, 0.912, 0.941]
EFlow, [386640, 386640, 386642, 386642] [1, 0.921, 0.954, 0.97]
EFlow weighted, [386640, 386640, 386642, 386642] [1, 0.921, 0.954, 0.97]
EFlow, [386640, 386640, 386642, 386642] [1, 1.04, 0.988, 1.02]
EFlow weighted, [386640, 386640, 386642, 386642] [1, 1.04, 0.988, 1.02]
EFlow, [386640, 386640, 386642, 386642] [1, 1, 1.09, 1.05]
EFlow weighted, [386640, 386640, 386642, 386642] [1, 1, 1.09, 1.05]
EFlow, [386640, 386640, 386642, 386642] [1, 0.985, 0.987, 0.997]
EFlow weighted, [386640, 386640, 386642, 386642] [1, 0.985, 0.987, 0.997]
EFlow, [386640, 386640, 386642, 386642] [1, 1.03, 1.03, 1]
EFlow weighted, [386640, 386640, 386642, 386642] [1, 1.03, 1.03, 1]
EFlow, [386640, 386640, 386642, 386642] [1, 0.992, 1, 1.01]
EFlow weighted, [386640, 386640, 386642, 386642] [1, 0.992, 1, 1.01]
EFlow, [386640, 386640, 386642, 386642] [1, 1.37, 1.42, 0.894]
EFlow weighted, [386640, 386640, 386642, 386642] [1, 1.37, 1.42, 0.894]
EFlow, [386640, 386640, 386642, 386642] [1, 1.04, 1.05, 0.986]
EFlow weighted, [386640, 386640, 386642, 386642] [1, 1.04, 1.05, 0.986]
EFlow, [386640, 386640, 386642, 386642] [1, 1.01, 0.983, 1.02]
EFlow weighted, [386640, 386640, 386642, 386642] [1, 1.01, 0.983, 1.02]
EFlow, [386640, 386640, 386642, 386642] [1, 1.14, 1.46, -1.21]
EFlow weighted, [386640, 386640, 386642, 386642] [1, 1.14, 1.46, -1.21]
EFlow, [386640, 386640, 386642, 386642] [1, 1.08, 1.04, 1.07]
EFlow weighted, [386640, 386640, 386642, 386642] [1, 1.08, 1.04, 1.07]
EFlow, [386640, 386640, 386642, 386642] [1, 0.985, 1.02, 1.03]
EFlow weighted, [386640, 386640, 386642, 386642] [1, 0.985, 1.02, 1.03]
EFlow, [386640, 386640, 386642, 386642] [1, 0.918, 0.908, 0.936]
EFlow weighted, [386640, 386640, 386642, 386642] [1, 0.918, 0.908, 0.936]
EFlow, [386640, 386640, 386642, 386642] [1, 0.977, 0.941, 0.997]
EFlow weighted, [386640, 386640, 386642, 386642] [1, 0.977, 0.941, 0.997]
EFlow, [386640, 386640, 386642, 386642] [1, 1, 0.96, 1]
EFlow weighted, [386640, 386640, 386642, 386642] [1, 1, 0.96, 1]
EFlow, [386640, 386640, 386642, 386642] [1, 0.998, 1.01, 0.997]
EFlow weighted, [386640, 386640, 386642, 386642] [1, 0.998, 1.01, 0.997]
EFlow, [386640, 386640, 386642, 386642] [1, 1, 1.03, 1.01]
EFlow weighted, [386640, 386640, 386642, 386642] [1, 1, 1.03, 1.01]
EFlow, [386640, 386640, 386642, 386642] [1, 0.923, 0.884, 0.977]
EFlow weighted, [386640, 386640, 386642, 386642] [1, 0.923, 0.884, 0.977]
EFlow, [386640, 386640, 386642, 386642] [1, 1.03, 1, 0.966]
EFlow weighted, [386640, 386640, 386642, 386642] [1, 1.03, 1, 0.966]
EFlow, [386640, 386640, 386642, 386642] [1, 0.965, 1.02, 1.04]
EFlow weighted, [386640, 386640, 386642, 386642] [1, 0.965, 1.01, 1.04]
EFlow, [386640, 386640, 386642, 386642] [1, 1.03, 1.01, 0.981]
EFlow weighted, [386640, 386640, 386642, 386642] [1, 1.03, 1.01, 0.981]
EFlow, [386640, 386640, 386642, 386642] [1, 1.07, 0.986, 1.01]
EFlow weighted, [386640, 386640, 386642, 386642] [1, 1.07, 0.986, 1.01]
EFlow, [386640, 386640, 386642, 386642] [1, 0.972, 0.968, 1.01]
EFlow weighted, [386640, 386640, 386642, 386642] [1, 0.972, 0.968, 1.01]
EFlow, [386640, 386640, 386642, 386642] [1, 1.01, 0.992, 0.981]
EFlow weighted, [386640, 386640, 386642, 386642] [1, 1.01, 0.992, 0.981]
Bad xstal i$\eta$ = -53 i$\phi$ = 181 ---> Skipping 
EFlow, [386640, 386640, 386642, 386642] [1, 1.06, 0.956, 1]
EFlow weighted, [386640, 386640, 386642, 386642] [1, 1.06, 0.956, 1]
EFlow, [386640, 386640, 386642, 386642] [1, 0.996, 1.03, 1.01]
EFlow weighted, [386640, 386640, 386642, 386642] [1, 0.996, 1.03, 1.01]
EFlow, [386640, 386640, 386642, 386642] [1, 0.745, 1.03, 0.909]
EFlow weighted, [386640, 386640, 386642, 386642] [1, 0.745, 1.03, 0.909]
EFlow, [386640, 386640, 386642, 386642] [1, 0.994, 0.994, 0.996]
EFlow weighted, [386640, 386640, 386642, 386642] [1, 0.994, 0.994, 0.996]
EFlow, [386640, 386640, 386642, 386642] [1, 1.02, 0.987, 1.03]
EFlow weighted, [386640, 386640, 386642, 386642] [1, 1.02, 0.987, 1.03]
EFlow, [386640, 386640, 386642, 386642] [1, 1.01, 0.99, 0.988]
EFlow weighted, [386640, 386640, 386642, 386642] [1, 1.01, 0.99, 0.988]
EFlow, [386640, 386640, 386642, 386642] [1, 0.919, 0.951, 0.957]
EFlow weighted, [386640, 386640, 386642, 386642] [1, 0.919, 0.951, 0.957]
EFlow, [386640, 386640, 386642, 386642] [1, 0.977, 1.14, 1.18]
EFlow weighted, [386640, 386640, 386642, 386642] [1, 0.977, 1.14, 1.18]
EFlow, [386640, 386640, 386642, 386642] [1, 0.861, 0.955, 0.936]
EFlow weighted, [386640, 386640, 386642, 386642] [1, 0.861, 0.955, 0.936]
EFlow, [386640, 386640, 386642, 386642] [1, 1.01, 1.03, 0.998]
EFlow weighted, [386640, 386640, 386642, 386642] [1, 1.01, 1.03, 0.998]
EFlow, [386640, 386640, 386642, 386642] [1, 1.01, 1.01, 1.05]
EFlow weighted, [386640, 386640, 386642, 386642] [1, 1.01, 1.01, 1.05]
EFlow, [386640, 386640, 386642, 386642] [1, 0.964, 1.01, 1.04]
EFlow weighted, [386640, 386640, 386642, 386642] [1, 0.964, 1.01, 1.04]
EFlow, [386640, 386640, 386642, 386642] [1, 0.981, 1.05, 1]
EFlow weighted, [386640, 386640, 386642, 386642] [1, 0.982, 1.05, 1]
EFlow, [386640, 386640, 386642, 386642] [1, 0.888, 0.694, 0.999]
EFlow weighted, [386640, 386640, 386642, 386642] [1, 0.888, 0.693, 0.999]
EFlow, [386640, 386640, 386642, 386642] [1, 0.991, 0.982, 0.986]
EFlow weighted, [386640, 386640, 386642, 386642] [1, 0.991, 0.982, 0.986]
EFlow, [386640, 386640, 386642, 386642] [1, 0.997, 0.989, 0.989]
EFlow weighted, [386640, 386640, 386642, 386642] [1, 0.997, 0.989, 0.989]
EFlow, [386640, 386640, 386642, 386642] [1, 1.02, 1.02, 0.994]
EFlow weighted, [386640, 386640, 386642, 386642] [1, 1.02, 1.02, 0.994]
EFlow, [386640, 386640, 386642, 386642] [1, 1, 1.09, 1.14]
EFlow weighted, [386640, 386640, 386642, 386642] [1, 1, 1.09, 1.14]
EFlow, [386640, 386640, 386642, 386642] [1, 1.09, 1.03, 1.05]
EFlow weighted, [386640, 386640, 386642, 386642] [1, 1.09, 1.03, 1.05]
EFlow, [386640, 386640, 386642, 386642] [1, 1, 1.01, 0.999]
EFlow weighted, [386640, 386640, 386642, 386642] [1, 1, 1.01, 0.999]
EFlow, [386640, 386640, 386642, 386642] [1, 1.09, 1.03, 1.18]
EFlow weighted, [386640, 386640, 386642, 386642] [1, 1.09, 1.03, 1.18]
EFlow, [386640, 386640, 386642, 386642] [1, 0.971, 0.969, 1]
EFlow weighted, [386640, 386640, 386642, 386642] [1, 0.971, 0.969, 1]
EFlow, [386640, 386640, 386642, 386642] [1, 0.999, 0.989, 1.02]
EFlow weighted, [386640, 386640, 386642, 386642] [1, 0.999, 0.989, 1.02]
EFlow, [386640, 386640, 386642, 386642] [1, 1.04, 0.983, 1]
EFlow weighted, [386640, 386640, 386642, 386642] [1, 1.04, 0.983, 1]
EFlow, [386640, 386640, 386642, 386642] [1, 1.01, 1, 1.01]
EFlow weighted, [386640, 386640, 386642, 386642] [1, 1.01, 1, 1.01]
EFlow, [386640, 386640, 386642, 386642] [1, 1.15, 1.05, 1.46]
EFlow weighted, [386640, 386640, 386642, 386642] [1, 1.15, 1.05, 1.46]
EFlow, [386640, 386640, 386642, 386642] [1, 1.05, 0.991, 0.975]
EFlow weighted, [386640, 386640, 386642, 386642] [1, 1.05, 0.991, 0.975]
EFlow, [386640, 386640, 386642, 386642] [1, 0.981, 0.94, 1.01]
EFlow weighted, [386640, 386640, 386642, 386642] [1, 0.981, 0.94, 1.01]
EFlow, [386640, 386640, 386642, 386642] [1, 0.977, 0.97, 1]
EFlow weighted, [386640, 386640, 386642, 386642] [1, 0.977, 0.97, 1]
EFlow, [386640, 386640, 386642, 386642] [1, 0.983, 1.08, 1.06]
EFlow weighted, [386640, 386640, 386642, 386642] [1, 0.983, 1.08, 1.06]
EFlow, [386640, 386640, 386642, 386642] [1, 1.02, 0.974, 0.993]
EFlow weighted, [386640, 386640, 386642, 386642] [1, 1.02, 0.974, 0.993]
EFlow, [386640, 386640, 386642, 386642] [1, 0.997, 0.997, 0.997]
EFlow weighted, [386640, 386640, 386642, 386642] [1, 0.997, 0.997, 0.997]
Bad xstal i$\eta$ = -44 i$\phi$ = 241 ---> Skipping 
EFlow, [386640, 386640, 386642, 386642] [1, 0.98, 0.995, 1]
EFlow weighted, [386640, 386640, 386642, 386642] [1, 0.98, 0.995, 1]
EFlow, [386640, 386640, 386642, 386642] [1, 1, 1, 1.01]
EFlow weighted, [386640, 386640, 386642, 386642] [1, 1, 1, 1.01]
EFlow, [386640, 386640, 386642, 386642] [1, 1.01, 1, 1.01]
EFlow weighted, [386640, 386640, 386642, 386642] [1, 1.01, 1, 1.01]
EFlow, [386640, 386640, 386642, 386642] [1, 0.997, 1, 1]
EFlow weighted, [386640, 386640, 386642, 386642] [1, 0.997, 1, 1]
EFlow, [386640, 386640, 386642, 386642] [1, 0.947, 0.855, 0.951]
EFlow weighted, [386640, 386640, 386642, 386642] [1, 0.947, 0.855, 0.951]
EFlow, [386640, 386640, 386642, 386642] [1, 1.07, 1.06, 1.02]
EFlow weighted, [386640, 386640, 386642, 386642] [1, 1.07, 1.06, 1.02]
EFlow, [386640, 386640, 386642, 386642] [1, 0.917, 1.08, 0.971]
EFlow weighted, [386640, 386640, 386642, 386642] [1, 0.917, 1.08, 0.971]
EFlow, [386640, 386640, 386642, 386642] [1, 0.98, 0.996, 1.03]
EFlow weighted, [386640, 386640, 386642, 386642] [1, 0.98, 0.996, 1.03]
EFlow, [386640, 386640, 386642, 386642] [1, 0.999, 1.01, 0.996]
EFlow weighted, [386640, 386640, 386642, 386642] [1, 0.999, 1.01, 0.996]
EFlow, [386640, 386640, 386642, 386642] [1, 1.02, 0.973, 1.04]
EFlow weighted, [386640, 386640, 386642, 386642] [1, 1.02, 0.973, 1.04]
EFlow, [386640, 386640, 386642, 386642] [1, 0.949, 0.904, 0.946]
EFlow weighted, [386640, 386640, 386642, 386642] [1, 0.949, 0.904, 0.946]
EFlow, [386640, 386640, 386642, 386642] [1, 0.996, 1, 0.986]
EFlow weighted, [386640, 386640, 386642, 386642] [1, 0.996, 1, 0.986]
EFlow, [386640, 386640, 386642, 386642] [1, 0.985, 0.974, 1.02]
EFlow weighted, [386640, 386640, 386642, 386642] [1, 0.985, 0.974, 1.02]
EFlow, [386640, 386640, 386642, 386642] [1, 1.1, 1.06, 0.993]
EFlow weighted, [386640, 386640, 386642, 386642] [1, 1.1, 1.06, 0.993]
EFlow, [386640, 386640, 386642, 386642] [1, 0.979, 0.97, 0.991]
EFlow weighted, [386640, 386640, 386642, 386642] [1, 0.979, 0.97, 0.991]
EFlow, [386640, 386640, 386642, 386642] [1, 1.02, 1.04, 1.04]
EFlow weighted, [386640, 386640, 386642, 386642] [1, 1.02, 1.04, 1.04]
EFlow, [386640, 386640, 386642, 386642] [1, 0.988, 0.986, 0.989]
EFlow weighted, [386640, 386640, 386642, 386642] [1, 0.988, 0.986, 0.989]
EFlow, [386640, 386640, 386642, 386642] [1, 1, 1.01, 0.997]
EFlow weighted, [386640, 386640, 386642, 386642] [1, 1, 1.01, 0.997]
EFlow, [386640, 386640, 386642, 386642] [1, 1.02, 1.01, 0.993]
EFlow weighted, [386640, 386640, 386642, 386642] [1, 1.02, 1.01, 0.993]
EFlow, [386640, 386640, 386642, 386642] [1, 1, 1.01, 1.01]
EFlow weighted, [386640, 386640, 386642, 386642] [1, 1, 1.01, 1.01]
EFlow, [386640, 386640, 386642, 386642] [1, 1.04, 0.984, 1.06]
EFlow weighted, [386640, 386640, 386642, 386642] [1, 1.04, 0.984, 1.06]
EFlow, [386640, 386640, 386642, 386642] [1, 1.06, 0.979, 0.941]
EFlow weighted, [386640, 386640, 386642, 386642] [1, 1.06, 0.979, 0.941]
EFlow, [386640, 386640, 386642, 386642] [1, 1.02, 1.01, 1.02]
EFlow weighted, [386640, 386640, 386642, 386642] [1, 1.02, 1.01, 1.02]
EFlow, [386640, 386640, 386642, 386642] [1, 1.06, 0.982, 0.99]
EFlow weighted, [386640, 386640, 386642, 386642] [1, 1.06, 0.982, 0.99]
EFlow, [386640, 386640, 386642, 386642] [1, 0.971, 1.02, 1.02]
EFlow weighted, [386640, 386640, 386642, 386642] [1, 0.971, 1.02, 1.02]
EFlow, [386640, 386640, 386642, 386642] [1, 0.992, 0.985, 1.01]
EFlow weighted, [386640, 386640, 386642, 386642] [1, 0.992, 0.985, 1.01]
EFlow, [386640, 386640, 386642, 386642] [1, 0.919, 0.859, 0.921]
EFlow weighted, [386640, 386640, 386642, 386642] [1, 0.919, 0.859, 0.921]
EFlow, [386640, 386640, 386642, 386642] [1, 0.99, 0.991, 0.985]
EFlow weighted, [386640, 386640, 386642, 386642] [1, 0.99, 0.991, 0.985]
EFlow, [386640, 386640, 386642, 386642] [1, 0.993, 1, 0.961]
EFlow weighted, [386640, 386640, 386642, 386642] [1, 0.993, 1, 0.961]
EFlow, [386640, 386640, 386642, 386642] [1, 0.998, 0.997, 0.993]
EFlow weighted, [386640, 386640, 386642, 386642] [1, 0.998, 0.997, 0.993]
EFlow, [386640, 386640, 386642, 386642] [1, 0.988, 0.956, 0.924]
EFlow weighted, [386640, 386640, 386642, 386642] [1, 0.988, 0.956, 0.924]
EFlow, [386640, 386640, 386642, 386642] [1, 1, 1, 1.01]
EFlow weighted, [386640, 386640, 386642, 386642] [1, 1, 1, 1.01]
EFlow, [386640, 386640, 386642, 386642] [1, 1.01, 1.01, 1]
EFlow weighted, [386640, 386640, 386642, 386642] [1, 1.01, 1.01, 1]
EFlow, [386640, 386640, 386642, 386642] [1, 1.09, 0.971, 1.01]
EFlow weighted, [386640, 386640, 386642, 386642] [1, 1.09, 0.971, 1.01]
EFlow, [386640, 386640, 386642, 386642] [1, 0.939, 0.925, 0.948]
EFlow weighted, [386640, 386640, 386642, 386642] [1, 0.939, 0.925, 0.948]
EFlow, [386640, 386640, 386642, 386642] [1, 0.932, 0.925, 1]
EFlow weighted, [386640, 386640, 386642, 386642] [1, 0.932, 0.925, 1]
EFlow, [386640, 386640, 386642, 386642] [1, 1.01, 1, 1]
EFlow weighted, [386640, 386640, 386642, 386642] [1, 1.01, 1, 1]
EFlow, [386640, 386640, 386642, 386642] [1, 0.998, 0.996, 1]
EFlow weighted, [386640, 386640, 386642, 386642] [1, 0.998, 0.996, 1]
EFlow, [386640, 386640, 386642, 386642] [1, 1.13, 0.971, 1.05]
EFlow weighted, [386640, 386640, 386642, 386642] [1, 1.13, 0.971, 1.05]
EFlow, [386640, 386640, 386642, 386642] [1, 0.996, 1, 0.996]
EFlow weighted, [386640, 386640, 386642, 386642] [1, 0.996, 1, 0.996]
EFlow, [386640, 386640, 386642, 386642] [1, 1.01, 1.02, 1.02]
EFlow weighted, [386640, 386640, 386642, 386642] [1, 1.01, 1.02, 1.02]
EFlow, [386640, 386640, 386642, 386642] [1, 1.05, 1.02, 1.02]
EFlow weighted, [386640, 386640, 386642, 386642] [1, 1.05, 1.02, 1.02]
EFlow, [386640, 386640, 386642, 386642] [1, 0.981, 0.989, 0.985]
EFlow weighted, [386640, 386640, 386642, 386642] [1, 0.981, 0.989, 0.985]
EFlow, [386640, 386640, 386642, 386642] [1, 1, 0.987, 0.994]
EFlow weighted, [386640, 386640, 386642, 386642] [1, 1, 0.987, 0.994]
EFlow, [386640, 386640, 386642, 386642] [1, 1.05, 1.09, 1.03]
EFlow weighted, [386640, 386640, 386642, 386642] [1, 1.05, 1.09, 1.03]
EFlow, [386640, 386640, 386642, 386642] [1, 0.995, 1, 0.983]
EFlow weighted, [386640, 386640, 386642, 386642] [1, 0.995, 1, 0.983]
EFlow, [386640, 386640, 386642, 386642] [1, 0.998, 1.01, 1.01]
EFlow weighted, [386640, 386640, 386642, 386642] [1, 0.998, 1.01, 1.01]
EFlow, [386640, 386640, 386642, 386642] [1, 1.03, 0.958, 0.95]
EFlow weighted, [386640, 386640, 386642, 386642] [1, 1.03, 0.958, 0.95]
EFlow, [386640, 386640, 386642, 386642] [1, 0.989, 0.985, 0.992]
EFlow weighted, [386640, 386640, 386642, 386642] [1, 0.989, 0.985, 0.992]
EFlow, [386640, 386640, 386642, 386642] [1, 0.992, 1, 0.988]
EFlow weighted, [386640, 386640, 386642, 386642] [1, 0.992, 1, 0.988]
EFlow, [386640, 386640, 386642, 386642] [1, -0.439, 0.942, 1.3]
EFlow weighted, [386640, 386640, 386642, 386642] [1, -0.438, 0.942, 1.3]
EFlow, [386640, 386640, 386642, 386642] [1, 0.997, 1, 0.988]
EFlow weighted, [386640, 386640, 386642, 386642] [1, 0.997, 1, 0.988]
EFlow, [386640, 386640, 386642, 386642] [1, 0.905, 0.922, 1.01]
EFlow weighted, [386640, 386640, 386642, 386642] [1, 0.905, 0.922, 1.01]
EFlow, [386640, 386640, 386642, 386642] [1, 1.02, 0.938, 1.08]
EFlow weighted, [386640, 386640, 386642, 386642] [1, 1.02, 0.938, 1.08]
EFlow, [386640, 386640, 386642, 386642] [1, 1.01, 0.997, 1.01]
EFlow weighted, [386640, 386640, 386642, 386642] [1, 1.01, 0.997, 1.01]
EFlow, [386640, 386640, 386642, 386642] [1, 0.997, 1.01, 1.01]
EFlow weighted, [386640, 386640, 386642, 386642] [1, 0.997, 1.01, 1.01]
EFlow, [386640, 386640, 386642, 386642] [1, 1.02, 0.981, 1.03]
EFlow weighted, [386640, 386640, 386642, 386642] [1, 1.02, 0.981, 1.03]
EFlow, [386640, 386640, 386642, 386642] [1, 0.95, 0.982, 0.948]
EFlow weighted, [386640, 386640, 386642, 386642] [1, 0.95, 0.982, 0.948]
EFlow, [386640, 386640, 386642, 386642] [1, 0.996, 0.956, 0.992]
EFlow weighted, [386640, 386640, 386642, 386642] [1, 0.996, 0.956, 0.992]
EFlow, [386640, 386640, 386642, 386642] [1, 1.02, 1.33, 1.42]
EFlow weighted, [386640, 386640, 386642, 386642] [1, 1.02, 1.33, 1.41]
EFlow, [386640, 386640, 386642, 386642] [1, 1.51, 1.18, 1.23]
EFlow weighted, [386640, 386640, 386642, 386642] [1, 1.51, 1.18, 1.23]
EFlow, [386640, 386640, 386642, 386642] [1, 1.02, 1.04, 1.05]
EFlow weighted, [386640, 386640, 386642, 386642] [1, 1.02, 1.04, 1.05]
EFlow, [386640, 386640, 386642, 386642] [1, 1, 1.02, 1]
EFlow weighted, [386640, 386640, 386642, 386642] [1, 1, 1.02, 1]
EFlow, [386640, 386640, 386642, 386642] [1, 1.05, 1.06, 1.06]
EFlow weighted, [386640, 386640, 386642, 386642] [1, 1.05, 1.06, 1.06]
EFlow, [386640, 386640, 386642, 386642] [1, 1, 0.986, 0.989]
EFlow weighted, [386640, 386640, 386642, 386642] [1, 1, 0.986, 0.989]
EFlow, [386640, 386640, 386642, 386642] [1, 0.882, 0.797, 0.941]
EFlow weighted, [386640, 386640, 386642, 386642] [1, 0.882, 0.796, 0.941]
EFlow, [386640, 386640, 386642, 386642] [1, 0.996, 0.998, 0.998]
EFlow weighted, [386640, 386640, 386642, 386642] [1, 0.996, 0.998, 0.998]
EFlow, [386640, 386640, 386642, 386642] [1, 0.983, 0.964, 0.99]
EFlow weighted, [386640, 386640, 386642, 386642] [1, 0.983, 0.964, 0.99]
Bad xstal i$\eta$ = -25 i$\phi$ = 301 ---> Skipping 
EFlow, [386640, 386640, 386642, 386642] [1, 1, 0.986, 0.977]
EFlow weighted, [386640, 386640, 386642, 386642] [1, 1, 0.986, 0.977]
EFlow, [386640, 386640, 386642, 386642] [1, 1.02, 1.01, 0.998]
EFlow weighted, [386640, 386640, 386642, 386642] [1, 1.02, 1.01, 0.998]
EFlow, [386640, 386640, 386642, 386642] [1, 1.01, 1.01, 0.975]
EFlow weighted, [386640, 386640, 386642, 386642] [1, 1.01, 1.01, 0.975]
EFlow, [386640, 386640, 386642, 386642] [1, 0.996, 0.993, 0.988]
EFlow weighted, [386640, 386640, 386642, 386642] [1, 0.996, 0.993, 0.988]
EFlow, [386640, 386640, 386642, 386642] [1, 1.6, 1.06, 1.29]
EFlow weighted, [386640, 386640, 386642, 386642] [1, 1.6, 1.06, 1.29]
EFlow, [386640, 386640, 386642, 386642] [1, 1.06, 1.03, 1.16]
EFlow weighted, [386640, 386640, 386642, 386642] [1, 1.06, 1.03, 1.16]
EFlow, [386640, 386640, 386642, 386642] [1, 0.976, 0.822, 1.07]
EFlow weighted, [386640, 386640, 386642, 386642] [1, 0.976, 0.822, 1.07]
EFlow, [386640, 386640, 386642, 386642] [1, 1.03, 1.02, 1.04]
EFlow weighted, [386640, 386640, 386642, 386642] [1, 1.03, 1.02, 1.04]
EFlow, [386640, 386640, 386642, 386642] [1, 1.03, 1.05, 0.985]
EFlow weighted, [386640, 386640, 386642, 386642] [1, 1.03, 1.05, 0.985]
EFlow, [386640, 386640, 386642, 386642] [1, 1.11, 1.26, 1.27]
EFlow weighted, [386640, 386640, 386642, 386642] [1, 1.11, 1.26, 1.27]
EFlow, [386640, 386640, 386642, 386642] [1, 0.996, 0.985, 0.996]
EFlow weighted, [386640, 386640, 386642, 386642] [1, 0.996, 0.985, 0.996]
EFlow, [386640, 386640, 386642, 386642] [1, 0.991, 1, 0.994]
EFlow weighted, [386640, 386640, 386642, 386642] [1, 0.991, 1, 0.994]
EFlow, [386640, 386640, 386642, 386642] [1, 1, 0.99, 0.999]
EFlow weighted, [386640, 386640, 386642, 386642] [1, 1, 0.99, 0.999]
EFlow, [386640, 386640, 386642, 386642] [1, 0.985, 1.01, 0.991]
EFlow weighted, [386640, 386640, 386642, 386642] [1, 0.985, 1.01, 0.991]
EFlow, [386640, 386640, 386642, 386642] [1, 1.1, 1.01, 1.06]
EFlow weighted, [386640, 386640, 386642, 386642] [1, 1.1, 1.01, 1.06]
EFlow, [386640, 386640, 386642, 386642] [1, 1.02, 1, 1]
EFlow weighted, [386640, 386640, 386642, 386642] [1, 1.02, 1, 1]
EFlow, [386640, 386640, 386642, 386642] [1, 1.03, 1.05, 1.11]
EFlow weighted, [386640, 386640, 386642, 386642] [1, 1.03, 1.05, 1.11]
EFlow, [386640, 386640, 386642, 386642] [1, 1.14, 0.759, 0.296]
EFlow weighted, [386640, 386640, 386642, 386642] [1, 1.14, 0.759, 0.297]
EFlow, [386640, 386640, 386642, 386642] [1, 1.01, 0.995, 0.991]
EFlow weighted, [386640, 386640, 386642, 386642] [1, 1.01, 0.995, 0.991]
EFlow, [386640, 386640, 386642, 386642] [1, 1.02, 1.02, 1.03]
EFlow weighted, [386640, 386640, 386642, 386642] [1, 1.02, 1.02, 1.03]
EFlow, [386640, 386640, 386642, 386642] [1, 0.997, 1, 0.999]
EFlow weighted, [386640, 386640, 386642, 386642] [1, 0.997, 1, 0.999]
EFlow, [386640, 386640, 386642, 386642] [1, 1, 1.01, 1.02]
EFlow weighted, [386640, 386640, 386642, 386642] [1, 1, 1.01, 1.02]
EFlow, [386640, 386640, 386642, 386642] [1, 1, 0.996, 0.998]
EFlow weighted, [386640, 386640, 386642, 386642] [1, 1, 0.996, 0.998]
EFlow, [386640, 386640, 386642, 386642] [1, 0.999, 1.09, 1.06]
EFlow weighted, [386640, 386640, 386642, 386642] [1, 0.999, 1.09, 1.06]
EFlow, [386640, 386640, 386642, 386642] [1, 1.05, 1.02, 1.07]
EFlow weighted, [386640, 386640, 386642, 386642] [1, 1.05, 1.02, 1.07]
Bad xstal i$\eta$ = -17 i$\phi$ = 21 ---> Skipping 
EFlow, [386640, 386640, 386642, 386642] [1, 1.02, 0.933, 0.882]
EFlow weighted, [386640, 386640, 386642, 386642] [1, 1.02, 0.933, 0.882]
EFlow, [386640, 386640, 386642, 386642] [1, 0.984, 0.877, 1.04]
EFlow weighted, [386640, 386640, 386642, 386642] [1, 0.984, 0.877, 1.04]
EFlow, [386640, 386640, 386642, 386642] [1, 1, 1.02, 1.02]
EFlow weighted, [386640, 386640, 386642, 386642] [1, 1, 1.02, 1.02]
EFlow, [386640, 386640, 386642, 386642] [1, 1.16, 0.963, 1.05]
EFlow weighted, [386640, 386640, 386642, 386642] [1, 1.16, 0.963, 1.05]
EFlow, [386640, 386640, 386642, 386642] [1, 0.995, 0.998, 0.999]
EFlow weighted, [386640, 386640, 386642, 386642] [1, 0.995, 0.998, 0.999]
EFlow, [386640, 386640, 386642, 386642] [1, 0.989, 0.999, 1.01]
EFlow weighted, [386640, 386640, 386642, 386642] [1, 0.989, 0.999, 1.01]
EFlow, [386640, 386640, 386642, 386642] [1, 1.01, 1.01, 1]
EFlow weighted, [386640, 386640, 386642, 386642] [1, 1.01, 1.01, 1]
EFlow, [386640, 386640, 386642, 386642] [1, 1.01, 0.996, 0.996]
EFlow weighted, [386640, 386640, 386642, 386642] [1, 1.01, 0.996, 0.996]
EFlow, [386640, 386640, 386642, 386642] [1, 0.904, 1.01, 0.96]
EFlow weighted, [386640, 386640, 386642, 386642] [1, 0.904, 1.01, 0.96]
EFlow, [386640, 386640, 386642, 386642] [1, 0.965, 0.883, 0.908]
EFlow weighted, [386640, 386640, 386642, 386642] [1, 0.965, 0.883, 0.908]
EFlow, [386640, 386640, 386642, 386642] [1, 0.857, 0.9, 0.931]
EFlow weighted, [386640, 386640, 386642, 386642] [1, 0.857, 0.9, 0.931]
EFlow, [386640, 386640, 386642, 386642] [1, 0.834, 0.808, 0.844]
EFlow weighted, [386640, 386640, 386642, 386642] [1, 0.834, 0.808, 0.844]
EFlow, [386640, 386640, 386642, 386642] [1, 1.01, 1.01, 1]
EFlow weighted, [386640, 386640, 386642, 386642] [1, 1.01, 1.01, 1]
EFlow, [386640, 386640, 386642, 386642] [1, 1.01, 1.01, 1.01]
EFlow weighted, [386640, 386640, 386642, 386642] [1, 1.01, 1.01, 1.01]
EFlow, [386640, 386640, 386642, 386642] [1, 1.01, 0.982, 1.03]
EFlow weighted, [386640, 386640, 386642, 386642] [1, 1.01, 0.982, 1.03]
EFlow, [386640, 386640, 386642, 386642] [1, 0.801, 0.886, 0.911]
EFlow weighted, [386640, 386640, 386642, 386642] [1, 0.801, 0.886, 0.911]
EFlow, [386640, 386640, 386642, 386642] [1, 0.932, 0.992, 1.12]
EFlow weighted, [386640, 386640, 386642, 386642] [1, 0.932, 0.992, 1.12]
EFlow, [386640, 386640, 386642, 386642] [1, 0.985, 1.02, 1.06]
EFlow weighted, [386640, 386640, 386642, 386642] [1, 0.985, 1.02, 1.06]
EFlow, [386640, 386640, 386642, 386642] [1, 0.97, 0.961, 0.934]
EFlow weighted, [386640, 386640, 386642, 386642] [1, 0.97, 0.961, 0.934]
EFlow, [386640, 386640, 386642, 386642] [1, 1.1, 1.02, 1.07]
EFlow weighted, [386640, 386640, 386642, 386642] [1, 1.1, 1.02, 1.07]
EFlow, [386640, 386640, 386642, 386642] [1, 0.997, 0.997, 0.99]
EFlow weighted, [386640, 386640, 386642, 386642] [1, 0.997, 0.997, 0.99]
EFlow, [386640, 386640, 386642, 386642] [1, 0.703, 0.917, 0.917]
EFlow weighted, [386640, 386640, 386642, 386642] [1, 0.703, 0.917, 0.917]
EFlow, [386640, 386640, 386642, 386642] [1, 1.01, 1.02, 0.995]
EFlow weighted, [386640, 386640, 386642, 386642] [1, 1.01, 1.02, 0.995]
EFlow, [386640, 386640, 386642, 386642] [1, 1.54, 0.872, 0.718]
EFlow weighted, [386640, 386640, 386642, 386642] [1, 1.54, 0.872, 0.718]
EFlow, [386640, 386640, 386642, 386642] [1, 1.01, 0.999, 1]
EFlow weighted, [386640, 386640, 386642, 386642] [1, 1.01, 0.999, 1]
EFlow, [386640, 386640, 386642, 386642] [1, 0.993, 1, 1]
EFlow weighted, [386640, 386640, 386642, 386642] [1, 0.993, 1, 1]
EFlow, [386640, 386640, 386642, 386642] [1, 1.06, 1.04, 1.01]
EFlow weighted, [386640, 386640, 386642, 386642] [1, 1.06, 1.04, 1.01]
EFlow, [386640, 386640, 386642, 386642] [1, 0.986, 0.995, 1.02]
EFlow weighted, [386640, 386640, 386642, 386642] [1, 0.986, 0.995, 1.02]
EFlow, [386640, 386640, 386642, 386642] [1, 1.01, 0.994, 0.998]
EFlow weighted, [386640, 386640, 386642, 386642] [1, 1.01, 0.994, 0.998]
EFlow, [386640, 386640, 386642, 386642] [1, 1.06, 1.05, 0.97]
EFlow weighted, [386640, 386640, 386642, 386642] [1, 1.06, 1.05, 0.97]
EFlow, [386640, 386640, 386642, 386642] [1, 0.991, 1.03, 0.983]
EFlow weighted, [386640, 386640, 386642, 386642] [1, 0.991, 1.03, 0.983]
EFlow, [386640, 386640, 386642, 386642] [1, 0.984, 0.988, 0.998]
EFlow weighted, [386640, 386640, 386642, 386642] [1, 0.984, 0.988, 0.998]
EFlow, [386640, 386640, 386642, 386642] [1, 0.912, 0.96, 0.909]
EFlow weighted, [386640, 386640, 386642, 386642] [1, 0.912, 0.96, 0.909]
EFlow, [386640, 386640, 386642, 386642] [1, 1.06, 1.01, 0.968]
EFlow weighted, [386640, 386640, 386642, 386642] [1, 1.06, 1.01, 0.968]
EFlow, [386640, 386640, 386642, 386642] [1, 0.974, 0.847, 0.991]
EFlow weighted, [386640, 386640, 386642, 386642] [1, 0.974, 0.847, 0.991]
EFlow, [386640, 386640, 386642, 386642] [1, 0.995, 0.99, 0.995]
EFlow weighted, [386640, 386640, 386642, 386642] [1, 0.995, 0.99, 0.995]
EFlow, [386640, 386640, 386642, 386642] [1, 0.742, 0.735, 0.883]
EFlow weighted, [386640, 386640, 386642, 386642] [1, 0.742, 0.735, 0.883]
Bad xstal i$\eta$ = -7 i$\phi$ = 221 ---> Skipping 
EFlow, [386640, 386640, 386642, 386642] [1, 1.01, 1, 1]
EFlow weighted, [386640, 386640, 386642, 386642] [1, 1.01, 1, 1]
EFlow, [386640, 386640, 386642, 386642] [1, 1.01, 1, 1.02]
EFlow weighted, [386640, 386640, 386642, 386642] [1, 1.01, 1, 1.02]
EFlow, [386640, 386640, 386642, 386642] [1, 0.974, 0.969, 0.951]
EFlow weighted, [386640, 386640, 386642, 386642] [1, 0.974, 0.969, 0.951]
EFlow, [386640, 386640, 386642, 386642] [1, 1.01, 0.998, 1]
EFlow weighted, [386640, 386640, 386642, 386642] [1, 1.01, 0.998, 1]
EFlow, [386640, 386640, 386642, 386642] [1, 1.04, 1.03, 1]
EFlow weighted, [386640, 386640, 386642, 386642] [1, 1.04, 1.03, 1]
EFlow, [386640, 386640, 386642, 386642] [1, 1.01, 1.01, 1.01]
EFlow weighted, [386640, 386640, 386642, 386642] [1, 1.01, 1.01, 1.01]
EFlow, [386640, 386640, 386642, 386642] [1, 0.998, 0.995, 0.898]
EFlow weighted, [386640, 386640, 386642, 386642] [1, 0.998, 0.995, 0.898]
EFlow, [386640, 386640, 386642, 386642] [1, 0.994, 1.04, 1.43]
EFlow weighted, [386640, 386640, 386642, 386642] [1, 0.994, 1.04, 1.43]
EFlow, [386640, 386640, 386642, 386642] [1, 1.05, 1.04, 1.04]
EFlow weighted, [386640, 386640, 386642, 386642] [1, 1.05, 1.04, 1.04]
EFlow, [386640, 386640, 386642, 386642] [1, 1.02, 1.02, 1.03]
EFlow weighted, [386640, 386640, 386642, 386642] [1, 1.02, 1.02, 1.03]
EFlow, [386640, 386640, 386642, 386642] [1, 0.953, 1.07, 1.02]
EFlow weighted, [386640, 386640, 386642, 386642] [1, 0.953, 1.07, 1.02]
EFlow, [386640, 386640, 386642, 386642] [1, 1.01, 1, 0.998]
EFlow weighted, [386640, 386640, 386642, 386642] [1, 1.01, 1, 0.998]
EFlow, [386640, 386640, 386642, 386642] [1, 1, 0.997, 0.997]
EFlow weighted, [386640, 386640, 386642, 386642] [1, 1, 0.997, 0.997]
EFlow, [386640, 386640, 386642, 386642] [1, 0.986, 1.08, 1.07]
EFlow weighted, [386640, 386640, 386642, 386642] [1, 0.986, 1.08, 1.07]
EFlow, [386640, 386640, 386642, 386642] [1, 0.998, 1.04, 1.02]
EFlow weighted, [386640, 386640, 386642, 386642] [1, 0.998, 1.04, 1.02]
EFlow, [386640, 386640, 386642, 386642] [1, 0.973, 0.961, 0.983]
EFlow weighted, [386640, 386640, 386642, 386642] [1, 0.973, 0.961, 0.983]
EFlow, [386640, 386640, 386642, 386642] [1, 1, 0.92, 0.932]
EFlow weighted, [386640, 386640, 386642, 386642] [1, 1, 0.92, 0.932]
EFlow, [386640, 386640, 386642, 386642] [1, 1, 1, 1]
EFlow weighted, [386640, 386640, 386642, 386642] [1, 1, 1, 1]
EFlow, [386640, 386640, 386642, 386642] [1, 1.01, 1, 1.01]
EFlow weighted, [386640, 386640, 386642, 386642] [1, 1.01, 1, 1.01]
Bad xstal i$\eta$ = -1 i$\phi$ = 61 ---> Skipping 
EFlow, [386640, 386640, 386642, 386642] [1, 1.06, 0.996, 1.01]
EFlow weighted, [386640, 386640, 386642, 386642] [1, 1.06, 0.996, 1.01]
EFlow, [386640, 386640, 386642, 386642] [1, 1, 0.95, 0.965]
EFlow weighted, [386640, 386640, 386642, 386642] [1, 1, 0.95, 0.965]
EFlow, [386640, 386640, 386642, 386642] [1, 0.903, 0.841, 1.02]
EFlow weighted, [386640, 386640, 386642, 386642] [1, 0.903, 0.841, 1.02]
EFlow, [386640, 386640, 386642, 386642] [1, 0.992, 0.989, 1]
EFlow weighted, [386640, 386640, 386642, 386642] [1, 0.992, 0.989, 1]
EFlow, [386640, 386640, 386642, 386642] [1, 1, 0.958, 1.08]
EFlow weighted, [386640, 386640, 386642, 386642] [1, 1, 0.958, 1.08]
EFlow, [386640, 386640, 386642, 386642] [1, 0.991, 1.01, 0.991]
EFlow weighted, [386640, 386640, 386642, 386642] [1, 0.991, 1.01, 0.991]
EFlow, [386640, 386640, 386642, 386642] [1, 0.882, 0.766, 0.58]
EFlow weighted, [386640, 386640, 386642, 386642] [1, 0.882, 0.766, 0.58]
EFlow, [386640, 386640, 386642, 386642] [1, 1, 0.988, 0.982]
EFlow weighted, [386640, 386640, 386642, 386642] [1, 1, 0.988, 0.982]
EFlow, [386640, 386640, 386642, 386642] [1, 0.993, 0.998, 0.993]
EFlow weighted, [386640, 386640, 386642, 386642] [1, 0.993, 0.998, 0.993]
EFlow, [386640, 386640, 386642, 386642] [1, 0.998, 1.01, 1.01]
EFlow weighted, [386640, 386640, 386642, 386642] [1, 0.998, 1.01, 1.01]
EFlow, [386640, 386640, 386642, 386642] [1, 0.808, 2.95, 2.22]
EFlow weighted, [386640, 386640, 386642, 386642] [1, 0.808, 2.95, 2.22]
EFlow, [386640, 386640, 386642, 386642] [1, 1.11, 0.993, 0.943]
EFlow weighted, [386640, 386640, 386642, 386642] [1, 1.11, 0.993, 0.943]
EFlow, [386640, 386640, 386642, 386642] [1, 1, 1.01, 1.01]
EFlow weighted, [386640, 386640, 386642, 386642] [1, 1, 1.01, 1.01]
Bad xstal i$\eta$ = 4 i$\phi$ = 21 ---> Skipping 
EFlow, [386640, 386640, 386642, 386642] [1, 0.994, 1, 0.984]
EFlow weighted, [386640, 386640, 386642, 386642] [1, 0.994, 1, 0.984]
EFlow, [386640, 386640, 386642, 386642] [1, 0.996, 0.995, 1]
EFlow weighted, [386640, 386640, 386642, 386642] [1, 0.996, 0.995, 1]
EFlow, [386640, 386640, 386642, 386642] [1, 1.01, 1.01, 1]
EFlow weighted, [386640, 386640, 386642, 386642] [1, 1.01, 1.01, 1]
EFlow, [386640, 386640, 386642, 386642] [1, 0.92, 1.02, 1.04]
EFlow weighted, [386640, 386640, 386642, 386642] [1, 0.92, 1.02, 1.04]
EFlow, [386640, 386640, 386642, 386642] [1, 1, 0.987, 1]
EFlow weighted, [386640, 386640, 386642, 386642] [1, 1, 0.987, 1]
EFlow, [386640, 386640, 386642, 386642] [1, 0.998, 1.01, 1]
EFlow weighted, [386640, 386640, 386642, 386642] [1, 0.998, 1.01, 1]
EFlow, [386640, 386640, 386642, 386642] [1, 1.03, 0.986, 1.01]
EFlow weighted, [386640, 386640, 386642, 386642] [1, 1.03, 0.986, 1.01]
EFlow, [386640, 386640, 386642, 386642] [1, 0.972, 0.934, 0.97]
EFlow weighted, [386640, 386640, 386642, 386642] [1, 0.972, 0.934, 0.97]
EFlow, [386640, 386640, 386642, 386642] [1, 1, 1, 1]
EFlow weighted, [386640, 386640, 386642, 386642] [1, 1, 1, 1]
EFlow, [386640, 386640, 386642, 386642] [1, 1.01, 1.02, 1.01]
EFlow weighted, [386640, 386640, 386642, 386642] [1, 1.01, 1.02, 1.01]
EFlow, [386640, 386640, 386642, 386642] [1, 0.996, 0.99, 0.995]
EFlow weighted, [386640, 386640, 386642, 386642] [1, 0.996, 0.99, 0.995]
EFlow, [386640, 386640, 386642, 386642] [1, 1.03, 1.03, 1.02]
EFlow weighted, [386640, 386640, 386642, 386642] [1, 1.03, 1.03, 1.02]
EFlow, [386640, 386640, 386642, 386642] [1, 0.99, 1, 1]
EFlow weighted, [386640, 386640, 386642, 386642] [1, 0.99, 1, 1]
EFlow, [386640, 386640, 386642, 386642] [1, 1.01, 1.01, 1.03]
EFlow weighted, [386640, 386640, 386642, 386642] [1, 1.01, 1.01, 1.03]
EFlow, [386640, 386640, 386642, 386642] [1, 1.13, 0.94, 1]
EFlow weighted, [386640, 386640, 386642, 386642] [1, 1.13, 0.94, 1]
EFlow, [386640, 386640, 386642, 386642] [1, 1.01, 1.01, 1]
EFlow weighted, [386640, 386640, 386642, 386642] [1, 1.01, 1.01, 1]
EFlow, [386640, 386640, 386642, 386642] [1, 0.992, 1, 1]
EFlow weighted, [386640, 386640, 386642, 386642] [1, 0.992, 1, 1]
EFlow, [386640, 386640, 386642, 386642] [1, 0.991, 0.995, 0.994]
EFlow weighted, [386640, 386640, 386642, 386642] [1, 0.991, 0.995, 0.994]
EFlow, [386640, 386640, 386642, 386642] [1, 1.01, 0.995, 1]
EFlow weighted, [386640, 386640, 386642, 386642] [1, 1.01, 0.995, 1]
EFlow, [386640, 386640, 386642, 386642] [1, 0.994, 0.995, 0.982]
EFlow weighted, [386640, 386640, 386642, 386642] [1, 0.994, 0.995, 0.982]
EFlow, [386640, 386640, 386642, 386642] [1, 1.09, 1.07, 1.03]
EFlow weighted, [386640, 386640, 386642, 386642] [1, 1.09, 1.07, 1.03]
EFlow, [386640, 386640, 386642, 386642] [1, 1.02, 1.01, 0.998]
EFlow weighted, [386640, 386640, 386642, 386642] [1, 1.02, 1.01, 0.998]
EFlow, [386640, 386640, 386642, 386642] [1, 0.981, 0.991, 0.988]
EFlow weighted, [386640, 386640, 386642, 386642] [1, 0.981, 0.991, 0.988]
EFlow, [386640, 386640, 386642, 386642] [1, 1, 0.994, 0.998]
EFlow weighted, [386640, 386640, 386642, 386642] [1, 1, 0.994, 0.998]
EFlow, [386640, 386640, 386642, 386642] [1, 1.01, 1.01, 1]
EFlow weighted, [386640, 386640, 386642, 386642] [1, 1.01, 1.01, 1]
EFlow, [386640, 386640, 386642, 386642] [1, 1.02, 1.03, 1.02]
EFlow weighted, [386640, 386640, 386642, 386642] [1, 1.02, 1.03, 1.02]
EFlow, [386640, 386640, 386642, 386642] [1, 0.971, 0.996, 1.01]
EFlow weighted, [386640, 386640, 386642, 386642] [1, 0.971, 0.996, 1.01]
EFlow, [386640, 386640, 386642, 386642] [1, 0.871, 0.77, 0.985]
EFlow weighted, [386640, 386640, 386642, 386642] [1, 0.871, 0.77, 0.985]
EFlow, [386640, 386640, 386642, 386642] [1, 1, 1, 1]
EFlow weighted, [386640, 386640, 386642, 386642] [1, 1, 1, 1]
EFlow, [386640, 386640, 386642, 386642] [1, 0.99, 0.992, 0.995]
EFlow weighted, [386640, 386640, 386642, 386642] [1, 0.99, 0.992, 0.995]
EFlow, [386640, 386640, 386642, 386642] [1, 0.998, 0.992, 0.986]
EFlow weighted, [386640, 386640, 386642, 386642] [1, 0.998, 0.992, 0.986]
EFlow, [386640, 386640, 386642, 386642] [1, 0.998, 0.999, 1]
EFlow weighted, [386640, 386640, 386642, 386642] [1, 0.998, 0.999, 1]
EFlow, [386640, 386640, 386642, 386642] [1, 1, 1.01, 1.01]
EFlow weighted, [386640, 386640, 386642, 386642] [1, 1, 1.01, 1.01]
EFlow, [386640, 386640, 386642, 386642] [1, 0.953, 0.929, 1]
EFlow weighted, [386640, 386640, 386642, 386642] [1, 0.953, 0.929, 1]
EFlow, [386640, 386640, 386642, 386642] [1, 1.01, 0.993, 0.992]
EFlow weighted, [386640, 386640, 386642, 386642] [1, 1.01, 0.993, 0.992]
EFlow, [386640, 386640, 386642, 386642] [1, 1.07, 1.03, 0.981]
EFlow weighted, [386640, 386640, 386642, 386642] [1, 1.07, 1.03, 0.981]
EFlow, [386640, 386640, 386642, 386642] [1, 0.994, 1, 0.996]
EFlow weighted, [386640, 386640, 386642, 386642] [1, 0.994, 1, 0.996]
EFlow, [386640, 386640, 386642, 386642] [1, 1, 1.02, 0.984]
EFlow weighted, [386640, 386640, 386642, 386642] [1, 1, 1.02, 0.984]
EFlow, [386640, 386640, 386642, 386642] [1, 0.964, 0.94, 1.03]
EFlow weighted, [386640, 386640, 386642, 386642] [1, 0.964, 0.94, 1.03]
EFlow, [386640, 386640, 386642, 386642] [1, 0.996, 0.995, 0.981]
EFlow weighted, [386640, 386640, 386642, 386642] [1, 0.996, 0.995, 0.981]
EFlow, [386640, 386640, 386642, 386642] [1, 0.993, 0.985, 1.02]
EFlow weighted, [386640, 386640, 386642, 386642] [1, 0.993, 0.985, 1.02]
EFlow, [386640, 386640, 386642, 386642] [1, 1, 1, 0.999]
EFlow weighted, [386640, 386640, 386642, 386642] [1, 1, 1, 0.999]
EFlow, [386640, 386640, 386642, 386642] [1, 0.95, 0.98, 1]
EFlow weighted, [386640, 386640, 386642, 386642] [1, 0.95, 0.98, 1]
EFlow, [386640, 386640, 386642, 386642] [1, 1.15, 1.01, 0.906]
EFlow weighted, [386640, 386640, 386642, 386642] [1, 1.15, 1.01, 0.906]
EFlow, [386640, 386640, 386642, 386642] [1, 1.04, 1.04, 1.08]
EFlow weighted, [386640, 386640, 386642, 386642] [1, 1.04, 1.04, 1.08]
EFlow, [386640, 386640, 386642, 386642] [1, 0.934, 0.966, 1.07]
EFlow weighted, [386640, 386640, 386642, 386642] [1, 0.934, 0.966, 1.07]
EFlow, [386640, 386640, 386642, 386642] [1, 0.997, 1.01, 0.989]
EFlow weighted, [386640, 386640, 386642, 386642] [1, 0.997, 1.01, 0.989]
EFlow, [386640, 386640, 386642, 386642] [1, 0.985, 0.98, 0.988]
EFlow weighted, [386640, 386640, 386642, 386642] [1, 0.985, 0.98, 0.988]
EFlow, [386640, 386640, 386642, 386642] [1, 1.02, 1.02, 1.01]
EFlow weighted, [386640, 386640, 386642, 386642] [1, 1.02, 1.02, 1.01]
EFlow, [386640, 386640, 386642, 386642] [1, 1.01, 1.01, 1.02]
EFlow weighted, [386640, 386640, 386642, 386642] [1, 1.01, 1.01, 1.02]
EFlow, [386640, 386640, 386642, 386642] [1, 0.996, 1.01, 1.01]
EFlow weighted, [386640, 386640, 386642, 386642] [1, 0.996, 1.01, 1.01]
EFlow, [386640, 386640, 386642, 386642] [1, 1, 1, 0.991]
EFlow weighted, [386640, 386640, 386642, 386642] [1, 1, 1, 0.991]
EFlow, [386640, 386640, 386642, 386642] [1, 0.998, 0.989, 0.98]
EFlow weighted, [386640, 386640, 386642, 386642] [1, 0.998, 0.989, 0.98]
EFlow, [386640, 386640, 386642, 386642] [1, 1.01, 1, 0.985]
EFlow weighted, [386640, 386640, 386642, 386642] [1, 1.01, 1, 0.985]
EFlow, [386640, 386640, 386642, 386642] [1, 1.09, 1.03, 1.18]
EFlow weighted, [386640, 386640, 386642, 386642] [1, 1.09, 1.03, 1.18]
EFlow, [386640, 386640, 386642, 386642] [1, 1.09, 0.902, 0.944]
EFlow weighted, [386640, 386640, 386642, 386642] [1, 1.09, 0.902, 0.944]
EFlow, [386640, 386640, 386642, 386642] [1, 0.961, 0.984, 0.969]
EFlow weighted, [386640, 386640, 386642, 386642] [1, 0.961, 0.984, 0.969]
EFlow, [386640, 386640, 386642, 386642] [1, 1.14, 1.11, 1.03]
EFlow weighted, [386640, 386640, 386642, 386642] [1, 1.14, 1.11, 1.03]
EFlow, [386640, 386640, 386642, 386642] [1, 1.01, 0.998, 1]
EFlow weighted, [386640, 386640, 386642, 386642] [1, 1.01, 0.998, 1]
EFlow, [386640, 386640, 386642, 386642] [1, 1, 1.01, 1.01]
EFlow weighted, [386640, 386640, 386642, 386642] [1, 1, 1.01, 1.01]
EFlow, [386640, 386640, 386642, 386642] [1, 1.03, 0.969, 0.974]
EFlow weighted, [386640, 386640, 386642, 386642] [1, 1.03, 0.969, 0.974]
EFlow, [386640, 386640, 386642, 386642] [1, 1.53, 0.961, 1.04]
EFlow weighted, [386640, 386640, 386642, 386642] [1, 1.53, 0.961, 1.04]
EFlow, [386640, 386640, 386642, 386642] [1, 0.962, 1.01, 1]
EFlow weighted, [386640, 386640, 386642, 386642] [1, 0.962, 1.01, 1]
EFlow, [386640, 386640, 386642, 386642] [1, 0.899, 1.01, 1.12]
EFlow weighted, [386640, 386640, 386642, 386642] [1, 0.899, 1.01, 1.12]
EFlow, [386640, 386640, 386642, 386642] [1, 1.01, 1, 1]
EFlow weighted, [386640, 386640, 386642, 386642] [1, 1.01, 1, 1]
EFlow, [386640, 386640, 386642, 386642] [1, 1, 1.01, 0.997]
EFlow weighted, [386640, 386640, 386642, 386642] [1, 1, 1.01, 0.997]
EFlow, [386640, 386640, 386642, 386642] [1, 0.992, 1.01, 0.993]
EFlow weighted, [386640, 386640, 386642, 386642] [1, 0.992, 1.01, 0.993]
EFlow, [386640, 386640, 386642, 386642] [1, 1.01, 1.01, 1.01]
EFlow weighted, [386640, 386640, 386642, 386642] [1, 1.01, 1.01, 1.01]
EFlow, [386640, 386640, 386642, 386642] [1, 0.996, 0.987, 1.01]
EFlow weighted, [386640, 386640, 386642, 386642] [1, 0.996, 0.987, 1.01]
EFlow, [386640, 386640, 386642, 386642] [1, 1.01, 0.998, 1]
EFlow weighted, [386640, 386640, 386642, 386642] [1, 1.01, 0.998, 1]
EFlow, [386640, 386640, 386642, 386642] [1, 1.01, 0.998, 0.996]
EFlow weighted, [386640, 386640, 386642, 386642] [1, 1.01, 0.998, 0.996]
EFlow, [386640, 386640, 386642, 386642] [1, 1.01, 0.995, 0.986]
EFlow weighted, [386640, 386640, 386642, 386642] [1, 1.01, 0.995, 0.986]
EFlow, [386640, 386640, 386642, 386642] [1, 0.895, 0.964, 0.96]
EFlow weighted, [386640, 386640, 386642, 386642] [1, 0.895, 0.964, 0.96]
EFlow, [386640, 386640, 386642, 386642] [1, 0.99, 1.03, 1]
EFlow weighted, [386640, 386640, 386642, 386642] [1, 0.99, 1.03, 1]
EFlow, [386640, 386640, 386642, 386642] [1, 0.988, 1.02, 1.07]
EFlow weighted, [386640, 386640, 386642, 386642] [1, 0.988, 1.02, 1.07]
EFlow, [386640, 386640, 386642, 386642] [1, 0.977, 1.03, 1.01]
EFlow weighted, [386640, 386640, 386642, 386642] [1, 0.977, 1.03, 1.01]
EFlow, [386640, 386640, 386642, 386642] [1, 1.08, 1.05, 1.01]
EFlow weighted, [386640, 386640, 386642, 386642] [1, 1.08, 1.05, 1.01]
EFlow, [386640, 386640, 386642, 386642] [1, 1, 0.998, 1]
EFlow weighted, [386640, 386640, 386642, 386642] [1, 1, 0.998, 1]
EFlow, [386640, 386640, 386642, 386642] [1, 1, 1, 0.982]
EFlow weighted, [386640, 386640, 386642, 386642] [1, 1, 1, 0.982]
EFlow, [386640, 386640, 386642, 386642] [1, 1, 1.01, 0.999]
EFlow weighted, [386640, 386640, 386642, 386642] [1, 1, 1.01, 0.999]
EFlow, [386640, 386640, 386642, 386642] [1, 0.795, 0.881, 0.39]
EFlow weighted, [386640, 386640, 386642, 386642] [1, 0.795, 0.881, 0.39]
EFlow, [386640, 386640, 386642, 386642] [1, 1, 0.876, 0.935]
EFlow weighted, [386640, 386640, 386642, 386642] [1, 1, 0.876, 0.935]
EFlow, [386640, 386640, 386642, 386642] [1, 1.01, 1, 1.02]
EFlow weighted, [386640, 386640, 386642, 386642] [1, 1.01, 1, 1.02]
EFlow, [386640, 386640, 386642, 386642] [1, 0.999, 0.992, 0.998]
EFlow weighted, [386640, 386640, 386642, 386642] [1, 0.999, 0.992, 0.998]
EFlow, [386640, 386640, 386642, 386642] [1, 0.971, 0.983, 1.01]
EFlow weighted, [386640, 386640, 386642, 386642] [1, 0.971, 0.983, 1.01]
EFlow, [386640, 386640, 386642, 386642] [1, 0.994, 0.991, 1]
EFlow weighted, [386640, 386640, 386642, 386642] [1, 0.994, 0.991, 1]
EFlow, [386640, 386640, 386642, 386642] [1, 0.989, 0.954, 0.875]
EFlow weighted, [386640, 386640, 386642, 386642] [1, 0.989, 0.954, 0.875]
EFlow, [386640, 386640, 386642, 386642] [1, 1.02, 0.995, 0.99]
EFlow weighted, [386640, 386640, 386642, 386642] [1, 1.02, 0.995, 0.99]
EFlow, [386640, 386640, 386642, 386642] [1, 1, 0.996, 0.982]
EFlow weighted, [386640, 386640, 386642, 386642] [1, 1, 0.996, 0.982]
EFlow, [386640, 386640, 386642, 386642] [1, 1.02, 1.02, 0.994]
EFlow weighted, [386640, 386640, 386642, 386642] [1, 1.02, 1.02, 0.994]
EFlow, [386640, 386640, 386642, 386642] [1, 0.992, 0.999, 0.994]
EFlow weighted, [386640, 386640, 386642, 386642] [1, 0.992, 0.999, 0.994]
EFlow, [386640, 386640, 386642, 386642] [1, 1.01, 0.997, 0.981]
EFlow weighted, [386640, 386640, 386642, 386642] [1, 1.01, 0.997, 0.981]
EFlow, [386640, 386640, 386642, 386642] [1, 0.999, 0.996, 1]
EFlow weighted, [386640, 386640, 386642, 386642] [1, 0.999, 0.996, 1]
EFlow, [386640, 386640, 386642, 386642] [1, 0.956, 0.962, 1.04]
EFlow weighted, [386640, 386640, 386642, 386642] [1, 0.957, 0.962, 1.04]
EFlow, [386640, 386640, 386642, 386642] [1, 1.01, 1.01, 1]
EFlow weighted, [386640, 386640, 386642, 386642] [1, 1.01, 1.01, 1]
EFlow, [386640, 386640, 386642, 386642] [1, 1, 0.95, 0.995]
EFlow weighted, [386640, 386640, 386642, 386642] [1, 1, 0.95, 0.995]
EFlow, [386640, 386640, 386642, 386642] [1, 0.975, 1.13, 0.797]
EFlow weighted, [386640, 386640, 386642, 386642] [1, 0.976, 1.13, 0.796]
EFlow, [386640, 386640, 386642, 386642] [1, 0.977, 1.05, 0.993]
EFlow weighted, [386640, 386640, 386642, 386642] [1, 0.977, 1.05, 0.993]
EFlow, [386640, 386640, 386642, 386642] [1, 1.05, 0.961, 0.937]
EFlow weighted, [386640, 386640, 386642, 386642] [1, 1.05, 0.961, 0.937]
EFlow, [386640, 386640, 386642, 386642] [1, 1.03, 0.934, 0.985]
EFlow weighted, [386640, 386640, 386642, 386642] [1, 1.03, 0.934, 0.985]
EFlow, [386640, 386640, 386642, 386642] [1, 1.06, 1.02, 1.06]
EFlow weighted, [386640, 386640, 386642, 386642] [1, 1.06, 1.02, 1.06]
EFlow, [386640, 386640, 386642, 386642] [1, 0.994, 1, 0.992]
EFlow weighted, [386640, 386640, 386642, 386642] [1, 0.994, 1, 0.992]
EFlow, [386640, 386640, 386642, 386642] [1, 1.01, 0.992, 1.02]
EFlow weighted, [386640, 386640, 386642, 386642] [1, 1.01, 0.992, 1.02]
EFlow, [386640, 386640, 386642, 386642] [1, 1.01, 1, 1]
EFlow weighted, [386640, 386640, 386642, 386642] [1, 1.01, 1, 1]
EFlow, [386640, 386640, 386642, 386642] [1, 0.998, 0.994, 0.987]
EFlow weighted, [386640, 386640, 386642, 386642] [1, 0.998, 0.993, 0.987]
EFlow, [386640, 386640, 386642, 386642] [1, 1.01, 1, 0.997]
EFlow weighted, [386640, 386640, 386642, 386642] [1, 1.01, 1, 0.997]
EFlow, [386640, 386640, 386642, 386642] [1, 1, 1.01, 1]
EFlow weighted, [386640, 386640, 386642, 386642] [1, 1, 1.01, 1]
EFlow, [386640, 386640, 386642, 386642] [1, 0.987, 0.999, 0.979]
EFlow weighted, [386640, 386640, 386642, 386642] [1, 0.987, 0.999, 0.979]
EFlow, [386640, 386640, 386642, 386642] [1, 0.988, 0.997, 1.02]
EFlow weighted, [386640, 386640, 386642, 386642] [1, 0.988, 0.997, 1.02]
EFlow, [386640, 386640, 386642, 386642] [1, 1.01, 1.01, 1]
EFlow weighted, [386640, 386640, 386642, 386642] [1, 1.01, 1.01, 1]
EFlow, [386640, 386640, 386642, 386642] [1, 1.01, 1.02, 0.996]
EFlow weighted, [386640, 386640, 386642, 386642] [1, 1.01, 1.02, 0.996]
EFlow, [386640, 386640, 386642, 386642] [1, 0.963, 0.978, 0.946]
EFlow weighted, [386640, 386640, 386642, 386642] [1, 0.963, 0.978, 0.946]
EFlow, [386640, 386640, 386642, 386642] [1, 0.981, 0.957, 0.974]
EFlow weighted, [386640, 386640, 386642, 386642] [1, 0.981, 0.957, 0.974]
EFlow, [386640, 386640, 386642, 386642] [1, 0.975, 0.99, 1.03]
EFlow weighted, [386640, 386640, 386642, 386642] [1, 0.975, 0.99, 1.03]
EFlow, [386640, 386640, 386642, 386642] [1, 0.91, 0.901, 0.867]
EFlow weighted, [386640, 386640, 386642, 386642] [1, 0.91, 0.901, 0.867]
EFlow, [386640, 386640, 386642, 386642] [1, 0.98, 0.995, 1.03]
EFlow weighted, [386640, 386640, 386642, 386642] [1, 0.981, 0.995, 1.03]
EFlow, [386640, 386640, 386642, 386642] [1, 0.842, 0.909, 0.913]
EFlow weighted, [386640, 386640, 386642, 386642] [1, 0.842, 0.909, 0.913]
EFlow, [386640, 386640, 386642, 386642] [1, 0.989, 0.996, 1.01]
EFlow weighted, [386640, 386640, 386642, 386642] [1, 0.989, 0.996, 1.01]
EFlow, [386640, 386640, 386642, 386642] [1, 0.986, 0.98, 0.99]
EFlow weighted, [386640, 386640, 386642, 386642] [1, 0.986, 0.98, 0.99]
EFlow, [386640, 386640, 386642, 386642] [1, 0.994, 0.999, 0.995]
EFlow weighted, [386640, 386640, 386642, 386642] [1, 0.994, 0.999, 0.995]
EFlow, [386640, 386640, 386642, 386642] [1, 0.975, 0.996, 0.986]
EFlow weighted, [386640, 386640, 386642, 386642] [1, 0.975, 0.996, 0.986]
EFlow, [386640, 386640, 386642, 386642] [1, 0.994, 0.996, 1]
EFlow weighted, [386640, 386640, 386642, 386642] [1, 0.994, 0.996, 1]
EFlow, [386640, 386640, 386642, 386642] [1, 0.992, 1.02, 1.05]
EFlow weighted, [386640, 386640, 386642, 386642] [1, 0.992, 1.02, 1.05]
EFlow, [386640, 386640, 386642, 386642] [1, 1.06, 1.03, 1.03]
EFlow weighted, [386640, 386640, 386642, 386642] [1, 1.06, 1.03, 1.03]
EFlow, [386640, 386640, 386642, 386642] [1, 1, 0.992, 1]
EFlow weighted, [386640, 386640, 386642, 386642] [1, 1, 0.992, 1]
EFlow, [386640, 386640, 386642, 386642] [1, 0.997, 1, 1]
EFlow weighted, [386640, 386640, 386642, 386642] [1, 0.997, 1, 1]
EFlow, [386640, 386640, 386642, 386642] [1, 0.995, 0.927, 0.922]
EFlow weighted, [386640, 386640, 386642, 386642] [1, 0.995, 0.927, 0.922]
EFlow, [386640, 386640, 386642, 386642] [1, 1.05, 1.06, 1.04]
EFlow weighted, [386640, 386640, 386642, 386642] [1, 1.05, 1.06, 1.04]
EFlow, [386640, 386640, 386642, 386642] [1, 0.997, 1, 1]
EFlow weighted, [386640, 386640, 386642, 386642] [1, 0.997, 1, 1]
EFlow, [386640, 386640, 386642, 386642] [1, 0.893, 1.02, 0.991]
EFlow weighted, [386640, 386640, 386642, 386642] [1, 0.893, 1.02, 0.991]
EFlow, [386640, 386640, 386642, 386642] [1, 1.01, 1.01, 1.02]
EFlow weighted, [386640, 386640, 386642, 386642] [1, 1.01, 1.01, 1.02]
EFlow, [386640, 386640, 386642, 386642] [1, 0.998, 1.01, 0.998]
EFlow weighted, [386640, 386640, 386642, 386642] [1, 0.998, 1.01, 0.998]
EFlow, [386640, 386640, 386642, 386642] [1, 0.967, 0.987, 0.899]
EFlow weighted, [386640, 386640, 386642, 386642] [1, 0.967, 0.987, 0.899]
EFlow, [386640, 386640, 386642, 386642] [1, 0.934, 0.861, 0.92]
EFlow weighted, [386640, 386640, 386642, 386642] [1, 0.934, 0.861, 0.92]
EFlow, [386640, 386640, 386642, 386642] [1, 1.01, 0.904, 1.17]
EFlow weighted, [386640, 386640, 386642, 386642] [1, 1.01, 0.904, 1.17]
EFlow, [386640, 386640, 386642, 386642] [1, 0.884, 0.941, 0.972]
EFlow weighted, [386640, 386640, 386642, 386642] [1, 0.884, 0.941, 0.972]
EFlow, [386640, 386640, 386642, 386642] [1, 0.932, 1.06, 1.14]
EFlow weighted, [386640, 386640, 386642, 386642] [1, 0.932, 1.06, 1.13]
EFlow, [386640, 386640, 386642, 386642] [1, 1, 0.995, 0.991]
EFlow weighted, [386640, 386640, 386642, 386642] [1, 1, 0.995, 0.991]
EFlow, [386640, 386640, 386642, 386642] [1, 1.02, 0.995, 1.02]
EFlow weighted, [386640, 386640, 386642, 386642] [1, 1.02, 0.995, 1.02]
EFlow, [386640, 386640, 386642, 386642] [1, 1.14, 1.21, 1.1]
EFlow weighted, [386640, 386640, 386642, 386642] [1, 1.14, 1.21, 1.1]
EFlow, [386640, 386640, 386642, 386642] [1, 1.07, 1.02, 1.1]
EFlow weighted, [386640, 386640, 386642, 386642] [1, 1.07, 1.02, 1.1]
EFlow, [386640, 386640, 386642, 386642] [1, 1.02, 1.01, 1.01]
EFlow weighted, [386640, 386640, 386642, 386642] [1, 1.02, 1.01, 1.01]
EFlow, [386640, 386640, 386642, 386642] [1, 0.998, 1.02, 1.01]
EFlow weighted, [386640, 386640, 386642, 386642] [1, 0.998, 1.02, 1.01]
EFlow, [386640, 386640, 386642, 386642] [1, 0.997, 0.998, 0.983]
EFlow weighted, [386640, 386640, 386642, 386642] [1, 0.997, 0.998, 0.983]
EFlow, [386640, 386640, 386642, 386642] [1, 0.99, 1.01, 1.02]
EFlow weighted, [386640, 386640, 386642, 386642] [1, 0.99, 1.01, 1.02]
EFlow, [386640, 386640, 386642, 386642] [1, 1.02, 1.01, 0.999]
EFlow weighted, [386640, 386640, 386642, 386642] [1, 1.02, 1.01, 0.999]
EFlow, [386640, 386640, 386642, 386642] [1, 1.01, 1, 1.01]
EFlow weighted, [386640, 386640, 386642, 386642] [1, 1.01, 1, 1.01]
EFlow, [386640, 386640, 386642, 386642] [1, 1.04, 1.04, 1.01]
EFlow weighted, [386640, 386640, 386642, 386642] [1, 1.04, 1.04, 1.01]
EFlow, [386640, 386640, 386642, 386642] [1, 1.1, 1.03, 1.03]
EFlow weighted, [386640, 386640, 386642, 386642] [1, 1.1, 1.03, 1.03]
EFlow, [386640, 386640, 386642, 386642] [1, 1.01, 1.04, 1.01]
EFlow weighted, [386640, 386640, 386642, 386642] [1, 1.01, 1.04, 1.01]
EFlow, [386640, 386640, 386642, 386642] [1, 1.04, 1.06, 1.01]
EFlow weighted, [386640, 386640, 386642, 386642] [1, 1.04, 1.06, 1.01]
EFlow, [386640, 386640, 386642, 386642] [1, 0.993, 1.09, 1.02]
EFlow weighted, [386640, 386640, 386642, 386642] [1, 0.993, 1.09, 1.02]
EFlow, [386640, 386640, 386642, 386642] [1, 1.02, 1.01, 1.03]
EFlow weighted, [386640, 386640, 386642, 386642] [1, 1.02, 1.01, 1.03]
EFlow, [386640, 386640, 386642, 386642] [1, 1.04, 1.03, 0.992]
EFlow weighted, [386640, 386640, 386642, 386642] [1, 1.04, 1.03, 0.992]
EFlow, [386640, 386640, 386642, 386642] [1, 0.976, 0.97, 1.03]
EFlow weighted, [386640, 386640, 386642, 386642] [1, 0.976, 0.97, 1.03]
EFlow, [386640, 386640, 386642, 386642] [1, 1.01, 1, 1]
EFlow weighted, [386640, 386640, 386642, 386642] [1, 1.01, 1, 1]
EFlow, [386640, 386640, 386642, 386642] [1, 1, 0.997, 0.999]
EFlow weighted, [386640, 386640, 386642, 386642] [1, 1, 0.997, 0.999]
EFlow, [386640, 386640, 386642, 386642] [1, 1, 0.999, 1]
EFlow weighted, [386640, 386640, 386642, 386642] [1, 1, 0.999, 1]
EFlow, [386640, 386640, 386642, 386642] [1, 1.07, 1.05, 1.07]
EFlow weighted, [386640, 386640, 386642, 386642] [1, 1.07, 1.05, 1.07]
EFlow, [386640, 386640, 386642, 386642] [1, 1.01, 1, 1.02]
EFlow weighted, [386640, 386640, 386642, 386642] [1, 1.01, 1, 1.02]
EFlow, [386640, 386640, 386642, 386642] [1, 0.938, 0.948, 1.07]
EFlow weighted, [386640, 386640, 386642, 386642] [1, 0.938, 0.948, 1.07]
EFlow, [386640, 386640, 386642, 386642] [1, 1.02, 1.01, 0.99]
EFlow weighted, [386640, 386640, 386642, 386642] [1, 1.02, 1.01, 0.99]
EFlow, [386640, 386640, 386642, 386642] [1, 1.01, 1, 1]
EFlow weighted, [386640, 386640, 386642, 386642] [1, 1.01, 1, 1]
EFlow, [386640, 386640, 386642, 386642] [1, 1.02, 1.02, 0.992]
EFlow weighted, [386640, 386640, 386642, 386642] [1, 1.02, 1.02, 0.992]
EFlow, [386640, 386640, 386642, 386642] [1, 1, 1, 1.01]
EFlow weighted, [386640, 386640, 386642, 386642] [1, 1, 1, 1.01]
EFlow, [386640, 386640, 386642, 386642] [1, 0.849, 1.12, 1.12]
EFlow weighted, [386640, 386640, 386642, 386642] [1, 0.849, 1.12, 1.12]
EFlow, [386640, 386640, 386642, 386642] [1, 1, 0.997, 1.01]
EFlow weighted, [386640, 386640, 386642, 386642] [1, 1, 0.997, 1.01]
EFlow, [386640, 386640, 386642, 386642] [1, 0.948, 0.937, 1.01]
EFlow weighted, [386640, 386640, 386642, 386642] [1, 0.948, 0.937, 1.01]
EFlow, [386640, 386640, 386642, 386642] [1, 0.99, 0.985, 0.981]
EFlow weighted, [386640, 386640, 386642, 386642] [1, 0.99, 0.985, 0.981]
EFlow, [386640, 386640, 386642, 386642] [1, 1.01, 0.911, 0.97]
EFlow weighted, [386640, 386640, 386642, 386642] [1, 1.01, 0.911, 0.97]
EFlow, [386640, 386640, 386642, 386642] [1, 0.917, 1.03, 0.906]
EFlow weighted, [386640, 386640, 386642, 386642] [1, 0.917, 1.03, 0.906]
EFlow, [386640, 386640, 386642, 386642] [1, 0.944, 0.865, 0.943]
EFlow weighted, [386640, 386640, 386642, 386642] [1, 0.944, 0.865, 0.942]
EFlow, [386640, 386640, 386642, 386642] [1, 0.995, 0.997, 1]
EFlow weighted, [386640, 386640, 386642, 386642] [1, 0.995, 0.997, 1]
EFlow, [386640, 386640, 386642, 386642] [1, 1.03, 0.999, 1.04]
EFlow weighted, [386640, 386640, 386642, 386642] [1, 1.03, 0.999, 1.04]
EFlow, [386640, 386640, 386642, 386642] [1, 1.02, 0.974, 1]
EFlow weighted, [386640, 386640, 386642, 386642] [1, 1.02, 0.974, 1]
EFlow, [386640, 386640, 386642, 386642] [1, 0.908, 0.95, 0.967]
EFlow weighted, [386640, 386640, 386642, 386642] [1, 0.908, 0.95, 0.967]
EFlow, [386640, 386640, 386642, 386642] [1, 1, 0.978, 0.976]
EFlow weighted, [386640, 386640, 386642, 386642] [1, 1, 0.978, 0.976]
EFlow, [386640, 386640, 386642, 386642] [1, 1.02, 1.04, 1.05]
EFlow weighted, [386640, 386640, 386642, 386642] [1, 1.02, 1.04, 1.05]
EFlow, [386640, 386640, 386642, 386642] [1, 1.01, 1, 1.01]
EFlow weighted, [386640, 386640, 386642, 386642] [1, 1.01, 1, 1.01]
EFlow, [386640, 386640, 386642, 386642] [1, 1, 1.01, 1.01]
EFlow weighted, [386640, 386640, 386642, 386642] [1, 1, 1.01, 1.01]
EFlow, [386640, 386640, 386642, 386642] [1, 0.987, 0.996, 0.982]
EFlow weighted, [386640, 386640, 386642, 386642] [1, 0.987, 0.996, 0.982]
EFlow, [386640, 386640, 386642, 386642] [1, 1.03, 1.06, 1]
EFlow weighted, [386640, 386640, 386642, 386642] [1, 1.03, 1.06, 1]
EFlow, [386640, 386640, 386642, 386642] [1, 1.01, 1.02, 0.996]
EFlow weighted, [386640, 386640, 386642, 386642] [1, 1.01, 1.02, 0.996]
EFlow, [386640, 386640, 386642, 386642] [1, 0.966, 1.02, 1.07]
EFlow weighted, [386640, 386640, 386642, 386642] [1, 0.966, 1.02, 1.07]
EFlow, [386640, 386640, 386642, 386642] [1, 0.996, 0.96, 1]
EFlow weighted, [386640, 386640, 386642, 386642] [1, 0.996, 0.96, 1]
EFlow, [386640, 386640, 386642, 386642] [1, 1, 0.994, 1]
EFlow weighted, [386640, 386640, 386642, 386642] [1, 1, 0.994, 1]
EFlow, [386640, 386640, 386642, 386642] [1, 0.988, 0.987, 0.923]
EFlow weighted, [386640, 386640, 386642, 386642] [1, 0.988, 0.987, 0.923]
EFlow, [386640, 386640, 386642, 386642] [1, 1.06, 1.08, 1.01]
EFlow weighted, [386640, 386640, 386642, 386642] [1, 1.06, 1.08, 1.01]
EFlow, [386640, 386640, 386642, 386642] [1, 1.04, 1.05, 1.07]
EFlow weighted, [386640, 386640, 386642, 386642] [1, 1.04, 1.05, 1.07]
EFlow, [386640, 386640, 386642, 386642] [1, 1.06, 1.04, 1.06]
EFlow weighted, [386640, 386640, 386642, 386642] [1, 1.06, 1.04, 1.06]
EFlow, [386640, 386640, 386642, 386642] [1, 0.999, 1.06, 0.855]
EFlow weighted, [386640, 386640, 386642, 386642] [1, 0.999, 1.06, 0.855]
EFlow, [386640, 386640, 386642, 386642] [1, 1.03, 1.08, 1.04]
EFlow weighted, [386640, 386640, 386642, 386642] [1, 1.03, 1.08, 1.04]
EFlow, [386640, 386640, 386642, 386642] [1, 1, 0.981, 1]
EFlow weighted, [386640, 386640, 386642, 386642] [1, 1, 0.981, 1]
EFlow, [386640, 386640, 386642, 386642] [1, 0.984, 1.04, 1.05]
EFlow weighted, [386640, 386640, 386642, 386642] [1, 0.984, 1.04, 1.05]
EFlow, [386640, 386640, 386642, 386642] [1, 0.985, 0.996, 0.979]
EFlow weighted, [386640, 386640, 386642, 386642] [1, 0.985, 0.996, 0.979]
EFlow, [386640, 386640, 386642, 386642] [1, 1.01, 1.01, 1.02]
EFlow weighted, [386640, 386640, 386642, 386642] [1, 1.01, 1.01, 1.02]
EFlow, [386640, 386640, 386642, 386642] [1, 1.01, 1.01, 1.02]
EFlow weighted, [386640, 386640, 386642, 386642] [1, 1.01, 1.01, 1.02]
EFlow, [386640, 386640, 386642, 386642] [1, 0.997, 1, 0.994]
EFlow weighted, [386640, 386640, 386642, 386642] [1, 0.997, 1, 0.994]
EFlow, [386640, 386640, 386642, 386642] [1, 1.06, 1.13, 1.14]
EFlow weighted, [386640, 386640, 386642, 386642] [1, 1.06, 1.13, 1.14]
EFlow, [386640, 386640, 386642, 386642] [1, 0.986, 0.99, 0.999]
EFlow weighted, [386640, 386640, 386642, 386642] [1, 0.986, 0.99, 0.999]
EFlow, [386640, 386640, 386642, 386642] [1, 1.01, 0.977, 0.926]
EFlow weighted, [386640, 386640, 386642, 386642] [1, 1.01, 0.977, 0.926]
EFlow, [386640, 386640, 386642, 386642] [1, 0.995, 1, 1]
EFlow weighted, [386640, 386640, 386642, 386642] [1, 0.995, 1, 1]
EFlow, [386640, 386640, 386642, 386642] [1, 1.08, 0.996, 1.04]
EFlow weighted, [386640, 386640, 386642, 386642] [1, 1.08, 0.996, 1.04]
EFlow, [386640, 386640, 386642, 386642] [1, 1.01, 1, 0.994]
EFlow weighted, [386640, 386640, 386642, 386642] [1, 1.01, 1, 0.994]
EFlow, [386640, 386640, 386642, 386642] [1, 1.01, 1.01, 0.997]
EFlow weighted, [386640, 386640, 386642, 386642] [1, 1.01, 1.01, 0.997]
EFlow, [386640, 386640, 386642, 386642] [1, 0.976, 0.945, 1.01]
EFlow weighted, [386640, 386640, 386642, 386642] [1, 0.976, 0.945, 1.01]
EFlow, [386640, 386640, 386642, 386642] [1, 1.01, 1.02, 1]
EFlow weighted, [386640, 386640, 386642, 386642] [1, 1.01, 1.02, 1]
EFlow, [386640, 386640, 386642, 386642] [1, 0.979, 0.994, 0.984]
EFlow weighted, [386640, 386640, 386642, 386642] [1, 0.979, 0.994, 0.984]
EFlow, [386640, 386640, 386642, 386642] [1, 1.01, 0.987, 0.979]
EFlow weighted, [386640, 386640, 386642, 386642] [1, 1.01, 0.987, 0.979]
EFlow, [386640, 386640, 386642, 386642] [1, 0.964, 0.971, 0.998]
EFlow weighted, [386640, 386640, 386642, 386642] [1, 0.964, 0.971, 0.998]
EFlow, [386640, 386640, 386642, 386642] [1, 1.03, 0.979, 1.06]
EFlow weighted, [386640, 386640, 386642, 386642] [1, 1.03, 0.979, 1.06]
EFlow, [386640, 386640, 386642, 386642] [1, 0.985, 0.939, 0.976]
EFlow weighted, [386640, 386640, 386642, 386642] [1, 0.986, 0.939, 0.976]
EFlow, [386640, 386640, 386642, 386642] [1, 1.02, 1.01, 1.01]
EFlow weighted, [386640, 386640, 386642, 386642] [1, 1.02, 1.01, 1.01]
EFlow, [386640, 386640, 386642, 386642] [1, 1.02, 1.02, 0.999]
EFlow weighted, [386640, 386640, 386642, 386642] [1, 1.02, 1.02, 0.999]
Bad xstal i$\eta$ = 63 i$\phi$ = 281 ---> Skipping 
EFlow, [386640, 386640, 386642, 386642] [1, 0.998, 0.999, 0.994]
EFlow weighted, [386640, 386640, 386642, 386642] [1, 0.998, 0.999, 0.994]
EFlow, [386640, 386640, 386642, 386642] [1, 1.05, 1.04, 1.04]
EFlow weighted, [386640, 386640, 386642, 386642] [1, 1.05, 1.04, 1.04]
EFlow, [386640, 386640, 386642, 386642] [1, 1.07, 0.979, 1.02]
EFlow weighted, [386640, 386640, 386642, 386642] [1, 1.07, 0.979, 1.02]
EFlow, [386640, 386640, 386642, 386642] [1, 1.04, 0.997, 1]
EFlow weighted, [386640, 386640, 386642, 386642] [1, 1.04, 0.997, 1]
EFlow, [386640, 386640, 386642, 386642] [1, 1, 0.995, 0.995]
EFlow weighted, [386640, 386640, 386642, 386642] [1, 1, 0.995, 0.995]
EFlow, [386640, 386640, 386642, 386642] [1, 0.998, 0.995, 0.984]
EFlow weighted, [386640, 386640, 386642, 386642] [1, 0.998, 0.995, 0.984]
EFlow, [386640, 386640, 386642, 386642] [1, 0.895, 1.02, 0.97]
EFlow weighted, [386640, 386640, 386642, 386642] [1, 0.895, 1.02, 0.97]
EFlow, [386640, 386640, 386642, 386642] [1, 1, 1, 0.981]
EFlow weighted, [386640, 386640, 386642, 386642] [1, 1, 1, 0.981]
EFlow, [386640, 386640, 386642, 386642] [1, 1.05, 1.05, 1.02]
EFlow weighted, [386640, 386640, 386642, 386642] [1, 1.05, 1.05, 1.02]
EFlow, [386640, 386640, 386642, 386642] [1, 1, 0.995, 1.01]
EFlow weighted, [386640, 386640, 386642, 386642] [1, 1, 0.995, 1.01]
EFlow, [386640, 386640, 386642, 386642] [1, 1.56, 1.27, 1.15]
EFlow weighted, [386640, 386640, 386642, 386642] [1, 1.56, 1.27, 1.15]
EFlow, [386640, 386640, 386642, 386642] [1, 0.952, 1.04, 0.993]
EFlow weighted, [386640, 386640, 386642, 386642] [1, 0.952, 1.04, 0.993]
EFlow, [386640, 386640, 386642, 386642] [1, 1, 0.991, 0.989]
EFlow weighted, [386640, 386640, 386642, 386642] [1, 1, 0.991, 0.989]
EFlow, [386640, 386640, 386642, 386642] [1, 1.03, 1.03, 1.05]
EFlow weighted, [386640, 386640, 386642, 386642] [1, 1.03, 1.03, 1.05]
EFlow, [386640, 386640, 386642, 386642] [1, 0.977, 1.02, 0.954]
EFlow weighted, [386640, 386640, 386642, 386642] [1, 0.977, 1.02, 0.954]
EFlow, [386640, 386640, 386642, 386642] [1, 1.05, 1.07, 1.07]
EFlow weighted, [386640, 386640, 386642, 386642] [1, 1.05, 1.07, 1.07]
EFlow, [386640, 386640, 386642, 386642] [1, 0.987, 1.01, 1.02]
EFlow weighted, [386640, 386640, 386642, 386642] [1, 0.987, 1.01, 1.02]
EFlow, [386640, 386640, 386642, 386642] [1, 1.02, 1, 1.02]
EFlow weighted, [386640, 386640, 386642, 386642] [1, 1.02, 1, 1.02]
EFlow, [386640, 386640, 386642, 386642] [1, 0.994, 0.99, 0.99]
EFlow weighted, [386640, 386640, 386642, 386642] [1, 0.994, 0.99, 0.99]
EFlow, [386640, 386640, 386642, 386642] [1, 0.988, 1, 1]
EFlow weighted, [386640, 386640, 386642, 386642] [1, 0.988, 1, 1]
EFlow, [386640, 386640, 386642, 386642] [1, 1.04, 1.04, 1.04]
EFlow weighted, [386640, 386640, 386642, 386642] [1, 1.04, 1.04, 1.04]
EFlow, [386640, 386640, 386642, 386642] [1, 1.04, 0.991, 1.02]
EFlow weighted, [386640, 386640, 386642, 386642] [1, 1.04, 0.991, 1.02]
EFlow, [386640, 386640, 386642, 386642] [1, 0.924, 0.878, 0.781]
EFlow weighted, [386640, 386640, 386642, 386642] [1, 0.924, 0.878, 0.781]
EFlow, [386640, 386640, 386642, 386642] [1, 0.991, 0.989, 1]
EFlow weighted, [386640, 386640, 386642, 386642] [1, 0.991, 0.989, 1]
EFlow, [386640, 386640, 386642, 386642] [1, 0.941, 0.994, 0.965]
EFlow weighted, [386640, 386640, 386642, 386642] [1, 0.941, 0.994, 0.965]
EFlow, [386640, 386640, 386642, 386642] [1, 1.05, 1.04, 1.05]
EFlow weighted, [386640, 386640, 386642, 386642] [1, 1.05, 1.04, 1.05]
EFlow, [386640, 386640, 386642, 386642] [1, 1.18, 1.1, 1.16]
EFlow weighted, [386640, 386640, 386642, 386642] [1, 1.18, 1.1, 1.16]
EFlow, [386640, 386640, 386642, 386642] [1, 1.02, 1.02, 0.981]
EFlow weighted, [386640, 386640, 386642, 386642] [1, 1.02, 1.02, 0.981]
EFlow, [386640, 386640, 386642, 386642] [1, 0.943, 0.926, 1.08]
EFlow weighted, [386640, 386640, 386642, 386642] [1, 0.943, 0.926, 1.08]
EFlow, [386640, 386640, 386642, 386642] [1, 0.979, 0.89, 1.01]
EFlow weighted, [386640, 386640, 386642, 386642] [1, 0.979, 0.89, 1.01]
EFlow, [386640, 386640, 386642, 386642] [1, 0.989, 0.972, 1.01]
EFlow weighted, [386640, 386640, 386642, 386642] [1, 0.989, 0.972, 1.01]
EFlow, [386640, 386640, 386642, 386642] [1, 1.01, 0.981, 0.998]
EFlow weighted, [386640, 386640, 386642, 386642] [1, 1.01, 0.981, 0.998]
Bad xstal i$\eta$ = 72 i$\phi$ = 341 ---> Skipping 
EFlow, [386640, 386640, 386642, 386642] [1, 1.01, 1, 1]
EFlow weighted, [386640, 386640, 386642, 386642] [1, 1.01, 1, 1]
EFlow, [386640, 386640, 386642, 386642] [1, 0.968, 1.03, 1.08]
EFlow weighted, [386640, 386640, 386642, 386642] [1, 0.968, 1.03, 1.08]
EFlow, [386640, 386640, 386642, 386642] [1, 0.983, 1, 0.988]
EFlow weighted, [386640, 386640, 386642, 386642] [1, 0.983, 1, 0.988]
EFlow, [386640, 386640, 386642, 386642] [1, 0.981, 0.99, 0.962]
EFlow weighted, [386640, 386640, 386642, 386642] [1, 0.981, 0.99, 0.962]
EFlow, [386640, 386640, 386642, 386642] [1, 0.957, 0.949, 0.982]
EFlow weighted, [386640, 386640, 386642, 386642] [1, 0.957, 0.949, 0.982]
EFlow, [386640, 386640, 386642, 386642] [1, 1.06, 1.12, 1.03]
EFlow weighted, [386640, 386640, 386642, 386642] [1, 1.06, 1.12, 1.03]
EFlow, [386640, 386640, 386642, 386642] [1, 1.04, 1.04, 1.12]
EFlow weighted, [386640, 386640, 386642, 386642] [1, 1.04, 1.04, 1.12]
EFlow, [386640, 386640, 386642, 386642] [1, 1.13, 1.02, 1.08]
EFlow weighted, [386640, 386640, 386642, 386642] [1, 1.13, 1.02, 1.08]
EFlow, [386640, 386640, 386642, 386642] [1, 0.951, 1.01, 1.01]
EFlow weighted, [386640, 386640, 386642, 386642] [1, 0.951, 1.01, 1.01]
EFlow, [386640, 386640, 386642, 386642] [1, 0.998, 1.01, 1]
EFlow weighted, [386640, 386640, 386642, 386642] [1, 0.998, 1.01, 1]
EFlow, [386640, 386640, 386642, 386642] [1, 1.03, 1.09, 1.06]
EFlow weighted, [386640, 386640, 386642, 386642] [1, 1.03, 1.09, 1.06]
EFlow, [386640, 386640, 386642, 386642] [1, 1.03, 0.927, 1.02]
EFlow weighted, [386640, 386640, 386642, 386642] [1, 1.03, 0.927, 1.02]
EFlow, [386640, 386640, 386642, 386642] [1, 1.02, 1.01, 1.01]
EFlow weighted, [386640, 386640, 386642, 386642] [1, 1.02, 1.01, 1.01]
EFlow, [386640, 386640, 386642, 386642] [1, 0.994, 1.01, 1.04]
EFlow weighted, [386640, 386640, 386642, 386642] [1, 0.994, 1.01, 1.04]
EFlow, [386640, 386640, 386642, 386642] [1, 0.992, 1.01, 1.01]
EFlow weighted, [386640, 386640, 386642, 386642] [1, 0.992, 1.01, 1.01]
EFlow, [386640, 386640, 386642, 386642] [1, 0.988, 1.01, 0.947]
EFlow weighted, [386640, 386640, 386642, 386642] [1, 0.988, 1.01, 0.947]
EFlow, [386640, 386640, 386642, 386642] [1, 0.985, 0.999, 0.97]
EFlow weighted, [386640, 386640, 386642, 386642] [1, 0.985, 0.999, 0.97]
EFlow, [386640, 386640, 386642, 386642] [1, 0.944, 0.911, 1.05]
EFlow weighted, [386640, 386640, 386642, 386642] [1, 0.944, 0.911, 1.05]
EFlow, [386640, 386640, 386642, 386642] [1, 1.01, 0.926, 0.949]
EFlow weighted, [386640, 386640, 386642, 386642] [1, 1.01, 0.926, 0.949]
EFlow, [386640, 386640, 386642, 386642] [1, 1, 0.915, 0.934]
EFlow weighted, [386640, 386640, 386642, 386642] [1, 1, 0.915, 0.934]
EFlow, [386640, 386640, 386642, 386642] [1, 1.01, 1, 1.01]
EFlow weighted, [386640, 386640, 386642, 386642] [1, 1.01, 1, 1.01]
EFlow, [386640, 386640, 386642, 386642] [1, 0.975, 1, 0.994]
EFlow weighted, [386640, 386640, 386642, 386642] [1, 0.975, 1, 0.994]
EFlow, [386640, 386640, 386642, 386642] [1, 1.02, 0.986, 0.985]
EFlow weighted, [386640, 386640, 386642, 386642] [1, 1.02, 0.986, 0.985]
EFlow, [386640, 386640, 386642, 386642] [1, 1.06, 1.03, 1.06]
EFlow weighted, [386640, 386640, 386642, 386642] [1, 1.06, 1.03, 1.06]
EFlow, [386640, 386640, 386642, 386642] [1, 0.941, 0.995, 0.974]
EFlow weighted, [386640, 386640, 386642, 386642] [1, 0.941, 0.995, 0.974]
EFlow, [386640, 386640, 386642, 386642] [1, 0.971, 1.03, 0.999]
EFlow weighted, [386640, 386640, 386642, 386642] [1, 0.971, 1.03, 0.999]
EFlow, [386640, 386640, 386642, 386642] [1, 0.984, 1.01, 1.02]
EFlow weighted, [386640, 386640, 386642, 386642] [1, 0.984, 1.01, 1.02]
EFlow, [386640, 386640, 386642, 386642] [1, 1.02, 1.05, 1.04]
EFlow weighted, [386640, 386640, 386642, 386642] [1, 1.02, 1.05, 1.04]
EFlow, [386640, 386640, 386642, 386642] [1, 1, 1.01, 1.04]
EFlow weighted, [386640, 386640, 386642, 386642] [1, 1, 1.01, 1.04]
EFlow, [386640, 386640, 386642, 386642] [1, 1.01, 1.03, 1.01]
EFlow weighted, [386640, 386640, 386642, 386642] [1, 1.01, 1.03, 1.01]
EFlow, [386640, 386640, 386642, 386642] [1, 0.994, 0.981, 0.992]
EFlow weighted, [386640, 386640, 386642, 386642] [1, 0.994, 0.981, 0.992]
EFlow, [386640, 386640, 386642, 386642] [1, 1.01, 1, 1.01]
EFlow weighted, [386640, 386640, 386642, 386642] [1, 1.01, 1, 1.01]
EFlow, [386640, 386640, 386642, 386642] [1, 1.01, 0.989, 0.985]
EFlow weighted, [386640, 386640, 386642, 386642] [1, 1.01, 0.989, 0.985]
EFlow, [386640, 386640, 386642, 386642] [1, 0.977, 1, 1]
EFlow weighted, [386640, 386640, 386642, 386642] [1, 0.977, 1, 1]
EFlow, [386640, 386640, 386642, 386642] [1, 1.03, 0.993, 1.02]
EFlow weighted, [386640, 386640, 386642, 386642] [1, 1.03, 0.993, 1.02]
EFlow, [386640, 386640, 386642, 386642] [1, 0.992, 1, 0.981]
EFlow weighted, [386640, 386640, 386642, 386642] [1, 0.992, 1, 0.981]
EFlow, [386640, 386640, 386642, 386642] [1, 0.988, 0.977, 1.01]
EFlow weighted, [386640, 386640, 386642, 386642] [1, 0.988, 0.977, 1.01]
EFlow, [386640, 386640, 386642, 386642] [1, 0.987, 1.02, 1.05]
EFlow weighted, [386640, 386640, 386642, 386642] [1, 0.987, 1.02, 1.05]
EFlow, [386640, 386640, 386642, 386642] [1, 1.05, 1.06, 1.05]
EFlow weighted, [386640, 386640, 386642, 386642] [1, 1.05, 1.06, 1.05]
EFlow, [386640, 386640, 386642, 386642] [1, 1.01, 1.01, 1.01]
EFlow weighted, [386640, 386640, 386642, 386642] [1, 1.01, 1.01, 1.01]
EFlow, [386640, 386640, 386642, 386642] [1, 1.01, 1.01, 0.993]
EFlow weighted, [386640, 386640, 386642, 386642] [1, 1.01, 1.01, 0.993]
EFlow, [386640, 386640, 386642, 386642] [1, 1.05, 1.03, 1.03]
EFlow weighted, [386640, 386640, 386642, 386642] [1, 1.05, 1.03, 1.03]
EFlow, [386640, 386640, 386642, 386642] [1, 0.969, 0.986, 0.968]
EFlow weighted, [386640, 386640, 386642, 386642] [1, 0.969, 0.986, 0.968]
EFlow, [386640, 386640, 386642, 386642] [1, 1.01, 0.993, 1.02]
EFlow weighted, [386640, 386640, 386642, 386642] [1, 1.01, 0.993, 1.02]
EFlow, [386640, 386640, 386642, 386642] [1, 1.01, 1.01, 0.992]
EFlow weighted, [386640, 386640, 386642, 386642] [1, 1.01, 1.01, 0.992]
EFlow, [386640, 386640, 386642, 386642] [1, 1.11, 1.17, 1.15]
EFlow weighted, [386640, 386640, 386642, 386642] [1, 1.11, 1.17, 1.15]
... saved plots and now ICs in eflow_plots/10207/
Job status done with output:  /eos/cms/store/group/dpg_ecal/alca_ecalcalib/automation_replays/test_eflow_v1/eflow-phisym/eflow//386640/file.txt,/eos/cms/store/group/dpg_ecal/alca_ecalcalib/automation_replays/test_eflow_v1/eflow-phisym/eflow//386640/file.txt,/eos/cms/store/group/dpg_ecal/alca_ecalcalib/automation_replays/test_eflow_v1/eflow-phisym/eflow//386642/file.txt,/eos/cms/store/group/dpg_ecal/alca_ecalcalib/automation_replays/test_eflow_v1/eflow-phisym/eflow//386642/file.txt
