Received arguments: 10962743.0 0 eflow-phisym ecal_rerecos_v1 386661 10206 eflow_plots/10206/ /eos/cms/store/group/dpg_ecal/alca_ecalcalib/automation_replays/test_eflow_v1/eflow-phisym/eflow/ test_eflow_v1 386661
1
eflow-phisym
2
ecal_rerecos_v1
3
test_eflow_v1
10962743.0
0
Some automation commands require a valid grid proxy.
For those the automation T0 API is expecting a path to a VOMS proxy file in the X509_USER_PROXY environment variable which is set to '/pool/condor/dir_1277351/grid_proxy.x509'.
If needed, the file itself can be generated e.g. with 'voms-proxy-init --voms cms --out $HOME/grid_proxy.x509' before starting the singularity container.
Alternatively, the X509_USER_PROXY environment variable can be set to point to an existing VOMS proxy file.
/eos/user/p/pbackes/gitlab/ecalphisym
run numbers: ['386661']
Running on these files: 
{'PhiSym': ['/eos/cms/store/group/dpg_ecal/alca_ecalcalib/automation_replays/test_eflow_v1/phisym/386661/phisymreco_nano_4.root', '/eos/cms/store/group/dpg_ecal/alca_ecalcalib/automation_replays/test_eflow_v1/phisym/386661/phisymreco_nano_2.root', '/eos/cms/store/group/dpg_ecal/alca_ecalcalib/automation_replays/test_eflow_v1/phisym/386661/phisymreco_nano_0.root', '/eos/cms/store/group/dpg_ecal/alca_ecalcalib/automation_replays/test_eflow_v1/phisym/386661/phisymreco_nano_3.root', '/eos/cms/store/group/dpg_ecal/alca_ecalcalib/automation_replays/test_eflow_v1/phisym/386661/phisymreco_nano_1.root']}
  Preprocessing 100% ━━━━━━━━━━━━━━━━━ 5/5 [ 0:00:00 < 0:00:00 | 27.7   file/s ]
Merging (local) 100% ━━━━━━━━━━━━━━━━━ 5/5 [ 0:00:00 < 0:00:00 | ?    merges/s ]
     Processing 100% ━━━━━━━━━━━━━━━━━━ 5/5 [ 0:00:02 < 0:00:00 | 5.3  chunk/s ]
Merging (local) 100% ━━━━━━━━━━━━━━━━━━ 5/5 [ 0:00:02 < 0:00:00 | ?   merges/s ]
runs:  [386661, 386661, 386661, 386661, 386661]
[0, 0, 0, 0, 0] <class 'awkward.highlevel.Array'>
[0, 1, 2, 3, 4] [386661, 386661, 386661, 386661, 386661]
5
Fill: 0 and Run: 386661 
 hits here 11202180 -- n hits before 0
Fill: 0 and Run: 386661 
 hits here 13670235 -- n hits before 11202180
Fill: 0 and Run: 386661 
 hits here 62282658 -- n hits before 24872415
Fill: 0 and Run: 386661 
 hits here 52848014 -- n hits before 87155073
Fill: 0 and Run: 386661 
 hits here 10304373 -- n hits before 140003087
So this are the counts merged:: 
   [0] 
 These are the final splits: 
  [5]
Diveded in 1 IOVS --> These are the initial runs of the IOV: 
 [386661]
Diveded in 1 IOVS --> These are the final runs of the IOV: 
 [386661]
Number of hits for each IOV:  [[150307460]]
Deriving the corrections...
Eta Weight file provided ...  {'/eos/cms/store/group/dpg_ecal/alca_ecalcalib/automation_replays/test_eflow_v1/eflow-phisym/reweighting/10206/386661/weights.txt'}
... saving histories in .root ...
How much does it takes??? 0.15793871879577637 s
... plotting ...
EFlow, [386661] [1]
EFlow weighted, [386661] [1]
EFlow, [386661] [1]
EFlow weighted, [386661] [1]
EFlow, [386661] [1]
EFlow weighted, [386661] [1]
EFlow, [386661] [1]
EFlow weighted, [386661] [1]
EFlow, [386661] [1]
EFlow weighted, [386661] [1]
EFlow, [386661] [1]
EFlow weighted, [386661] [1]
EFlow, [386661] [1]
EFlow weighted, [386661] [1]
EFlow, [386661] [1]
EFlow weighted, [386661] [1]
EFlow, [386661] [1]
EFlow weighted, [386661] [1]
EFlow, [386661] [1]
EFlow weighted, [386661] [1]
EFlow, [386661] [1]
EFlow weighted, [386661] [1]
EFlow, [386661] [1]
EFlow weighted, [386661] [1]
EFlow, [386661] [1]
EFlow weighted, [386661] [1]
EFlow, [386661] [1]
EFlow weighted, [386661] [1]
EFlow, [386661] [1]
EFlow weighted, [386661] [1]
EFlow, [386661] [1]
EFlow weighted, [386661] [1]
EFlow, [386661] [1]
EFlow weighted, [386661] [1]
EFlow, [386661] [1]
EFlow weighted, [386661] [1]
EFlow, [386661] [1]
EFlow weighted, [386661] [1]
EFlow, [386661] [1]
EFlow weighted, [386661] [1]
EFlow, [386661] [1]
EFlow weighted, [386661] [1]
EFlow, [386661] [1]
EFlow weighted, [386661] [1]
EFlow, [386661] [1]
EFlow weighted, [386661] [1]
EFlow, [386661] [1]
EFlow weighted, [386661] [1]
EFlow, [386661] [1]
EFlow weighted, [386661] [1]
EFlow, [386661] [1]
EFlow weighted, [386661] [1]
EFlow, [386661] [1]
EFlow weighted, [386661] [1]
EFlow, [386661] [1]
EFlow weighted, [386661] [1]
EFlow, [386661] [1]
EFlow weighted, [386661] [1]
EFlow, [386661] [1]
EFlow weighted, [386661] [1]
EFlow, [386661] [1]
EFlow weighted, [386661] [1]
EFlow, [386661] [1]
EFlow weighted, [386661] [1]
EFlow, [386661] [1]
EFlow weighted, [386661] [1]
EFlow, [386661] [1]
EFlow weighted, [386661] [1]
EFlow, [386661] [1]
EFlow weighted, [386661] [1]
EFlow, [386661] [1]
EFlow weighted, [386661] [1]
EFlow, [386661] [1]
EFlow weighted, [386661] [1]
EFlow, [386661] [1]
EFlow weighted, [386661] [1]
EFlow, [386661] [1]
EFlow weighted, [386661] [1]
EFlow, [386661] [1]
EFlow weighted, [386661] [1]
EFlow, [386661] [1]
EFlow weighted, [386661] [1]
EFlow, [386661] [1]
EFlow weighted, [386661] [1]
EFlow, [386661] [1]
EFlow weighted, [386661] [1]
EFlow, [386661] [1]
EFlow weighted, [386661] [1]
EFlow, [386661] [1]
EFlow weighted, [386661] [1]
EFlow, [386661] [1]
EFlow weighted, [386661] [1]
EFlow, [386661] [1]
EFlow weighted, [386661] [1]
EFlow, [386661] [1]
EFlow weighted, [386661] [1]
EFlow, [386661] [1]
EFlow weighted, [386661] [1]
EFlow, [386661] [1]
EFlow weighted, [386661] [1]
EFlow, [386661] [1]
EFlow weighted, [386661] [1]
EFlow, [386661] [1]
EFlow weighted, [386661] [1]
EFlow, [386661] [1]
EFlow weighted, [386661] [1]
EFlow, [386661] [1]
EFlow weighted, [386661] [1]
EFlow, [386661] [1]
EFlow weighted, [386661] [1]
EFlow, [386661] [1]
EFlow weighted, [386661] [1]
EFlow, [386661] [1]
EFlow weighted, [386661] [1]
Bad xstal i$\eta$ = -70 i$\phi$ = 301 ---> Skipping 
EFlow, [386661] [1]
EFlow weighted, [386661] [1]
EFlow, [386661] [1]
EFlow weighted, [386661] [1]
Bad xstal i$\eta$ = -69 i$\phi$ = 241 ---> Skipping 
EFlow, [386661] [1]
EFlow weighted, [386661] [1]
EFlow, [386661] [1]
EFlow weighted, [386661] [1]
EFlow, [386661] [1]
EFlow weighted, [386661] [1]
EFlow, [386661] [1]
EFlow weighted, [386661] [1]
EFlow, [386661] [1]
EFlow weighted, [386661] [1]
EFlow, [386661] [1]
EFlow weighted, [386661] [1]
EFlow, [386661] [1]
EFlow weighted, [386661] [1]
EFlow, [386661] [1]
EFlow weighted, [386661] [1]
EFlow, [386661] [1]
EFlow weighted, [386661] [1]
EFlow, [386661] [1]
EFlow weighted, [386661] [1]
EFlow, [386661] [1]
EFlow weighted, [386661] [1]
EFlow, [386661] [1]
EFlow weighted, [386661] [1]
EFlow, [386661] [1]
EFlow weighted, [386661] [1]
Bad xstal i$\eta$ = -65 i$\phi$ = 201 ---> Skipping 
EFlow, [386661] [1]
EFlow weighted, [386661] [1]
EFlow, [386661] [1]
EFlow weighted, [386661] [1]
EFlow, [386661] [1]
EFlow weighted, [386661] [1]
EFlow, [386661] [1]
EFlow weighted, [386661] [1]
EFlow, [386661] [1]
EFlow weighted, [386661] [1]
EFlow, [386661] [1]
EFlow weighted, [386661] [1]
EFlow, [386661] [1]
EFlow weighted, [386661] [1]
EFlow, [386661] [1]
EFlow weighted, [386661] [1]
EFlow, [386661] [1]
EFlow weighted, [386661] [1]
EFlow, [386661] [1]
EFlow weighted, [386661] [1]
EFlow, [386661] [1]
EFlow weighted, [386661] [1]
EFlow, [386661] [1]
EFlow weighted, [386661] [1]
EFlow, [386661] [1]
EFlow weighted, [386661] [1]
EFlow, [386661] [1]
EFlow weighted, [386661] [1]
EFlow, [386661] [1]
EFlow weighted, [386661] [1]
EFlow, [386661] [1]
EFlow weighted, [386661] [1]
EFlow, [386661] [1]
EFlow weighted, [386661] [1]
EFlow, [386661] [1]
EFlow weighted, [386661] [1]
EFlow, [386661] [1]
EFlow weighted, [386661] [1]
EFlow, [386661] [1]
EFlow weighted, [386661] [1]
EFlow, [386661] [1]
EFlow weighted, [386661] [1]
EFlow, [386661] [1]
EFlow weighted, [386661] [1]
EFlow, [386661] [1]
EFlow weighted, [386661] [1]
EFlow, [386661] [1]
EFlow weighted, [386661] [1]
EFlow, [386661] [1]
EFlow weighted, [386661] [1]
EFlow, [386661] [1]
EFlow weighted, [386661] [1]
EFlow, [386661] [1]
EFlow weighted, [386661] [1]
EFlow, [386661] [1]
EFlow weighted, [386661] [1]
EFlow, [386661] [1]
EFlow weighted, [386661] [1]
EFlow, [386661] [1]
EFlow weighted, [386661] [1]
EFlow, [386661] [1]
EFlow weighted, [386661] [1]
EFlow, [386661] [1]
EFlow weighted, [386661] [1]
EFlow, [386661] [1]
EFlow weighted, [386661] [1]
EFlow, [386661] [1]
EFlow weighted, [386661] [1]
EFlow, [386661] [1]
EFlow weighted, [386661] [1]
EFlow, [386661] [1]
EFlow weighted, [386661] [1]
EFlow, [386661] [1]
EFlow weighted, [386661] [1]
EFlow, [386661] [1]
EFlow weighted, [386661] [1]
EFlow, [386661] [1]
EFlow weighted, [386661] [1]
EFlow, [386661] [1]
EFlow weighted, [386661] [1]
EFlow, [386661] [1]
EFlow weighted, [386661] [1]
EFlow, [386661] [1]
EFlow weighted, [386661] [1]
Bad xstal i$\eta$ = -53 i$\phi$ = 181 ---> Skipping 
EFlow, [386661] [1]
EFlow weighted, [386661] [1]
EFlow, [386661] [1]
EFlow weighted, [386661] [1]
EFlow, [386661] [1]
EFlow weighted, [386661] [1]
EFlow, [386661] [1]
EFlow weighted, [386661] [1]
EFlow, [386661] [1]
EFlow weighted, [386661] [1]
EFlow, [386661] [1]
EFlow weighted, [386661] [1]
EFlow, [386661] [1]
EFlow weighted, [386661] [1]
EFlow, [386661] [1]
EFlow weighted, [386661] [1]
EFlow, [386661] [1]
EFlow weighted, [386661] [1]
EFlow, [386661] [1]
EFlow weighted, [386661] [1]
EFlow, [386661] [1]
EFlow weighted, [386661] [1]
EFlow, [386661] [1]
EFlow weighted, [386661] [1]
EFlow, [386661] [1]
EFlow weighted, [386661] [1]
EFlow, [386661] [1]
EFlow weighted, [386661] [1]
EFlow, [386661] [1]
EFlow weighted, [386661] [1]
EFlow, [386661] [1]
EFlow weighted, [386661] [1]
EFlow, [386661] [1]
EFlow weighted, [386661] [1]
EFlow, [386661] [1]
EFlow weighted, [386661] [1]
EFlow, [386661] [1]
EFlow weighted, [386661] [1]
EFlow, [386661] [1]
EFlow weighted, [386661] [1]
EFlow, [386661] [1]
EFlow weighted, [386661] [1]
EFlow, [386661] [1]
EFlow weighted, [386661] [1]
EFlow, [386661] [1]
EFlow weighted, [386661] [1]
EFlow, [386661] [1]
EFlow weighted, [386661] [1]
EFlow, [386661] [1]
EFlow weighted, [386661] [1]
EFlow, [386661] [1]
EFlow weighted, [386661] [1]
EFlow, [386661] [1]
EFlow weighted, [386661] [1]
EFlow, [386661] [1]
EFlow weighted, [386661] [1]
EFlow, [386661] [1]
EFlow weighted, [386661] [1]
EFlow, [386661] [1]
EFlow weighted, [386661] [1]
EFlow, [386661] [1]
EFlow weighted, [386661] [1]
EFlow, [386661] [1]
EFlow weighted, [386661] [1]
Bad xstal i$\eta$ = -44 i$\phi$ = 241 ---> Skipping 
EFlow, [386661] [1]
EFlow weighted, [386661] [1]
EFlow, [386661] [1]
EFlow weighted, [386661] [1]
EFlow, [386661] [1]
EFlow weighted, [386661] [1]
EFlow, [386661] [1]
EFlow weighted, [386661] [1]
EFlow, [386661] [1]
EFlow weighted, [386661] [1]
EFlow, [386661] [1]
EFlow weighted, [386661] [1]
EFlow, [386661] [1]
EFlow weighted, [386661] [1]
EFlow, [386661] [1]
EFlow weighted, [386661] [1]
EFlow, [386661] [1]
EFlow weighted, [386661] [1]
EFlow, [386661] [1]
EFlow weighted, [386661] [1]
EFlow, [386661] [1]
EFlow weighted, [386661] [1]
EFlow, [386661] [1]
EFlow weighted, [386661] [1]
EFlow, [386661] [1]
EFlow weighted, [386661] [1]
EFlow, [386661] [1]
EFlow weighted, [386661] [1]
EFlow, [386661] [1]
EFlow weighted, [386661] [1]
EFlow, [386661] [1]
EFlow weighted, [386661] [1]
EFlow, [386661] [1]
EFlow weighted, [386661] [1]
EFlow, [386661] [1]
EFlow weighted, [386661] [1]
EFlow, [386661] [1]
EFlow weighted, [386661] [1]
EFlow, [386661] [1]
EFlow weighted, [386661] [1]
EFlow, [386661] [1]
EFlow weighted, [386661] [1]
EFlow, [386661] [1]
EFlow weighted, [386661] [1]
EFlow, [386661] [1]
EFlow weighted, [386661] [1]
EFlow, [386661] [1]
EFlow weighted, [386661] [1]
EFlow, [386661] [1]
EFlow weighted, [386661] [1]
EFlow, [386661] [1]
EFlow weighted, [386661] [1]
EFlow, [386661] [1]
EFlow weighted, [386661] [1]
EFlow, [386661] [1]
EFlow weighted, [386661] [1]
EFlow, [386661] [1]
EFlow weighted, [386661] [1]
EFlow, [386661] [1]
EFlow weighted, [386661] [1]
EFlow, [386661] [1]
EFlow weighted, [386661] [1]
EFlow, [386661] [1]
EFlow weighted, [386661] [1]
EFlow, [386661] [1]
EFlow weighted, [386661] [1]
EFlow, [386661] [1]
EFlow weighted, [386661] [1]
EFlow, [386661] [1]
EFlow weighted, [386661] [1]
EFlow, [386661] [1]
EFlow weighted, [386661] [1]
EFlow, [386661] [1]
EFlow weighted, [386661] [1]
EFlow, [386661] [1]
EFlow weighted, [386661] [1]
EFlow, [386661] [1]
EFlow weighted, [386661] [1]
EFlow, [386661] [1]
EFlow weighted, [386661] [1]
EFlow, [386661] [1]
EFlow weighted, [386661] [1]
EFlow, [386661] [1]
EFlow weighted, [386661] [1]
EFlow, [386661] [1]
EFlow weighted, [386661] [1]
EFlow, [386661] [1]
EFlow weighted, [386661] [1]
EFlow, [386661] [1]
EFlow weighted, [386661] [1]
EFlow, [386661] [1]
EFlow weighted, [386661] [1]
EFlow, [386661] [1]
EFlow weighted, [386661] [1]
EFlow, [386661] [1]
EFlow weighted, [386661] [1]
EFlow, [386661] [1]
EFlow weighted, [386661] [1]
EFlow, [386661] [1]
EFlow weighted, [386661] [1]
EFlow, [386661] [1]
EFlow weighted, [386661] [1]
EFlow, [386661] [1]
EFlow weighted, [386661] [1]
EFlow, [386661] [1]
EFlow weighted, [386661] [1]
EFlow, [386661] [1]
EFlow weighted, [386661] [1]
EFlow, [386661] [1]
EFlow weighted, [386661] [1]
EFlow, [386661] [1]
EFlow weighted, [386661] [1]
EFlow, [386661] [1]
EFlow weighted, [386661] [1]
EFlow, [386661] [1]
EFlow weighted, [386661] [1]
EFlow, [386661] [1]
EFlow weighted, [386661] [1]
EFlow, [386661] [1]
EFlow weighted, [386661] [1]
EFlow, [386661] [1]
EFlow weighted, [386661] [1]
EFlow, [386661] [1]
EFlow weighted, [386661] [1]
EFlow, [386661] [1]
EFlow weighted, [386661] [1]
EFlow, [386661] [1]
EFlow weighted, [386661] [1]
EFlow, [386661] [1]
EFlow weighted, [386661] [1]
EFlow, [386661] [1]
EFlow weighted, [386661] [1]
EFlow, [386661] [1]
EFlow weighted, [386661] [1]
EFlow, [386661] [1]
EFlow weighted, [386661] [1]
Bad xstal i$\eta$ = -25 i$\phi$ = 301 ---> Skipping 
EFlow, [386661] [1]
EFlow weighted, [386661] [1]
EFlow, [386661] [1]
EFlow weighted, [386661] [1]
EFlow, [386661] [1]
EFlow weighted, [386661] [1]
EFlow, [386661] [1]
EFlow weighted, [386661] [1]
EFlow, [386661] [1]
EFlow weighted, [386661] [1]
EFlow, [386661] [1]
EFlow weighted, [386661] [1]
EFlow, [386661] [1]
EFlow weighted, [386661] [1]
EFlow, [386661] [1]
EFlow weighted, [386661] [1]
EFlow, [386661] [1]
EFlow weighted, [386661] [1]
EFlow, [386661] [1]
EFlow weighted, [386661] [1]
EFlow, [386661] [1]
EFlow weighted, [386661] [1]
EFlow, [386661] [1]
EFlow weighted, [386661] [1]
EFlow, [386661] [1]
EFlow weighted, [386661] [1]
EFlow, [386661] [1]
EFlow weighted, [386661] [1]
EFlow, [386661] [1]
EFlow weighted, [386661] [1]
EFlow, [386661] [1]
EFlow weighted, [386661] [1]
EFlow, [386661] [1]
EFlow weighted, [386661] [1]
EFlow, [386661] [1]
EFlow weighted, [386661] [1]
EFlow, [386661] [1]
EFlow weighted, [386661] [1]
EFlow, [386661] [1]
EFlow weighted, [386661] [1]
EFlow, [386661] [1]
EFlow weighted, [386661] [1]
EFlow, [386661] [1]
EFlow weighted, [386661] [1]
EFlow, [386661] [1]
EFlow weighted, [386661] [1]
EFlow, [386661] [1]
EFlow weighted, [386661] [1]
EFlow, [386661] [1]
EFlow weighted, [386661] [1]
Bad xstal i$\eta$ = -17 i$\phi$ = 21 ---> Skipping 
EFlow, [386661] [1]
EFlow weighted, [386661] [1]
EFlow, [386661] [1]
EFlow weighted, [386661] [1]
EFlow, [386661] [1]
EFlow weighted, [386661] [1]
EFlow, [386661] [1]
EFlow weighted, [386661] [1]
EFlow, [386661] [1]
EFlow weighted, [386661] [1]
EFlow, [386661] [1]
EFlow weighted, [386661] [1]
EFlow, [386661] [1]
EFlow weighted, [386661] [1]
EFlow, [386661] [1]
EFlow weighted, [386661] [1]
EFlow, [386661] [1]
EFlow weighted, [386661] [1]
EFlow, [386661] [1]
EFlow weighted, [386661] [1]
EFlow, [386661] [1]
EFlow weighted, [386661] [1]
EFlow, [386661] [1]
EFlow weighted, [386661] [1]
EFlow, [386661] [1]
EFlow weighted, [386661] [1]
EFlow, [386661] [1]
EFlow weighted, [386661] [1]
EFlow, [386661] [1]
EFlow weighted, [386661] [1]
EFlow, [386661] [1]
EFlow weighted, [386661] [1]
EFlow, [386661] [1]
EFlow weighted, [386661] [1]
EFlow, [386661] [1]
EFlow weighted, [386661] [1]
EFlow, [386661] [1]
EFlow weighted, [386661] [1]
EFlow, [386661] [1]
EFlow weighted, [386661] [1]
EFlow, [386661] [1]
EFlow weighted, [386661] [1]
EFlow, [386661] [1]
EFlow weighted, [386661] [1]
EFlow, [386661] [1]
EFlow weighted, [386661] [1]
EFlow, [386661] [1]
EFlow weighted, [386661] [1]
EFlow, [386661] [1]
EFlow weighted, [386661] [1]
EFlow, [386661] [1]
EFlow weighted, [386661] [1]
EFlow, [386661] [1]
EFlow weighted, [386661] [1]
EFlow, [386661] [1]
EFlow weighted, [386661] [1]
EFlow, [386661] [1]
EFlow weighted, [386661] [1]
EFlow, [386661] [1]
EFlow weighted, [386661] [1]
EFlow, [386661] [1]
EFlow weighted, [386661] [1]
EFlow, [386661] [1]
EFlow weighted, [386661] [1]
EFlow, [386661] [1]
EFlow weighted, [386661] [1]
EFlow, [386661] [1]
EFlow weighted, [386661] [1]
EFlow, [386661] [1]
EFlow weighted, [386661] [1]
EFlow, [386661] [1]
EFlow weighted, [386661] [1]
EFlow, [386661] [1]
EFlow weighted, [386661] [1]
Bad xstal i$\eta$ = -7 i$\phi$ = 221 ---> Skipping 
EFlow, [386661] [1]
EFlow weighted, [386661] [1]
EFlow, [386661] [1]
EFlow weighted, [386661] [1]
EFlow, [386661] [1]
EFlow weighted, [386661] [1]
EFlow, [386661] [1]
EFlow weighted, [386661] [1]
EFlow, [386661] [1]
EFlow weighted, [386661] [1]
EFlow, [386661] [1]
EFlow weighted, [386661] [1]
EFlow, [386661] [1]
EFlow weighted, [386661] [1]
EFlow, [386661] [1]
EFlow weighted, [386661] [1]
EFlow, [386661] [1]
EFlow weighted, [386661] [1]
EFlow, [386661] [1]
EFlow weighted, [386661] [1]
EFlow, [386661] [1]
EFlow weighted, [386661] [1]
EFlow, [386661] [1]
EFlow weighted, [386661] [1]
EFlow, [386661] [1]
EFlow weighted, [386661] [1]
EFlow, [386661] [1]
EFlow weighted, [386661] [1]
EFlow, [386661] [1]
EFlow weighted, [386661] [1]
EFlow, [386661] [1]
EFlow weighted, [386661] [1]
EFlow, [386661] [1]
EFlow weighted, [386661] [1]
EFlow, [386661] [1]
EFlow weighted, [386661] [1]
EFlow, [386661] [1]
EFlow weighted, [386661] [1]
Bad xstal i$\eta$ = -1 i$\phi$ = 61 ---> Skipping 
EFlow, [386661] [1]
EFlow weighted, [386661] [1]
EFlow, [386661] [1]
EFlow weighted, [386661] [1]
EFlow, [386661] [1]
EFlow weighted, [386661] [1]
EFlow, [386661] [1]
EFlow weighted, [386661] [1]
EFlow, [386661] [1]
EFlow weighted, [386661] [1]
EFlow, [386661] [1]
EFlow weighted, [386661] [1]
EFlow, [386661] [1]
EFlow weighted, [386661] [1]
EFlow, [386661] [1]
EFlow weighted, [386661] [1]
EFlow, [386661] [1]
EFlow weighted, [386661] [1]
EFlow, [386661] [1]
EFlow weighted, [386661] [1]
EFlow, [386661] [1]
EFlow weighted, [386661] [1]
EFlow, [386661] [1]
EFlow weighted, [386661] [1]
EFlow, [386661] [1]
EFlow weighted, [386661] [1]
Bad xstal i$\eta$ = 4 i$\phi$ = 21 ---> Skipping 
EFlow, [386661] [1]
EFlow weighted, [386661] [1]
EFlow, [386661] [1]
EFlow weighted, [386661] [1]
EFlow, [386661] [1]
EFlow weighted, [386661] [1]
EFlow, [386661] [1]
EFlow weighted, [386661] [1]
EFlow, [386661] [1]
EFlow weighted, [386661] [1]
EFlow, [386661] [1]
EFlow weighted, [386661] [1]
EFlow, [386661] [1]
EFlow weighted, [386661] [1]
EFlow, [386661] [1]
EFlow weighted, [386661] [1]
EFlow, [386661] [1]
EFlow weighted, [386661] [1]
EFlow, [386661] [1]
EFlow weighted, [386661] [1]
EFlow, [386661] [1]
EFlow weighted, [386661] [1]
EFlow, [386661] [1]
EFlow weighted, [386661] [1]
EFlow, [386661] [1]
EFlow weighted, [386661] [1]
EFlow, [386661] [1]
EFlow weighted, [386661] [1]
EFlow, [386661] [1]
EFlow weighted, [386661] [1]
EFlow, [386661] [1]
EFlow weighted, [386661] [1]
EFlow, [386661] [1]
EFlow weighted, [386661] [1]
EFlow, [386661] [1]
EFlow weighted, [386661] [1]
EFlow, [386661] [1]
EFlow weighted, [386661] [1]
EFlow, [386661] [1]
EFlow weighted, [386661] [1]
EFlow, [386661] [1]
EFlow weighted, [386661] [1]
EFlow, [386661] [1]
EFlow weighted, [386661] [1]
EFlow, [386661] [1]
EFlow weighted, [386661] [1]
EFlow, [386661] [1]
EFlow weighted, [386661] [1]
EFlow, [386661] [1]
EFlow weighted, [386661] [1]
EFlow, [386661] [1]
EFlow weighted, [386661] [1]
EFlow, [386661] [1]
EFlow weighted, [386661] [1]
EFlow, [386661] [1]
EFlow weighted, [386661] [1]
EFlow, [386661] [1]
EFlow weighted, [386661] [1]
EFlow, [386661] [1]
EFlow weighted, [386661] [1]
EFlow, [386661] [1]
EFlow weighted, [386661] [1]
EFlow, [386661] [1]
EFlow weighted, [386661] [1]
EFlow, [386661] [1]
EFlow weighted, [386661] [1]
EFlow, [386661] [1]
EFlow weighted, [386661] [1]
EFlow, [386661] [1]
EFlow weighted, [386661] [1]
EFlow, [386661] [1]
EFlow weighted, [386661] [1]
EFlow, [386661] [1]
EFlow weighted, [386661] [1]
EFlow, [386661] [1]
EFlow weighted, [386661] [1]
EFlow, [386661] [1]
EFlow weighted, [386661] [1]
EFlow, [386661] [1]
EFlow weighted, [386661] [1]
EFlow, [386661] [1]
EFlow weighted, [386661] [1]
EFlow, [386661] [1]
EFlow weighted, [386661] [1]
EFlow, [386661] [1]
EFlow weighted, [386661] [1]
EFlow, [386661] [1]
EFlow weighted, [386661] [1]
EFlow, [386661] [1]
EFlow weighted, [386661] [1]
EFlow, [386661] [1]
EFlow weighted, [386661] [1]
EFlow, [386661] [1]
EFlow weighted, [386661] [1]
EFlow, [386661] [1]
EFlow weighted, [386661] [1]
EFlow, [386661] [1]
EFlow weighted, [386661] [1]
EFlow, [386661] [1]
EFlow weighted, [386661] [1]
EFlow, [386661] [1]
EFlow weighted, [386661] [1]
EFlow, [386661] [1]
EFlow weighted, [386661] [1]
EFlow, [386661] [1]
EFlow weighted, [386661] [1]
EFlow, [386661] [1]
EFlow weighted, [386661] [1]
EFlow, [386661] [1]
EFlow weighted, [386661] [1]
EFlow, [386661] [1]
EFlow weighted, [386661] [1]
EFlow, [386661] [1]
EFlow weighted, [386661] [1]
EFlow, [386661] [1]
EFlow weighted, [386661] [1]
EFlow, [386661] [1]
EFlow weighted, [386661] [1]
EFlow, [386661] [1]
EFlow weighted, [386661] [1]
EFlow, [386661] [1]
EFlow weighted, [386661] [1]
EFlow, [386661] [1]
EFlow weighted, [386661] [1]
EFlow, [386661] [1]
EFlow weighted, [386661] [1]
EFlow, [386661] [1]
EFlow weighted, [386661] [1]
EFlow, [386661] [1]
EFlow weighted, [386661] [1]
EFlow, [386661] [1]
EFlow weighted, [386661] [1]
EFlow, [386661] [1]
EFlow weighted, [386661] [1]
EFlow, [386661] [1]
EFlow weighted, [386661] [1]
EFlow, [386661] [1]
EFlow weighted, [386661] [1]
EFlow, [386661] [1]
EFlow weighted, [386661] [1]
EFlow, [386661] [1]
EFlow weighted, [386661] [1]
EFlow, [386661] [1]
EFlow weighted, [386661] [1]
EFlow, [386661] [1]
EFlow weighted, [386661] [1]
EFlow, [386661] [1]
EFlow weighted, [386661] [1]
EFlow, [386661] [1]
EFlow weighted, [386661] [1]
EFlow, [386661] [1]
EFlow weighted, [386661] [1]
EFlow, [386661] [1]
EFlow weighted, [386661] [1]
EFlow, [386661] [1]
EFlow weighted, [386661] [1]
EFlow, [386661] [1]
EFlow weighted, [386661] [1]
EFlow, [386661] [1]
EFlow weighted, [386661] [1]
EFlow, [386661] [1]
EFlow weighted, [386661] [1]
EFlow, [386661] [1]
EFlow weighted, [386661] [1]
EFlow, [386661] [1]
EFlow weighted, [386661] [1]
EFlow, [386661] [1]
EFlow weighted, [386661] [1]
EFlow, [386661] [1]
EFlow weighted, [386661] [1]
EFlow, [386661] [1]
EFlow weighted, [386661] [1]
EFlow, [386661] [1]
EFlow weighted, [386661] [1]
EFlow, [386661] [1]
EFlow weighted, [386661] [1]
EFlow, [386661] [1]
EFlow weighted, [386661] [1]
EFlow, [386661] [1]
EFlow weighted, [386661] [1]
EFlow, [386661] [1]
EFlow weighted, [386661] [1]
EFlow, [386661] [1]
EFlow weighted, [386661] [1]
EFlow, [386661] [1]
EFlow weighted, [386661] [1]
EFlow, [386661] [1]
EFlow weighted, [386661] [1]
EFlow, [386661] [1]
EFlow weighted, [386661] [1]
EFlow, [386661] [1]
EFlow weighted, [386661] [1]
EFlow, [386661] [1]
EFlow weighted, [386661] [1]
EFlow, [386661] [1]
EFlow weighted, [386661] [1]
EFlow, [386661] [1]
EFlow weighted, [386661] [1]
EFlow, [386661] [1]
EFlow weighted, [386661] [1]
EFlow, [386661] [1]
EFlow weighted, [386661] [1]
EFlow, [386661] [1]
EFlow weighted, [386661] [1]
EFlow, [386661] [1]
EFlow weighted, [386661] [1]
EFlow, [386661] [1]
EFlow weighted, [386661] [1]
EFlow, [386661] [1]
EFlow weighted, [386661] [1]
EFlow, [386661] [1]
EFlow weighted, [386661] [1]
EFlow, [386661] [1]
EFlow weighted, [386661] [1]
EFlow, [386661] [1]
EFlow weighted, [386661] [1]
EFlow, [386661] [1]
EFlow weighted, [386661] [1]
EFlow, [386661] [1]
EFlow weighted, [386661] [1]
EFlow, [386661] [1]
EFlow weighted, [386661] [1]
EFlow, [386661] [1]
EFlow weighted, [386661] [1]
EFlow, [386661] [1]
EFlow weighted, [386661] [1]
EFlow, [386661] [1]
EFlow weighted, [386661] [1]
EFlow, [386661] [1]
EFlow weighted, [386661] [1]
EFlow, [386661] [1]
EFlow weighted, [386661] [1]
EFlow, [386661] [1]
EFlow weighted, [386661] [1]
EFlow, [386661] [1]
EFlow weighted, [386661] [1]
EFlow, [386661] [1]
EFlow weighted, [386661] [1]
EFlow, [386661] [1]
EFlow weighted, [386661] [1]
EFlow, [386661] [1]
EFlow weighted, [386661] [1]
EFlow, [386661] [1]
EFlow weighted, [386661] [1]
EFlow, [386661] [1]
EFlow weighted, [386661] [1]
EFlow, [386661] [1]
EFlow weighted, [386661] [1]
EFlow, [386661] [1]
EFlow weighted, [386661] [1]
EFlow, [386661] [1]
EFlow weighted, [386661] [1]
EFlow, [386661] [1]
EFlow weighted, [386661] [1]
EFlow, [386661] [1]
EFlow weighted, [386661] [1]
EFlow, [386661] [1]
EFlow weighted, [386661] [1]
EFlow, [386661] [1]
EFlow weighted, [386661] [1]
EFlow, [386661] [1]
EFlow weighted, [386661] [1]
EFlow, [386661] [1]
EFlow weighted, [386661] [1]
EFlow, [386661] [1]
EFlow weighted, [386661] [1]
EFlow, [386661] [1]
EFlow weighted, [386661] [1]
EFlow, [386661] [1]
EFlow weighted, [386661] [1]
EFlow, [386661] [1]
EFlow weighted, [386661] [1]
EFlow, [386661] [1]
EFlow weighted, [386661] [1]
EFlow, [386661] [1]
EFlow weighted, [386661] [1]
EFlow, [386661] [1]
EFlow weighted, [386661] [1]
EFlow, [386661] [1]
EFlow weighted, [386661] [1]
EFlow, [386661] [1]
EFlow weighted, [386661] [1]
EFlow, [386661] [1]
EFlow weighted, [386661] [1]
EFlow, [386661] [1]
EFlow weighted, [386661] [1]
EFlow, [386661] [1]
EFlow weighted, [386661] [1]
EFlow, [386661] [1]
EFlow weighted, [386661] [1]
EFlow, [386661] [1]
EFlow weighted, [386661] [1]
EFlow, [386661] [1]
EFlow weighted, [386661] [1]
EFlow, [386661] [1]
EFlow weighted, [386661] [1]
EFlow, [386661] [1]
EFlow weighted, [386661] [1]
EFlow, [386661] [1]
EFlow weighted, [386661] [1]
EFlow, [386661] [1]
EFlow weighted, [386661] [1]
EFlow, [386661] [1]
EFlow weighted, [386661] [1]
EFlow, [386661] [1]
EFlow weighted, [386661] [1]
EFlow, [386661] [1]
EFlow weighted, [386661] [1]
EFlow, [386661] [1]
EFlow weighted, [386661] [1]
EFlow, [386661] [1]
EFlow weighted, [386661] [1]
EFlow, [386661] [1]
EFlow weighted, [386661] [1]
EFlow, [386661] [1]
EFlow weighted, [386661] [1]
EFlow, [386661] [1]
EFlow weighted, [386661] [1]
EFlow, [386661] [1]
EFlow weighted, [386661] [1]
EFlow, [386661] [1]
EFlow weighted, [386661] [1]
EFlow, [386661] [1]
EFlow weighted, [386661] [1]
EFlow, [386661] [1]
EFlow weighted, [386661] [1]
EFlow, [386661] [1]
EFlow weighted, [386661] [1]
EFlow, [386661] [1]
EFlow weighted, [386661] [1]
EFlow, [386661] [1]
EFlow weighted, [386661] [1]
EFlow, [386661] [1]
EFlow weighted, [386661] [1]
EFlow, [386661] [1]
EFlow weighted, [386661] [1]
EFlow, [386661] [1]
EFlow weighted, [386661] [1]
EFlow, [386661] [1]
EFlow weighted, [386661] [1]
EFlow, [386661] [1]
EFlow weighted, [386661] [1]
EFlow, [386661] [1]
EFlow weighted, [386661] [1]
EFlow, [386661] [1]
EFlow weighted, [386661] [1]
EFlow, [386661] [1]
EFlow weighted, [386661] [1]
EFlow, [386661] [1]
EFlow weighted, [386661] [1]
EFlow, [386661] [1]
EFlow weighted, [386661] [1]
EFlow, [386661] [1]
EFlow weighted, [386661] [1]
EFlow, [386661] [1]
EFlow weighted, [386661] [1]
EFlow, [386661] [1]
EFlow weighted, [386661] [1]
EFlow, [386661] [1]
EFlow weighted, [386661] [1]
EFlow, [386661] [1]
EFlow weighted, [386661] [1]
EFlow, [386661] [1]
EFlow weighted, [386661] [1]
EFlow, [386661] [1]
EFlow weighted, [386661] [1]
EFlow, [386661] [1]
EFlow weighted, [386661] [1]
EFlow, [386661] [1]
EFlow weighted, [386661] [1]
EFlow, [386661] [1]
EFlow weighted, [386661] [1]
EFlow, [386661] [1]
EFlow weighted, [386661] [1]
EFlow, [386661] [1]
EFlow weighted, [386661] [1]
EFlow, [386661] [1]
EFlow weighted, [386661] [1]
EFlow, [386661] [1]
EFlow weighted, [386661] [1]
EFlow, [386661] [1]
EFlow weighted, [386661] [1]
EFlow, [386661] [1]
EFlow weighted, [386661] [1]
EFlow, [386661] [1]
EFlow weighted, [386661] [1]
EFlow, [386661] [1]
EFlow weighted, [386661] [1]
EFlow, [386661] [1]
EFlow weighted, [386661] [1]
EFlow, [386661] [1]
EFlow weighted, [386661] [1]
EFlow, [386661] [1]
EFlow weighted, [386661] [1]
EFlow, [386661] [1]
EFlow weighted, [386661] [1]
EFlow, [386661] [1]
EFlow weighted, [386661] [1]
EFlow, [386661] [1]
EFlow weighted, [386661] [1]
EFlow, [386661] [1]
EFlow weighted, [386661] [1]
EFlow, [386661] [1]
EFlow weighted, [386661] [1]
EFlow, [386661] [1]
EFlow weighted, [386661] [1]
EFlow, [386661] [1]
EFlow weighted, [386661] [1]
EFlow, [386661] [1]
EFlow weighted, [386661] [1]
EFlow, [386661] [1]
EFlow weighted, [386661] [1]
EFlow, [386661] [1]
EFlow weighted, [386661] [1]
EFlow, [386661] [1]
EFlow weighted, [386661] [1]
EFlow, [386661] [1]
EFlow weighted, [386661] [1]
EFlow, [386661] [1]
EFlow weighted, [386661] [1]
EFlow, [386661] [1]
EFlow weighted, [386661] [1]
EFlow, [386661] [1]
EFlow weighted, [386661] [1]
EFlow, [386661] [1]
EFlow weighted, [386661] [1]
EFlow, [386661] [1]
EFlow weighted, [386661] [1]
Bad xstal i$\eta$ = 63 i$\phi$ = 281 ---> Skipping 
EFlow, [386661] [1]
EFlow weighted, [386661] [1]
EFlow, [386661] [1]
EFlow weighted, [386661] [1]
EFlow, [386661] [1]
EFlow weighted, [386661] [1]
EFlow, [386661] [1]
EFlow weighted, [386661] [1]
EFlow, [386661] [1]
EFlow weighted, [386661] [1]
EFlow, [386661] [1]
EFlow weighted, [386661] [1]
EFlow, [386661] [1]
EFlow weighted, [386661] [1]
EFlow, [386661] [1]
EFlow weighted, [386661] [1]
EFlow, [386661] [1]
EFlow weighted, [386661] [1]
EFlow, [386661] [1]
EFlow weighted, [386661] [1]
EFlow, [386661] [1]
EFlow weighted, [386661] [1]
EFlow, [386661] [1]
EFlow weighted, [386661] [1]
EFlow, [386661] [1]
EFlow weighted, [386661] [1]
EFlow, [386661] [1]
EFlow weighted, [386661] [1]
EFlow, [386661] [1]
EFlow weighted, [386661] [1]
EFlow, [386661] [1]
EFlow weighted, [386661] [1]
EFlow, [386661] [1]
EFlow weighted, [386661] [1]
EFlow, [386661] [1]
EFlow weighted, [386661] [1]
EFlow, [386661] [1]
EFlow weighted, [386661] [1]
EFlow, [386661] [1]
EFlow weighted, [386661] [1]
EFlow, [386661] [1]
EFlow weighted, [386661] [1]
EFlow, [386661] [1]
EFlow weighted, [386661] [1]
EFlow, [386661] [1]
EFlow weighted, [386661] [1]
EFlow, [386661] [1]
EFlow weighted, [386661] [1]
EFlow, [386661] [1]
EFlow weighted, [386661] [1]
EFlow, [386661] [1]
EFlow weighted, [386661] [1]
EFlow, [386661] [1]
EFlow weighted, [386661] [1]
EFlow, [386661] [1]
EFlow weighted, [386661] [1]
EFlow, [386661] [1]
EFlow weighted, [386661] [1]
EFlow, [386661] [1]
EFlow weighted, [386661] [1]
EFlow, [386661] [1]
EFlow weighted, [386661] [1]
EFlow, [386661] [1]
EFlow weighted, [386661] [1]
Bad xstal i$\eta$ = 72 i$\phi$ = 341 ---> Skipping 
EFlow, [386661] [1]
EFlow weighted, [386661] [1]
EFlow, [386661] [1]
EFlow weighted, [386661] [1]
EFlow, [386661] [1]
EFlow weighted, [386661] [1]
EFlow, [386661] [1]
EFlow weighted, [386661] [1]
EFlow, [386661] [1]
EFlow weighted, [386661] [1]
EFlow, [386661] [1]
EFlow weighted, [386661] [1]
EFlow, [386661] [1]
EFlow weighted, [386661] [1]
EFlow, [386661] [1]
EFlow weighted, [386661] [1]
EFlow, [386661] [1]
EFlow weighted, [386661] [1]
EFlow, [386661] [1]
EFlow weighted, [386661] [1]
EFlow, [386661] [1]
EFlow weighted, [386661] [1]
EFlow, [386661] [1]
EFlow weighted, [386661] [1]
EFlow, [386661] [1]
EFlow weighted, [386661] [1]
EFlow, [386661] [1]
EFlow weighted, [386661] [1]
EFlow, [386661] [1]
EFlow weighted, [386661] [1]
EFlow, [386661] [1]
EFlow weighted, [386661] [1]
EFlow, [386661] [1]
EFlow weighted, [386661] [1]
EFlow, [386661] [1]
EFlow weighted, [386661] [1]
EFlow, [386661] [1]
EFlow weighted, [386661] [1]
EFlow, [386661] [1]
EFlow weighted, [386661] [1]
EFlow, [386661] [1]
EFlow weighted, [386661] [1]
EFlow, [386661] [1]
EFlow weighted, [386661] [1]
EFlow, [386661] [1]
EFlow weighted, [386661] [1]
EFlow, [386661] [1]
EFlow weighted, [386661] [1]
EFlow, [386661] [1]
EFlow weighted, [386661] [1]
EFlow, [386661] [1]
EFlow weighted, [386661] [1]
EFlow, [386661] [1]
EFlow weighted, [386661] [1]
EFlow, [386661] [1]
EFlow weighted, [386661] [1]
EFlow, [386661] [1]
EFlow weighted, [386661] [1]
EFlow, [386661] [1]
EFlow weighted, [386661] [1]
EFlow, [386661] [1]
EFlow weighted, [386661] [1]
EFlow, [386661] [1]
EFlow weighted, [386661] [1]
EFlow, [386661] [1]
EFlow weighted, [386661] [1]
EFlow, [386661] [1]
EFlow weighted, [386661] [1]
EFlow, [386661] [1]
EFlow weighted, [386661] [1]
EFlow, [386661] [1]
EFlow weighted, [386661] [1]
EFlow, [386661] [1]
EFlow weighted, [386661] [1]
EFlow, [386661] [1]
EFlow weighted, [386661] [1]
EFlow, [386661] [1]
EFlow weighted, [386661] [1]
EFlow, [386661] [1]
EFlow weighted, [386661] [1]
EFlow, [386661] [1]
EFlow weighted, [386661] [1]
EFlow, [386661] [1]
EFlow weighted, [386661] [1]
EFlow, [386661] [1]
EFlow weighted, [386661] [1]
EFlow, [386661] [1]
EFlow weighted, [386661] [1]
EFlow, [386661] [1]
EFlow weighted, [386661] [1]
EFlow, [386661] [1]
EFlow weighted, [386661] [1]
... saved plots and now ICs in eflow_plots/10206/
Job status done with output:  /eos/cms/store/group/dpg_ecal/alca_ecalcalib/automation_replays/test_eflow_v1/eflow-phisym/eflow//386661/file.txt
