Received arguments: 10963491.0 0 eflow-phisym ecal_rerecos_v1 386640,386642,386661,386668 10207 eflow_plots/10207/ /eos/cms/store/group/dpg_ecal/alca_ecalcalib/automation_replays/test_eflow_v1/eflow-phisym/eflow/ test_eflow_v1 386668
1
eflow-phisym
2
ecal_rerecos_v1
3
test_eflow_v1
10963491.0
0
/eos/user/p/pbackes/gitlab/ecalphisym
run numbers: ['386640', '386642', '386661', '386668']
Running on these files: 
{'PhiSym': ['/eos/cms/store/group/dpg_ecal/alca_ecalcalib/automation_replays/test_eflow_v1/phisym/386640/phisymreco_nano_7.root', '/eos/cms/store/group/dpg_ecal/alca_ecalcalib/automation_replays/test_eflow_v1/phisym/386640/phisymreco_nano_8.root', '/eos/cms/store/group/dpg_ecal/alca_ecalcalib/automation_replays/test_eflow_v1/phisym/386661/phisymreco_nano_1.root', '/eos/cms/store/group/dpg_ecal/alca_ecalcalib/automation_replays/test_eflow_v1/phisym/386642/phisymreco_nano_3.root', '/eos/cms/store/group/dpg_ecal/alca_ecalcalib/automation_replays/test_eflow_v1/phisym/386640/phisymreco_nano_10.root', '/eos/cms/store/group/dpg_ecal/alca_ecalcalib/automation_replays/test_eflow_v1/phisym/386640/phisymreco_nano_2.root', '/eos/cms/store/group/dpg_ecal/alca_ecalcalib/automation_replays/test_eflow_v1/phisym/386640/phisymreco_nano_3.root', '/eos/cms/store/group/dpg_ecal/alca_ecalcalib/automation_replays/test_eflow_v1/phisym/386640/phisymreco_nano_4.root', '/eos/cms/store/group/dpg_ecal/alca_ecalcalib/automation_replays/test_eflow_v1/phisym/386642/phisymreco_nano_5.root', '/eos/cms/store/group/dpg_ecal/alca_ecalcalib/automation_replays/test_eflow_v1/phisym/386661/phisymreco_nano_0.root', '/eos/cms/store/group/dpg_ecal/alca_ecalcalib/automation_replays/test_eflow_v1/phisym/386640/phisymreco_nano_1.root', '/eos/cms/store/group/dpg_ecal/alca_ecalcalib/automation_replays/test_eflow_v1/phisym/386640/phisymreco_nano_11.root', '/eos/cms/store/group/dpg_ecal/alca_ecalcalib/automation_replays/test_eflow_v1/phisym/386640/phisymreco_nano_9.root', '/eos/cms/store/group/dpg_ecal/alca_ecalcalib/automation_replays/test_eflow_v1/phisym/386640/phisymreco_nano_15.root', '/eos/cms/store/group/dpg_ecal/alca_ecalcalib/automation_replays/test_eflow_v1/phisym/386640/phisymreco_nano_5.root', '/eos/cms/store/group/dpg_ecal/alca_ecalcalib/automation_replays/test_eflow_v1/phisym/386642/phisymreco_nano_1.root', '/eos/cms/store/group/dpg_ecal/alca_ecalcalib/automation_replays/test_eflow_v1/phisym/386642/phisymreco_nano_9.root', '/eos/cms/store/group/dpg_ecal/alca_ecalcalib/automation_replays/test_eflow_v1/phisym/386640/phisymreco_nano_14.root', '/eos/cms/store/group/dpg_ecal/alca_ecalcalib/automation_replays/test_eflow_v1/phisym/386642/phisymreco_nano_8.root', '/eos/cms/store/group/dpg_ecal/alca_ecalcalib/automation_replays/test_eflow_v1/phisym/386640/phisymreco_nano_20.root', '/eos/cms/store/group/dpg_ecal/alca_ecalcalib/automation_replays/test_eflow_v1/phisym/386642/phisymreco_nano_7.root', '/eos/cms/store/group/dpg_ecal/alca_ecalcalib/automation_replays/test_eflow_v1/phisym/386668/phisymreco_nano_0.root', '/eos/cms/store/group/dpg_ecal/alca_ecalcalib/automation_replays/test_eflow_v1/phisym/386640/phisymreco_nano_22.root', '/eos/cms/store/group/dpg_ecal/alca_ecalcalib/automation_replays/test_eflow_v1/phisym/386640/phisymreco_nano_18.root', '/eos/cms/store/group/dpg_ecal/alca_ecalcalib/automation_replays/test_eflow_v1/phisym/386661/phisymreco_nano_3.root', '/eos/cms/store/group/dpg_ecal/alca_ecalcalib/automation_replays/test_eflow_v1/phisym/386661/phisymreco_nano_4.root', '/eos/cms/store/group/dpg_ecal/alca_ecalcalib/automation_replays/test_eflow_v1/phisym/386640/phisymreco_nano_19.root', '/eos/cms/store/group/dpg_ecal/alca_ecalcalib/automation_replays/test_eflow_v1/phisym/386642/phisymreco_nano_2.root', '/eos/cms/store/group/dpg_ecal/alca_ecalcalib/automation_replays/test_eflow_v1/phisym/386642/phisymreco_nano_4.root', '/eos/cms/store/group/dpg_ecal/alca_ecalcalib/automation_replays/test_eflow_v1/phisym/386640/phisymreco_nano_0.root', '/eos/cms/store/group/dpg_ecal/alca_ecalcalib/automation_replays/test_eflow_v1/phisym/386661/phisymreco_nano_2.root', '/eos/cms/store/group/dpg_ecal/alca_ecalcalib/automation_replays/test_eflow_v1/phisym/386640/phisymreco_nano_13.root', '/eos/cms/store/group/dpg_ecal/alca_ecalcalib/automation_replays/test_eflow_v1/phisym/386642/phisymreco_nano_6.root', '/eos/cms/store/group/dpg_ecal/alca_ecalcalib/automation_replays/test_eflow_v1/phisym/386640/phisymreco_nano_16.root', '/eos/cms/store/group/dpg_ecal/alca_ecalcalib/automation_replays/test_eflow_v1/phisym/386640/phisymreco_nano_6.root', '/eos/cms/store/group/dpg_ecal/alca_ecalcalib/automation_replays/test_eflow_v1/phisym/386640/phisymreco_nano_12.root', '/eos/cms/store/group/dpg_ecal/alca_ecalcalib/automation_replays/test_eflow_v1/phisym/386642/phisymreco_nano_10.root', '/eos/cms/store/group/dpg_ecal/alca_ecalcalib/automation_replays/test_eflow_v1/phisym/386642/phisymreco_nano_11.root', '/eos/cms/store/group/dpg_ecal/alca_ecalcalib/automation_replays/test_eflow_v1/phisym/386668/phisymreco_nano_1.root', '/eos/cms/store/group/dpg_ecal/alca_ecalcalib/automation_replays/test_eflow_v1/phisym/386640/phisymreco_nano_17.root', '/eos/cms/store/group/dpg_ecal/alca_ecalcalib/automation_replays/test_eflow_v1/phisym/386640/phisymreco_nano_21.root', '/eos/cms/store/group/dpg_ecal/alca_ecalcalib/automation_replays/test_eflow_v1/phisym/386642/phisymreco_nano_0.root']}
  Preprocessing 100% ━━━━━━━━━━━━━━━ 42/42 [ 0:00:01 < 0:00:00 | 28.8   file/s ]
Merging (local)   2%                  1/42 [ 0:00:01 < -:--:-- | ?    merges/s ]
     Processing 100% ━━━━━━━━━━━━━━━━ 42/42 [ 0:00:11 < 0:00:00 | 4.1  chunk/s ]
Merging (local)   2%                   1/42 [ 0:00:11 < -:--:-- | ?   merges/s ]
runs:  [386640, 386642, 386668, 386642, 386642, ... 386640, 386642, 386661, 386640, 386640]
[0, 0, 0, 0, 0, 0, 0, 0, 0, 0, 0, 0, 0, 0, ... 0, 0, 0, 0, 0, 0, 0, 0, 0, 0, 0, 0, 0] <class 'awkward.highlevel.Array'>
[0, 5, 6, 7, 9, 11, 14, 15, 18, 20, 21, ... 26, 33, 38, 10, 16, 17, 32, 39, 2, 19] [386640, 386642, 386668, 386642, 386642, ... 386640, 386642, 386661, 386640, 386640]
42
Fill: 0 and Run: 386640 
 hits here 7373576 -- n hits before 0
Fill: 0 and Run: 386640 
 hits here 15699223 -- n hits before 7373576
Fill: 0 and Run: 386640 
 hits here 17129098 -- n hits before 23072799
Fill: 0 and Run: 386640 
 hits here 11780805 -- n hits before 40201897
Fill: 0 and Run: 386640 
 hits here 7372335 -- n hits before 51982702
Fill: 0 and Run: 386640 
 hits here 17929274 -- n hits before 59355037
Fill: 0 and Run: 386640 
 hits here 19830464 -- n hits before 77284311
Fill: 0 and Run: 386640 
 hits here 65510387 -- n hits before 97114775
Fill: 0 and Run: 386640 
 hits here 14013307 -- n hits before 162625162
Fill: 0 and Run: 386640 
 hits here 57908341 -- n hits before 176638469
Fill: 0 and Run: 386640 
 hits here 20296116 -- n hits before 234546810
Fill: 0 and Run: 386640 
 hits here 19205178 -- n hits before 254842926
Fill: 0 and Run: 386640 
 hits here 14535989 -- n hits before 274048104
Fill: 0 and Run: 386640 
 hits here 16047587 -- n hits before 288584093
Fill: 0 and Run: 386640 
 hits here 16529736 -- n hits before 304631680
Fill: 0 and Run: 386640 
 hits here 16784982 -- n hits before 321161416
Fill: 0 and Run: 386640 
 hits here 11217595 -- n hits before 337946398
>>>>> At idx 16 --> min hits achieved == 349163993
Now closing IOV and resetting to -->=  0
Fill: 0 and Run: 386640 
 hits here 12837680 -- n hits before 0
Fill: 0 and Run: 386640 
 hits here 18052506 -- n hits before 12837680
Fill: 0 and Run: 386640 
 hits here 7354874 -- n hits before 30890186
Fill: 0 and Run: 386640 
 hits here 7390980 -- n hits before 38245060
Fill: 0 and Run: 386640 
 hits here 13089285 -- n hits before 45636040
Fill: 0 and Run: 386640 
 hits here 7359861 -- n hits before 58725325
Fill: 0 and Run: 386642 
 hits here 36409737 -- n hits before 66085186
Fill: 0 and Run: 386642 
 hits here 38708106 -- n hits before 102494923
Fill: 0 and Run: 386642 
 hits here 60050050 -- n hits before 141203029
Fill: 0 and Run: 386642 
 hits here 30188200 -- n hits before 201253079
Fill: 0 and Run: 386642 
 hits here 23681833 -- n hits before 231441279
Fill: 0 and Run: 386642 
 hits here 50331307 -- n hits before 255123112
Fill: 0 and Run: 386642 
 hits here 42312524 -- n hits before 305454419
>>>>> At idx 29 --> min hits achieved == 347766943
Now closing IOV and resetting to -->=  0
Fill: 0 and Run: 386642 
 hits here 31372924 -- n hits before 0
Fill: 0 and Run: 386642 
 hits here 88390875 -- n hits before 31372924
Fill: 0 and Run: 386642 
 hits here 155393858 -- n hits before 119763799
Fill: 0 and Run: 386642 
 hits here 50361135 -- n hits before 275157657
Fill: 0 and Run: 386642 
 hits here 107995593 -- n hits before 325518792
>>>>> At idx 34 --> min hits achieved == 433514385
Now closing IOV and resetting to -->=  0
Fill: 0 and Run: 386661 
 hits here 11202180 -- n hits before 0
Fill: 0 and Run: 386661 
 hits here 10304373 -- n hits before 11202180
Fill: 0 and Run: 386661 
 hits here 52848014 -- n hits before 21506553
Fill: 0 and Run: 386661 
 hits here 13670235 -- n hits before 74354567
Fill: 0 and Run: 386661 
 hits here 62282658 -- n hits before 88024802
Fill: 0 and Run: 386668 
 hits here 59603524 -- n hits before 150307460
Fill: 0 and Run: 386668 
 hits here 59797051 -- n hits before 209910984
So this are the counts merged:: 
   [ 0 17 30 35] 
 These are the final splits: 
  [17 13  5  7]
Diveded in 4 IOVS --> These are the initial runs of the IOV: 
 [386640, 386640, 386642, 386661]
Diveded in 4 IOVS --> These are the final runs of the IOV: 
 [386640, 386642, 386642, 386668]
Number of hits for each IOV:  [[349163993], [347766943], [433514385], [269708035]]
Deriving the corrections...
Eta Weight file provided ...  {'/eos/cms/store/group/dpg_ecal/alca_ecalcalib/automation_replays/test_eflow_v1/eflow-phisym/reweighting/10206/386661/weights.txt', '/eos/cms/store/group/dpg_ecal/alca_ecalcalib/automation_replays/test_eflow_v1/eflow-phisym/reweighting/10207/386668/weights.txt', '/eos/cms/store/group/dpg_ecal/alca_ecalcalib/automation_replays/test_eflow_v1/eflow-phisym/reweighting/10204/386640_386642/weights.txt'}
... saving histories in .root ...
How much does it takes??? 2.378847122192383 s
... plotting ...
EFlow, [386640, 386640, 386642, 386661] [1, 0.959, 0.993, 0.987]
EFlow weighted, [386640, 386640, 386642, 386661] [1, 0.959, 0.993, 0.987]
EFlow, [386640, 386640, 386642, 386661] [1, 1.02, 0.987, 1.03]
EFlow weighted, [386640, 386640, 386642, 386661] [1, 1.02, 0.987, 1.03]
EFlow, [386640, 386640, 386642, 386661] [1, 1.03, 1.04, 0.999]
EFlow weighted, [386640, 386640, 386642, 386661] [1, 1.03, 1.04, 0.999]
EFlow, [386640, 386640, 386642, 386661] [1, 1.13, 1.04, 1.01]
EFlow weighted, [386640, 386640, 386642, 386661] [1, 1.13, 1.04, 1.01]
EFlow, [386640, 386640, 386642, 386661] [1, 0.907, 1, 1]
EFlow weighted, [386640, 386640, 386642, 386661] [1, 0.907, 1, 1]
EFlow, [386640, 386640, 386642, 386661] [1, 0.984, 0.99, 1.02]
EFlow weighted, [386640, 386640, 386642, 386661] [1, 0.984, 0.991, 1.02]
EFlow, [386640, 386640, 386642, 386661] [1, 1.04, 1.02, 1.04]
EFlow weighted, [386640, 386640, 386642, 386661] [1, 1.04, 1.02, 1.04]
EFlow, [386640, 386640, 386642, 386661] [1, 0.948, 0.955, 0.964]
EFlow weighted, [386640, 386640, 386642, 386661] [1, 0.948, 0.955, 0.964]
EFlow, [386640, 386640, 386642, 386661] [1, 1, 0.971, 0.999]
EFlow weighted, [386640, 386640, 386642, 386661] [1, 1, 0.971, 0.999]
EFlow, [386640, 386640, 386642, 386661] [1, 0.98, 0.986, 0.921]
EFlow weighted, [386640, 386640, 386642, 386661] [1, 0.98, 0.986, 0.921]
EFlow, [386640, 386640, 386642, 386661] [1, 0.993, 0.95, 0.997]
EFlow weighted, [386640, 386640, 386642, 386661] [1, 0.993, 0.95, 0.997]
EFlow, [386640, 386640, 386642, 386661] [1, 0.989, 0.979, 1.04]
EFlow weighted, [386640, 386640, 386642, 386661] [1, 0.989, 0.979, 1.04]
EFlow, [386640, 386640, 386642, 386661] [1, 0.904, 0.906, 0.962]
EFlow weighted, [386640, 386640, 386642, 386661] [1, 0.904, 0.906, 0.962]
EFlow, [386640, 386640, 386642, 386661] [1, 1.07, 1.02, 1.01]
EFlow weighted, [386640, 386640, 386642, 386661] [1, 1.07, 1.02, 1.01]
EFlow, [386640, 386640, 386642, 386661] [1, 1.07, 1.04, 1.11]
EFlow weighted, [386640, 386640, 386642, 386661] [1, 1.07, 1.04, 1.11]
EFlow, [386640, 386640, 386642, 386661] [1, 1.13, 1.06, 1.09]
EFlow weighted, [386640, 386640, 386642, 386661] [1, 1.13, 1.06, 1.09]
EFlow, [386640, 386640, 386642, 386661] [1, 0.974, 0.998, 1.07]
EFlow weighted, [386640, 386640, 386642, 386661] [1, 0.974, 0.998, 1.07]
EFlow, [386640, 386640, 386642, 386661] [1, 1.05, 0.998, 1.02]
EFlow weighted, [386640, 386640, 386642, 386661] [1, 1.05, 0.998, 1.02]
EFlow, [386640, 386640, 386642, 386661] [1, 1.04, 1.03, 0.98]
EFlow weighted, [386640, 386640, 386642, 386661] [1, 1.04, 1.03, 0.98]
EFlow, [386640, 386640, 386642, 386661] [1, 0.942, 1.03, 1.07]
EFlow weighted, [386640, 386640, 386642, 386661] [1, 0.942, 1.03, 1.07]
EFlow, [386640, 386640, 386642, 386661] [1, 0.994, 1.01, 0.984]
EFlow weighted, [386640, 386640, 386642, 386661] [1, 0.994, 1.01, 0.984]
EFlow, [386640, 386640, 386642, 386661] [1, 0.905, 0.944, 0.954]
EFlow weighted, [386640, 386640, 386642, 386661] [1, 0.905, 0.944, 0.954]
EFlow, [386640, 386640, 386642, 386661] [1, 1.03, 1.04, 0.966]
EFlow weighted, [386640, 386640, 386642, 386661] [1, 1.03, 1.04, 0.966]
EFlow, [386640, 386640, 386642, 386661] [1, 0.943, 1.02, 0.979]
EFlow weighted, [386640, 386640, 386642, 386661] [1, 0.943, 1.02, 0.979]
EFlow, [386640, 386640, 386642, 386661] [1, 0.982, 0.996, 1.03]
EFlow weighted, [386640, 386640, 386642, 386661] [1, 0.982, 0.996, 1.03]
EFlow, [386640, 386640, 386642, 386661] [1, 0.97, 0.954, 0.972]
EFlow weighted, [386640, 386640, 386642, 386661] [1, 0.97, 0.954, 0.972]
EFlow, [386640, 386640, 386642, 386661] [1, 1.06, 1.11, 0.996]
EFlow weighted, [386640, 386640, 386642, 386661] [1, 1.06, 1.11, 0.996]
EFlow, [386640, 386640, 386642, 386661] [1, 0.999, 1.04, 1.04]
EFlow weighted, [386640, 386640, 386642, 386661] [1, 0.999, 1.04, 1.04]
EFlow, [386640, 386640, 386642, 386661] [1, 1.02, 0.976, 0.965]
EFlow weighted, [386640, 386640, 386642, 386661] [1, 1.02, 0.976, 0.965]
EFlow, [386640, 386640, 386642, 386661] [1, 0.993, 0.99, 0.998]
EFlow weighted, [386640, 386640, 386642, 386661] [1, 0.993, 0.99, 0.998]
EFlow, [386640, 386640, 386642, 386661] [1, 1.04, 1.03, 1.1]
EFlow weighted, [386640, 386640, 386642, 386661] [1, 1.04, 1.03, 1.1]
EFlow, [386640, 386640, 386642, 386661] [1, 1, 1.02, 1.17]
EFlow weighted, [386640, 386640, 386642, 386661] [1, 1, 1.02, 1.17]
EFlow, [386640, 386640, 386642, 386661] [1, 1.02, 1.06, 1.12]
EFlow weighted, [386640, 386640, 386642, 386661] [1, 1.02, 1.06, 1.12]
EFlow, [386640, 386640, 386642, 386661] [1, 0.995, 0.896, 0.889]
EFlow weighted, [386640, 386640, 386642, 386661] [1, 0.995, 0.896, 0.889]
EFlow, [386640, 386640, 386642, 386661] [1, 0.964, 0.894, 0.878]
EFlow weighted, [386640, 386640, 386642, 386661] [1, 0.964, 0.894, 0.878]
EFlow, [386640, 386640, 386642, 386661] [1, 1.03, 1.01, 1.01]
EFlow weighted, [386640, 386640, 386642, 386661] [1, 1.03, 1.01, 1.01]
EFlow, [386640, 386640, 386642, 386661] [1, 1.03, 0.974, 1.05]
EFlow weighted, [386640, 386640, 386642, 386661] [1, 1.03, 0.974, 1.05]
EFlow, [386640, 386640, 386642, 386661] [1, 1.05, 1.02, 1.04]
EFlow weighted, [386640, 386640, 386642, 386661] [1, 1.05, 1.02, 1.04]
EFlow, [386640, 386640, 386642, 386661] [1, 0.832, 0.977, 0.916]
EFlow weighted, [386640, 386640, 386642, 386661] [1, 0.832, 0.977, 0.916]
EFlow, [386640, 386640, 386642, 386661] [1, 0.979, 0.994, 0.913]
EFlow weighted, [386640, 386640, 386642, 386661] [1, 0.979, 0.994, 0.913]
EFlow, [386640, 386640, 386642, 386661] [1, 1.09, 1.08, 1.08]
EFlow weighted, [386640, 386640, 386642, 386661] [1, 1.09, 1.08, 1.08]
EFlow, [386640, 386640, 386642, 386661] [1, 0.966, 0.963, 0.994]
EFlow weighted, [386640, 386640, 386642, 386661] [1, 0.966, 0.963, 0.994]
EFlow, [386640, 386640, 386642, 386661] [1, 1, 1, 0.999]
EFlow weighted, [386640, 386640, 386642, 386661] [1, 1, 1, 0.999]
EFlow, [386640, 386640, 386642, 386661] [1, 0.989, 1, 0.995]
EFlow weighted, [386640, 386640, 386642, 386661] [1, 0.989, 1, 0.995]
EFlow, [386640, 386640, 386642, 386661] [1, 0.996, 1.03, 0.985]
EFlow weighted, [386640, 386640, 386642, 386661] [1, 0.996, 1.03, 0.985]
EFlow, [386640, 386640, 386642, 386661] [1, 1.06, 1.1, 0.978]
EFlow weighted, [386640, 386640, 386642, 386661] [1, 1.06, 1.1, 0.978]
EFlow, [386640, 386640, 386642, 386661] [1, 0.993, 0.994, 0.989]
EFlow weighted, [386640, 386640, 386642, 386661] [1, 0.993, 0.994, 0.989]
EFlow, [386640, 386640, 386642, 386661] [1, 1.03, 1, 1.02]
EFlow weighted, [386640, 386640, 386642, 386661] [1, 1.03, 1, 1.02]
EFlow, [386640, 386640, 386642, 386661] [1, 1.09, 1.05, 1]
EFlow weighted, [386640, 386640, 386642, 386661] [1, 1.09, 1.05, 1]
EFlow, [386640, 386640, 386642, 386661] [1, 1, 0.987, 1.06]
EFlow weighted, [386640, 386640, 386642, 386661] [1, 1, 0.987, 1.06]
EFlow, [386640, 386640, 386642, 386661] [1, 1.02, 1.02, 0.987]
EFlow weighted, [386640, 386640, 386642, 386661] [1, 1.02, 1.02, 0.987]
EFlow, [386640, 386640, 386642, 386661] [1, 0.996, 0.974, 1]
EFlow weighted, [386640, 386640, 386642, 386661] [1, 0.996, 0.974, 1]
EFlow, [386640, 386640, 386642, 386661] [1, 1, 0.997, 1.02]
EFlow weighted, [386640, 386640, 386642, 386661] [1, 1, 0.997, 1.02]
EFlow, [386640, 386640, 386642, 386661] [1, 0.951, 1, 0.969]
EFlow weighted, [386640, 386640, 386642, 386661] [1, 0.951, 1, 0.969]
EFlow, [386640, 386640, 386642, 386661] [1, 1.04, 0.999, 1.14]
EFlow weighted, [386640, 386640, 386642, 386661] [1, 1.04, 0.999, 1.14]
EFlow, [386640, 386640, 386642, 386661] [1, 1.09, 1.12, 0.909]
EFlow weighted, [386640, 386640, 386642, 386661] [1, 1.09, 1.12, 0.909]
EFlow, [386640, 386640, 386642, 386661] [1, 0.69, 0.965, 0.93]
EFlow weighted, [386640, 386640, 386642, 386661] [1, 0.69, 0.965, 0.93]
Bad xstal i$\eta$ = -70 i$\phi$ = 301 ---> Skipping 
EFlow, [386640, 386640, 386642, 386661] [1, 1.01, 1.02, 0.986]
EFlow weighted, [386640, 386640, 386642, 386661] [1, 1.01, 1.02, 0.986]
EFlow, [386640, 386640, 386642, 386661] [1, 0.987, 0.989, 0.985]
EFlow weighted, [386640, 386640, 386642, 386661] [1, 0.987, 0.989, 0.985]
Bad xstal i$\eta$ = -69 i$\phi$ = 241 ---> Skipping 
EFlow, [386640, 386640, 386642, 386661] [1, 0.98, 1.02, 0.987]
EFlow weighted, [386640, 386640, 386642, 386661] [1, 0.98, 1.02, 0.987]
EFlow, [386640, 386640, 386642, 386661] [1, 0.928, 0.957, 1.01]
EFlow weighted, [386640, 386640, 386642, 386661] [1, 0.928, 0.957, 1.01]
EFlow, [386640, 386640, 386642, 386661] [1, 0.906, 1.03, 1]
EFlow weighted, [386640, 386640, 386642, 386661] [1, 0.907, 1.03, 1]
EFlow, [386640, 386640, 386642, 386661] [1, 1.01, 1.05, 1.04]
EFlow weighted, [386640, 386640, 386642, 386661] [1, 1.01, 1.05, 1.04]
EFlow, [386640, 386640, 386642, 386661] [1, 1.04, 1.11, 1.12]
EFlow weighted, [386640, 386640, 386642, 386661] [1, 1.04, 1.11, 1.12]
EFlow, [386640, 386640, 386642, 386661] [1, 1.02, 0.948, 0.996]
EFlow weighted, [386640, 386640, 386642, 386661] [1, 1.02, 0.948, 0.996]
EFlow, [386640, 386640, 386642, 386661] [1, 0.983, 0.948, 1.04]
EFlow weighted, [386640, 386640, 386642, 386661] [1, 0.983, 0.948, 1.04]
EFlow, [386640, 386640, 386642, 386661] [1, 0.991, 1.01, 0.955]
EFlow weighted, [386640, 386640, 386642, 386661] [1, 0.991, 1.01, 0.955]
EFlow, [386640, 386640, 386642, 386661] [1, 1.08, 0.84, 0.891]
EFlow weighted, [386640, 386640, 386642, 386661] [1, 1.08, 0.84, 0.891]
EFlow, [386640, 386640, 386642, 386661] [1, 0.99, 0.993, 0.991]
EFlow weighted, [386640, 386640, 386642, 386661] [1, 0.99, 0.993, 0.991]
EFlow, [386640, 386640, 386642, 386661] [1, 0.979, 1.07, 1.07]
EFlow weighted, [386640, 386640, 386642, 386661] [1, 0.98, 1.07, 1.07]
EFlow, [386640, 386640, 386642, 386661] [1, 0.98, 0.977, 0.995]
EFlow weighted, [386640, 386640, 386642, 386661] [1, 0.98, 0.977, 0.995]
EFlow, [386640, 386640, 386642, 386661] [1, 0.943, 0.956, 1.04]
EFlow weighted, [386640, 386640, 386642, 386661] [1, 0.943, 0.956, 1.04]
Bad xstal i$\eta$ = -65 i$\phi$ = 201 ---> Skipping 
EFlow, [386640, 386640, 386642, 386661] [1, 1.03, 1, 1.01]
EFlow weighted, [386640, 386640, 386642, 386661] [1, 1.03, 1, 1.01]
EFlow, [386640, 386640, 386642, 386661] [1, 0.899, 0.907, 0.904]
EFlow weighted, [386640, 386640, 386642, 386661] [1, 0.899, 0.907, 0.904]
EFlow, [386640, 386640, 386642, 386661] [1, 0.967, 1.01, 1.01]
EFlow weighted, [386640, 386640, 386642, 386661] [1, 0.967, 1.01, 1.01]
EFlow, [386640, 386640, 386642, 386661] [1, 0.982, 0.946, 1.07]
EFlow weighted, [386640, 386640, 386642, 386661] [1, 0.982, 0.946, 1.07]
EFlow, [386640, 386640, 386642, 386661] [1, 0.99, 1.01, 0.984]
EFlow weighted, [386640, 386640, 386642, 386661] [1, 0.99, 1.01, 0.984]
EFlow, [386640, 386640, 386642, 386661] [1, 1.01, 1.01, 0.988]
EFlow weighted, [386640, 386640, 386642, 386661] [1, 1.01, 1.01, 0.988]
EFlow, [386640, 386640, 386642, 386661] [1, 0.363, 0.643, 0.961]
EFlow weighted, [386640, 386640, 386642, 386661] [1, 0.364, 0.643, 0.961]
EFlow, [386640, 386640, 386642, 386661] [1, 1.09, 1.02, 1.04]
EFlow weighted, [386640, 386640, 386642, 386661] [1, 1.09, 1.02, 1.04]
EFlow, [386640, 386640, 386642, 386661] [1, 0.993, 1.02, 0.961]
EFlow weighted, [386640, 386640, 386642, 386661] [1, 0.993, 1.02, 0.961]
EFlow, [386640, 386640, 386642, 386661] [1, 1.06, 1.13, 1.03]
EFlow weighted, [386640, 386640, 386642, 386661] [1, 1.06, 1.13, 1.03]
EFlow, [386640, 386640, 386642, 386661] [1, 0.977, 1, 1]
EFlow weighted, [386640, 386640, 386642, 386661] [1, 0.977, 1, 1]
EFlow, [386640, 386640, 386642, 386661] [1, 1, 0.999, 0.998]
EFlow weighted, [386640, 386640, 386642, 386661] [1, 1, 0.999, 0.998]
EFlow, [386640, 386640, 386642, 386661] [1, 1.01, 0.999, 0.996]
EFlow weighted, [386640, 386640, 386642, 386661] [1, 1.01, 0.999, 0.996]
EFlow, [386640, 386640, 386642, 386661] [1, 1.02, 1.02, 0.975]
EFlow weighted, [386640, 386640, 386642, 386661] [1, 1.02, 1.02, 0.975]
EFlow, [386640, 386640, 386642, 386661] [1, 1.12, 1.14, 1.09]
EFlow weighted, [386640, 386640, 386642, 386661] [1, 1.12, 1.14, 1.09]
EFlow, [386640, 386640, 386642, 386661] [1, 1.04, 0.965, 0.908]
EFlow weighted, [386640, 386640, 386642, 386661] [1, 1.04, 0.965, 0.908]
EFlow, [386640, 386640, 386642, 386661] [1, 0.978, 0.963, 1.02]
EFlow weighted, [386640, 386640, 386642, 386661] [1, 0.978, 0.963, 1.02]
EFlow, [386640, 386640, 386642, 386661] [1, 0.87, 0.873, 0.933]
EFlow weighted, [386640, 386640, 386642, 386661] [1, 0.87, 0.873, 0.933]
EFlow, [386640, 386640, 386642, 386661] [1, 1.01, 1.04, 1.01]
EFlow weighted, [386640, 386640, 386642, 386661] [1, 1.01, 1.04, 1.01]
EFlow, [386640, 386640, 386642, 386661] [1, 1.01, 1.02, 1.03]
EFlow weighted, [386640, 386640, 386642, 386661] [1, 1.01, 1.02, 1.03]
EFlow, [386640, 386640, 386642, 386661] [1, 1.07, 1.08, 1.08]
EFlow weighted, [386640, 386640, 386642, 386661] [1, 1.07, 1.08, 1.08]
EFlow, [386640, 386640, 386642, 386661] [1, 0.979, 0.979, 1]
EFlow weighted, [386640, 386640, 386642, 386661] [1, 0.979, 0.979, 1]
EFlow, [386640, 386640, 386642, 386661] [1, 1, 1.03, 0.997]
EFlow weighted, [386640, 386640, 386642, 386661] [1, 1, 1.03, 0.997]
EFlow, [386640, 386640, 386642, 386661] [1, 1.01, 1, 1.01]
EFlow weighted, [386640, 386640, 386642, 386661] [1, 1.01, 1, 1.01]
EFlow, [386640, 386640, 386642, 386661] [1, 0.99, 1.01, 0.911]
EFlow weighted, [386640, 386640, 386642, 386661] [1, 0.99, 1.01, 0.911]
EFlow, [386640, 386640, 386642, 386661] [1, 1.05, 1.03, 0.982]
EFlow weighted, [386640, 386640, 386642, 386661] [1, 1.05, 1.03, 0.982]
EFlow, [386640, 386640, 386642, 386661] [1, 0.933, 1, 1.02]
EFlow weighted, [386640, 386640, 386642, 386661] [1, 0.933, 1, 1.02]
EFlow, [386640, 386640, 386642, 386661] [1, -3.19, 1.35, 0.365]
EFlow weighted, [386640, 386640, 386642, 386661] [1, -3.19, 1.35, 0.365]
EFlow, [386640, 386640, 386642, 386661] [1, 1.11, 1.02, 1.05]
EFlow weighted, [386640, 386640, 386642, 386661] [1, 1.11, 1.02, 1.05]
EFlow, [386640, 386640, 386642, 386661] [1, 1.01, 1, 1.02]
EFlow weighted, [386640, 386640, 386642, 386661] [1, 1.01, 1, 1.02]
EFlow, [386640, 386640, 386642, 386661] [1, 1.02, 0.968, 0.991]
EFlow weighted, [386640, 386640, 386642, 386661] [1, 1.02, 0.968, 0.991]
EFlow, [386640, 386640, 386642, 386661] [1, 0.985, 0.96, 1]
EFlow weighted, [386640, 386640, 386642, 386661] [1, 0.985, 0.96, 1]
EFlow, [386640, 386640, 386642, 386661] [1, 0.995, 1, 1.04]
EFlow weighted, [386640, 386640, 386642, 386661] [1, 0.995, 1, 1.04]
EFlow, [386640, 386640, 386642, 386661] [1, 1, 1, 1]
EFlow weighted, [386640, 386640, 386642, 386661] [1, 1, 1, 1]
EFlow, [386640, 386640, 386642, 386661] [1, 0.997, 1.02, 1.02]
EFlow weighted, [386640, 386640, 386642, 386661] [1, 0.997, 1.02, 1.02]
EFlow, [386640, 386640, 386642, 386661] [1, 0.913, 0.93, 0.987]
EFlow weighted, [386640, 386640, 386642, 386661] [1, 0.913, 0.93, 0.987]
EFlow, [386640, 386640, 386642, 386661] [1, 1, 0.97, 0.916]
EFlow weighted, [386640, 386640, 386642, 386661] [1, 1, 0.97, 0.916]
EFlow, [386640, 386640, 386642, 386661] [1, 1.05, 1.02, 1.06]
EFlow weighted, [386640, 386640, 386642, 386661] [1, 1.05, 1.02, 1.06]
EFlow, [386640, 386640, 386642, 386661] [1, 0.987, 0.992, 0.953]
EFlow weighted, [386640, 386640, 386642, 386661] [1, 0.987, 0.992, 0.953]
EFlow, [386640, 386640, 386642, 386661] [1, 0.991, 0.981, 0.992]
EFlow weighted, [386640, 386640, 386642, 386661] [1, 0.991, 0.981, 0.992]
EFlow, [386640, 386640, 386642, 386661] [1, 0.96, 0.986, 1]
EFlow weighted, [386640, 386640, 386642, 386661] [1, 0.96, 0.986, 1]
EFlow, [386640, 386640, 386642, 386661] [1, 1.02, 0.999, 0.983]
EFlow weighted, [386640, 386640, 386642, 386661] [1, 1.02, 0.999, 0.983]
Bad xstal i$\eta$ = -53 i$\phi$ = 181 ---> Skipping 
EFlow, [386640, 386640, 386642, 386661] [1, 0.948, 0.95, 0.958]
EFlow weighted, [386640, 386640, 386642, 386661] [1, 0.948, 0.95, 0.958]
EFlow, [386640, 386640, 386642, 386661] [1, 1, 1.02, 1.02]
EFlow weighted, [386640, 386640, 386642, 386661] [1, 1, 1.02, 1.02]
EFlow, [386640, 386640, 386642, 386661] [1, 0.957, 1.03, 1.02]
EFlow weighted, [386640, 386640, 386642, 386661] [1, 0.957, 1.03, 1.02]
EFlow, [386640, 386640, 386642, 386661] [1, 0.995, 0.992, 0.995]
EFlow weighted, [386640, 386640, 386642, 386661] [1, 0.995, 0.992, 0.995]
EFlow, [386640, 386640, 386642, 386661] [1, 0.948, 0.993, 1.02]
EFlow weighted, [386640, 386640, 386642, 386661] [1, 0.948, 0.993, 1.02]
EFlow, [386640, 386640, 386642, 386661] [1, 0.99, 0.987, 0.983]
EFlow weighted, [386640, 386640, 386642, 386661] [1, 0.99, 0.987, 0.983]
EFlow, [386640, 386640, 386642, 386661] [1, 0.983, 0.948, 0.96]
EFlow weighted, [386640, 386640, 386642, 386661] [1, 0.983, 0.948, 0.96]
EFlow, [386640, 386640, 386642, 386661] [1, 1.35, 1.2, 1.38]
EFlow weighted, [386640, 386640, 386642, 386661] [1, 1.35, 1.2, 1.38]
EFlow, [386640, 386640, 386642, 386661] [1, 0.946, 0.968, 0.973]
EFlow weighted, [386640, 386640, 386642, 386661] [1, 0.946, 0.968, 0.973]
EFlow, [386640, 386640, 386642, 386661] [1, 1.01, 1.02, 0.996]
EFlow weighted, [386640, 386640, 386642, 386661] [1, 1.01, 1.02, 0.996]
EFlow, [386640, 386640, 386642, 386661] [1, 1, 0.962, 1.02]
EFlow weighted, [386640, 386640, 386642, 386661] [1, 1, 0.962, 1.02]
EFlow, [386640, 386640, 386642, 386661] [1, 0.994, 1.01, 1.04]
EFlow weighted, [386640, 386640, 386642, 386661] [1, 0.994, 1.01, 1.04]
EFlow, [386640, 386640, 386642, 386661] [1, 1.01, 1.05, 1.04]
EFlow weighted, [386640, 386640, 386642, 386661] [1, 1.01, 1.05, 1.04]
EFlow, [386640, 386640, 386642, 386661] [1, 1.15, 0.811, 1.01]
EFlow weighted, [386640, 386640, 386642, 386661] [1, 1.15, 0.811, 1.01]
EFlow, [386640, 386640, 386642, 386661] [1, 1, 0.987, 0.984]
EFlow weighted, [386640, 386640, 386642, 386661] [1, 1, 0.987, 0.984]
EFlow, [386640, 386640, 386642, 386661] [1, 1, 0.98, 0.984]
EFlow weighted, [386640, 386640, 386642, 386661] [1, 1, 0.98, 0.984]
EFlow, [386640, 386640, 386642, 386661] [1, 1.01, 1.01, 1.01]
EFlow weighted, [386640, 386640, 386642, 386661] [1, 1.01, 1.01, 1.01]
EFlow, [386640, 386640, 386642, 386661] [1, 1.08, 1.09, 1.16]
EFlow weighted, [386640, 386640, 386642, 386661] [1, 1.08, 1.09, 1.16]
EFlow, [386640, 386640, 386642, 386661] [1, 1.03, 1.01, 1.05]
EFlow weighted, [386640, 386640, 386642, 386661] [1, 1.03, 1.01, 1.05]
EFlow, [386640, 386640, 386642, 386661] [1, 1, 1.01, 0.997]
EFlow weighted, [386640, 386640, 386642, 386661] [1, 1, 1.01, 0.997]
EFlow, [386640, 386640, 386642, 386661] [1, 1.03, 1.02, 1.16]
EFlow weighted, [386640, 386640, 386642, 386661] [1, 1.03, 1.02, 1.16]
EFlow, [386640, 386640, 386642, 386661] [1, 0.978, 0.979, 1.01]
EFlow weighted, [386640, 386640, 386642, 386661] [1, 0.978, 0.979, 1.01]
EFlow, [386640, 386640, 386642, 386661] [1, 0.996, 0.988, 1.02]
EFlow weighted, [386640, 386640, 386642, 386661] [1, 0.996, 0.988, 1.02]
EFlow, [386640, 386640, 386642, 386661] [1, 0.861, 0.927, 0.946]
EFlow weighted, [386640, 386640, 386642, 386661] [1, 0.861, 0.927, 0.946]
EFlow, [386640, 386640, 386642, 386661] [1, 1.01, 1.01, 1.01]
EFlow weighted, [386640, 386640, 386642, 386661] [1, 1.01, 1.01, 1.01]
EFlow, [386640, 386640, 386642, 386661] [1, 1.14, 0.97, 1.29]
EFlow weighted, [386640, 386640, 386642, 386661] [1, 1.14, 0.97, 1.29]
EFlow, [386640, 386640, 386642, 386661] [1, 1.02, 1.03, 0.982]
EFlow weighted, [386640, 386640, 386642, 386661] [1, 1.02, 1.03, 0.982]
EFlow, [386640, 386640, 386642, 386661] [1, 0.92, 0.894, 1.04]
EFlow weighted, [386640, 386640, 386642, 386661] [1, 0.92, 0.894, 1.04]
EFlow, [386640, 386640, 386642, 386661] [1, 0.96, 0.973, 0.996]
EFlow weighted, [386640, 386640, 386642, 386661] [1, 0.96, 0.973, 0.996]
EFlow, [386640, 386640, 386642, 386661] [1, 0.984, 1.05, 1.05]
EFlow weighted, [386640, 386640, 386642, 386661] [1, 0.984, 1.05, 1.05]
EFlow, [386640, 386640, 386642, 386661] [1, 1.03, 0.986, 0.987]
EFlow weighted, [386640, 386640, 386642, 386661] [1, 1.03, 0.986, 0.987]
EFlow, [386640, 386640, 386642, 386661] [1, 0.992, 1, 1]
EFlow weighted, [386640, 386640, 386642, 386661] [1, 0.992, 1, 1]
Bad xstal i$\eta$ = -44 i$\phi$ = 241 ---> Skipping 
EFlow, [386640, 386640, 386642, 386661] [1, 0.998, 0.993, 1.01]
EFlow weighted, [386640, 386640, 386642, 386661] [1, 0.998, 0.993, 1.01]
EFlow, [386640, 386640, 386642, 386661] [1, 1.01, 1.01, 1.01]
EFlow weighted, [386640, 386640, 386642, 386661] [1, 1.01, 1.01, 1.01]
EFlow, [386640, 386640, 386642, 386661] [1, 0.994, 0.987, 0.997]
EFlow weighted, [386640, 386640, 386642, 386661] [1, 0.994, 0.987, 0.997]
EFlow, [386640, 386640, 386642, 386661] [1, 0.992, 1, 1.01]
EFlow weighted, [386640, 386640, 386642, 386661] [1, 0.992, 1, 1.01]
EFlow, [386640, 386640, 386642, 386661] [1, 1.02, 0.972, 0.997]
EFlow weighted, [386640, 386640, 386642, 386661] [1, 1.02, 0.972, 0.997]
EFlow, [386640, 386640, 386642, 386661] [1, 1.04, 0.99, 0.974]
EFlow weighted, [386640, 386640, 386642, 386661] [1, 1.04, 0.99, 0.974]
EFlow, [386640, 386640, 386642, 386661] [1, 1.02, 1.07, 1.02]
EFlow weighted, [386640, 386640, 386642, 386661] [1, 1.02, 1.07, 1.02]
EFlow, [386640, 386640, 386642, 386661] [1, 0.991, 0.984, 1.03]
EFlow weighted, [386640, 386640, 386642, 386661] [1, 0.991, 0.984, 1.03]
EFlow, [386640, 386640, 386642, 386661] [1, 1, 1.01, 1]
EFlow weighted, [386640, 386640, 386642, 386661] [1, 1, 1.01, 1]
EFlow, [386640, 386640, 386642, 386661] [1, 1.01, 0.994, 1.01]
EFlow weighted, [386640, 386640, 386642, 386661] [1, 1.01, 0.994, 1.01]
EFlow, [386640, 386640, 386642, 386661] [1, 0.709, 0.916, 0.938]
EFlow weighted, [386640, 386640, 386642, 386661] [1, 0.709, 0.916, 0.938]
EFlow, [386640, 386640, 386642, 386661] [1, 1.03, 1.01, 0.984]
EFlow weighted, [386640, 386640, 386642, 386661] [1, 1.03, 1.01, 0.984]
EFlow, [386640, 386640, 386642, 386661] [1, 0.993, 0.98, 1.03]
EFlow weighted, [386640, 386640, 386642, 386661] [1, 0.993, 0.98, 1.03]
EFlow, [386640, 386640, 386642, 386661] [1, 1.11, 1.09, 0.994]
EFlow weighted, [386640, 386640, 386642, 386661] [1, 1.11, 1.09, 0.994]
EFlow, [386640, 386640, 386642, 386661] [1, 0.983, 0.941, 0.97]
EFlow weighted, [386640, 386640, 386642, 386661] [1, 0.983, 0.941, 0.97]
EFlow, [386640, 386640, 386642, 386661] [1, 1.03, 1.04, 1.04]
EFlow weighted, [386640, 386640, 386642, 386661] [1, 1.03, 1.04, 1.04]
EFlow, [386640, 386640, 386642, 386661] [1, 0.997, 0.99, 0.995]
EFlow weighted, [386640, 386640, 386642, 386661] [1, 0.997, 0.99, 0.995]
EFlow, [386640, 386640, 386642, 386661] [1, 0.993, 1, 0.995]
EFlow weighted, [386640, 386640, 386642, 386661] [1, 0.993, 1, 0.995]
EFlow, [386640, 386640, 386642, 386661] [1, 1.04, 1.05, 1.01]
EFlow weighted, [386640, 386640, 386642, 386661] [1, 1.04, 1.05, 1.01]
EFlow, [386640, 386640, 386642, 386661] [1, 1, 1, 1.01]
EFlow weighted, [386640, 386640, 386642, 386661] [1, 1, 1, 1.01]
EFlow, [386640, 386640, 386642, 386661] [1, 0.97, 0.995, 1.04]
EFlow weighted, [386640, 386640, 386642, 386661] [1, 0.97, 0.995, 1.04]
EFlow, [386640, 386640, 386642, 386661] [1, 0.992, 0.966, 0.911]
EFlow weighted, [386640, 386640, 386642, 386661] [1, 0.992, 0.966, 0.911]
EFlow, [386640, 386640, 386642, 386661] [1, 1.01, 1.01, 1]
EFlow weighted, [386640, 386640, 386642, 386661] [1, 1.01, 1.01, 1]
EFlow, [386640, 386640, 386642, 386661] [1, 1.05, 1.03, 0.987]
EFlow weighted, [386640, 386640, 386642, 386661] [1, 1.05, 1.03, 0.987]
EFlow, [386640, 386640, 386642, 386661] [1, 1.05, 0.999, 1.03]
EFlow weighted, [386640, 386640, 386642, 386661] [1, 1.05, 0.999, 1.03]
EFlow, [386640, 386640, 386642, 386661] [1, 0.996, 0.993, 1.01]
EFlow weighted, [386640, 386640, 386642, 386661] [1, 0.996, 0.993, 1.01]
EFlow, [386640, 386640, 386642, 386661] [1, 0.893, 0.83, 0.921]
EFlow weighted, [386640, 386640, 386642, 386661] [1, 0.893, 0.83, 0.921]
EFlow, [386640, 386640, 386642, 386661] [1, 0.984, 0.981, 0.975]
EFlow weighted, [386640, 386640, 386642, 386661] [1, 0.984, 0.981, 0.975]
EFlow, [386640, 386640, 386642, 386661] [1, 1.01, 1.01, 0.967]
EFlow weighted, [386640, 386640, 386642, 386661] [1, 1.01, 1.01, 0.967]
EFlow, [386640, 386640, 386642, 386661] [1, 1, 0.999, 0.995]
EFlow weighted, [386640, 386640, 386642, 386661] [1, 1, 0.999, 0.995]
EFlow, [386640, 386640, 386642, 386661] [1, 1.02, 1.03, 0.982]
EFlow weighted, [386640, 386640, 386642, 386661] [1, 1.02, 1.03, 0.982]
EFlow, [386640, 386640, 386642, 386661] [1, 1, 1, 1.01]
EFlow weighted, [386640, 386640, 386642, 386661] [1, 1, 1, 1.01]
EFlow, [386640, 386640, 386642, 386661] [1, 1.01, 1.01, 1.01]
EFlow weighted, [386640, 386640, 386642, 386661] [1, 1.01, 1.01, 1.01]
EFlow, [386640, 386640, 386642, 386661] [1, 1.02, 0.979, 0.992]
EFlow weighted, [386640, 386640, 386642, 386661] [1, 1.02, 0.979, 0.992]
EFlow, [386640, 386640, 386642, 386661] [1, 0.961, 0.983, 0.986]
EFlow weighted, [386640, 386640, 386642, 386661] [1, 0.961, 0.983, 0.986]
EFlow, [386640, 386640, 386642, 386661] [1, 1.03, 0.976, 1.04]
EFlow weighted, [386640, 386640, 386642, 386661] [1, 1.03, 0.976, 1.04]
EFlow, [386640, 386640, 386642, 386661] [1, 1, 1.01, 1]
EFlow weighted, [386640, 386640, 386642, 386661] [1, 1, 1.01, 1]
EFlow, [386640, 386640, 386642, 386661] [1, 1.02, 0.997, 0.998]
EFlow weighted, [386640, 386640, 386642, 386661] [1, 1.02, 0.997, 0.998]
EFlow, [386640, 386640, 386642, 386661] [1, 0.68, 1.02, 1.01]
EFlow weighted, [386640, 386640, 386642, 386661] [1, 0.68, 1.02, 1.01]
EFlow, [386640, 386640, 386642, 386661] [1, 0.999, 0.998, 0.997]
EFlow weighted, [386640, 386640, 386642, 386661] [1, 0.999, 0.998, 0.997]
EFlow, [386640, 386640, 386642, 386661] [1, 1.02, 1.02, 1.02]
EFlow weighted, [386640, 386640, 386642, 386661] [1, 1.02, 1.02, 1.02]
EFlow, [386640, 386640, 386642, 386661] [1, 1.02, 1.04, 1.01]
EFlow weighted, [386640, 386640, 386642, 386661] [1, 1.02, 1.04, 1.01]
EFlow, [386640, 386640, 386642, 386661] [1, 0.981, 0.991, 0.987]
EFlow weighted, [386640, 386640, 386642, 386661] [1, 0.981, 0.991, 0.987]
EFlow, [386640, 386640, 386642, 386661] [1, 1, 0.986, 0.984]
EFlow weighted, [386640, 386640, 386642, 386661] [1, 1, 0.986, 0.984]
EFlow, [386640, 386640, 386642, 386661] [1, 1.07, 1.04, 1.03]
EFlow weighted, [386640, 386640, 386642, 386661] [1, 1.07, 1.04, 1.03]
EFlow, [386640, 386640, 386642, 386661] [1, 0.978, 1.01, 0.989]
EFlow weighted, [386640, 386640, 386642, 386661] [1, 0.978, 1.01, 0.989]
EFlow, [386640, 386640, 386642, 386661] [1, 1.01, 1.01, 1.01]
EFlow weighted, [386640, 386640, 386642, 386661] [1, 1.01, 1.01, 1.01]
EFlow, [386640, 386640, 386642, 386661] [1, 1.18, 1.12, 1.03]
EFlow weighted, [386640, 386640, 386642, 386661] [1, 1.18, 1.12, 1.03]
EFlow, [386640, 386640, 386642, 386661] [1, 0.999, 0.985, 0.991]
EFlow weighted, [386640, 386640, 386642, 386661] [1, 0.999, 0.985, 0.991]
EFlow, [386640, 386640, 386642, 386661] [1, 0.993, 1, 0.992]
EFlow weighted, [386640, 386640, 386642, 386661] [1, 0.993, 1, 0.992]
EFlow, [386640, 386640, 386642, 386661] [1, 3.12, 0.758, 0.953]
EFlow weighted, [386640, 386640, 386642, 386661] [1, 3.12, 0.758, 0.953]
EFlow, [386640, 386640, 386642, 386661] [1, 1, 1, 0.988]
EFlow weighted, [386640, 386640, 386642, 386661] [1, 1, 1, 0.988]
EFlow, [386640, 386640, 386642, 386661] [1, 0.832, 0.94, 0.967]
EFlow weighted, [386640, 386640, 386642, 386661] [1, 0.832, 0.94, 0.967]
EFlow, [386640, 386640, 386642, 386661] [1, 1.02, 0.935, 1.04]
EFlow weighted, [386640, 386640, 386642, 386661] [1, 1.02, 0.935, 1.04]
EFlow, [386640, 386640, 386642, 386661] [1, 0.999, 0.995, 1]
EFlow weighted, [386640, 386640, 386642, 386661] [1, 0.999, 0.995, 1]
EFlow, [386640, 386640, 386642, 386661] [1, 0.993, 1.01, 1]
EFlow weighted, [386640, 386640, 386642, 386661] [1, 0.993, 1.01, 1]
EFlow, [386640, 386640, 386642, 386661] [1, 1.03, 0.968, 1.02]
EFlow weighted, [386640, 386640, 386642, 386661] [1, 1.03, 0.968, 1.02]
EFlow, [386640, 386640, 386642, 386661] [1, 0.938, 0.947, 0.931]
EFlow weighted, [386640, 386640, 386642, 386661] [1, 0.938, 0.947, 0.931]
EFlow, [386640, 386640, 386642, 386661] [1, 0.975, 0.971, 0.989]
EFlow weighted, [386640, 386640, 386642, 386661] [1, 0.975, 0.971, 0.989]
EFlow, [386640, 386640, 386642, 386661] [1, 0.865, 1, 1.42]
EFlow weighted, [386640, 386640, 386642, 386661] [1, 0.865, 1, 1.42]
EFlow, [386640, 386640, 386642, 386661] [1, 1.14, 1.14, 1.13]
EFlow weighted, [386640, 386640, 386642, 386661] [1, 1.14, 1.14, 1.13]
EFlow, [386640, 386640, 386642, 386661] [1, 1, 1.03, 1.05]
EFlow weighted, [386640, 386640, 386642, 386661] [1, 1, 1.03, 1.05]
EFlow, [386640, 386640, 386642, 386661] [1, 1.01, 1.01, 1]
EFlow weighted, [386640, 386640, 386642, 386661] [1, 1.01, 1.01, 1]
EFlow, [386640, 386640, 386642, 386661] [1, 1.05, 1.05, 1.04]
EFlow weighted, [386640, 386640, 386642, 386661] [1, 1.05, 1.05, 1.04]
EFlow, [386640, 386640, 386642, 386661] [1, 0.998, 0.993, 0.989]
EFlow weighted, [386640, 386640, 386642, 386661] [1, 0.998, 0.993, 0.989]
EFlow, [386640, 386640, 386642, 386661] [1, 0.933, 0.887, 0.949]
EFlow weighted, [386640, 386640, 386642, 386661] [1, 0.933, 0.887, 0.949]
EFlow, [386640, 386640, 386642, 386661] [1, 0.99, 1, 1]
EFlow weighted, [386640, 386640, 386642, 386661] [1, 0.99, 1, 1]
EFlow, [386640, 386640, 386642, 386661] [1, 0.989, 0.981, 0.994]
EFlow weighted, [386640, 386640, 386642, 386661] [1, 0.989, 0.981, 0.994]
Bad xstal i$\eta$ = -25 i$\phi$ = 301 ---> Skipping 
EFlow, [386640, 386640, 386642, 386661] [1, 0.975, 0.988, 0.97]
EFlow weighted, [386640, 386640, 386642, 386661] [1, 0.975, 0.988, 0.97]
EFlow, [386640, 386640, 386642, 386661] [1, 1, 1.01, 0.98]
EFlow weighted, [386640, 386640, 386642, 386661] [1, 1, 1.01, 0.98]
EFlow, [386640, 386640, 386642, 386661] [1, 0.823, 0.996, 0.928]
EFlow weighted, [386640, 386640, 386642, 386661] [1, 0.823, 0.996, 0.928]
EFlow, [386640, 386640, 386642, 386661] [1, 0.987, 0.994, 0.982]
EFlow weighted, [386640, 386640, 386642, 386661] [1, 0.987, 0.994, 0.982]
EFlow, [386640, 386640, 386642, 386661] [1, 1.52, 1.32, 1.27]
EFlow weighted, [386640, 386640, 386642, 386661] [1, 1.52, 1.32, 1.27]
EFlow, [386640, 386640, 386642, 386661] [1, 1.04, 1.13, 1.24]
EFlow weighted, [386640, 386640, 386642, 386661] [1, 1.04, 1.13, 1.24]
EFlow, [386640, 386640, 386642, 386661] [1, 0.94, 0.826, 1.05]
EFlow weighted, [386640, 386640, 386642, 386661] [1, 0.94, 0.826, 1.05]
EFlow, [386640, 386640, 386642, 386661] [1, 1.04, 1.02, 1.04]
EFlow weighted, [386640, 386640, 386642, 386661] [1, 1.04, 1.02, 1.04]
EFlow, [386640, 386640, 386642, 386661] [1, 1.01, 1.07, 0.99]
EFlow weighted, [386640, 386640, 386642, 386661] [1, 1.01, 1.07, 0.99]
EFlow, [386640, 386640, 386642, 386661] [1, 1.59, 1.12, 1.11]
EFlow weighted, [386640, 386640, 386642, 386661] [1, 1.58, 1.12, 1.11]
EFlow, [386640, 386640, 386642, 386661] [1, 0.995, 0.995, 0.994]
EFlow weighted, [386640, 386640, 386642, 386661] [1, 0.995, 0.995, 0.994]
EFlow, [386640, 386640, 386642, 386661] [1, 1.01, 1.01, 0.997]
EFlow weighted, [386640, 386640, 386642, 386661] [1, 1.01, 1.01, 0.997]
EFlow, [386640, 386640, 386642, 386661] [1, 0.997, 0.992, 0.999]
EFlow weighted, [386640, 386640, 386642, 386661] [1, 0.997, 0.992, 0.999]
EFlow, [386640, 386640, 386642, 386661] [1, 1.01, 1, 1]
EFlow weighted, [386640, 386640, 386642, 386661] [1, 1.01, 1, 1]
EFlow, [386640, 386640, 386642, 386661] [1, 1.08, 1.03, 1.07]
EFlow weighted, [386640, 386640, 386642, 386661] [1, 1.08, 1.03, 1.07]
EFlow, [386640, 386640, 386642, 386661] [1, 1.02, 1.01, 1.01]
EFlow weighted, [386640, 386640, 386642, 386661] [1, 1.02, 1.01, 1.01]
EFlow, [386640, 386640, 386642, 386661] [1, 1.07, 1.02, 1.1]
EFlow weighted, [386640, 386640, 386642, 386661] [1, 1.07, 1.02, 1.1]
EFlow, [386640, 386640, 386642, 386661] [1, 1.53, 4.25, 1.16]
EFlow weighted, [386640, 386640, 386642, 386661] [1, 1.53, 4.25, 1.16]
EFlow, [386640, 386640, 386642, 386661] [1, 0.992, 0.993, 0.98]
EFlow weighted, [386640, 386640, 386642, 386661] [1, 0.992, 0.993, 0.98]
EFlow, [386640, 386640, 386642, 386661] [1, 1.02, 1.02, 1.03]
EFlow weighted, [386640, 386640, 386642, 386661] [1, 1.02, 1.02, 1.03]
EFlow, [386640, 386640, 386642, 386661] [1, 0.996, 1, 1]
EFlow weighted, [386640, 386640, 386642, 386661] [1, 0.996, 1, 1]
EFlow, [386640, 386640, 386642, 386661] [1, 1.01, 1.01, 1.02]
EFlow weighted, [386640, 386640, 386642, 386661] [1, 1.01, 1.01, 1.02]
EFlow, [386640, 386640, 386642, 386661] [1, 1.01, 0.995, 0.997]
EFlow weighted, [386640, 386640, 386642, 386661] [1, 1.01, 0.995, 0.997]
EFlow, [386640, 386640, 386642, 386661] [1, 1, 1.03, 1.03]
EFlow weighted, [386640, 386640, 386642, 386661] [1, 1, 1.03, 1.03]
EFlow, [386640, 386640, 386642, 386661] [1, 1.08, 1.04, 1.08]
EFlow weighted, [386640, 386640, 386642, 386661] [1, 1.08, 1.04, 1.08]
Bad xstal i$\eta$ = -17 i$\phi$ = 21 ---> Skipping 
EFlow, [386640, 386640, 386642, 386661] [1, 1.06, 0.996, 0.898]
EFlow weighted, [386640, 386640, 386642, 386661] [1, 1.06, 0.996, 0.898]
EFlow, [386640, 386640, 386642, 386661] [1, 0.861, 0.919, 1.04]
EFlow weighted, [386640, 386640, 386642, 386661] [1, 0.861, 0.919, 1.04]
EFlow, [386640, 386640, 386642, 386661] [1, 1, 1, 1.02]
EFlow weighted, [386640, 386640, 386642, 386661] [1, 1, 1, 1.02]
EFlow, [386640, 386640, 386642, 386661] [1, 1.07, 0.947, 0.998]
EFlow weighted, [386640, 386640, 386642, 386661] [1, 1.07, 0.947, 0.998]
EFlow, [386640, 386640, 386642, 386661] [1, 1.01, 1.01, 1.01]
EFlow weighted, [386640, 386640, 386642, 386661] [1, 1.01, 1.01, 1.01]
EFlow, [386640, 386640, 386642, 386661] [1, 0.982, 0.99, 1]
EFlow weighted, [386640, 386640, 386642, 386661] [1, 0.982, 0.99, 1]
EFlow, [386640, 386640, 386642, 386661] [1, 1.01, 1, 1]
EFlow weighted, [386640, 386640, 386642, 386661] [1, 1.01, 1, 1]
EFlow, [386640, 386640, 386642, 386661] [1, 1, 1.01, 0.996]
EFlow weighted, [386640, 386640, 386642, 386661] [1, 1, 1.01, 0.996]
EFlow, [386640, 386640, 386642, 386661] [1, 0.919, 0.976, 0.976]
EFlow weighted, [386640, 386640, 386642, 386661] [1, 0.919, 0.976, 0.976]
EFlow, [386640, 386640, 386642, 386661] [1, 0.945, 0.977, 0.99]
EFlow weighted, [386640, 386640, 386642, 386661] [1, 0.946, 0.977, 0.99]
EFlow, [386640, 386640, 386642, 386661] [1, 0.942, 0.89, 0.972]
EFlow weighted, [386640, 386640, 386642, 386661] [1, 0.942, 0.89, 0.972]
EFlow, [386640, 386640, 386642, 386661] [1, 0.829, 0.817, 0.833]
EFlow weighted, [386640, 386640, 386642, 386661] [1, 0.829, 0.817, 0.833]
EFlow, [386640, 386640, 386642, 386661] [1, 1.03, 1.01, 0.998]
EFlow weighted, [386640, 386640, 386642, 386661] [1, 1.03, 1.01, 0.998]
EFlow, [386640, 386640, 386642, 386661] [1, 1.01, 1.01, 1]
EFlow weighted, [386640, 386640, 386642, 386661] [1, 1.01, 1.01, 1]
EFlow, [386640, 386640, 386642, 386661] [1, 1.01, 0.988, 1.03]
EFlow weighted, [386640, 386640, 386642, 386661] [1, 1.01, 0.988, 1.03]
EFlow, [386640, 386640, 386642, 386661] [1, 0.855, 0.906, 0.97]
EFlow weighted, [386640, 386640, 386642, 386661] [1, 0.855, 0.906, 0.97]
EFlow, [386640, 386640, 386642, 386661] [1, 0.97, 0.773, 1.11]
EFlow weighted, [386640, 386640, 386642, 386661] [1, 0.97, 0.773, 1.11]
EFlow, [386640, 386640, 386642, 386661] [1, 1, 1.03, 1.06]
EFlow weighted, [386640, 386640, 386642, 386661] [1, 1, 1.03, 1.06]
EFlow, [386640, 386640, 386642, 386661] [1, 1.08, 1.02, 0.985]
EFlow weighted, [386640, 386640, 386642, 386661] [1, 1.08, 1.02, 0.985]
EFlow, [386640, 386640, 386642, 386661] [1, 1.01, 1.07, 1.06]
EFlow weighted, [386640, 386640, 386642, 386661] [1, 1.01, 1.07, 1.06]
EFlow, [386640, 386640, 386642, 386661] [1, 0.997, 0.987, 0.985]
EFlow weighted, [386640, 386640, 386642, 386661] [1, 0.997, 0.987, 0.985]
EFlow, [386640, 386640, 386642, 386661] [1, 0.797, 0.886, 0.974]
EFlow weighted, [386640, 386640, 386642, 386661] [1, 0.797, 0.886, 0.974]
EFlow, [386640, 386640, 386642, 386661] [1, 0.996, 1.02, 0.998]
EFlow weighted, [386640, 386640, 386642, 386661] [1, 0.997, 1.02, 0.998]
EFlow, [386640, 386640, 386642, 386661] [1, 0.87, 0.649, 0.8]
EFlow weighted, [386640, 386640, 386642, 386661] [1, 0.87, 0.649, 0.8]
EFlow, [386640, 386640, 386642, 386661] [1, 1.01, 0.982, 1]
EFlow weighted, [386640, 386640, 386642, 386661] [1, 1.01, 0.982, 1]
EFlow, [386640, 386640, 386642, 386661] [1, 0.995, 0.995, 1]
EFlow weighted, [386640, 386640, 386642, 386661] [1, 0.995, 0.995, 1]
EFlow, [386640, 386640, 386642, 386661] [1, 1.12, 1.01, 1.03]
EFlow weighted, [386640, 386640, 386642, 386661] [1, 1.12, 1.01, 1.03]
EFlow, [386640, 386640, 386642, 386661] [1, 0.986, 0.99, 1.02]
EFlow weighted, [386640, 386640, 386642, 386661] [1, 0.986, 0.99, 1.02]
EFlow, [386640, 386640, 386642, 386661] [1, 0.996, 0.994, 0.991]
EFlow weighted, [386640, 386640, 386642, 386661] [1, 0.996, 0.994, 0.991]
EFlow, [386640, 386640, 386642, 386661] [1, 0.981, 1.02, 0.949]
EFlow weighted, [386640, 386640, 386642, 386661] [1, 0.981, 1.02, 0.949]
EFlow, [386640, 386640, 386642, 386661] [1, 1.02, 1.02, 1]
EFlow weighted, [386640, 386640, 386642, 386661] [1, 1.02, 1.02, 1]
EFlow, [386640, 386640, 386642, 386661] [1, 1, 0.989, 1]
EFlow weighted, [386640, 386640, 386642, 386661] [1, 1, 0.989, 1]
EFlow, [386640, 386640, 386642, 386661] [1, 0.879, 0.916, 0.912]
EFlow weighted, [386640, 386640, 386642, 386661] [1, 0.879, 0.916, 0.912]
EFlow, [386640, 386640, 386642, 386661] [1, 1.02, 1.04, 0.938]
EFlow weighted, [386640, 386640, 386642, 386661] [1, 1.02, 1.04, 0.938]
EFlow, [386640, 386640, 386642, 386661] [1, 0.922, 0.879, 0.984]
EFlow weighted, [386640, 386640, 386642, 386661] [1, 0.922, 0.879, 0.984]
EFlow, [386640, 386640, 386642, 386661] [1, 0.992, 0.992, 0.997]
EFlow weighted, [386640, 386640, 386642, 386661] [1, 0.992, 0.992, 0.997]
EFlow, [386640, 386640, 386642, 386661] [1, 0.901, 0.705, 0.865]
EFlow weighted, [386640, 386640, 386642, 386661] [1, 0.901, 0.705, 0.865]
Bad xstal i$\eta$ = -7 i$\phi$ = 221 ---> Skipping 
EFlow, [386640, 386640, 386642, 386661] [1, 1.01, 1, 1]
EFlow weighted, [386640, 386640, 386642, 386661] [1, 1.01, 1, 1]
EFlow, [386640, 386640, 386642, 386661] [1, 0.928, 0.934, 0.987]
EFlow weighted, [386640, 386640, 386642, 386661] [1, 0.928, 0.934, 0.987]
EFlow, [386640, 386640, 386642, 386661] [1, 0.989, 0.982, 0.958]
EFlow weighted, [386640, 386640, 386642, 386661] [1, 0.989, 0.982, 0.958]
EFlow, [386640, 386640, 386642, 386661] [1, 1.01, 1, 1]
EFlow weighted, [386640, 386640, 386642, 386661] [1, 1.01, 1, 1]
EFlow, [386640, 386640, 386642, 386661] [1, 1, 1.03, 0.992]
EFlow weighted, [386640, 386640, 386642, 386661] [1, 1, 1.03, 0.992]
EFlow, [386640, 386640, 386642, 386661] [1, 1.01, 1.01, 1.01]
EFlow weighted, [386640, 386640, 386642, 386661] [1, 1.01, 1.01, 1.01]
EFlow, [386640, 386640, 386642, 386661] [1, 0.952, 0.992, 0.895]
EFlow weighted, [386640, 386640, 386642, 386661] [1, 0.952, 0.992, 0.895]
EFlow, [386640, 386640, 386642, 386661] [1, 1.04, 1.01, 1.08]
EFlow weighted, [386640, 386640, 386642, 386661] [1, 1.04, 1.01, 1.08]
EFlow, [386640, 386640, 386642, 386661] [1, 1.07, 1.04, 1.04]
EFlow weighted, [386640, 386640, 386642, 386661] [1, 1.07, 1.04, 1.04]
EFlow, [386640, 386640, 386642, 386661] [1, 1, 1.01, 1.01]
EFlow weighted, [386640, 386640, 386642, 386661] [1, 1, 1.01, 1.01]
EFlow, [386640, 386640, 386642, 386661] [1, 1.06, 1.1, 1.09]
EFlow weighted, [386640, 386640, 386642, 386661] [1, 1.06, 1.1, 1.09]
EFlow, [386640, 386640, 386642, 386661] [1, 1, 1.01, 0.993]
EFlow weighted, [386640, 386640, 386642, 386661] [1, 1, 1.01, 0.993]
EFlow, [386640, 386640, 386642, 386661] [1, 0.993, 0.997, 0.992]
EFlow weighted, [386640, 386640, 386642, 386661] [1, 0.993, 0.997, 0.992]
EFlow, [386640, 386640, 386642, 386661] [1, 0.994, 1.08, 1.09]
EFlow weighted, [386640, 386640, 386642, 386661] [1, 0.994, 1.08, 1.09]
EFlow, [386640, 386640, 386642, 386661] [1, 1.01, 1.01, 1.01]
EFlow weighted, [386640, 386640, 386642, 386661] [1, 1.01, 1.01, 1.01]
EFlow, [386640, 386640, 386642, 386661] [1, 1, 0.96, 0.981]
EFlow weighted, [386640, 386640, 386642, 386661] [1, 1, 0.96, 0.981]
EFlow, [386640, 386640, 386642, 386661] [1, 0.981, 0.976, 1]
EFlow weighted, [386640, 386640, 386642, 386661] [1, 0.981, 0.976, 1]
EFlow, [386640, 386640, 386642, 386661] [1, 0.997, 0.996, 0.999]
EFlow weighted, [386640, 386640, 386642, 386661] [1, 0.997, 0.996, 0.999]
EFlow, [386640, 386640, 386642, 386661] [1, 1, 1.01, 1.01]
EFlow weighted, [386640, 386640, 386642, 386661] [1, 1, 1.01, 1.01]
Bad xstal i$\eta$ = -1 i$\phi$ = 61 ---> Skipping 
EFlow, [386640, 386640, 386642, 386661] [1, 1.05, 0.991, 0.986]
EFlow weighted, [386640, 386640, 386642, 386661] [1, 1.05, 0.991, 0.986]
EFlow, [386640, 386640, 386642, 386661] [1, 0.958, 0.949, 0.983]
EFlow weighted, [386640, 386640, 386642, 386661] [1, 0.958, 0.949, 0.983]
EFlow, [386640, 386640, 386642, 386661] [1, 0.939, 0.811, 1.01]
EFlow weighted, [386640, 386640, 386642, 386661] [1, 0.939, 0.811, 1.01]
EFlow, [386640, 386640, 386642, 386661] [1, 1.01, 0.987, 1.01]
EFlow weighted, [386640, 386640, 386642, 386661] [1, 1.01, 0.987, 1.01]
EFlow, [386640, 386640, 386642, 386661] [1, 0.995, 1.01, 1.11]
EFlow weighted, [386640, 386640, 386642, 386661] [1, 0.995, 1.01, 1.11]
EFlow, [386640, 386640, 386642, 386661] [1, 1.03, 1.02, 1.01]
EFlow weighted, [386640, 386640, 386642, 386661] [1, 1.03, 1.02, 1.01]
EFlow, [386640, 386640, 386642, 386661] [1, 1.48, 0.733, 0.731]
EFlow weighted, [386640, 386640, 386642, 386661] [1, 1.48, 0.733, 0.731]
EFlow, [386640, 386640, 386642, 386661] [1, 1.01, 0.987, 0.982]
EFlow weighted, [386640, 386640, 386642, 386661] [1, 1.01, 0.987, 0.982]
EFlow, [386640, 386640, 386642, 386661] [1, 0.987, 0.987, 0.986]
EFlow weighted, [386640, 386640, 386642, 386661] [1, 0.987, 0.987, 0.986]
EFlow, [386640, 386640, 386642, 386661] [1, 1, 1.01, 1.02]
EFlow weighted, [386640, 386640, 386642, 386661] [1, 1, 1.01, 1.02]
EFlow, [386640, 386640, 386642, 386661] [1, 0.884, 1.34, 1.76]
EFlow weighted, [386640, 386640, 386642, 386661] [1, 0.884, 1.34, 1.76]
EFlow, [386640, 386640, 386642, 386661] [1, 1.04, 0.956, 0.908]
EFlow weighted, [386640, 386640, 386642, 386661] [1, 1.04, 0.956, 0.908]
EFlow, [386640, 386640, 386642, 386661] [1, 1.01, 1.01, 1.01]
EFlow weighted, [386640, 386640, 386642, 386661] [1, 1.01, 1.01, 1.01]
Bad xstal i$\eta$ = 4 i$\phi$ = 21 ---> Skipping 
EFlow, [386640, 386640, 386642, 386661] [1, 1, 0.996, 0.988]
EFlow weighted, [386640, 386640, 386642, 386661] [1, 1, 0.996, 0.988]
EFlow, [386640, 386640, 386642, 386661] [1, 1, 0.993, 1]
EFlow weighted, [386640, 386640, 386642, 386661] [1, 1, 0.993, 1]
EFlow, [386640, 386640, 386642, 386661] [1, 1.01, 1, 0.998]
EFlow weighted, [386640, 386640, 386642, 386661] [1, 1.01, 1, 0.998]
EFlow, [386640, 386640, 386642, 386661] [1, 0.885, 0.944, 0.98]
EFlow weighted, [386640, 386640, 386642, 386661] [1, 0.885, 0.944, 0.98]
EFlow, [386640, 386640, 386642, 386661] [1, 0.982, 0.993, 1]
EFlow weighted, [386640, 386640, 386642, 386661] [1, 0.982, 0.993, 1]
EFlow, [386640, 386640, 386642, 386661] [1, 1.01, 1.01, 1.01]
EFlow weighted, [386640, 386640, 386642, 386661] [1, 1.01, 1.01, 1.01]
EFlow, [386640, 386640, 386642, 386661] [1, 1.01, 0.994, 1]
EFlow weighted, [386640, 386640, 386642, 386661] [1, 1.01, 0.994, 1]
EFlow, [386640, 386640, 386642, 386661] [1, 1, 0.934, 0.995]
EFlow weighted, [386640, 386640, 386642, 386661] [1, 1, 0.934, 0.995]
EFlow, [386640, 386640, 386642, 386661] [1, 1, 1, 1.01]
EFlow weighted, [386640, 386640, 386642, 386661] [1, 1, 1, 1.01]
EFlow, [386640, 386640, 386642, 386661] [1, 1.01, 1.01, 0.999]
EFlow weighted, [386640, 386640, 386642, 386661] [1, 1.01, 1.01, 0.999]
EFlow, [386640, 386640, 386642, 386661] [1, 0.991, 0.98, 0.988]
EFlow weighted, [386640, 386640, 386642, 386661] [1, 0.991, 0.98, 0.988]
EFlow, [386640, 386640, 386642, 386661] [1, 1.02, 1.02, 1.02]
EFlow weighted, [386640, 386640, 386642, 386661] [1, 1.02, 1.02, 1.02]
EFlow, [386640, 386640, 386642, 386661] [1, 0.99, 1, 1]
EFlow weighted, [386640, 386640, 386642, 386661] [1, 0.99, 1, 1]
EFlow, [386640, 386640, 386642, 386661] [1, 1, 1.02, 1.03]
EFlow weighted, [386640, 386640, 386642, 386661] [1, 1, 1.02, 1.03]
EFlow, [386640, 386640, 386642, 386661] [1, 0.951, 0.937, 1.02]
EFlow weighted, [386640, 386640, 386642, 386661] [1, 0.951, 0.937, 1.02]
EFlow, [386640, 386640, 386642, 386661] [1, 1.01, 0.995, 0.995]
EFlow weighted, [386640, 386640, 386642, 386661] [1, 1.01, 0.995, 0.995]
EFlow, [386640, 386640, 386642, 386661] [1, 0.996, 1, 1.01]
EFlow weighted, [386640, 386640, 386642, 386661] [1, 0.996, 1, 1.01]
EFlow, [386640, 386640, 386642, 386661] [1, 0.994, 0.998, 0.997]
EFlow weighted, [386640, 386640, 386642, 386661] [1, 0.994, 0.998, 0.997]
EFlow, [386640, 386640, 386642, 386661] [1, 1.01, 1, 1.01]
EFlow weighted, [386640, 386640, 386642, 386661] [1, 1.01, 1, 1.01]
EFlow, [386640, 386640, 386642, 386661] [1, 0.988, 0.996, 0.978]
EFlow weighted, [386640, 386640, 386642, 386661] [1, 0.988, 0.996, 0.978]
EFlow, [386640, 386640, 386642, 386661] [1, 1.03, 1.06, 1.02]
EFlow weighted, [386640, 386640, 386642, 386661] [1, 1.03, 1.06, 1.02]
EFlow, [386640, 386640, 386642, 386661] [1, 0.997, 1.01, 1]
EFlow weighted, [386640, 386640, 386642, 386661] [1, 0.997, 1.01, 1]
EFlow, [386640, 386640, 386642, 386661] [1, 0.996, 1, 1]
EFlow weighted, [386640, 386640, 386642, 386661] [1, 0.996, 1, 1]
EFlow, [386640, 386640, 386642, 386661] [1, 0.987, 0.992, 0.993]
EFlow weighted, [386640, 386640, 386642, 386661] [1, 0.987, 0.992, 0.993]
EFlow, [386640, 386640, 386642, 386661] [1, 1.01, 1, 1]
EFlow weighted, [386640, 386640, 386642, 386661] [1, 1.01, 1, 1]
EFlow, [386640, 386640, 386642, 386661] [1, 1.03, 0.991, 1.01]
EFlow weighted, [386640, 386640, 386642, 386661] [1, 1.03, 0.991, 1.01]
EFlow, [386640, 386640, 386642, 386661] [1, 1.01, 1.01, 1.02]
EFlow weighted, [386640, 386640, 386642, 386661] [1, 1.01, 1.01, 1.02]
EFlow, [386640, 386640, 386642, 386661] [1, 0.942, 0.882, 0.99]
EFlow weighted, [386640, 386640, 386642, 386661] [1, 0.942, 0.882, 0.99]
EFlow, [386640, 386640, 386642, 386661] [1, 1, 1, 1]
EFlow weighted, [386640, 386640, 386642, 386661] [1, 1, 1, 1]
EFlow, [386640, 386640, 386642, 386661] [1, 0.986, 0.992, 0.991]
EFlow weighted, [386640, 386640, 386642, 386661] [1, 0.986, 0.992, 0.991]
EFlow, [386640, 386640, 386642, 386661] [1, 0.994, 0.993, 0.983]
EFlow weighted, [386640, 386640, 386642, 386661] [1, 0.994, 0.993, 0.983]
EFlow, [386640, 386640, 386642, 386661] [1, 0.997, 0.995, 1]
EFlow weighted, [386640, 386640, 386642, 386661] [1, 0.997, 0.995, 1]
EFlow, [386640, 386640, 386642, 386661] [1, 1.01, 1.01, 1.01]
EFlow weighted, [386640, 386640, 386642, 386661] [1, 1.01, 1.01, 1.01]
EFlow, [386640, 386640, 386642, 386661] [1, 0.973, 0.953, 1.01]
EFlow weighted, [386640, 386640, 386642, 386661] [1, 0.973, 0.953, 1.01]
EFlow, [386640, 386640, 386642, 386661] [1, 1, 0.99, 0.984]
EFlow weighted, [386640, 386640, 386642, 386661] [1, 1, 0.99, 0.984]
EFlow, [386640, 386640, 386642, 386661] [1, 1.01, 1, 0.965]
EFlow weighted, [386640, 386640, 386642, 386661] [1, 1.01, 1, 0.965]
EFlow, [386640, 386640, 386642, 386661] [1, 1, 1, 1.01]
EFlow weighted, [386640, 386640, 386642, 386661] [1, 1, 1, 1.01]
EFlow, [386640, 386640, 386642, 386661] [1, 0.966, 0.989, 0.977]
EFlow weighted, [386640, 386640, 386642, 386661] [1, 0.966, 0.989, 0.977]
EFlow, [386640, 386640, 386642, 386661] [1, 0.94, 0.929, 1.03]
EFlow weighted, [386640, 386640, 386642, 386661] [1, 0.94, 0.929, 1.03]
EFlow, [386640, 386640, 386642, 386661] [1, 1, 1, 0.987]
EFlow weighted, [386640, 386640, 386642, 386661] [1, 1, 1, 0.987]
EFlow, [386640, 386640, 386642, 386661] [1, 0.982, 0.996, 1.01]
EFlow weighted, [386640, 386640, 386642, 386661] [1, 0.982, 0.996, 1.01]
EFlow, [386640, 386640, 386642, 386661] [1, 1, 0.997, 0.991]
EFlow weighted, [386640, 386640, 386642, 386661] [1, 1, 0.997, 0.991]
EFlow, [386640, 386640, 386642, 386661] [1, 1.01, 1.03, 1.02]
EFlow weighted, [386640, 386640, 386642, 386661] [1, 1.01, 1.03, 1.02]
EFlow, [386640, 386640, 386642, 386661] [1, 1.08, 0.963, 0.94]
EFlow weighted, [386640, 386640, 386642, 386661] [1, 1.08, 0.963, 0.94]
EFlow, [386640, 386640, 386642, 386661] [1, 1.11, 1.09, 1.12]
EFlow weighted, [386640, 386640, 386642, 386661] [1, 1.11, 1.09, 1.12]
EFlow, [386640, 386640, 386642, 386661] [1, 1.05, 0.959, 1.07]
EFlow weighted, [386640, 386640, 386642, 386661] [1, 1.05, 0.959, 1.07]
EFlow, [386640, 386640, 386642, 386661] [1, 0.999, 1.02, 0.989]
EFlow weighted, [386640, 386640, 386642, 386661] [1, 0.999, 1.02, 0.989]
EFlow, [386640, 386640, 386642, 386661] [1, 0.991, 0.985, 0.992]
EFlow weighted, [386640, 386640, 386642, 386661] [1, 0.991, 0.985, 0.992]
EFlow, [386640, 386640, 386642, 386661] [1, 1, 1.01, 1]
EFlow weighted, [386640, 386640, 386642, 386661] [1, 1, 1.01, 1]
EFlow, [386640, 386640, 386642, 386661] [1, 1.01, 0.998, 1.03]
EFlow weighted, [386640, 386640, 386642, 386661] [1, 1.01, 0.998, 1.03]
EFlow, [386640, 386640, 386642, 386661] [1, 1, 1, 0.998]
EFlow weighted, [386640, 386640, 386642, 386661] [1, 1, 1, 0.998]
EFlow, [386640, 386640, 386642, 386661] [1, 0.991, 1, 0.989]
EFlow weighted, [386640, 386640, 386642, 386661] [1, 0.991, 1, 0.989]
EFlow, [386640, 386640, 386642, 386661] [1, 1.02, 1, 0.989]
EFlow weighted, [386640, 386640, 386642, 386661] [1, 1.02, 1, 0.989]
EFlow, [386640, 386640, 386642, 386661] [1, 1.01, 1, 0.985]
EFlow weighted, [386640, 386640, 386642, 386661] [1, 1.01, 1, 0.985]
EFlow, [386640, 386640, 386642, 386661] [1, 1.18, 1.06, 1.15]
EFlow weighted, [386640, 386640, 386642, 386661] [1, 1.18, 1.06, 1.15]
EFlow, [386640, 386640, 386642, 386661] [1, 1.11, 1, 0.954]
EFlow weighted, [386640, 386640, 386642, 386661] [1, 1.11, 1, 0.954]
EFlow, [386640, 386640, 386642, 386661] [1, 1.01, 0.97, 0.987]
EFlow weighted, [386640, 386640, 386642, 386661] [1, 1.01, 0.97, 0.987]
EFlow, [386640, 386640, 386642, 386661] [1, 1.09, 1.05, 0.981]
EFlow weighted, [386640, 386640, 386642, 386661] [1, 1.09, 1.05, 0.981]
EFlow, [386640, 386640, 386642, 386661] [1, 1.01, 0.997, 0.996]
EFlow weighted, [386640, 386640, 386642, 386661] [1, 1.01, 0.997, 0.996]
EFlow, [386640, 386640, 386642, 386661] [1, 1, 1.01, 1]
EFlow weighted, [386640, 386640, 386642, 386661] [1, 1, 1.01, 1]
EFlow, [386640, 386640, 386642, 386661] [1, 0.985, 1.03, 0.979]
EFlow weighted, [386640, 386640, 386642, 386661] [1, 0.985, 1.03, 0.979]
EFlow, [386640, 386640, 386642, 386661] [1, 1.38, 0.652, 0.971]
EFlow weighted, [386640, 386640, 386642, 386661] [1, 1.38, 0.652, 0.971]
EFlow, [386640, 386640, 386642, 386661] [1, 1, 1.03, 1.03]
EFlow weighted, [386640, 386640, 386642, 386661] [1, 1, 1.03, 1.03]
EFlow, [386640, 386640, 386642, 386661] [1, 0.907, 0.94, 1.14]
EFlow weighted, [386640, 386640, 386642, 386661] [1, 0.907, 0.94, 1.14]
EFlow, [386640, 386640, 386642, 386661] [1, 1.03, 1, 1]
EFlow weighted, [386640, 386640, 386642, 386661] [1, 1.03, 1, 1]
EFlow, [386640, 386640, 386642, 386661] [1, 0.992, 1, 0.991]
EFlow weighted, [386640, 386640, 386642, 386661] [1, 0.992, 1, 0.991]
EFlow, [386640, 386640, 386642, 386661] [1, 1.01, 1.01, 0.984]
EFlow weighted, [386640, 386640, 386642, 386661] [1, 1.01, 1.01, 0.984]
EFlow, [386640, 386640, 386642, 386661] [1, 1.02, 1.01, 1.02]
EFlow weighted, [386640, 386640, 386642, 386661] [1, 1.02, 1.01, 1.02]
EFlow, [386640, 386640, 386642, 386661] [1, 1.02, 0.988, 0.998]
EFlow weighted, [386640, 386640, 386642, 386661] [1, 1.02, 0.988, 0.998]
EFlow, [386640, 386640, 386642, 386661] [1, 1, 1.01, 1.01]
EFlow weighted, [386640, 386640, 386642, 386661] [1, 1, 1.01, 1.01]
EFlow, [386640, 386640, 386642, 386661] [1, 1, 0.999, 0.99]
EFlow weighted, [386640, 386640, 386642, 386661] [1, 1, 0.999, 0.99]
EFlow, [386640, 386640, 386642, 386661] [1, 0.99, 0.985, 0.969]
EFlow weighted, [386640, 386640, 386642, 386661] [1, 0.99, 0.985, 0.969]
EFlow, [386640, 386640, 386642, 386661] [1, 0.993, 0.986, 0.985]
EFlow weighted, [386640, 386640, 386642, 386661] [1, 0.993, 0.986, 0.985]
EFlow, [386640, 386640, 386642, 386661] [1, 0.995, 1.03, 1.01]
EFlow weighted, [386640, 386640, 386642, 386661] [1, 0.995, 1.03, 1.01]
EFlow, [386640, 386640, 386642, 386661] [1, 1.02, 1, 1.07]
EFlow weighted, [386640, 386640, 386642, 386661] [1, 1.02, 1, 1.07]
EFlow, [386640, 386640, 386642, 386661] [1, 1.02, 0.997, 0.964]
EFlow weighted, [386640, 386640, 386642, 386661] [1, 1.02, 0.997, 0.964]
EFlow, [386640, 386640, 386642, 386661] [1, 0.994, 1.05, 0.987]
EFlow weighted, [386640, 386640, 386642, 386661] [1, 0.994, 1.05, 0.987]
EFlow, [386640, 386640, 386642, 386661] [1, 0.994, 1, 1.01]
EFlow weighted, [386640, 386640, 386642, 386661] [1, 0.994, 1, 1.01]
EFlow, [386640, 386640, 386642, 386661] [1, 0.998, 1.01, 0.99]
EFlow weighted, [386640, 386640, 386642, 386661] [1, 0.998, 1.01, 0.99]
EFlow, [386640, 386640, 386642, 386661] [1, 1.02, 1.02, 1.01]
EFlow weighted, [386640, 386640, 386642, 386661] [1, 1.02, 1.02, 1.01]
EFlow, [386640, 386640, 386642, 386661] [1, 0.787, 0.927, 0.253]
EFlow weighted, [386640, 386640, 386642, 386661] [1, 0.787, 0.927, 0.253]
EFlow, [386640, 386640, 386642, 386661] [1, 0.94, 0.823, 0.87]
EFlow weighted, [386640, 386640, 386642, 386661] [1, 0.94, 0.823, 0.87]
EFlow, [386640, 386640, 386642, 386661] [1, 1.01, 1.01, 1.02]
EFlow weighted, [386640, 386640, 386642, 386661] [1, 1.01, 1.01, 1.02]
EFlow, [386640, 386640, 386642, 386661] [1, 0.995, 0.999, 0.999]
EFlow weighted, [386640, 386640, 386642, 386661] [1, 0.995, 0.999, 0.999]
EFlow, [386640, 386640, 386642, 386661] [1, 0.97, 0.977, 1]
EFlow weighted, [386640, 386640, 386642, 386661] [1, 0.97, 0.977, 1]
EFlow, [386640, 386640, 386642, 386661] [1, 0.986, 0.986, 0.995]
EFlow weighted, [386640, 386640, 386642, 386661] [1, 0.986, 0.986, 0.995]
EFlow, [386640, 386640, 386642, 386661] [1, 0.99, 0.981, 0.897]
EFlow weighted, [386640, 386640, 386642, 386661] [1, 0.99, 0.981, 0.897]
EFlow, [386640, 386640, 386642, 386661] [1, 1, 0.999, 0.984]
EFlow weighted, [386640, 386640, 386642, 386661] [1, 1, 0.999, 0.984]
EFlow, [386640, 386640, 386642, 386661] [1, 0.999, 0.994, 0.979]
EFlow weighted, [386640, 386640, 386642, 386661] [1, 0.999, 0.994, 0.979]
EFlow, [386640, 386640, 386642, 386661] [1, 0.981, 1.01, 0.987]
EFlow weighted, [386640, 386640, 386642, 386661] [1, 0.981, 1.01, 0.987]
EFlow, [386640, 386640, 386642, 386661] [1, 0.998, 0.999, 0.995]
EFlow weighted, [386640, 386640, 386642, 386661] [1, 0.998, 0.999, 0.995]
EFlow, [386640, 386640, 386642, 386661] [1, 0.991, 0.995, 0.977]
EFlow weighted, [386640, 386640, 386642, 386661] [1, 0.991, 0.995, 0.977]
EFlow, [386640, 386640, 386642, 386661] [1, 1, 0.992, 1]
EFlow weighted, [386640, 386640, 386642, 386661] [1, 1, 0.992, 1]
EFlow, [386640, 386640, 386642, 386661] [1, 1.04, 0.985, 1.1]
EFlow weighted, [386640, 386640, 386642, 386661] [1, 1.04, 0.985, 1.1]
EFlow, [386640, 386640, 386642, 386661] [1, 1.01, 1.02, 1]
EFlow weighted, [386640, 386640, 386642, 386661] [1, 1.01, 1.02, 1]
EFlow, [386640, 386640, 386642, 386661] [1, 1, 0.959, 0.984]
EFlow weighted, [386640, 386640, 386642, 386661] [1, 1, 0.959, 0.984]
EFlow, [386640, 386640, 386642, 386661] [1, 1.12, 1.23, 0.805]
EFlow weighted, [386640, 386640, 386642, 386661] [1, 1.12, 1.23, 0.805]
EFlow, [386640, 386640, 386642, 386661] [1, 1.09, 1.13, 1.04]
EFlow weighted, [386640, 386640, 386642, 386661] [1, 1.09, 1.13, 1.04]
EFlow, [386640, 386640, 386642, 386661] [1, 0.928, 1.01, 0.925]
EFlow weighted, [386640, 386640, 386642, 386661] [1, 0.928, 1.01, 0.925]
EFlow, [386640, 386640, 386642, 386661] [1, 0.944, 0.962, 0.989]
EFlow weighted, [386640, 386640, 386642, 386661] [1, 0.944, 0.962, 0.989]
EFlow, [386640, 386640, 386642, 386661] [1, 0.964, 1.03, 1.01]
EFlow weighted, [386640, 386640, 386642, 386661] [1, 0.964, 1.03, 1.01]
EFlow, [386640, 386640, 386642, 386661] [1, 0.993, 0.992, 0.991]
EFlow weighted, [386640, 386640, 386642, 386661] [1, 0.993, 0.992, 0.991]
EFlow, [386640, 386640, 386642, 386661] [1, 0.995, 1, 1.01]
EFlow weighted, [386640, 386640, 386642, 386661] [1, 0.995, 1, 1.01]
EFlow, [386640, 386640, 386642, 386661] [1, 0.997, 1, 0.998]
EFlow weighted, [386640, 386640, 386642, 386661] [1, 0.997, 1, 0.998]
EFlow, [386640, 386640, 386642, 386661] [1, 1.01, 0.995, 0.988]
EFlow weighted, [386640, 386640, 386642, 386661] [1, 1.01, 0.995, 0.988]
EFlow, [386640, 386640, 386642, 386661] [1, 1.01, 1, 0.993]
EFlow weighted, [386640, 386640, 386642, 386661] [1, 1.01, 1, 0.993]
EFlow, [386640, 386640, 386642, 386661] [1, 1, 1.01, 1.01]
EFlow weighted, [386640, 386640, 386642, 386661] [1, 1, 1.01, 1.01]
EFlow, [386640, 386640, 386642, 386661] [1, 0.999, 1.01, 0.987]
EFlow weighted, [386640, 386640, 386642, 386661] [1, 0.999, 1.01, 0.987]
EFlow, [386640, 386640, 386642, 386661] [1, 0.998, 0.993, 1.03]
EFlow weighted, [386640, 386640, 386642, 386661] [1, 0.998, 0.993, 1.03]
EFlow, [386640, 386640, 386642, 386661] [1, 0.999, 1.01, 1.01]
EFlow weighted, [386640, 386640, 386642, 386661] [1, 0.999, 1.01, 1.01]
EFlow, [386640, 386640, 386642, 386661] [1, 1.11, 1.01, 1.04]
EFlow weighted, [386640, 386640, 386642, 386661] [1, 1.11, 1.01, 1.04]
EFlow, [386640, 386640, 386642, 386661] [1, 0.945, 0.94, 0.943]
EFlow weighted, [386640, 386640, 386642, 386661] [1, 0.945, 0.94, 0.943]
EFlow, [386640, 386640, 386642, 386661] [1, 0.97, 0.976, 0.976]
EFlow weighted, [386640, 386640, 386642, 386661] [1, 0.97, 0.976, 0.976]
EFlow, [386640, 386640, 386642, 386661] [1, 1.03, 1.01, 1.04]
EFlow weighted, [386640, 386640, 386642, 386661] [1, 1.03, 1.01, 1.04]
EFlow, [386640, 386640, 386642, 386661] [1, 0.91, 0.912, 0.96]
EFlow weighted, [386640, 386640, 386642, 386661] [1, 0.91, 0.912, 0.96]
EFlow, [386640, 386640, 386642, 386661] [1, 1.06, 1.09, 1.11]
EFlow weighted, [386640, 386640, 386642, 386661] [1, 1.06, 1.09, 1.11]
EFlow, [386640, 386640, 386642, 386661] [1, 0.912, 0.907, 0.912]
EFlow weighted, [386640, 386640, 386642, 386661] [1, 0.912, 0.907, 0.912]
EFlow, [386640, 386640, 386642, 386661] [1, 1.01, 1.01, 1.01]
EFlow weighted, [386640, 386640, 386642, 386661] [1, 1.01, 1.01, 1.01]
EFlow, [386640, 386640, 386642, 386661] [1, 0.989, 0.984, 0.994]
EFlow weighted, [386640, 386640, 386642, 386661] [1, 0.989, 0.984, 0.994]
EFlow, [386640, 386640, 386642, 386661] [1, 0.996, 1, 0.995]
EFlow weighted, [386640, 386640, 386642, 386661] [1, 0.996, 1, 0.995]
EFlow, [386640, 386640, 386642, 386661] [1, 1, 1, 0.995]
EFlow weighted, [386640, 386640, 386642, 386661] [1, 1, 1, 0.995]
EFlow, [386640, 386640, 386642, 386661] [1, 0.998, 0.996, 1]
EFlow weighted, [386640, 386640, 386642, 386661] [1, 0.998, 0.996, 1]
EFlow, [386640, 386640, 386642, 386661] [1, 0.988, 0.992, 1.06]
EFlow weighted, [386640, 386640, 386642, 386661] [1, 0.988, 0.992, 1.06]
EFlow, [386640, 386640, 386642, 386661] [1, 0.995, 1.02, 1.03]
EFlow weighted, [386640, 386640, 386642, 386661] [1, 0.995, 1.02, 1.03]
EFlow, [386640, 386640, 386642, 386661] [1, 1, 0.987, 1]
EFlow weighted, [386640, 386640, 386642, 386661] [1, 1, 0.987, 1]
EFlow, [386640, 386640, 386642, 386661] [1, 0.985, 0.998, 0.996]
EFlow weighted, [386640, 386640, 386642, 386661] [1, 0.985, 0.998, 0.996]
EFlow, [386640, 386640, 386642, 386661] [1, 0.98, 0.895, 0.866]
EFlow weighted, [386640, 386640, 386642, 386661] [1, 0.98, 0.895, 0.866]
EFlow, [386640, 386640, 386642, 386661] [1, 1.04, 1.06, 1.06]
EFlow weighted, [386640, 386640, 386642, 386661] [1, 1.04, 1.06, 1.06]
EFlow, [386640, 386640, 386642, 386661] [1, 1, 1.01, 1.01]
EFlow weighted, [386640, 386640, 386642, 386661] [1, 1, 1.01, 1.01]
EFlow, [386640, 386640, 386642, 386661] [1, 0.983, 1, 1.02]
EFlow weighted, [386640, 386640, 386642, 386661] [1, 0.983, 1, 1.02]
EFlow, [386640, 386640, 386642, 386661] [1, 1, 1.01, 1.02]
EFlow weighted, [386640, 386640, 386642, 386661] [1, 1, 1.01, 1.02]
EFlow, [386640, 386640, 386642, 386661] [1, 0.988, 1, 0.991]
EFlow weighted, [386640, 386640, 386642, 386661] [1, 0.988, 1, 0.991]
EFlow, [386640, 386640, 386642, 386661] [1, 1, 0.969, 0.867]
EFlow weighted, [386640, 386640, 386642, 386661] [1, 1, 0.969, 0.867]
EFlow, [386640, 386640, 386642, 386661] [1, 0.907, 0.946, 0.916]
EFlow weighted, [386640, 386640, 386642, 386661] [1, 0.907, 0.946, 0.916]
EFlow, [386640, 386640, 386642, 386661] [1, 0.946, 0.645, 1.09]
EFlow weighted, [386640, 386640, 386642, 386661] [1, 0.946, 0.645, 1.09]
EFlow, [386640, 386640, 386642, 386661] [1, 0.989, 0.996, 1.02]
EFlow weighted, [386640, 386640, 386642, 386661] [1, 0.989, 0.996, 1.02]
EFlow, [386640, 386640, 386642, 386661] [1, 0.943, 1.03, 1.15]
EFlow weighted, [386640, 386640, 386642, 386661] [1, 0.944, 1.03, 1.15]
EFlow, [386640, 386640, 386642, 386661] [1, 0.994, 0.991, 0.986]
EFlow weighted, [386640, 386640, 386642, 386661] [1, 0.994, 0.991, 0.986]
EFlow, [386640, 386640, 386642, 386661] [1, 0.99, 1, 1.02]
EFlow weighted, [386640, 386640, 386642, 386661] [1, 0.99, 1, 1.02]
EFlow, [386640, 386640, 386642, 386661] [1, 0.803, 0.979, 0.972]
EFlow weighted, [386640, 386640, 386642, 386661] [1, 0.803, 0.979, 0.972]
EFlow, [386640, 386640, 386642, 386661] [1, 1, 0.997, 1.06]
EFlow weighted, [386640, 386640, 386642, 386661] [1, 1, 0.997, 1.06]
EFlow, [386640, 386640, 386642, 386661] [1, 1.02, 1.01, 1.01]
EFlow weighted, [386640, 386640, 386642, 386661] [1, 1.02, 1.01, 1.01]
EFlow, [386640, 386640, 386642, 386661] [1, 1, 1.02, 1.01]
EFlow weighted, [386640, 386640, 386642, 386661] [1, 1, 1.02, 1.01]
EFlow, [386640, 386640, 386642, 386661] [1, 1.01, 0.992, 0.978]
EFlow weighted, [386640, 386640, 386642, 386661] [1, 1.01, 0.992, 0.978]
EFlow, [386640, 386640, 386642, 386661] [1, 1.02, 1.01, 1.03]
EFlow weighted, [386640, 386640, 386642, 386661] [1, 1.02, 1.01, 1.03]
EFlow, [386640, 386640, 386642, 386661] [1, 1.01, 1.01, 0.993]
EFlow weighted, [386640, 386640, 386642, 386661] [1, 1.01, 1.01, 0.993]
EFlow, [386640, 386640, 386642, 386661] [1, 1.01, 0.998, 1.01]
EFlow weighted, [386640, 386640, 386642, 386661] [1, 1.01, 0.998, 1.01]
EFlow, [386640, 386640, 386642, 386661] [1, 1.07, 1.04, 1.02]
EFlow weighted, [386640, 386640, 386642, 386661] [1, 1.07, 1.04, 1.02]
EFlow, [386640, 386640, 386642, 386661] [1, 1.05, 1.07, 1.03]
EFlow weighted, [386640, 386640, 386642, 386661] [1, 1.05, 1.07, 1.03]
EFlow, [386640, 386640, 386642, 386661] [1, 0.991, 1.05, 1]
EFlow weighted, [386640, 386640, 386642, 386661] [1, 0.991, 1.05, 1]
EFlow, [386640, 386640, 386642, 386661] [1, 0.999, 1.09, 1.03]
EFlow weighted, [386640, 386640, 386642, 386661] [1, 0.999, 1.09, 1.03]
EFlow, [386640, 386640, 386642, 386661] [1, 1.02, 1.08, 1.02]
EFlow weighted, [386640, 386640, 386642, 386661] [1, 1.02, 1.08, 1.02]
EFlow, [386640, 386640, 386642, 386661] [1, 1.05, 1.03, 1.04]
EFlow weighted, [386640, 386640, 386642, 386661] [1, 1.05, 1.03, 1.04]
EFlow, [386640, 386640, 386642, 386661] [1, 1.08, 1.08, 1.03]
EFlow weighted, [386640, 386640, 386642, 386661] [1, 1.08, 1.08, 1.03]
EFlow, [386640, 386640, 386642, 386661] [1, 1.01, 0.993, 1.06]
EFlow weighted, [386640, 386640, 386642, 386661] [1, 1.01, 0.993, 1.06]
EFlow, [386640, 386640, 386642, 386661] [1, 0.998, 0.995, 0.993]
EFlow weighted, [386640, 386640, 386642, 386661] [1, 0.998, 0.995, 0.993]
EFlow, [386640, 386640, 386642, 386661] [1, 0.995, 1, 0.999]
EFlow weighted, [386640, 386640, 386642, 386661] [1, 0.995, 1, 0.999]
EFlow, [386640, 386640, 386642, 386661] [1, 0.999, 1, 1.01]
EFlow weighted, [386640, 386640, 386642, 386661] [1, 0.999, 1, 1.01]
EFlow, [386640, 386640, 386642, 386661] [1, 1.01, 1.04, 1.05]
EFlow weighted, [386640, 386640, 386642, 386661] [1, 1.01, 1.04, 1.05]
EFlow, [386640, 386640, 386642, 386661] [1, 1, 0.996, 1.01]
EFlow weighted, [386640, 386640, 386642, 386661] [1, 1, 0.996, 1.01]
EFlow, [386640, 386640, 386642, 386661] [1, 1.01, 0.968, 1.11]
EFlow weighted, [386640, 386640, 386642, 386661] [1, 1.01, 0.968, 1.11]
EFlow, [386640, 386640, 386642, 386661] [1, 0.998, 1.01, 0.982]
EFlow weighted, [386640, 386640, 386642, 386661] [1, 0.998, 1.01, 0.982]
EFlow, [386640, 386640, 386642, 386661] [1, 1, 1, 1]
EFlow weighted, [386640, 386640, 386642, 386661] [1, 1, 1, 1]
EFlow, [386640, 386640, 386642, 386661] [1, 0.978, 1.01, 0.992]
EFlow weighted, [386640, 386640, 386642, 386661] [1, 0.978, 1.01, 0.992]
EFlow, [386640, 386640, 386642, 386661] [1, 1, 1.01, 1]
EFlow weighted, [386640, 386640, 386642, 386661] [1, 1, 1.01, 1]
EFlow, [386640, 386640, 386642, 386661] [1, 0.816, 0.947, 1.05]
EFlow weighted, [386640, 386640, 386642, 386661] [1, 0.816, 0.947, 1.05]
EFlow, [386640, 386640, 386642, 386661] [1, 1.01, 0.995, 1.01]
EFlow weighted, [386640, 386640, 386642, 386661] [1, 1.01, 0.995, 1.01]
EFlow, [386640, 386640, 386642, 386661] [1, 0.953, 0.946, 1.04]
EFlow weighted, [386640, 386640, 386642, 386661] [1, 0.953, 0.946, 1.04]
EFlow, [386640, 386640, 386642, 386661] [1, 0.969, 1, 0.983]
EFlow weighted, [386640, 386640, 386642, 386661] [1, 0.969, 1, 0.983]
EFlow, [386640, 386640, 386642, 386661] [1, 1.02, 1.03, 1.01]
EFlow weighted, [386640, 386640, 386642, 386661] [1, 1.02, 1.03, 1.01]
EFlow, [386640, 386640, 386642, 386661] [1, 0.931, 1, 0.902]
EFlow weighted, [386640, 386640, 386642, 386661] [1, 0.931, 1, 0.902]
EFlow, [386640, 386640, 386642, 386661] [1, 1.03, 0.919, 1.01]
EFlow weighted, [386640, 386640, 386642, 386661] [1, 1.03, 0.919, 1.01]
EFlow, [386640, 386640, 386642, 386661] [1, 0.969, 0.991, 1.01]
EFlow weighted, [386640, 386640, 386642, 386661] [1, 0.969, 0.991, 1.01]
EFlow, [386640, 386640, 386642, 386661] [1, 1.07, 1.02, 1]
EFlow weighted, [386640, 386640, 386642, 386661] [1, 1.07, 1.02, 1]
EFlow, [386640, 386640, 386642, 386661] [1, 0.99, 1, 0.995]
EFlow weighted, [386640, 386640, 386642, 386661] [1, 0.99, 1, 0.995]
EFlow, [386640, 386640, 386642, 386661] [1, 0.851, 0.967, 0.976]
EFlow weighted, [386640, 386640, 386642, 386661] [1, 0.851, 0.967, 0.976]
EFlow, [386640, 386640, 386642, 386661] [1, 0.992, 1.01, 0.98]
EFlow weighted, [386640, 386640, 386642, 386661] [1, 0.992, 1.01, 0.98]
EFlow, [386640, 386640, 386642, 386661] [1, 1.01, 1.02, 1.04]
EFlow weighted, [386640, 386640, 386642, 386661] [1, 1.01, 1.02, 1.04]
EFlow, [386640, 386640, 386642, 386661] [1, 1, 1, 1]
EFlow weighted, [386640, 386640, 386642, 386661] [1, 1, 1, 1]
EFlow, [386640, 386640, 386642, 386661] [1, 1, 1.01, 1]
EFlow weighted, [386640, 386640, 386642, 386661] [1, 1, 1.01, 1]
EFlow, [386640, 386640, 386642, 386661] [1, 0.984, 0.996, 0.986]
EFlow weighted, [386640, 386640, 386642, 386661] [1, 0.984, 0.996, 0.986]
EFlow, [386640, 386640, 386642, 386661] [1, 1.04, 1.06, 1.01]
EFlow weighted, [386640, 386640, 386642, 386661] [1, 1.04, 1.06, 1.01]
EFlow, [386640, 386640, 386642, 386661] [1, 0.981, 1.05, 1.02]
EFlow weighted, [386640, 386640, 386642, 386661] [1, 0.981, 1.05, 1.02]
EFlow, [386640, 386640, 386642, 386661] [1, 1.05, 1.02, 1.12]
EFlow weighted, [386640, 386640, 386642, 386661] [1, 1.05, 1.02, 1.12]
EFlow, [386640, 386640, 386642, 386661] [1, 0.975, 0.951, 0.967]
EFlow weighted, [386640, 386640, 386642, 386661] [1, 0.975, 0.951, 0.967]
EFlow, [386640, 386640, 386642, 386661] [1, 1.01, 0.989, 1.01]
EFlow weighted, [386640, 386640, 386642, 386661] [1, 1.01, 0.989, 1.01]
EFlow, [386640, 386640, 386642, 386661] [1, 1.03, 1.01, 0.942]
EFlow weighted, [386640, 386640, 386642, 386661] [1, 1.03, 1.01, 0.942]
EFlow, [386640, 386640, 386642, 386661] [1, 0.973, 1.03, 0.95]
EFlow weighted, [386640, 386640, 386642, 386661] [1, 0.973, 1.03, 0.95]
EFlow, [386640, 386640, 386642, 386661] [1, 1.08, 1.1, 1.13]
EFlow weighted, [386640, 386640, 386642, 386661] [1, 1.08, 1.1, 1.13]
EFlow, [386640, 386640, 386642, 386661] [1, 1.05, 1.04, 1.07]
EFlow weighted, [386640, 386640, 386642, 386661] [1, 1.05, 1.04, 1.07]
EFlow, [386640, 386640, 386642, 386661] [1, 0.956, 1.02, 0.761]
EFlow weighted, [386640, 386640, 386642, 386661] [1, 0.956, 1.02, 0.761]
EFlow, [386640, 386640, 386642, 386661] [1, 1.02, 1.07, 1.03]
EFlow weighted, [386640, 386640, 386642, 386661] [1, 1.02, 1.07, 1.03]
EFlow, [386640, 386640, 386642, 386661] [1, 0.966, 1, 1.01]
EFlow weighted, [386640, 386640, 386642, 386661] [1, 0.966, 1, 1.01]
EFlow, [386640, 386640, 386642, 386661] [1, 1.03, 1.05, 1.07]
EFlow weighted, [386640, 386640, 386642, 386661] [1, 1.03, 1.05, 1.07]
EFlow, [386640, 386640, 386642, 386661] [1, 0.995, 0.993, 0.981]
EFlow weighted, [386640, 386640, 386642, 386661] [1, 0.995, 0.993, 0.981]
EFlow, [386640, 386640, 386642, 386661] [1, 1.01, 1, 1.02]
EFlow weighted, [386640, 386640, 386642, 386661] [1, 1.01, 1, 1.02]
EFlow, [386640, 386640, 386642, 386661] [1, 1.02, 1.01, 1.02]
EFlow weighted, [386640, 386640, 386642, 386661] [1, 1.02, 1.01, 1.02]
EFlow, [386640, 386640, 386642, 386661] [1, 0.986, 0.997, 0.984]
EFlow weighted, [386640, 386640, 386642, 386661] [1, 0.986, 0.997, 0.984]
EFlow, [386640, 386640, 386642, 386661] [1, 1.11, 1.07, 1.11]
EFlow weighted, [386640, 386640, 386642, 386661] [1, 1.11, 1.07, 1.11]
EFlow, [386640, 386640, 386642, 386661] [1, 0.984, 0.99, 0.997]
EFlow weighted, [386640, 386640, 386642, 386661] [1, 0.984, 0.99, 0.997]
EFlow, [386640, 386640, 386642, 386661] [1, 0.885, 0.989, 0.949]
EFlow weighted, [386640, 386640, 386642, 386661] [1, 0.885, 0.989, 0.949]
EFlow, [386640, 386640, 386642, 386661] [1, 0.995, 0.993, 0.996]
EFlow weighted, [386640, 386640, 386642, 386661] [1, 0.995, 0.993, 0.996]
EFlow, [386640, 386640, 386642, 386661] [1, 0.979, 1.04, 1.02]
EFlow weighted, [386640, 386640, 386642, 386661] [1, 0.979, 1.04, 1.02]
EFlow, [386640, 386640, 386642, 386661] [1, 0.99, 0.996, 0.987]
EFlow weighted, [386640, 386640, 386642, 386661] [1, 0.99, 0.996, 0.987]
EFlow, [386640, 386640, 386642, 386661] [1, 1.03, 1.01, 1.04]
EFlow weighted, [386640, 386640, 386642, 386661] [1, 1.03, 1.01, 1.04]
EFlow, [386640, 386640, 386642, 386661] [1, 0.996, 0.937, 0.993]
EFlow weighted, [386640, 386640, 386642, 386661] [1, 0.996, 0.937, 0.993]
EFlow, [386640, 386640, 386642, 386661] [1, 1.01, 1.03, 1.01]
EFlow weighted, [386640, 386640, 386642, 386661] [1, 1.01, 1.03, 1.01]
EFlow, [386640, 386640, 386642, 386661] [1, 0.993, 0.988, 0.985]
EFlow weighted, [386640, 386640, 386642, 386661] [1, 0.993, 0.988, 0.985]
EFlow, [386640, 386640, 386642, 386661] [1, 0.935, 0.95, 0.941]
EFlow weighted, [386640, 386640, 386642, 386661] [1, 0.935, 0.95, 0.941]
EFlow, [386640, 386640, 386642, 386661] [1, 0.998, 0.977, 1]
EFlow weighted, [386640, 386640, 386642, 386661] [1, 0.998, 0.977, 1]
EFlow, [386640, 386640, 386642, 386661] [1, 1, 1.01, 1.08]
EFlow weighted, [386640, 386640, 386642, 386661] [1, 1, 1.01, 1.08]
EFlow, [386640, 386640, 386642, 386661] [1, 1.03, 0.97, 1.04]
EFlow weighted, [386640, 386640, 386642, 386661] [1, 1.03, 0.97, 1.04]
EFlow, [386640, 386640, 386642, 386661] [1, 1, 1.02, 1.01]
EFlow weighted, [386640, 386640, 386642, 386661] [1, 1, 1.02, 1.01]
EFlow, [386640, 386640, 386642, 386661] [1, 1.05, 1.05, 1.01]
EFlow weighted, [386640, 386640, 386642, 386661] [1, 1.05, 1.05, 1.01]
Bad xstal i$\eta$ = 63 i$\phi$ = 281 ---> Skipping 
EFlow, [386640, 386640, 386642, 386661] [1, 1, 1, 0.998]
EFlow weighted, [386640, 386640, 386642, 386661] [1, 1, 1, 0.998]
EFlow, [386640, 386640, 386642, 386661] [1, 1.05, 1.05, 1.05]
EFlow weighted, [386640, 386640, 386642, 386661] [1, 1.05, 1.05, 1.05]
EFlow, [386640, 386640, 386642, 386661] [1, 1.08, 1.01, 1.02]
EFlow weighted, [386640, 386640, 386642, 386661] [1, 1.08, 1.01, 1.02]
EFlow, [386640, 386640, 386642, 386661] [1, 1.03, 1.04, 1.02]
EFlow weighted, [386640, 386640, 386642, 386661] [1, 1.03, 1.04, 1.02]
EFlow, [386640, 386640, 386642, 386661] [1, 1.01, 1.01, 0.999]
EFlow weighted, [386640, 386640, 386642, 386661] [1, 1.01, 1.01, 0.999]
EFlow, [386640, 386640, 386642, 386661] [1, 0.996, 0.986, 0.98]
EFlow weighted, [386640, 386640, 386642, 386661] [1, 0.996, 0.986, 0.98]
EFlow, [386640, 386640, 386642, 386661] [1, 0.904, 1.06, 1.02]
EFlow weighted, [386640, 386640, 386642, 386661] [1, 0.904, 1.06, 1.02]
EFlow, [386640, 386640, 386642, 386661] [1, 0.999, 1, 0.982]
EFlow weighted, [386640, 386640, 386642, 386661] [1, 0.999, 1, 0.982]
EFlow, [386640, 386640, 386642, 386661] [1, 1.02, 1.02, 0.993]
EFlow weighted, [386640, 386640, 386642, 386661] [1, 1.02, 1.02, 0.993]
EFlow, [386640, 386640, 386642, 386661] [1, 1, 1.01, 1.01]
EFlow weighted, [386640, 386640, 386642, 386661] [1, 1, 1.01, 1.01]
EFlow, [386640, 386640, 386642, 386661] [1, 1.22, 1.17, 1.19]
EFlow weighted, [386640, 386640, 386642, 386661] [1, 1.22, 1.17, 1.19]
EFlow, [386640, 386640, 386642, 386661] [1, 0.972, 1.01, 0.975]
EFlow weighted, [386640, 386640, 386642, 386661] [1, 0.972, 1.01, 0.975]
EFlow, [386640, 386640, 386642, 386661] [1, 0.989, 1, 0.992]
EFlow weighted, [386640, 386640, 386642, 386661] [1, 0.989, 1, 0.992]
EFlow, [386640, 386640, 386642, 386661] [1, 1.02, 1.02, 1.05]
EFlow weighted, [386640, 386640, 386642, 386661] [1, 1.02, 1.02, 1.05]
EFlow, [386640, 386640, 386642, 386661] [1, 0.965, 1, 0.932]
EFlow weighted, [386640, 386640, 386642, 386661] [1, 0.965, 1, 0.932]
EFlow, [386640, 386640, 386642, 386661] [1, 1.09, 1.06, 1.07]
EFlow weighted, [386640, 386640, 386642, 386661] [1, 1.09, 1.06, 1.07]
EFlow, [386640, 386640, 386642, 386661] [1, 1, 0.996, 1.02]
EFlow weighted, [386640, 386640, 386642, 386661] [1, 1, 0.996, 1.02]
EFlow, [386640, 386640, 386642, 386661] [1, 1.02, 1.01, 1.01]
EFlow weighted, [386640, 386640, 386642, 386661] [1, 1.02, 1.01, 1.01]
EFlow, [386640, 386640, 386642, 386661] [1, 0.988, 0.962, 0.971]
EFlow weighted, [386640, 386640, 386642, 386661] [1, 0.988, 0.962, 0.971]
EFlow, [386640, 386640, 386642, 386661] [1, 0.995, 1.01, 1.01]
EFlow weighted, [386640, 386640, 386642, 386661] [1, 0.995, 1.01, 1.01]
EFlow, [386640, 386640, 386642, 386661] [1, 1.03, 1.03, 1.05]
EFlow weighted, [386640, 386640, 386642, 386661] [1, 1.03, 1.03, 1.05]
EFlow, [386640, 386640, 386642, 386661] [1, 0.967, 1.02, 0.993]
EFlow weighted, [386640, 386640, 386642, 386661] [1, 0.967, 1.02, 0.993]
EFlow, [386640, 386640, 386642, 386661] [1, 0.939, 0.866, 0.751]
EFlow weighted, [386640, 386640, 386642, 386661] [1, 0.939, 0.866, 0.751]
EFlow, [386640, 386640, 386642, 386661] [1, 0.995, 0.988, 1]
EFlow weighted, [386640, 386640, 386642, 386661] [1, 0.995, 0.988, 1]
EFlow, [386640, 386640, 386642, 386661] [1, 1.01, 1, 0.959]
EFlow weighted, [386640, 386640, 386642, 386661] [1, 1.01, 1, 0.959]
EFlow, [386640, 386640, 386642, 386661] [1, 1.03, 1.02, 1.04]
EFlow weighted, [386640, 386640, 386642, 386661] [1, 1.03, 1.02, 1.04]
EFlow, [386640, 386640, 386642, 386661] [1, 1.14, 1.06, 1.11]
EFlow weighted, [386640, 386640, 386642, 386661] [1, 1.14, 1.06, 1.11]
EFlow, [386640, 386640, 386642, 386661] [1, 1.03, 1.01, 0.999]
EFlow weighted, [386640, 386640, 386642, 386661] [1, 1.03, 1.01, 0.999]
EFlow, [386640, 386640, 386642, 386661] [1, 0.954, 0.888, 1.08]
EFlow weighted, [386640, 386640, 386642, 386661] [1, 0.954, 0.888, 1.08]
EFlow, [386640, 386640, 386642, 386661] [1, 0.989, 0.923, 1.02]
EFlow weighted, [386640, 386640, 386642, 386661] [1, 0.989, 0.923, 1.02]
EFlow, [386640, 386640, 386642, 386661] [1, 0.948, 0.993, 1.01]
EFlow weighted, [386640, 386640, 386642, 386661] [1, 0.948, 0.993, 1.01]
EFlow, [386640, 386640, 386642, 386661] [1, 1.01, 0.992, 0.995]
EFlow weighted, [386640, 386640, 386642, 386661] [1, 1.01, 0.992, 0.995]
Bad xstal i$\eta$ = 72 i$\phi$ = 341 ---> Skipping 
EFlow, [386640, 386640, 386642, 386661] [1, 1.01, 1.01, 1.01]
EFlow weighted, [386640, 386640, 386642, 386661] [1, 1.01, 1.01, 1.01]
EFlow, [386640, 386640, 386642, 386661] [1, 1.02, 0.976, 1.07]
EFlow weighted, [386640, 386640, 386642, 386661] [1, 1.02, 0.976, 1.07]
EFlow, [386640, 386640, 386642, 386661] [1, 0.991, 0.988, 0.987]
EFlow weighted, [386640, 386640, 386642, 386661] [1, 0.991, 0.988, 0.987]
EFlow, [386640, 386640, 386642, 386661] [1, 0.996, 0.987, 0.969]
EFlow weighted, [386640, 386640, 386642, 386661] [1, 0.996, 0.987, 0.969]
EFlow, [386640, 386640, 386642, 386661] [1, 0.978, 0.968, 0.984]
EFlow weighted, [386640, 386640, 386642, 386661] [1, 0.978, 0.968, 0.984]
EFlow, [386640, 386640, 386642, 386661] [1, 1.06, 1.11, 1.06]
EFlow weighted, [386640, 386640, 386642, 386661] [1, 1.06, 1.11, 1.06]
EFlow, [386640, 386640, 386642, 386661] [1, 1.04, 1.06, 1.09]
EFlow weighted, [386640, 386640, 386642, 386661] [1, 1.04, 1.06, 1.09]
EFlow, [386640, 386640, 386642, 386661] [1, 1.08, 1.08, 1.14]
EFlow weighted, [386640, 386640, 386642, 386661] [1, 1.08, 1.08, 1.14]
EFlow, [386640, 386640, 386642, 386661] [1, 0.996, 1.01, 1.04]
EFlow weighted, [386640, 386640, 386642, 386661] [1, 0.996, 1.01, 1.04]
EFlow, [386640, 386640, 386642, 386661] [1, 1.02, 1.01, 1.01]
EFlow weighted, [386640, 386640, 386642, 386661] [1, 1.02, 1.01, 1.01]
EFlow, [386640, 386640, 386642, 386661] [1, 1.06, 1.09, 1.05]
EFlow weighted, [386640, 386640, 386642, 386661] [1, 1.06, 1.09, 1.05]
EFlow, [386640, 386640, 386642, 386661] [1, 1.02, 0.972, 1.04]
EFlow weighted, [386640, 386640, 386642, 386661] [1, 1.02, 0.972, 1.04]
EFlow, [386640, 386640, 386642, 386661] [1, 0.996, 1, 1.02]
EFlow weighted, [386640, 386640, 386642, 386661] [1, 0.996, 1, 1.02]
EFlow, [386640, 386640, 386642, 386661] [1, 0.939, 1, 1.03]
EFlow weighted, [386640, 386640, 386642, 386661] [1, 0.94, 1, 1.03]
EFlow, [386640, 386640, 386642, 386661] [1, 1.02, 1.02, 1.04]
EFlow weighted, [386640, 386640, 386642, 386661] [1, 1.02, 1.02, 1.04]
EFlow, [386640, 386640, 386642, 386661] [1, 0.982, 1.01, 0.937]
EFlow weighted, [386640, 386640, 386642, 386661] [1, 0.982, 1.01, 0.937]
EFlow, [386640, 386640, 386642, 386661] [1, 0.962, 1.01, 0.984]
EFlow weighted, [386640, 386640, 386642, 386661] [1, 0.962, 1.01, 0.984]
EFlow, [386640, 386640, 386642, 386661] [1, 1.07, 0.944, 1.09]
EFlow weighted, [386640, 386640, 386642, 386661] [1, 1.07, 0.944, 1.09]
EFlow, [386640, 386640, 386642, 386661] [1, 0.956, 0.943, 0.933]
EFlow weighted, [386640, 386640, 386642, 386661] [1, 0.956, 0.943, 0.933]
EFlow, [386640, 386640, 386642, 386661] [1, 0.963, 0.934, 0.919]
EFlow weighted, [386640, 386640, 386642, 386661] [1, 0.963, 0.934, 0.919]
EFlow, [386640, 386640, 386642, 386661] [1, 0.991, 1, 0.999]
EFlow weighted, [386640, 386640, 386642, 386661] [1, 0.991, 1, 0.999]
EFlow, [386640, 386640, 386642, 386661] [1, 1, 1, 0.999]
EFlow weighted, [386640, 386640, 386642, 386661] [1, 1, 1, 0.999]
EFlow, [386640, 386640, 386642, 386661] [1, 1.04, 0.989, 0.996]
EFlow weighted, [386640, 386640, 386642, 386661] [1, 1.04, 0.989, 0.996]
EFlow, [386640, 386640, 386642, 386661] [1, 1.04, 1.03, 1.03]
EFlow weighted, [386640, 386640, 386642, 386661] [1, 1.04, 1.03, 1.03]
EFlow, [386640, 386640, 386642, 386661] [1, 0.982, 1.01, 0.986]
EFlow weighted, [386640, 386640, 386642, 386661] [1, 0.982, 1.01, 0.986]
EFlow, [386640, 386640, 386642, 386661] [1, 0.987, 1, 0.998]
EFlow weighted, [386640, 386640, 386642, 386661] [1, 0.987, 1, 0.998]
EFlow, [386640, 386640, 386642, 386661] [1, 1.03, 1.03, 1.05]
EFlow weighted, [386640, 386640, 386642, 386661] [1, 1.03, 1.03, 1.05]
EFlow, [386640, 386640, 386642, 386661] [1, 1.05, 1.06, 1.04]
EFlow weighted, [386640, 386640, 386642, 386661] [1, 1.05, 1.06, 1.04]
EFlow, [386640, 386640, 386642, 386661] [1, 1.03, 0.989, 1.02]
EFlow weighted, [386640, 386640, 386642, 386661] [1, 1.03, 0.989, 1.02]
EFlow, [386640, 386640, 386642, 386661] [1, 1, 1.02, 1.01]
EFlow weighted, [386640, 386640, 386642, 386661] [1, 1, 1.02, 1.01]
EFlow, [386640, 386640, 386642, 386661] [1, 0.982, 0.977, 0.985]
EFlow weighted, [386640, 386640, 386642, 386661] [1, 0.982, 0.977, 0.985]
EFlow, [386640, 386640, 386642, 386661] [1, 1.01, 0.997, 1.01]
EFlow weighted, [386640, 386640, 386642, 386661] [1, 1.01, 0.997, 1.01]
EFlow, [386640, 386640, 386642, 386661] [1, 0.977, 0.988, 0.981]
EFlow weighted, [386640, 386640, 386642, 386661] [1, 0.977, 0.988, 0.982]
EFlow, [386640, 386640, 386642, 386661] [1, 1.03, 0.971, 0.989]
EFlow weighted, [386640, 386640, 386642, 386661] [1, 1.03, 0.971, 0.989]
EFlow, [386640, 386640, 386642, 386661] [1, 0.986, 0.997, 1.01]
EFlow weighted, [386640, 386640, 386642, 386661] [1, 0.986, 0.997, 1.01]
EFlow, [386640, 386640, 386642, 386661] [1, 0.961, 1.01, 0.978]
EFlow weighted, [386640, 386640, 386642, 386661] [1, 0.961, 1.01, 0.978]
EFlow, [386640, 386640, 386642, 386661] [1, 1.01, 0.979, 1.01]
EFlow weighted, [386640, 386640, 386642, 386661] [1, 1.01, 0.979, 1.01]
EFlow, [386640, 386640, 386642, 386661] [1, 1.03, 1, 1.07]
EFlow weighted, [386640, 386640, 386642, 386661] [1, 1.03, 1, 1.07]
EFlow, [386640, 386640, 386642, 386661] [1, 1.08, 1.05, 1.07]
EFlow weighted, [386640, 386640, 386642, 386661] [1, 1.08, 1.05, 1.07]
EFlow, [386640, 386640, 386642, 386661] [1, 1, 0.997, 0.996]
EFlow weighted, [386640, 386640, 386642, 386661] [1, 1, 0.997, 0.996]
EFlow, [386640, 386640, 386642, 386661] [1, 0.97, 1, 0.966]
EFlow weighted, [386640, 386640, 386642, 386661] [1, 0.97, 1, 0.966]
EFlow, [386640, 386640, 386642, 386661] [1, 1.03, 1.03, 1.01]
EFlow weighted, [386640, 386640, 386642, 386661] [1, 1.03, 1.03, 1.01]
EFlow, [386640, 386640, 386642, 386661] [1, 0.966, 0.987, 0.97]
EFlow weighted, [386640, 386640, 386642, 386661] [1, 0.966, 0.987, 0.97]
EFlow, [386640, 386640, 386642, 386661] [1, 1.03, 1.03, 1.04]
EFlow weighted, [386640, 386640, 386642, 386661] [1, 1.03, 1.03, 1.04]
EFlow, [386640, 386640, 386642, 386661] [1, 1.02, 1.02, 0.991]
EFlow weighted, [386640, 386640, 386642, 386661] [1, 1.02, 1.02, 0.991]
EFlow, [386640, 386640, 386642, 386661] [1, 1.19, 1.05, 1.02]
EFlow weighted, [386640, 386640, 386642, 386661] [1, 1.19, 1.05, 1.02]
... saved plots and now ICs in eflow_plots/10207/
Job status done with output:  /eos/cms/store/group/dpg_ecal/alca_ecalcalib/automation_replays/test_eflow_v1/eflow-phisym/eflow//386640/file.txt,/eos/cms/store/group/dpg_ecal/alca_ecalcalib/automation_replays/test_eflow_v1/eflow-phisym/eflow//386640/file.txt,/eos/cms/store/group/dpg_ecal/alca_ecalcalib/automation_replays/test_eflow_v1/eflow-phisym/eflow//386642/file.txt,/eos/cms/store/group/dpg_ecal/alca_ecalcalib/automation_replays/test_eflow_v1/eflow-phisym/eflow//386661/file.txt
