Received arguments: 10962911.0 0 eflow-phisym ecal_rerecos_v1 386640,386642,386661,386668 10207 eflow_plots/10207/ /eos/cms/store/group/dpg_ecal/alca_ecalcalib/automation_replays/test_eflow_v1/eflow-phisym/eflow/ test_eflow_v1 386668
1
eflow-phisym
2
ecal_rerecos_v1
3
test_eflow_v1
10962911.0
0
Some automation commands require a valid grid proxy.
For those the automation T0 API is expecting a path to a VOMS proxy file in the X509_USER_PROXY environment variable which is set to '/pool/condor/dir_407820/grid_proxy.x509'.
If needed, the file itself can be generated e.g. with 'voms-proxy-init --voms cms --out $HOME/grid_proxy.x509' before starting the singularity container.
Alternatively, the X509_USER_PROXY environment variable can be set to point to an existing VOMS proxy file.
/eos/user/p/pbackes/gitlab/ecalphisym
run numbers: ['386640', '386642', '386661', '386668']
Running on these files: 
{'PhiSym': ['/eos/cms/store/group/dpg_ecal/alca_ecalcalib/automation_replays/test_eflow_v1/phisym/386640/phisymreco_nano_3.root', '/eos/cms/store/group/dpg_ecal/alca_ecalcalib/automation_replays/test_eflow_v1/phisym/386640/phisymreco_nano_14.root', '/eos/cms/store/group/dpg_ecal/alca_ecalcalib/automation_replays/test_eflow_v1/phisym/386640/phisymreco_nano_5.root', '/eos/cms/store/group/dpg_ecal/alca_ecalcalib/automation_replays/test_eflow_v1/phisym/386642/phisymreco_nano_5.root', '/eos/cms/store/group/dpg_ecal/alca_ecalcalib/automation_replays/test_eflow_v1/phisym/386661/phisymreco_nano_1.root', '/eos/cms/store/group/dpg_ecal/alca_ecalcalib/automation_replays/test_eflow_v1/phisym/386640/phisymreco_nano_7.root', '/eos/cms/store/group/dpg_ecal/alca_ecalcalib/automation_replays/test_eflow_v1/phisym/386640/phisymreco_nano_15.root', '/eos/cms/store/group/dpg_ecal/alca_ecalcalib/automation_replays/test_eflow_v1/phisym/386642/phisymreco_nano_4.root', '/eos/cms/store/group/dpg_ecal/alca_ecalcalib/automation_replays/test_eflow_v1/phisym/386642/phisymreco_nano_10.root', '/eos/cms/store/group/dpg_ecal/alca_ecalcalib/automation_replays/test_eflow_v1/phisym/386642/phisymreco_nano_1.root', '/eos/cms/store/group/dpg_ecal/alca_ecalcalib/automation_replays/test_eflow_v1/phisym/386661/phisymreco_nano_2.root', '/eos/cms/store/group/dpg_ecal/alca_ecalcalib/automation_replays/test_eflow_v1/phisym/386661/phisymreco_nano_0.root', '/eos/cms/store/group/dpg_ecal/alca_ecalcalib/automation_replays/test_eflow_v1/phisym/386640/phisymreco_nano_4.root', '/eos/cms/store/group/dpg_ecal/alca_ecalcalib/automation_replays/test_eflow_v1/phisym/386640/phisymreco_nano_9.root', '/eos/cms/store/group/dpg_ecal/alca_ecalcalib/automation_replays/test_eflow_v1/phisym/386640/phisymreco_nano_13.root', '/eos/cms/store/group/dpg_ecal/alca_ecalcalib/automation_replays/test_eflow_v1/phisym/386661/phisymreco_nano_3.root', '/eos/cms/store/group/dpg_ecal/alca_ecalcalib/automation_replays/test_eflow_v1/phisym/386642/phisymreco_nano_6.root', '/eos/cms/store/group/dpg_ecal/alca_ecalcalib/automation_replays/test_eflow_v1/phisym/386640/phisymreco_nano_21.root', '/eos/cms/store/group/dpg_ecal/alca_ecalcalib/automation_replays/test_eflow_v1/phisym/386642/phisymreco_nano_7.root', '/eos/cms/store/group/dpg_ecal/alca_ecalcalib/automation_replays/test_eflow_v1/phisym/386640/phisymreco_nano_11.root', '/eos/cms/store/group/dpg_ecal/alca_ecalcalib/automation_replays/test_eflow_v1/phisym/386642/phisymreco_nano_9.root', '/eos/cms/store/group/dpg_ecal/alca_ecalcalib/automation_replays/test_eflow_v1/phisym/386640/phisymreco_nano_8.root', '/eos/cms/store/group/dpg_ecal/alca_ecalcalib/automation_replays/test_eflow_v1/phisym/386668/phisymreco_nano_1.root', '/eos/cms/store/group/dpg_ecal/alca_ecalcalib/automation_replays/test_eflow_v1/phisym/386640/phisymreco_nano_2.root', '/eos/cms/store/group/dpg_ecal/alca_ecalcalib/automation_replays/test_eflow_v1/phisym/386640/phisymreco_nano_1.root', '/eos/cms/store/group/dpg_ecal/alca_ecalcalib/automation_replays/test_eflow_v1/phisym/386640/phisymreco_nano_12.root', '/eos/cms/store/group/dpg_ecal/alca_ecalcalib/automation_replays/test_eflow_v1/phisym/386640/phisymreco_nano_16.root', '/eos/cms/store/group/dpg_ecal/alca_ecalcalib/automation_replays/test_eflow_v1/phisym/386642/phisymreco_nano_3.root', '/eos/cms/store/group/dpg_ecal/alca_ecalcalib/automation_replays/test_eflow_v1/phisym/386668/phisymreco_nano_0.root', '/eos/cms/store/group/dpg_ecal/alca_ecalcalib/automation_replays/test_eflow_v1/phisym/386642/phisymreco_nano_0.root', '/eos/cms/store/group/dpg_ecal/alca_ecalcalib/automation_replays/test_eflow_v1/phisym/386640/phisymreco_nano_0.root', '/eos/cms/store/group/dpg_ecal/alca_ecalcalib/automation_replays/test_eflow_v1/phisym/386640/phisymreco_nano_17.root', '/eos/cms/store/group/dpg_ecal/alca_ecalcalib/automation_replays/test_eflow_v1/phisym/386642/phisymreco_nano_8.root', '/eos/cms/store/group/dpg_ecal/alca_ecalcalib/automation_replays/test_eflow_v1/phisym/386640/phisymreco_nano_18.root', '/eos/cms/store/group/dpg_ecal/alca_ecalcalib/automation_replays/test_eflow_v1/phisym/386640/phisymreco_nano_22.root', '/eos/cms/store/group/dpg_ecal/alca_ecalcalib/automation_replays/test_eflow_v1/phisym/386661/phisymreco_nano_4.root', '/eos/cms/store/group/dpg_ecal/alca_ecalcalib/automation_replays/test_eflow_v1/phisym/386642/phisymreco_nano_2.root', '/eos/cms/store/group/dpg_ecal/alca_ecalcalib/automation_replays/test_eflow_v1/phisym/386640/phisymreco_nano_19.root', '/eos/cms/store/group/dpg_ecal/alca_ecalcalib/automation_replays/test_eflow_v1/phisym/386642/phisymreco_nano_11.root', '/eos/cms/store/group/dpg_ecal/alca_ecalcalib/automation_replays/test_eflow_v1/phisym/386640/phisymreco_nano_6.root', '/eos/cms/store/group/dpg_ecal/alca_ecalcalib/automation_replays/test_eflow_v1/phisym/386640/phisymreco_nano_20.root', '/eos/cms/store/group/dpg_ecal/alca_ecalcalib/automation_replays/test_eflow_v1/phisym/386640/phisymreco_nano_10.root']}
  Preprocessing 100% ━━━━━━━━━━━━━━━ 42/42 [ 0:00:01 < 0:00:00 | 32.2   file/s ]
Merging (local) 100% ━━━━━━━━━━━━━━━ 42/42 [ 0:00:01 < 0:00:00 | ?    merges/s ]
     Processing 100% ━━━━━━━━━━━━━━━━ 42/42 [ 0:00:08 < 0:00:00 | 5.2  chunk/s ]
Merging (local) 100% ━━━━━━━━━━━━━━━━ 42/42 [ 0:00:08 < 0:00:00 | ?   merges/s ]
runs:  [386640, 386640, 386642, 386640, 386640, ... 386661, 386642, 386640, 386640, 386640]
[0, 0, 0, 0, 0, 0, 0, 0, 0, 0, 0, 0, 0, 0, ... 0, 0, 0, 0, 0, 0, 0, 0, 0, 0, 0, 0, 0] <class 'awkward.highlevel.Array'>
[0, 1, 3, 4, 7, 8, 10, 11, 14, 16, 17, ... 32, 33, 35, 38, 5, 26, 30, 31, 37, 13, 19] [386640, 386640, 386642, 386640, 386640, ... 386661, 386642, 386640, 386640, 386640]
42
Fill: 0 and Run: 386640 
 hits here 7390980 -- n hits before 0
Fill: 0 and Run: 386640 
 hits here 20296116 -- n hits before 7390980
Fill: 0 and Run: 386640 
 hits here 17129098 -- n hits before 27687096
Fill: 0 and Run: 386640 
 hits here 65510387 -- n hits before 44816194
Fill: 0 and Run: 386640 
 hits here 57908341 -- n hits before 110326581
Fill: 0 and Run: 386640 
 hits here 14013307 -- n hits before 168234922
Fill: 0 and Run: 386640 
 hits here 17929274 -- n hits before 182248229
Fill: 0 and Run: 386640 
 hits here 19830464 -- n hits before 200177503
Fill: 0 and Run: 386640 
 hits here 11780805 -- n hits before 220007967
Fill: 0 and Run: 386640 
 hits here 15699223 -- n hits before 231788772
Fill: 0 and Run: 386640 
 hits here 11217595 -- n hits before 247487995
Fill: 0 and Run: 386640 
 hits here 7354874 -- n hits before 258705590
Fill: 0 and Run: 386640 
 hits here 13089285 -- n hits before 266060464
Fill: 0 and Run: 386640 
 hits here 16529736 -- n hits before 279149749
Fill: 0 and Run: 386640 
 hits here 7373576 -- n hits before 295679485
Fill: 0 and Run: 386640 
 hits here 7372335 -- n hits before 303053061
Fill: 0 and Run: 386640 
 hits here 16784982 -- n hits before 310425396
Fill: 0 and Run: 386640 
 hits here 12837680 -- n hits before 327210378
Fill: 0 and Run: 386640 
 hits here 16047587 -- n hits before 340048058
Fill: 0 and Run: 386640 
 hits here 7359861 -- n hits before 356095645
Fill: 0 and Run: 386640 
 hits here 14535989 -- n hits before 363455506
Fill: 0 and Run: 386640 
 hits here 19205178 -- n hits before 377991495
Fill: 0 and Run: 386640 
 hits here 18052506 -- n hits before 397196673
Fill: 0 and Run: 386642 
 hits here 60050050 -- n hits before 415249179
Fill: 0 and Run: 386642 
 hits here 23681833 -- n hits before 475299229
Fill: 0 and Run: 386642 
 hits here 31372924 -- n hits before 498981062
Fill: 0 and Run: 386642 
 hits here 36409737 -- n hits before 530353986
Fill: 0 and Run: 386642 
 hits here 107995593 -- n hits before 566763723
Fill: 0 and Run: 386642 
 hits here 155393858 -- n hits before 674759316
Fill: 0 and Run: 386642 
 hits here 42312524 -- n hits before 830153174
Fill: 0 and Run: 386642 
 hits here 30188200 -- n hits before 872465698
Fill: 0 and Run: 386642 
 hits here 88390875 -- n hits before 902653898
Fill: 0 and Run: 386642 
 hits here 38708106 -- n hits before 991044773
Fill: 0 and Run: 386642 
 hits here 50331307 -- n hits before 1029752879
Fill: 0 and Run: 386642 
 hits here 50361135 -- n hits before 1080084186
Fill: 0 and Run: 386661 
 hits here 10304373 -- n hits before 1130445321
Fill: 0 and Run: 386661 
 hits here 52848014 -- n hits before 1140749694
Fill: 0 and Run: 386661 
 hits here 11202180 -- n hits before 1193597708
Fill: 0 and Run: 386661 
 hits here 13670235 -- n hits before 1204799888
Fill: 0 and Run: 386661 
 hits here 62282658 -- n hits before 1218470123
Fill: 0 and Run: 386668 
 hits here 59797051 -- n hits before 1280752781
Fill: 0 and Run: 386668 
 hits here 59603524 -- n hits before 1340549832
So this are the counts merged:: 
   [0] 
 These are the final splits: 
  [42]
Diveded in 1 IOVS --> These are the initial runs of the IOV: 
 [386640]
Diveded in 1 IOVS --> These are the final runs of the IOV: 
 [386668]
Number of hits for each IOV:  [[1400153356]]
Deriving the corrections...
Eta Weight file provided ...  {'/eos/cms/store/group/dpg_ecal/alca_ecalcalib/automation_replays/test_eflow_v1/eflow-phisym/reweighting/10207/386668/weights.txt', '/eos/cms/store/group/dpg_ecal/alca_ecalcalib/automation_replays/test_eflow_v1/eflow-phisym/reweighting/10206/386661/weights.txt', '/eos/cms/store/group/dpg_ecal/alca_ecalcalib/automation_replays/test_eflow_v1/eflow-phisym/reweighting/10204/386640_386642/weights.txt'}
... saving histories in .root ...
How much does it takes??? 0.1437084674835205 s
... plotting ...
EFlow, [386640] [1]
EFlow weighted, [386640] [1]
EFlow, [386640] [1]
EFlow weighted, [386640] [1]
EFlow, [386640] [1]
EFlow weighted, [386640] [1]
EFlow, [386640] [1]
EFlow weighted, [386640] [1]
EFlow, [386640] [1]
EFlow weighted, [386640] [1]
EFlow, [386640] [1]
EFlow weighted, [386640] [1]
EFlow, [386640] [1]
EFlow weighted, [386640] [1]
EFlow, [386640] [1]
EFlow weighted, [386640] [1]
EFlow, [386640] [1]
EFlow weighted, [386640] [1]
EFlow, [386640] [1]
EFlow weighted, [386640] [1]
EFlow, [386640] [1]
EFlow weighted, [386640] [1]
EFlow, [386640] [1]
EFlow weighted, [386640] [1]
EFlow, [386640] [1]
EFlow weighted, [386640] [1]
EFlow, [386640] [1]
EFlow weighted, [386640] [1]
EFlow, [386640] [1]
EFlow weighted, [386640] [1]
EFlow, [386640] [1]
EFlow weighted, [386640] [1]
EFlow, [386640] [1]
EFlow weighted, [386640] [1]
EFlow, [386640] [1]
EFlow weighted, [386640] [1]
EFlow, [386640] [1]
EFlow weighted, [386640] [1]
EFlow, [386640] [1]
EFlow weighted, [386640] [1]
EFlow, [386640] [1]
EFlow weighted, [386640] [1]
EFlow, [386640] [1]
EFlow weighted, [386640] [1]
EFlow, [386640] [1]
EFlow weighted, [386640] [1]
EFlow, [386640] [1]
EFlow weighted, [386640] [1]
EFlow, [386640] [1]
EFlow weighted, [386640] [1]
EFlow, [386640] [1]
EFlow weighted, [386640] [1]
EFlow, [386640] [1]
EFlow weighted, [386640] [1]
EFlow, [386640] [1]
EFlow weighted, [386640] [1]
EFlow, [386640] [1]
EFlow weighted, [386640] [1]
EFlow, [386640] [1]
EFlow weighted, [386640] [1]
EFlow, [386640] [1]
EFlow weighted, [386640] [1]
EFlow, [386640] [1]
EFlow weighted, [386640] [1]
EFlow, [386640] [1]
EFlow weighted, [386640] [1]
EFlow, [386640] [1]
EFlow weighted, [386640] [1]
EFlow, [386640] [1]
EFlow weighted, [386640] [1]
EFlow, [386640] [1]
EFlow weighted, [386640] [1]
EFlow, [386640] [1]
EFlow weighted, [386640] [1]
EFlow, [386640] [1]
EFlow weighted, [386640] [1]
EFlow, [386640] [1]
EFlow weighted, [386640] [1]
EFlow, [386640] [1]
EFlow weighted, [386640] [1]
EFlow, [386640] [1]
EFlow weighted, [386640] [1]
EFlow, [386640] [1]
EFlow weighted, [386640] [1]
EFlow, [386640] [1]
EFlow weighted, [386640] [1]
EFlow, [386640] [1]
EFlow weighted, [386640] [1]
EFlow, [386640] [1]
EFlow weighted, [386640] [1]
EFlow, [386640] [1]
EFlow weighted, [386640] [1]
EFlow, [386640] [1]
EFlow weighted, [386640] [1]
EFlow, [386640] [1]
EFlow weighted, [386640] [1]
EFlow, [386640] [1]
EFlow weighted, [386640] [1]
EFlow, [386640] [1]
EFlow weighted, [386640] [1]
EFlow, [386640] [1]
EFlow weighted, [386640] [1]
EFlow, [386640] [1]
EFlow weighted, [386640] [1]
EFlow, [386640] [1]
EFlow weighted, [386640] [1]
EFlow, [386640] [1]
EFlow weighted, [386640] [1]
EFlow, [386640] [1]
EFlow weighted, [386640] [1]
EFlow, [386640] [1]
EFlow weighted, [386640] [1]
EFlow, [386640] [1]
EFlow weighted, [386640] [1]
Bad xstal i$\eta$ = -70 i$\phi$ = 301 ---> Skipping 
EFlow, [386640] [1]
EFlow weighted, [386640] [1]
EFlow, [386640] [1]
EFlow weighted, [386640] [1]
Bad xstal i$\eta$ = -69 i$\phi$ = 241 ---> Skipping 
EFlow, [386640] [1]
EFlow weighted, [386640] [1]
EFlow, [386640] [1]
EFlow weighted, [386640] [1]
EFlow, [386640] [1]
EFlow weighted, [386640] [1]
EFlow, [386640] [1]
EFlow weighted, [386640] [1]
EFlow, [386640] [1]
EFlow weighted, [386640] [1]
EFlow, [386640] [1]
EFlow weighted, [386640] [1]
EFlow, [386640] [1]
EFlow weighted, [386640] [1]
EFlow, [386640] [1]
EFlow weighted, [386640] [1]
EFlow, [386640] [1]
EFlow weighted, [386640] [1]
EFlow, [386640] [1]
EFlow weighted, [386640] [1]
EFlow, [386640] [1]
EFlow weighted, [386640] [1]
EFlow, [386640] [1]
EFlow weighted, [386640] [1]
EFlow, [386640] [1]
EFlow weighted, [386640] [1]
Bad xstal i$\eta$ = -65 i$\phi$ = 201 ---> Skipping 
EFlow, [386640] [1]
EFlow weighted, [386640] [1]
EFlow, [386640] [1]
EFlow weighted, [386640] [1]
EFlow, [386640] [1]
EFlow weighted, [386640] [1]
EFlow, [386640] [1]
EFlow weighted, [386640] [1]
EFlow, [386640] [1]
EFlow weighted, [386640] [1]
EFlow, [386640] [1]
EFlow weighted, [386640] [1]
EFlow, [386640] [1]
EFlow weighted, [386640] [1]
EFlow, [386640] [1]
EFlow weighted, [386640] [1]
EFlow, [386640] [1]
EFlow weighted, [386640] [1]
EFlow, [386640] [1]
EFlow weighted, [386640] [1]
EFlow, [386640] [1]
EFlow weighted, [386640] [1]
EFlow, [386640] [1]
EFlow weighted, [386640] [1]
EFlow, [386640] [1]
EFlow weighted, [386640] [1]
EFlow, [386640] [1]
EFlow weighted, [386640] [1]
EFlow, [386640] [1]
EFlow weighted, [386640] [1]
EFlow, [386640] [1]
EFlow weighted, [386640] [1]
EFlow, [386640] [1]
EFlow weighted, [386640] [1]
EFlow, [386640] [1]
EFlow weighted, [386640] [1]
EFlow, [386640] [1]
EFlow weighted, [386640] [1]
EFlow, [386640] [1]
EFlow weighted, [386640] [1]
EFlow, [386640] [1]
EFlow weighted, [386640] [1]
EFlow, [386640] [1]
EFlow weighted, [386640] [1]
EFlow, [386640] [1]
EFlow weighted, [386640] [1]
EFlow, [386640] [1]
EFlow weighted, [386640] [1]
EFlow, [386640] [1]
EFlow weighted, [386640] [1]
EFlow, [386640] [1]
EFlow weighted, [386640] [1]
EFlow, [386640] [1]
EFlow weighted, [386640] [1]
EFlow, [386640] [1]
EFlow weighted, [386640] [1]
EFlow, [386640] [1]
EFlow weighted, [386640] [1]
EFlow, [386640] [1]
EFlow weighted, [386640] [1]
EFlow, [386640] [1]
EFlow weighted, [386640] [1]
EFlow, [386640] [1]
EFlow weighted, [386640] [1]
EFlow, [386640] [1]
EFlow weighted, [386640] [1]
EFlow, [386640] [1]
EFlow weighted, [386640] [1]
EFlow, [386640] [1]
EFlow weighted, [386640] [1]
EFlow, [386640] [1]
EFlow weighted, [386640] [1]
EFlow, [386640] [1]
EFlow weighted, [386640] [1]
EFlow, [386640] [1]
EFlow weighted, [386640] [1]
EFlow, [386640] [1]
EFlow weighted, [386640] [1]
EFlow, [386640] [1]
EFlow weighted, [386640] [1]
EFlow, [386640] [1]
EFlow weighted, [386640] [1]
EFlow, [386640] [1]
EFlow weighted, [386640] [1]
Bad xstal i$\eta$ = -53 i$\phi$ = 181 ---> Skipping 
EFlow, [386640] [1]
EFlow weighted, [386640] [1]
EFlow, [386640] [1]
EFlow weighted, [386640] [1]
EFlow, [386640] [1]
EFlow weighted, [386640] [1]
EFlow, [386640] [1]
EFlow weighted, [386640] [1]
EFlow, [386640] [1]
EFlow weighted, [386640] [1]
EFlow, [386640] [1]
EFlow weighted, [386640] [1]
EFlow, [386640] [1]
EFlow weighted, [386640] [1]
EFlow, [386640] [1]
EFlow weighted, [386640] [1]
EFlow, [386640] [1]
EFlow weighted, [386640] [1]
EFlow, [386640] [1]
EFlow weighted, [386640] [1]
EFlow, [386640] [1]
EFlow weighted, [386640] [1]
EFlow, [386640] [1]
EFlow weighted, [386640] [1]
EFlow, [386640] [1]
EFlow weighted, [386640] [1]
EFlow, [386640] [1]
EFlow weighted, [386640] [1]
EFlow, [386640] [1]
EFlow weighted, [386640] [1]
EFlow, [386640] [1]
EFlow weighted, [386640] [1]
EFlow, [386640] [1]
EFlow weighted, [386640] [1]
EFlow, [386640] [1]
EFlow weighted, [386640] [1]
EFlow, [386640] [1]
EFlow weighted, [386640] [1]
EFlow, [386640] [1]
EFlow weighted, [386640] [1]
EFlow, [386640] [1]
EFlow weighted, [386640] [1]
EFlow, [386640] [1]
EFlow weighted, [386640] [1]
EFlow, [386640] [1]
EFlow weighted, [386640] [1]
EFlow, [386640] [1]
EFlow weighted, [386640] [1]
EFlow, [386640] [1]
EFlow weighted, [386640] [1]
EFlow, [386640] [1]
EFlow weighted, [386640] [1]
EFlow, [386640] [1]
EFlow weighted, [386640] [1]
EFlow, [386640] [1]
EFlow weighted, [386640] [1]
EFlow, [386640] [1]
EFlow weighted, [386640] [1]
EFlow, [386640] [1]
EFlow weighted, [386640] [1]
EFlow, [386640] [1]
EFlow weighted, [386640] [1]
EFlow, [386640] [1]
EFlow weighted, [386640] [1]
Bad xstal i$\eta$ = -44 i$\phi$ = 241 ---> Skipping 
EFlow, [386640] [1]
EFlow weighted, [386640] [1]
EFlow, [386640] [1]
EFlow weighted, [386640] [1]
EFlow, [386640] [1]
EFlow weighted, [386640] [1]
EFlow, [386640] [1]
EFlow weighted, [386640] [1]
EFlow, [386640] [1]
EFlow weighted, [386640] [1]
EFlow, [386640] [1]
EFlow weighted, [386640] [1]
EFlow, [386640] [1]
EFlow weighted, [386640] [1]
EFlow, [386640] [1]
EFlow weighted, [386640] [1]
EFlow, [386640] [1]
EFlow weighted, [386640] [1]
EFlow, [386640] [1]
EFlow weighted, [386640] [1]
EFlow, [386640] [1]
EFlow weighted, [386640] [1]
EFlow, [386640] [1]
EFlow weighted, [386640] [1]
EFlow, [386640] [1]
EFlow weighted, [386640] [1]
EFlow, [386640] [1]
EFlow weighted, [386640] [1]
EFlow, [386640] [1]
EFlow weighted, [386640] [1]
EFlow, [386640] [1]
EFlow weighted, [386640] [1]
EFlow, [386640] [1]
EFlow weighted, [386640] [1]
EFlow, [386640] [1]
EFlow weighted, [386640] [1]
EFlow, [386640] [1]
EFlow weighted, [386640] [1]
EFlow, [386640] [1]
EFlow weighted, [386640] [1]
EFlow, [386640] [1]
EFlow weighted, [386640] [1]
EFlow, [386640] [1]
EFlow weighted, [386640] [1]
EFlow, [386640] [1]
EFlow weighted, [386640] [1]
EFlow, [386640] [1]
EFlow weighted, [386640] [1]
EFlow, [386640] [1]
EFlow weighted, [386640] [1]
EFlow, [386640] [1]
EFlow weighted, [386640] [1]
EFlow, [386640] [1]
EFlow weighted, [386640] [1]
EFlow, [386640] [1]
EFlow weighted, [386640] [1]
EFlow, [386640] [1]
EFlow weighted, [386640] [1]
EFlow, [386640] [1]
EFlow weighted, [386640] [1]
EFlow, [386640] [1]
EFlow weighted, [386640] [1]
EFlow, [386640] [1]
EFlow weighted, [386640] [1]
EFlow, [386640] [1]
EFlow weighted, [386640] [1]
EFlow, [386640] [1]
EFlow weighted, [386640] [1]
EFlow, [386640] [1]
EFlow weighted, [386640] [1]
EFlow, [386640] [1]
EFlow weighted, [386640] [1]
EFlow, [386640] [1]
EFlow weighted, [386640] [1]
EFlow, [386640] [1]
EFlow weighted, [386640] [1]
EFlow, [386640] [1]
EFlow weighted, [386640] [1]
EFlow, [386640] [1]
EFlow weighted, [386640] [1]
EFlow, [386640] [1]
EFlow weighted, [386640] [1]
EFlow, [386640] [1]
EFlow weighted, [386640] [1]
EFlow, [386640] [1]
EFlow weighted, [386640] [1]
EFlow, [386640] [1]
EFlow weighted, [386640] [1]
EFlow, [386640] [1]
EFlow weighted, [386640] [1]
EFlow, [386640] [1]
EFlow weighted, [386640] [1]
EFlow, [386640] [1]
EFlow weighted, [386640] [1]
EFlow, [386640] [1]
EFlow weighted, [386640] [1]
EFlow, [386640] [1]
EFlow weighted, [386640] [1]
EFlow, [386640] [1]
EFlow weighted, [386640] [1]
EFlow, [386640] [1]
EFlow weighted, [386640] [1]
EFlow, [386640] [1]
EFlow weighted, [386640] [1]
EFlow, [386640] [1]
EFlow weighted, [386640] [1]
EFlow, [386640] [1]
EFlow weighted, [386640] [1]
EFlow, [386640] [1]
EFlow weighted, [386640] [1]
EFlow, [386640] [1]
EFlow weighted, [386640] [1]
EFlow, [386640] [1]
EFlow weighted, [386640] [1]
EFlow, [386640] [1]
EFlow weighted, [386640] [1]
EFlow, [386640] [1]
EFlow weighted, [386640] [1]
EFlow, [386640] [1]
EFlow weighted, [386640] [1]
EFlow, [386640] [1]
EFlow weighted, [386640] [1]
EFlow, [386640] [1]
EFlow weighted, [386640] [1]
EFlow, [386640] [1]
EFlow weighted, [386640] [1]
EFlow, [386640] [1]
EFlow weighted, [386640] [1]
EFlow, [386640] [1]
EFlow weighted, [386640] [1]
EFlow, [386640] [1]
EFlow weighted, [386640] [1]
EFlow, [386640] [1]
EFlow weighted, [386640] [1]
EFlow, [386640] [1]
EFlow weighted, [386640] [1]
Bad xstal i$\eta$ = -25 i$\phi$ = 301 ---> Skipping 
EFlow, [386640] [1]
EFlow weighted, [386640] [1]
EFlow, [386640] [1]
EFlow weighted, [386640] [1]
EFlow, [386640] [1]
EFlow weighted, [386640] [1]
EFlow, [386640] [1]
EFlow weighted, [386640] [1]
EFlow, [386640] [1]
EFlow weighted, [386640] [1]
EFlow, [386640] [1]
EFlow weighted, [386640] [1]
EFlow, [386640] [1]
EFlow weighted, [386640] [1]
EFlow, [386640] [1]
EFlow weighted, [386640] [1]
EFlow, [386640] [1]
EFlow weighted, [386640] [1]
EFlow, [386640] [1]
EFlow weighted, [386640] [1]
EFlow, [386640] [1]
EFlow weighted, [386640] [1]
EFlow, [386640] [1]
EFlow weighted, [386640] [1]
EFlow, [386640] [1]
EFlow weighted, [386640] [1]
EFlow, [386640] [1]
EFlow weighted, [386640] [1]
EFlow, [386640] [1]
EFlow weighted, [386640] [1]
EFlow, [386640] [1]
EFlow weighted, [386640] [1]
EFlow, [386640] [1]
EFlow weighted, [386640] [1]
EFlow, [386640] [1]
EFlow weighted, [386640] [1]
EFlow, [386640] [1]
EFlow weighted, [386640] [1]
EFlow, [386640] [1]
EFlow weighted, [386640] [1]
EFlow, [386640] [1]
EFlow weighted, [386640] [1]
EFlow, [386640] [1]
EFlow weighted, [386640] [1]
EFlow, [386640] [1]
EFlow weighted, [386640] [1]
EFlow, [386640] [1]
EFlow weighted, [386640] [1]
EFlow, [386640] [1]
EFlow weighted, [386640] [1]
Bad xstal i$\eta$ = -17 i$\phi$ = 21 ---> Skipping 
EFlow, [386640] [1]
EFlow weighted, [386640] [1]
EFlow, [386640] [1]
EFlow weighted, [386640] [1]
EFlow, [386640] [1]
EFlow weighted, [386640] [1]
EFlow, [386640] [1]
EFlow weighted, [386640] [1]
EFlow, [386640] [1]
EFlow weighted, [386640] [1]
EFlow, [386640] [1]
EFlow weighted, [386640] [1]
EFlow, [386640] [1]
EFlow weighted, [386640] [1]
EFlow, [386640] [1]
EFlow weighted, [386640] [1]
EFlow, [386640] [1]
EFlow weighted, [386640] [1]
EFlow, [386640] [1]
EFlow weighted, [386640] [1]
EFlow, [386640] [1]
EFlow weighted, [386640] [1]
EFlow, [386640] [1]
EFlow weighted, [386640] [1]
EFlow, [386640] [1]
EFlow weighted, [386640] [1]
EFlow, [386640] [1]
EFlow weighted, [386640] [1]
EFlow, [386640] [1]
EFlow weighted, [386640] [1]
EFlow, [386640] [1]
EFlow weighted, [386640] [1]
EFlow, [386640] [1]
EFlow weighted, [386640] [1]
EFlow, [386640] [1]
EFlow weighted, [386640] [1]
EFlow, [386640] [1]
EFlow weighted, [386640] [1]
EFlow, [386640] [1]
EFlow weighted, [386640] [1]
EFlow, [386640] [1]
EFlow weighted, [386640] [1]
EFlow, [386640] [1]
EFlow weighted, [386640] [1]
EFlow, [386640] [1]
EFlow weighted, [386640] [1]
EFlow, [386640] [1]
EFlow weighted, [386640] [1]
EFlow, [386640] [1]
EFlow weighted, [386640] [1]
EFlow, [386640] [1]
EFlow weighted, [386640] [1]
EFlow, [386640] [1]
EFlow weighted, [386640] [1]
EFlow, [386640] [1]
EFlow weighted, [386640] [1]
EFlow, [386640] [1]
EFlow weighted, [386640] [1]
EFlow, [386640] [1]
EFlow weighted, [386640] [1]
EFlow, [386640] [1]
EFlow weighted, [386640] [1]
EFlow, [386640] [1]
EFlow weighted, [386640] [1]
EFlow, [386640] [1]
EFlow weighted, [386640] [1]
EFlow, [386640] [1]
EFlow weighted, [386640] [1]
EFlow, [386640] [1]
EFlow weighted, [386640] [1]
EFlow, [386640] [1]
EFlow weighted, [386640] [1]
EFlow, [386640] [1]
EFlow weighted, [386640] [1]
Bad xstal i$\eta$ = -7 i$\phi$ = 221 ---> Skipping 
EFlow, [386640] [1]
EFlow weighted, [386640] [1]
EFlow, [386640] [1]
EFlow weighted, [386640] [1]
EFlow, [386640] [1]
EFlow weighted, [386640] [1]
EFlow, [386640] [1]
EFlow weighted, [386640] [1]
EFlow, [386640] [1]
EFlow weighted, [386640] [1]
EFlow, [386640] [1]
EFlow weighted, [386640] [1]
EFlow, [386640] [1]
EFlow weighted, [386640] [1]
EFlow, [386640] [1]
EFlow weighted, [386640] [1]
EFlow, [386640] [1]
EFlow weighted, [386640] [1]
EFlow, [386640] [1]
EFlow weighted, [386640] [1]
EFlow, [386640] [1]
EFlow weighted, [386640] [1]
EFlow, [386640] [1]
EFlow weighted, [386640] [1]
EFlow, [386640] [1]
EFlow weighted, [386640] [1]
EFlow, [386640] [1]
EFlow weighted, [386640] [1]
EFlow, [386640] [1]
EFlow weighted, [386640] [1]
EFlow, [386640] [1]
EFlow weighted, [386640] [1]
EFlow, [386640] [1]
EFlow weighted, [386640] [1]
EFlow, [386640] [1]
EFlow weighted, [386640] [1]
EFlow, [386640] [1]
EFlow weighted, [386640] [1]
Bad xstal i$\eta$ = -1 i$\phi$ = 61 ---> Skipping 
EFlow, [386640] [1]
EFlow weighted, [386640] [1]
EFlow, [386640] [1]
EFlow weighted, [386640] [1]
EFlow, [386640] [1]
EFlow weighted, [386640] [1]
EFlow, [386640] [1]
EFlow weighted, [386640] [1]
EFlow, [386640] [1]
EFlow weighted, [386640] [1]
EFlow, [386640] [1]
EFlow weighted, [386640] [1]
EFlow, [386640] [1]
EFlow weighted, [386640] [1]
EFlow, [386640] [1]
EFlow weighted, [386640] [1]
EFlow, [386640] [1]
EFlow weighted, [386640] [1]
EFlow, [386640] [1]
EFlow weighted, [386640] [1]
EFlow, [386640] [1]
EFlow weighted, [386640] [1]
EFlow, [386640] [1]
EFlow weighted, [386640] [1]
EFlow, [386640] [1]
EFlow weighted, [386640] [1]
Bad xstal i$\eta$ = 4 i$\phi$ = 21 ---> Skipping 
EFlow, [386640] [1]
EFlow weighted, [386640] [1]
EFlow, [386640] [1]
EFlow weighted, [386640] [1]
EFlow, [386640] [1]
EFlow weighted, [386640] [1]
EFlow, [386640] [1]
EFlow weighted, [386640] [1]
EFlow, [386640] [1]
EFlow weighted, [386640] [1]
EFlow, [386640] [1]
EFlow weighted, [386640] [1]
EFlow, [386640] [1]
EFlow weighted, [386640] [1]
EFlow, [386640] [1]
EFlow weighted, [386640] [1]
EFlow, [386640] [1]
EFlow weighted, [386640] [1]
EFlow, [386640] [1]
EFlow weighted, [386640] [1]
EFlow, [386640] [1]
EFlow weighted, [386640] [1]
EFlow, [386640] [1]
EFlow weighted, [386640] [1]
EFlow, [386640] [1]
EFlow weighted, [386640] [1]
EFlow, [386640] [1]
EFlow weighted, [386640] [1]
EFlow, [386640] [1]
EFlow weighted, [386640] [1]
EFlow, [386640] [1]
EFlow weighted, [386640] [1]
EFlow, [386640] [1]
EFlow weighted, [386640] [1]
EFlow, [386640] [1]
EFlow weighted, [386640] [1]
EFlow, [386640] [1]
EFlow weighted, [386640] [1]
EFlow, [386640] [1]
EFlow weighted, [386640] [1]
EFlow, [386640] [1]
EFlow weighted, [386640] [1]
EFlow, [386640] [1]
EFlow weighted, [386640] [1]
EFlow, [386640] [1]
EFlow weighted, [386640] [1]
EFlow, [386640] [1]
EFlow weighted, [386640] [1]
EFlow, [386640] [1]
EFlow weighted, [386640] [1]
EFlow, [386640] [1]
EFlow weighted, [386640] [1]
EFlow, [386640] [1]
EFlow weighted, [386640] [1]
EFlow, [386640] [1]
EFlow weighted, [386640] [1]
EFlow, [386640] [1]
EFlow weighted, [386640] [1]
EFlow, [386640] [1]
EFlow weighted, [386640] [1]
EFlow, [386640] [1]
EFlow weighted, [386640] [1]
EFlow, [386640] [1]
EFlow weighted, [386640] [1]
EFlow, [386640] [1]
EFlow weighted, [386640] [1]
EFlow, [386640] [1]
EFlow weighted, [386640] [1]
EFlow, [386640] [1]
EFlow weighted, [386640] [1]
EFlow, [386640] [1]
EFlow weighted, [386640] [1]
EFlow, [386640] [1]
EFlow weighted, [386640] [1]
EFlow, [386640] [1]
EFlow weighted, [386640] [1]
EFlow, [386640] [1]
EFlow weighted, [386640] [1]
EFlow, [386640] [1]
EFlow weighted, [386640] [1]
EFlow, [386640] [1]
EFlow weighted, [386640] [1]
EFlow, [386640] [1]
EFlow weighted, [386640] [1]
EFlow, [386640] [1]
EFlow weighted, [386640] [1]
EFlow, [386640] [1]
EFlow weighted, [386640] [1]
EFlow, [386640] [1]
EFlow weighted, [386640] [1]
EFlow, [386640] [1]
EFlow weighted, [386640] [1]
EFlow, [386640] [1]
EFlow weighted, [386640] [1]
EFlow, [386640] [1]
EFlow weighted, [386640] [1]
EFlow, [386640] [1]
EFlow weighted, [386640] [1]
EFlow, [386640] [1]
EFlow weighted, [386640] [1]
EFlow, [386640] [1]
EFlow weighted, [386640] [1]
EFlow, [386640] [1]
EFlow weighted, [386640] [1]
EFlow, [386640] [1]
EFlow weighted, [386640] [1]
EFlow, [386640] [1]
EFlow weighted, [386640] [1]
EFlow, [386640] [1]
EFlow weighted, [386640] [1]
EFlow, [386640] [1]
EFlow weighted, [386640] [1]
EFlow, [386640] [1]
EFlow weighted, [386640] [1]
EFlow, [386640] [1]
EFlow weighted, [386640] [1]
EFlow, [386640] [1]
EFlow weighted, [386640] [1]
EFlow, [386640] [1]
EFlow weighted, [386640] [1]
EFlow, [386640] [1]
EFlow weighted, [386640] [1]
EFlow, [386640] [1]
EFlow weighted, [386640] [1]
EFlow, [386640] [1]
EFlow weighted, [386640] [1]
EFlow, [386640] [1]
EFlow weighted, [386640] [1]
EFlow, [386640] [1]
EFlow weighted, [386640] [1]
EFlow, [386640] [1]
EFlow weighted, [386640] [1]
EFlow, [386640] [1]
EFlow weighted, [386640] [1]
EFlow, [386640] [1]
EFlow weighted, [386640] [1]
EFlow, [386640] [1]
EFlow weighted, [386640] [1]
EFlow, [386640] [1]
EFlow weighted, [386640] [1]
EFlow, [386640] [1]
EFlow weighted, [386640] [1]
EFlow, [386640] [1]
EFlow weighted, [386640] [1]
EFlow, [386640] [1]
EFlow weighted, [386640] [1]
EFlow, [386640] [1]
EFlow weighted, [386640] [1]
EFlow, [386640] [1]
EFlow weighted, [386640] [1]
EFlow, [386640] [1]
EFlow weighted, [386640] [1]
EFlow, [386640] [1]
EFlow weighted, [386640] [1]
EFlow, [386640] [1]
EFlow weighted, [386640] [1]
EFlow, [386640] [1]
EFlow weighted, [386640] [1]
EFlow, [386640] [1]
EFlow weighted, [386640] [1]
EFlow, [386640] [1]
EFlow weighted, [386640] [1]
EFlow, [386640] [1]
EFlow weighted, [386640] [1]
EFlow, [386640] [1]
EFlow weighted, [386640] [1]
EFlow, [386640] [1]
EFlow weighted, [386640] [1]
EFlow, [386640] [1]
EFlow weighted, [386640] [1]
EFlow, [386640] [1]
EFlow weighted, [386640] [1]
EFlow, [386640] [1]
EFlow weighted, [386640] [1]
EFlow, [386640] [1]
EFlow weighted, [386640] [1]
EFlow, [386640] [1]
EFlow weighted, [386640] [1]
EFlow, [386640] [1]
EFlow weighted, [386640] [1]
EFlow, [386640] [1]
EFlow weighted, [386640] [1]
EFlow, [386640] [1]
EFlow weighted, [386640] [1]
EFlow, [386640] [1]
EFlow weighted, [386640] [1]
EFlow, [386640] [1]
EFlow weighted, [386640] [1]
EFlow, [386640] [1]
EFlow weighted, [386640] [1]
EFlow, [386640] [1]
EFlow weighted, [386640] [1]
EFlow, [386640] [1]
EFlow weighted, [386640] [1]
EFlow, [386640] [1]
EFlow weighted, [386640] [1]
EFlow, [386640] [1]
EFlow weighted, [386640] [1]
EFlow, [386640] [1]
EFlow weighted, [386640] [1]
EFlow, [386640] [1]
EFlow weighted, [386640] [1]
EFlow, [386640] [1]
EFlow weighted, [386640] [1]
EFlow, [386640] [1]
EFlow weighted, [386640] [1]
EFlow, [386640] [1]
EFlow weighted, [386640] [1]
EFlow, [386640] [1]
EFlow weighted, [386640] [1]
EFlow, [386640] [1]
EFlow weighted, [386640] [1]
EFlow, [386640] [1]
EFlow weighted, [386640] [1]
EFlow, [386640] [1]
EFlow weighted, [386640] [1]
EFlow, [386640] [1]
EFlow weighted, [386640] [1]
EFlow, [386640] [1]
EFlow weighted, [386640] [1]
EFlow, [386640] [1]
EFlow weighted, [386640] [1]
EFlow, [386640] [1]
EFlow weighted, [386640] [1]
EFlow, [386640] [1]
EFlow weighted, [386640] [1]
EFlow, [386640] [1]
EFlow weighted, [386640] [1]
EFlow, [386640] [1]
EFlow weighted, [386640] [1]
EFlow, [386640] [1]
EFlow weighted, [386640] [1]
EFlow, [386640] [1]
EFlow weighted, [386640] [1]
EFlow, [386640] [1]
EFlow weighted, [386640] [1]
EFlow, [386640] [1]
EFlow weighted, [386640] [1]
EFlow, [386640] [1]
EFlow weighted, [386640] [1]
EFlow, [386640] [1]
EFlow weighted, [386640] [1]
EFlow, [386640] [1]
EFlow weighted, [386640] [1]
EFlow, [386640] [1]
EFlow weighted, [386640] [1]
EFlow, [386640] [1]
EFlow weighted, [386640] [1]
EFlow, [386640] [1]
EFlow weighted, [386640] [1]
EFlow, [386640] [1]
EFlow weighted, [386640] [1]
EFlow, [386640] [1]
EFlow weighted, [386640] [1]
EFlow, [386640] [1]
EFlow weighted, [386640] [1]
EFlow, [386640] [1]
EFlow weighted, [386640] [1]
EFlow, [386640] [1]
EFlow weighted, [386640] [1]
EFlow, [386640] [1]
EFlow weighted, [386640] [1]
EFlow, [386640] [1]
EFlow weighted, [386640] [1]
EFlow, [386640] [1]
EFlow weighted, [386640] [1]
EFlow, [386640] [1]
EFlow weighted, [386640] [1]
EFlow, [386640] [1]
EFlow weighted, [386640] [1]
EFlow, [386640] [1]
EFlow weighted, [386640] [1]
EFlow, [386640] [1]
EFlow weighted, [386640] [1]
EFlow, [386640] [1]
EFlow weighted, [386640] [1]
EFlow, [386640] [1]
EFlow weighted, [386640] [1]
EFlow, [386640] [1]
EFlow weighted, [386640] [1]
EFlow, [386640] [1]
EFlow weighted, [386640] [1]
EFlow, [386640] [1]
EFlow weighted, [386640] [1]
EFlow, [386640] [1]
EFlow weighted, [386640] [1]
EFlow, [386640] [1]
EFlow weighted, [386640] [1]
EFlow, [386640] [1]
EFlow weighted, [386640] [1]
EFlow, [386640] [1]
EFlow weighted, [386640] [1]
EFlow, [386640] [1]
EFlow weighted, [386640] [1]
EFlow, [386640] [1]
EFlow weighted, [386640] [1]
EFlow, [386640] [1]
EFlow weighted, [386640] [1]
EFlow, [386640] [1]
EFlow weighted, [386640] [1]
EFlow, [386640] [1]
EFlow weighted, [386640] [1]
EFlow, [386640] [1]
EFlow weighted, [386640] [1]
EFlow, [386640] [1]
EFlow weighted, [386640] [1]
EFlow, [386640] [1]
EFlow weighted, [386640] [1]
EFlow, [386640] [1]
EFlow weighted, [386640] [1]
EFlow, [386640] [1]
EFlow weighted, [386640] [1]
EFlow, [386640] [1]
EFlow weighted, [386640] [1]
EFlow, [386640] [1]
EFlow weighted, [386640] [1]
EFlow, [386640] [1]
EFlow weighted, [386640] [1]
EFlow, [386640] [1]
EFlow weighted, [386640] [1]
EFlow, [386640] [1]
EFlow weighted, [386640] [1]
EFlow, [386640] [1]
EFlow weighted, [386640] [1]
EFlow, [386640] [1]
EFlow weighted, [386640] [1]
EFlow, [386640] [1]
EFlow weighted, [386640] [1]
EFlow, [386640] [1]
EFlow weighted, [386640] [1]
EFlow, [386640] [1]
EFlow weighted, [386640] [1]
EFlow, [386640] [1]
EFlow weighted, [386640] [1]
EFlow, [386640] [1]
EFlow weighted, [386640] [1]
EFlow, [386640] [1]
EFlow weighted, [386640] [1]
EFlow, [386640] [1]
EFlow weighted, [386640] [1]
EFlow, [386640] [1]
EFlow weighted, [386640] [1]
EFlow, [386640] [1]
EFlow weighted, [386640] [1]
EFlow, [386640] [1]
EFlow weighted, [386640] [1]
EFlow, [386640] [1]
EFlow weighted, [386640] [1]
EFlow, [386640] [1]
EFlow weighted, [386640] [1]
EFlow, [386640] [1]
EFlow weighted, [386640] [1]
EFlow, [386640] [1]
EFlow weighted, [386640] [1]
EFlow, [386640] [1]
EFlow weighted, [386640] [1]
EFlow, [386640] [1]
EFlow weighted, [386640] [1]
EFlow, [386640] [1]
EFlow weighted, [386640] [1]
EFlow, [386640] [1]
EFlow weighted, [386640] [1]
EFlow, [386640] [1]
EFlow weighted, [386640] [1]
EFlow, [386640] [1]
EFlow weighted, [386640] [1]
EFlow, [386640] [1]
EFlow weighted, [386640] [1]
EFlow, [386640] [1]
EFlow weighted, [386640] [1]
EFlow, [386640] [1]
EFlow weighted, [386640] [1]
EFlow, [386640] [1]
EFlow weighted, [386640] [1]
EFlow, [386640] [1]
EFlow weighted, [386640] [1]
EFlow, [386640] [1]
EFlow weighted, [386640] [1]
EFlow, [386640] [1]
EFlow weighted, [386640] [1]
EFlow, [386640] [1]
EFlow weighted, [386640] [1]
EFlow, [386640] [1]
EFlow weighted, [386640] [1]
EFlow, [386640] [1]
EFlow weighted, [386640] [1]
EFlow, [386640] [1]
EFlow weighted, [386640] [1]
EFlow, [386640] [1]
EFlow weighted, [386640] [1]
EFlow, [386640] [1]
EFlow weighted, [386640] [1]
EFlow, [386640] [1]
EFlow weighted, [386640] [1]
EFlow, [386640] [1]
EFlow weighted, [386640] [1]
EFlow, [386640] [1]
EFlow weighted, [386640] [1]
EFlow, [386640] [1]
EFlow weighted, [386640] [1]
EFlow, [386640] [1]
EFlow weighted, [386640] [1]
EFlow, [386640] [1]
EFlow weighted, [386640] [1]
EFlow, [386640] [1]
EFlow weighted, [386640] [1]
EFlow, [386640] [1]
EFlow weighted, [386640] [1]
EFlow, [386640] [1]
EFlow weighted, [386640] [1]
EFlow, [386640] [1]
EFlow weighted, [386640] [1]
EFlow, [386640] [1]
EFlow weighted, [386640] [1]
EFlow, [386640] [1]
EFlow weighted, [386640] [1]
EFlow, [386640] [1]
EFlow weighted, [386640] [1]
EFlow, [386640] [1]
EFlow weighted, [386640] [1]
EFlow, [386640] [1]
EFlow weighted, [386640] [1]
EFlow, [386640] [1]
EFlow weighted, [386640] [1]
EFlow, [386640] [1]
EFlow weighted, [386640] [1]
EFlow, [386640] [1]
EFlow weighted, [386640] [1]
Bad xstal i$\eta$ = 63 i$\phi$ = 281 ---> Skipping 
EFlow, [386640] [1]
EFlow weighted, [386640] [1]
EFlow, [386640] [1]
EFlow weighted, [386640] [1]
EFlow, [386640] [1]
EFlow weighted, [386640] [1]
EFlow, [386640] [1]
EFlow weighted, [386640] [1]
EFlow, [386640] [1]
EFlow weighted, [386640] [1]
EFlow, [386640] [1]
EFlow weighted, [386640] [1]
EFlow, [386640] [1]
EFlow weighted, [386640] [1]
EFlow, [386640] [1]
EFlow weighted, [386640] [1]
EFlow, [386640] [1]
EFlow weighted, [386640] [1]
EFlow, [386640] [1]
EFlow weighted, [386640] [1]
EFlow, [386640] [1]
EFlow weighted, [386640] [1]
EFlow, [386640] [1]
EFlow weighted, [386640] [1]
EFlow, [386640] [1]
EFlow weighted, [386640] [1]
EFlow, [386640] [1]
EFlow weighted, [386640] [1]
EFlow, [386640] [1]
EFlow weighted, [386640] [1]
EFlow, [386640] [1]
EFlow weighted, [386640] [1]
EFlow, [386640] [1]
EFlow weighted, [386640] [1]
EFlow, [386640] [1]
EFlow weighted, [386640] [1]
EFlow, [386640] [1]
EFlow weighted, [386640] [1]
EFlow, [386640] [1]
EFlow weighted, [386640] [1]
EFlow, [386640] [1]
EFlow weighted, [386640] [1]
EFlow, [386640] [1]
EFlow weighted, [386640] [1]
EFlow, [386640] [1]
EFlow weighted, [386640] [1]
EFlow, [386640] [1]
EFlow weighted, [386640] [1]
EFlow, [386640] [1]
EFlow weighted, [386640] [1]
EFlow, [386640] [1]
EFlow weighted, [386640] [1]
EFlow, [386640] [1]
EFlow weighted, [386640] [1]
EFlow, [386640] [1]
EFlow weighted, [386640] [1]
EFlow, [386640] [1]
EFlow weighted, [386640] [1]
EFlow, [386640] [1]
EFlow weighted, [386640] [1]
EFlow, [386640] [1]
EFlow weighted, [386640] [1]
EFlow, [386640] [1]
EFlow weighted, [386640] [1]
Bad xstal i$\eta$ = 72 i$\phi$ = 341 ---> Skipping 
EFlow, [386640] [1]
EFlow weighted, [386640] [1]
EFlow, [386640] [1]
EFlow weighted, [386640] [1]
EFlow, [386640] [1]
EFlow weighted, [386640] [1]
EFlow, [386640] [1]
EFlow weighted, [386640] [1]
EFlow, [386640] [1]
EFlow weighted, [386640] [1]
EFlow, [386640] [1]
EFlow weighted, [386640] [1]
EFlow, [386640] [1]
EFlow weighted, [386640] [1]
EFlow, [386640] [1]
EFlow weighted, [386640] [1]
EFlow, [386640] [1]
EFlow weighted, [386640] [1]
EFlow, [386640] [1]
EFlow weighted, [386640] [1]
EFlow, [386640] [1]
EFlow weighted, [386640] [1]
EFlow, [386640] [1]
EFlow weighted, [386640] [1]
EFlow, [386640] [1]
EFlow weighted, [386640] [1]
EFlow, [386640] [1]
EFlow weighted, [386640] [1]
EFlow, [386640] [1]
EFlow weighted, [386640] [1]
EFlow, [386640] [1]
EFlow weighted, [386640] [1]
EFlow, [386640] [1]
EFlow weighted, [386640] [1]
EFlow, [386640] [1]
EFlow weighted, [386640] [1]
EFlow, [386640] [1]
EFlow weighted, [386640] [1]
EFlow, [386640] [1]
EFlow weighted, [386640] [1]
EFlow, [386640] [1]
EFlow weighted, [386640] [1]
EFlow, [386640] [1]
EFlow weighted, [386640] [1]
EFlow, [386640] [1]
EFlow weighted, [386640] [1]
EFlow, [386640] [1]
EFlow weighted, [386640] [1]
EFlow, [386640] [1]
EFlow weighted, [386640] [1]
EFlow, [386640] [1]
EFlow weighted, [386640] [1]
EFlow, [386640] [1]
EFlow weighted, [386640] [1]
EFlow, [386640] [1]
EFlow weighted, [386640] [1]
EFlow, [386640] [1]
EFlow weighted, [386640] [1]
EFlow, [386640] [1]
EFlow weighted, [386640] [1]
EFlow, [386640] [1]
EFlow weighted, [386640] [1]
EFlow, [386640] [1]
EFlow weighted, [386640] [1]
EFlow, [386640] [1]
EFlow weighted, [386640] [1]
EFlow, [386640] [1]
EFlow weighted, [386640] [1]
EFlow, [386640] [1]
EFlow weighted, [386640] [1]
EFlow, [386640] [1]
EFlow weighted, [386640] [1]
EFlow, [386640] [1]
EFlow weighted, [386640] [1]
EFlow, [386640] [1]
EFlow weighted, [386640] [1]
EFlow, [386640] [1]
EFlow weighted, [386640] [1]
EFlow, [386640] [1]
EFlow weighted, [386640] [1]
EFlow, [386640] [1]
EFlow weighted, [386640] [1]
EFlow, [386640] [1]
EFlow weighted, [386640] [1]
EFlow, [386640] [1]
EFlow weighted, [386640] [1]
EFlow, [386640] [1]
EFlow weighted, [386640] [1]
EFlow, [386640] [1]
EFlow weighted, [386640] [1]
EFlow, [386640] [1]
EFlow weighted, [386640] [1]
... saved plots and now ICs in eflow_plots/10207/
Job status done with output:  /eos/cms/store/group/dpg_ecal/alca_ecalcalib/automation_replays/test_eflow_v1/eflow-phisym/eflow//386640/file.txt
