Received arguments: 10961863.0 0 eflow-phisym ecal_rerecos_v1 386668 10207 eflow_plots/10207/ /eos/cms/store/group/dpg_ecal/alca_ecalcalib/automation_replays/test_eflow_v1/eflow-phisym/eflow/ test_eflow_v1 386668
1
eflow-phisym
2
ecal_rerecos_v1
3
test_eflow_v1
10961863.0
0
/eos/user/p/pbackes/gitlab/ecalphisym
run numbers: ['386668']
Running on these files: 
{'PhiSym': ['/eos/cms/store/group/dpg_ecal/alca_ecalcalib/automation_replays/test_eflow_v1/phisym/386668/phisymreco_nano_0.root', '/eos/cms/store/group/dpg_ecal/alca_ecalcalib/automation_replays/test_eflow_v1/phisym/386668/phisymreco_nano_1.root']}
  Preprocessing 100% ━━━━━━━━━━━━━━━━━ 2/2 [ 0:00:00 < 0:00:00 | 22.3   file/s ]
Merging (local)  50% ━━━━━━━━╸         1/2 [ 0:00:00 < -:--:-- | ?    merges/s ]
     Processing 100% ━━━━━━━━━━━━━━━━━ 2/2 [ 0:00:01 < 0:00:00 | 33.0  chunk/s ]
Merging (local)  50% ━━━━━━━━╸         1/2 [ 0:00:01 < -:--:-- | ?    merges/s ]
runs:  [386668, 386668]
[0, 0] <class 'awkward.highlevel.Array'>
[0, 1] [386668, 386668]
2
Fill: 0 and Run: 386668 
 hits here 59603524 -- n hits before 0
Fill: 0 and Run: 386668 
 hits here 59797051 -- n hits before 59603524
So this are the counts merged:: 
   [0] 
 These are the final splits: 
  [2]
Diveded in 1 IOVS --> These are the initial runs of the IOV: 
 [386668]
Diveded in 1 IOVS --> These are the final runs of the IOV: 
 [386668]
Number of hits for each IOV:  [[119400575]]
Deriving the corrections...
Eta Weight file provided ...  {'/eos/cms/store/group/dpg_ecal/alca_ecalcalib/automation_replays/test_eflow_v1/eflow-phisym/reweighting/10207/386668/weights.txt'}
... saving histories in .root ...
How much does it takes??? 0.1542351245880127 s
... plotting ...
EFlow, [386668] [1]
EFlow weighted, [386668] [1]
EFlow, [386668] [1]
EFlow weighted, [386668] [1]
EFlow, [386668] [1]
EFlow weighted, [386668] [1]
EFlow, [386668] [1]
EFlow weighted, [386668] [1]
EFlow, [386668] [1]
EFlow weighted, [386668] [1]
EFlow, [386668] [1]
EFlow weighted, [386668] [1]
EFlow, [386668] [1]
EFlow weighted, [386668] [1]
EFlow, [386668] [1]
EFlow weighted, [386668] [1]
EFlow, [386668] [1]
EFlow weighted, [386668] [1]
EFlow, [386668] [1]
EFlow weighted, [386668] [1]
EFlow, [386668] [1]
EFlow weighted, [386668] [1]
EFlow, [386668] [1]
EFlow weighted, [386668] [1]
EFlow, [386668] [1]
EFlow weighted, [386668] [1]
EFlow, [386668] [1]
EFlow weighted, [386668] [1]
EFlow, [386668] [1]
EFlow weighted, [386668] [1]
EFlow, [386668] [1]
EFlow weighted, [386668] [1]
EFlow, [386668] [1]
EFlow weighted, [386668] [1]
EFlow, [386668] [1]
EFlow weighted, [386668] [1]
EFlow, [386668] [1]
EFlow weighted, [386668] [1]
EFlow, [386668] [1]
EFlow weighted, [386668] [1]
EFlow, [386668] [1]
EFlow weighted, [386668] [1]
EFlow, [386668] [1]
EFlow weighted, [386668] [1]
EFlow, [386668] [1]
EFlow weighted, [386668] [1]
EFlow, [386668] [1]
EFlow weighted, [386668] [1]
EFlow, [386668] [1]
EFlow weighted, [386668] [1]
EFlow, [386668] [1]
EFlow weighted, [386668] [1]
EFlow, [386668] [1]
EFlow weighted, [386668] [1]
EFlow, [386668] [1]
EFlow weighted, [386668] [1]
EFlow, [386668] [1]
EFlow weighted, [386668] [1]
EFlow, [386668] [1]
EFlow weighted, [386668] [1]
EFlow, [386668] [1]
EFlow weighted, [386668] [1]
EFlow, [386668] [1]
EFlow weighted, [386668] [1]
EFlow, [386668] [1]
EFlow weighted, [386668] [1]
EFlow, [386668] [1]
EFlow weighted, [386668] [1]
EFlow, [386668] [1]
EFlow weighted, [386668] [1]
EFlow, [386668] [1]
EFlow weighted, [386668] [1]
EFlow, [386668] [1]
EFlow weighted, [386668] [1]
EFlow, [386668] [1]
EFlow weighted, [386668] [1]
EFlow, [386668] [1]
EFlow weighted, [386668] [1]
EFlow, [386668] [1]
EFlow weighted, [386668] [1]
EFlow, [386668] [1]
EFlow weighted, [386668] [1]
EFlow, [386668] [1]
EFlow weighted, [386668] [1]
EFlow, [386668] [1]
EFlow weighted, [386668] [1]
EFlow, [386668] [1]
EFlow weighted, [386668] [1]
EFlow, [386668] [1]
EFlow weighted, [386668] [1]
EFlow, [386668] [1]
EFlow weighted, [386668] [1]
EFlow, [386668] [1]
EFlow weighted, [386668] [1]
EFlow, [386668] [1]
EFlow weighted, [386668] [1]
EFlow, [386668] [1]
EFlow weighted, [386668] [1]
EFlow, [386668] [1]
EFlow weighted, [386668] [1]
EFlow, [386668] [1]
EFlow weighted, [386668] [1]
EFlow, [386668] [1]
EFlow weighted, [386668] [1]
EFlow, [386668] [1]
EFlow weighted, [386668] [1]
EFlow, [386668] [1]
EFlow weighted, [386668] [1]
EFlow, [386668] [1]
EFlow weighted, [386668] [1]
EFlow, [386668] [1]
EFlow weighted, [386668] [1]
EFlow, [386668] [1]
EFlow weighted, [386668] [1]
Bad xstal i$\eta$ = -70 i$\phi$ = 301 ---> Skipping 
EFlow, [386668] [1]
EFlow weighted, [386668] [1]
EFlow, [386668] [1]
EFlow weighted, [386668] [1]
Bad xstal i$\eta$ = -69 i$\phi$ = 241 ---> Skipping 
EFlow, [386668] [1]
EFlow weighted, [386668] [1]
EFlow, [386668] [1]
EFlow weighted, [386668] [1]
EFlow, [386668] [1]
EFlow weighted, [386668] [1]
EFlow, [386668] [1]
EFlow weighted, [386668] [1]
EFlow, [386668] [1]
EFlow weighted, [386668] [1]
EFlow, [386668] [1]
EFlow weighted, [386668] [1]
EFlow, [386668] [1]
EFlow weighted, [386668] [1]
EFlow, [386668] [1]
EFlow weighted, [386668] [1]
EFlow, [386668] [1]
EFlow weighted, [386668] [1]
EFlow, [386668] [1]
EFlow weighted, [386668] [1]
EFlow, [386668] [1]
EFlow weighted, [386668] [1]
EFlow, [386668] [1]
EFlow weighted, [386668] [1]
EFlow, [386668] [1]
EFlow weighted, [386668] [1]
Bad xstal i$\eta$ = -65 i$\phi$ = 201 ---> Skipping 
EFlow, [386668] [1]
EFlow weighted, [386668] [1]
EFlow, [386668] [1]
EFlow weighted, [386668] [1]
EFlow, [386668] [1]
EFlow weighted, [386668] [1]
EFlow, [386668] [1]
EFlow weighted, [386668] [1]
EFlow, [386668] [1]
EFlow weighted, [386668] [1]
EFlow, [386668] [1]
EFlow weighted, [386668] [1]
EFlow, [386668] [1]
EFlow weighted, [386668] [1]
EFlow, [386668] [1]
EFlow weighted, [386668] [1]
EFlow, [386668] [1]
EFlow weighted, [386668] [1]
EFlow, [386668] [1]
EFlow weighted, [386668] [1]
EFlow, [386668] [1]
EFlow weighted, [386668] [1]
EFlow, [386668] [1]
EFlow weighted, [386668] [1]
EFlow, [386668] [1]
EFlow weighted, [386668] [1]
EFlow, [386668] [1]
EFlow weighted, [386668] [1]
EFlow, [386668] [1]
EFlow weighted, [386668] [1]
EFlow, [386668] [1]
EFlow weighted, [386668] [1]
EFlow, [386668] [1]
EFlow weighted, [386668] [1]
EFlow, [386668] [1]
EFlow weighted, [386668] [1]
EFlow, [386668] [1]
EFlow weighted, [386668] [1]
EFlow, [386668] [1]
EFlow weighted, [386668] [1]
EFlow, [386668] [1]
EFlow weighted, [386668] [1]
EFlow, [386668] [1]
EFlow weighted, [386668] [1]
EFlow, [386668] [1]
EFlow weighted, [386668] [1]
EFlow, [386668] [1]
EFlow weighted, [386668] [1]
EFlow, [386668] [1]
EFlow weighted, [386668] [1]
EFlow, [386668] [1]
EFlow weighted, [386668] [1]
EFlow, [386668] [1]
EFlow weighted, [386668] [1]
EFlow, [386668] [1]
EFlow weighted, [386668] [1]
EFlow, [386668] [1]
EFlow weighted, [386668] [1]
EFlow, [386668] [1]
EFlow weighted, [386668] [1]
EFlow, [386668] [1]
EFlow weighted, [386668] [1]
EFlow, [386668] [1]
EFlow weighted, [386668] [1]
EFlow, [386668] [1]
EFlow weighted, [386668] [1]
EFlow, [386668] [1]
EFlow weighted, [386668] [1]
EFlow, [386668] [1]
EFlow weighted, [386668] [1]
EFlow, [386668] [1]
EFlow weighted, [386668] [1]
EFlow, [386668] [1]
EFlow weighted, [386668] [1]
EFlow, [386668] [1]
EFlow weighted, [386668] [1]
EFlow, [386668] [1]
EFlow weighted, [386668] [1]
EFlow, [386668] [1]
EFlow weighted, [386668] [1]
EFlow, [386668] [1]
EFlow weighted, [386668] [1]
EFlow, [386668] [1]
EFlow weighted, [386668] [1]
Bad xstal i$\eta$ = -53 i$\phi$ = 181 ---> Skipping 
EFlow, [386668] [1]
EFlow weighted, [386668] [1]
EFlow, [386668] [1]
EFlow weighted, [386668] [1]
EFlow, [386668] [1]
EFlow weighted, [386668] [1]
EFlow, [386668] [1]
EFlow weighted, [386668] [1]
EFlow, [386668] [1]
EFlow weighted, [386668] [1]
EFlow, [386668] [1]
EFlow weighted, [386668] [1]
EFlow, [386668] [1]
EFlow weighted, [386668] [1]
EFlow, [386668] [1]
EFlow weighted, [386668] [1]
EFlow, [386668] [1]
EFlow weighted, [386668] [1]
EFlow, [386668] [1]
EFlow weighted, [386668] [1]
EFlow, [386668] [1]
EFlow weighted, [386668] [1]
EFlow, [386668] [1]
EFlow weighted, [386668] [1]
EFlow, [386668] [1]
EFlow weighted, [386668] [1]
EFlow, [386668] [1]
EFlow weighted, [386668] [1]
EFlow, [386668] [1]
EFlow weighted, [386668] [1]
EFlow, [386668] [1]
EFlow weighted, [386668] [1]
EFlow, [386668] [1]
EFlow weighted, [386668] [1]
EFlow, [386668] [1]
EFlow weighted, [386668] [1]
EFlow, [386668] [1]
EFlow weighted, [386668] [1]
EFlow, [386668] [1]
EFlow weighted, [386668] [1]
EFlow, [386668] [1]
EFlow weighted, [386668] [1]
EFlow, [386668] [1]
EFlow weighted, [386668] [1]
EFlow, [386668] [1]
EFlow weighted, [386668] [1]
EFlow, [386668] [1]
EFlow weighted, [386668] [1]
EFlow, [386668] [1]
EFlow weighted, [386668] [1]
EFlow, [386668] [1]
EFlow weighted, [386668] [1]
EFlow, [386668] [1]
EFlow weighted, [386668] [1]
EFlow, [386668] [1]
EFlow weighted, [386668] [1]
EFlow, [386668] [1]
EFlow weighted, [386668] [1]
EFlow, [386668] [1]
EFlow weighted, [386668] [1]
EFlow, [386668] [1]
EFlow weighted, [386668] [1]
EFlow, [386668] [1]
EFlow weighted, [386668] [1]
Bad xstal i$\eta$ = -44 i$\phi$ = 241 ---> Skipping 
EFlow, [386668] [1]
EFlow weighted, [386668] [1]
EFlow, [386668] [1]
EFlow weighted, [386668] [1]
EFlow, [386668] [1]
EFlow weighted, [386668] [1]
EFlow, [386668] [1]
EFlow weighted, [386668] [1]
EFlow, [386668] [1]
EFlow weighted, [386668] [1]
EFlow, [386668] [1]
EFlow weighted, [386668] [1]
EFlow, [386668] [1]
EFlow weighted, [386668] [1]
EFlow, [386668] [1]
EFlow weighted, [386668] [1]
EFlow, [386668] [1]
EFlow weighted, [386668] [1]
EFlow, [386668] [1]
EFlow weighted, [386668] [1]
EFlow, [386668] [1]
EFlow weighted, [386668] [1]
EFlow, [386668] [1]
EFlow weighted, [386668] [1]
EFlow, [386668] [1]
EFlow weighted, [386668] [1]
EFlow, [386668] [1]
EFlow weighted, [386668] [1]
EFlow, [386668] [1]
EFlow weighted, [386668] [1]
EFlow, [386668] [1]
EFlow weighted, [386668] [1]
EFlow, [386668] [1]
EFlow weighted, [386668] [1]
EFlow, [386668] [1]
EFlow weighted, [386668] [1]
EFlow, [386668] [1]
EFlow weighted, [386668] [1]
EFlow, [386668] [1]
EFlow weighted, [386668] [1]
EFlow, [386668] [1]
EFlow weighted, [386668] [1]
EFlow, [386668] [1]
EFlow weighted, [386668] [1]
EFlow, [386668] [1]
EFlow weighted, [386668] [1]
EFlow, [386668] [1]
EFlow weighted, [386668] [1]
EFlow, [386668] [1]
EFlow weighted, [386668] [1]
EFlow, [386668] [1]
EFlow weighted, [386668] [1]
EFlow, [386668] [1]
EFlow weighted, [386668] [1]
EFlow, [386668] [1]
EFlow weighted, [386668] [1]
EFlow, [386668] [1]
EFlow weighted, [386668] [1]
EFlow, [386668] [1]
EFlow weighted, [386668] [1]
EFlow, [386668] [1]
EFlow weighted, [386668] [1]
EFlow, [386668] [1]
EFlow weighted, [386668] [1]
EFlow, [386668] [1]
EFlow weighted, [386668] [1]
EFlow, [386668] [1]
EFlow weighted, [386668] [1]
EFlow, [386668] [1]
EFlow weighted, [386668] [1]
EFlow, [386668] [1]
EFlow weighted, [386668] [1]
EFlow, [386668] [1]
EFlow weighted, [386668] [1]
EFlow, [386668] [1]
EFlow weighted, [386668] [1]
EFlow, [386668] [1]
EFlow weighted, [386668] [1]
EFlow, [386668] [1]
EFlow weighted, [386668] [1]
EFlow, [386668] [1]
EFlow weighted, [386668] [1]
EFlow, [386668] [1]
EFlow weighted, [386668] [1]
EFlow, [386668] [1]
EFlow weighted, [386668] [1]
EFlow, [386668] [1]
EFlow weighted, [386668] [1]
EFlow, [386668] [1]
EFlow weighted, [386668] [1]
EFlow, [386668] [1]
EFlow weighted, [386668] [1]
EFlow, [386668] [1]
EFlow weighted, [386668] [1]
EFlow, [386668] [1]
EFlow weighted, [386668] [1]
EFlow, [386668] [1]
EFlow weighted, [386668] [1]
EFlow, [386668] [1]
EFlow weighted, [386668] [1]
EFlow, [386668] [1]
EFlow weighted, [386668] [1]
EFlow, [386668] [1]
EFlow weighted, [386668] [1]
EFlow, [386668] [1]
EFlow weighted, [386668] [1]
EFlow, [386668] [1]
EFlow weighted, [386668] [1]
EFlow, [386668] [1]
EFlow weighted, [386668] [1]
EFlow, [386668] [1]
EFlow weighted, [386668] [1]
EFlow, [386668] [1]
EFlow weighted, [386668] [1]
EFlow, [386668] [1]
EFlow weighted, [386668] [1]
EFlow, [386668] [1]
EFlow weighted, [386668] [1]
EFlow, [386668] [1]
EFlow weighted, [386668] [1]
EFlow, [386668] [1]
EFlow weighted, [386668] [1]
EFlow, [386668] [1]
EFlow weighted, [386668] [1]
EFlow, [386668] [1]
EFlow weighted, [386668] [1]
EFlow, [386668] [1]
EFlow weighted, [386668] [1]
EFlow, [386668] [1]
EFlow weighted, [386668] [1]
EFlow, [386668] [1]
EFlow weighted, [386668] [1]
EFlow, [386668] [1]
EFlow weighted, [386668] [1]
EFlow, [386668] [1]
EFlow weighted, [386668] [1]
Bad xstal i$\eta$ = -25 i$\phi$ = 301 ---> Skipping 
EFlow, [386668] [1]
EFlow weighted, [386668] [1]
EFlow, [386668] [1]
EFlow weighted, [386668] [1]
EFlow, [386668] [1]
EFlow weighted, [386668] [1]
EFlow, [386668] [1]
EFlow weighted, [386668] [1]
EFlow, [386668] [1]
EFlow weighted, [386668] [1]
EFlow, [386668] [1]
EFlow weighted, [386668] [1]
EFlow, [386668] [1]
EFlow weighted, [386668] [1]
EFlow, [386668] [1]
EFlow weighted, [386668] [1]
EFlow, [386668] [1]
EFlow weighted, [386668] [1]
EFlow, [386668] [1]
EFlow weighted, [386668] [1]
EFlow, [386668] [1]
EFlow weighted, [386668] [1]
EFlow, [386668] [1]
EFlow weighted, [386668] [1]
EFlow, [386668] [1]
EFlow weighted, [386668] [1]
EFlow, [386668] [1]
EFlow weighted, [386668] [1]
EFlow, [386668] [1]
EFlow weighted, [386668] [1]
EFlow, [386668] [1]
EFlow weighted, [386668] [1]
EFlow, [386668] [1]
EFlow weighted, [386668] [1]
EFlow, [386668] [1]
EFlow weighted, [386668] [1]
EFlow, [386668] [1]
EFlow weighted, [386668] [1]
EFlow, [386668] [1]
EFlow weighted, [386668] [1]
EFlow, [386668] [1]
EFlow weighted, [386668] [1]
EFlow, [386668] [1]
EFlow weighted, [386668] [1]
EFlow, [386668] [1]
EFlow weighted, [386668] [1]
EFlow, [386668] [1]
EFlow weighted, [386668] [1]
EFlow, [386668] [1]
EFlow weighted, [386668] [1]
Bad xstal i$\eta$ = -17 i$\phi$ = 21 ---> Skipping 
EFlow, [386668] [1]
EFlow weighted, [386668] [1]
EFlow, [386668] [1]
EFlow weighted, [386668] [1]
EFlow, [386668] [1]
EFlow weighted, [386668] [1]
EFlow, [386668] [1]
EFlow weighted, [386668] [1]
EFlow, [386668] [1]
EFlow weighted, [386668] [1]
EFlow, [386668] [1]
EFlow weighted, [386668] [1]
EFlow, [386668] [1]
EFlow weighted, [386668] [1]
EFlow, [386668] [1]
EFlow weighted, [386668] [1]
EFlow, [386668] [1]
EFlow weighted, [386668] [1]
EFlow, [386668] [1]
EFlow weighted, [386668] [1]
EFlow, [386668] [1]
EFlow weighted, [386668] [1]
EFlow, [386668] [1]
EFlow weighted, [386668] [1]
EFlow, [386668] [1]
EFlow weighted, [386668] [1]
EFlow, [386668] [1]
EFlow weighted, [386668] [1]
EFlow, [386668] [1]
EFlow weighted, [386668] [1]
EFlow, [386668] [1]
EFlow weighted, [386668] [1]
EFlow, [386668] [1]
EFlow weighted, [386668] [1]
EFlow, [386668] [1]
EFlow weighted, [386668] [1]
EFlow, [386668] [1]
EFlow weighted, [386668] [1]
EFlow, [386668] [1]
EFlow weighted, [386668] [1]
EFlow, [386668] [1]
EFlow weighted, [386668] [1]
EFlow, [386668] [1]
EFlow weighted, [386668] [1]
EFlow, [386668] [1]
EFlow weighted, [386668] [1]
EFlow, [386668] [1]
EFlow weighted, [386668] [1]
EFlow, [386668] [1]
EFlow weighted, [386668] [1]
EFlow, [386668] [1]
EFlow weighted, [386668] [1]
EFlow, [386668] [1]
EFlow weighted, [386668] [1]
EFlow, [386668] [1]
EFlow weighted, [386668] [1]
EFlow, [386668] [1]
EFlow weighted, [386668] [1]
EFlow, [386668] [1]
EFlow weighted, [386668] [1]
EFlow, [386668] [1]
EFlow weighted, [386668] [1]
EFlow, [386668] [1]
EFlow weighted, [386668] [1]
EFlow, [386668] [1]
EFlow weighted, [386668] [1]
EFlow, [386668] [1]
EFlow weighted, [386668] [1]
EFlow, [386668] [1]
EFlow weighted, [386668] [1]
EFlow, [386668] [1]
EFlow weighted, [386668] [1]
EFlow, [386668] [1]
EFlow weighted, [386668] [1]
Bad xstal i$\eta$ = -7 i$\phi$ = 221 ---> Skipping 
EFlow, [386668] [1]
EFlow weighted, [386668] [1]
EFlow, [386668] [1]
EFlow weighted, [386668] [1]
EFlow, [386668] [1]
EFlow weighted, [386668] [1]
EFlow, [386668] [1]
EFlow weighted, [386668] [1]
EFlow, [386668] [1]
EFlow weighted, [386668] [1]
EFlow, [386668] [1]
EFlow weighted, [386668] [1]
EFlow, [386668] [1]
EFlow weighted, [386668] [1]
EFlow, [386668] [1]
EFlow weighted, [386668] [1]
EFlow, [386668] [1]
EFlow weighted, [386668] [1]
EFlow, [386668] [1]
EFlow weighted, [386668] [1]
EFlow, [386668] [1]
EFlow weighted, [386668] [1]
EFlow, [386668] [1]
EFlow weighted, [386668] [1]
EFlow, [386668] [1]
EFlow weighted, [386668] [1]
EFlow, [386668] [1]
EFlow weighted, [386668] [1]
EFlow, [386668] [1]
EFlow weighted, [386668] [1]
EFlow, [386668] [1]
EFlow weighted, [386668] [1]
EFlow, [386668] [1]
EFlow weighted, [386668] [1]
EFlow, [386668] [1]
EFlow weighted, [386668] [1]
EFlow, [386668] [1]
EFlow weighted, [386668] [1]
Bad xstal i$\eta$ = -1 i$\phi$ = 61 ---> Skipping 
EFlow, [386668] [1]
EFlow weighted, [386668] [1]
EFlow, [386668] [1]
EFlow weighted, [386668] [1]
EFlow, [386668] [1]
EFlow weighted, [386668] [1]
EFlow, [386668] [1]
EFlow weighted, [386668] [1]
EFlow, [386668] [1]
EFlow weighted, [386668] [1]
EFlow, [386668] [1]
EFlow weighted, [386668] [1]
EFlow, [386668] [1]
EFlow weighted, [386668] [1]
EFlow, [386668] [1]
EFlow weighted, [386668] [1]
EFlow, [386668] [1]
EFlow weighted, [386668] [1]
EFlow, [386668] [1]
EFlow weighted, [386668] [1]
EFlow, [386668] [1]
EFlow weighted, [386668] [1]
EFlow, [386668] [1]
EFlow weighted, [386668] [1]
EFlow, [386668] [1]
EFlow weighted, [386668] [1]
Bad xstal i$\eta$ = 4 i$\phi$ = 21 ---> Skipping 
EFlow, [386668] [1]
EFlow weighted, [386668] [1]
EFlow, [386668] [1]
EFlow weighted, [386668] [1]
EFlow, [386668] [1]
EFlow weighted, [386668] [1]
EFlow, [386668] [1]
EFlow weighted, [386668] [1]
EFlow, [386668] [1]
EFlow weighted, [386668] [1]
EFlow, [386668] [1]
EFlow weighted, [386668] [1]
EFlow, [386668] [1]
EFlow weighted, [386668] [1]
EFlow, [386668] [1]
EFlow weighted, [386668] [1]
EFlow, [386668] [1]
EFlow weighted, [386668] [1]
EFlow, [386668] [1]
EFlow weighted, [386668] [1]
EFlow, [386668] [1]
EFlow weighted, [386668] [1]
EFlow, [386668] [1]
EFlow weighted, [386668] [1]
EFlow, [386668] [1]
EFlow weighted, [386668] [1]
EFlow, [386668] [1]
EFlow weighted, [386668] [1]
EFlow, [386668] [1]
EFlow weighted, [386668] [1]
EFlow, [386668] [1]
EFlow weighted, [386668] [1]
EFlow, [386668] [1]
EFlow weighted, [386668] [1]
EFlow, [386668] [1]
EFlow weighted, [386668] [1]
EFlow, [386668] [1]
EFlow weighted, [386668] [1]
EFlow, [386668] [1]
EFlow weighted, [386668] [1]
EFlow, [386668] [1]
EFlow weighted, [386668] [1]
EFlow, [386668] [1]
EFlow weighted, [386668] [1]
EFlow, [386668] [1]
EFlow weighted, [386668] [1]
EFlow, [386668] [1]
EFlow weighted, [386668] [1]
EFlow, [386668] [1]
EFlow weighted, [386668] [1]
EFlow, [386668] [1]
EFlow weighted, [386668] [1]
EFlow, [386668] [1]
EFlow weighted, [386668] [1]
EFlow, [386668] [1]
EFlow weighted, [386668] [1]
EFlow, [386668] [1]
EFlow weighted, [386668] [1]
EFlow, [386668] [1]
EFlow weighted, [386668] [1]
EFlow, [386668] [1]
EFlow weighted, [386668] [1]
EFlow, [386668] [1]
EFlow weighted, [386668] [1]
EFlow, [386668] [1]
EFlow weighted, [386668] [1]
EFlow, [386668] [1]
EFlow weighted, [386668] [1]
EFlow, [386668] [1]
EFlow weighted, [386668] [1]
EFlow, [386668] [1]
EFlow weighted, [386668] [1]
EFlow, [386668] [1]
EFlow weighted, [386668] [1]
EFlow, [386668] [1]
EFlow weighted, [386668] [1]
EFlow, [386668] [1]
EFlow weighted, [386668] [1]
EFlow, [386668] [1]
EFlow weighted, [386668] [1]
EFlow, [386668] [1]
EFlow weighted, [386668] [1]
EFlow, [386668] [1]
EFlow weighted, [386668] [1]
EFlow, [386668] [1]
EFlow weighted, [386668] [1]
EFlow, [386668] [1]
EFlow weighted, [386668] [1]
EFlow, [386668] [1]
EFlow weighted, [386668] [1]
EFlow, [386668] [1]
EFlow weighted, [386668] [1]
EFlow, [386668] [1]
EFlow weighted, [386668] [1]
EFlow, [386668] [1]
EFlow weighted, [386668] [1]
EFlow, [386668] [1]
EFlow weighted, [386668] [1]
EFlow, [386668] [1]
EFlow weighted, [386668] [1]
EFlow, [386668] [1]
EFlow weighted, [386668] [1]
EFlow, [386668] [1]
EFlow weighted, [386668] [1]
EFlow, [386668] [1]
EFlow weighted, [386668] [1]
EFlow, [386668] [1]
EFlow weighted, [386668] [1]
EFlow, [386668] [1]
EFlow weighted, [386668] [1]
EFlow, [386668] [1]
EFlow weighted, [386668] [1]
EFlow, [386668] [1]
EFlow weighted, [386668] [1]
EFlow, [386668] [1]
EFlow weighted, [386668] [1]
EFlow, [386668] [1]
EFlow weighted, [386668] [1]
EFlow, [386668] [1]
EFlow weighted, [386668] [1]
EFlow, [386668] [1]
EFlow weighted, [386668] [1]
EFlow, [386668] [1]
EFlow weighted, [386668] [1]
EFlow, [386668] [1]
EFlow weighted, [386668] [1]
EFlow, [386668] [1]
EFlow weighted, [386668] [1]
EFlow, [386668] [1]
EFlow weighted, [386668] [1]
EFlow, [386668] [1]
EFlow weighted, [386668] [1]
EFlow, [386668] [1]
EFlow weighted, [386668] [1]
EFlow, [386668] [1]
EFlow weighted, [386668] [1]
EFlow, [386668] [1]
EFlow weighted, [386668] [1]
EFlow, [386668] [1]
EFlow weighted, [386668] [1]
EFlow, [386668] [1]
EFlow weighted, [386668] [1]
EFlow, [386668] [1]
EFlow weighted, [386668] [1]
EFlow, [386668] [1]
EFlow weighted, [386668] [1]
EFlow, [386668] [1]
EFlow weighted, [386668] [1]
EFlow, [386668] [1]
EFlow weighted, [386668] [1]
EFlow, [386668] [1]
EFlow weighted, [386668] [1]
EFlow, [386668] [1]
EFlow weighted, [386668] [1]
EFlow, [386668] [1]
EFlow weighted, [386668] [1]
EFlow, [386668] [1]
EFlow weighted, [386668] [1]
EFlow, [386668] [1]
EFlow weighted, [386668] [1]
EFlow, [386668] [1]
EFlow weighted, [386668] [1]
EFlow, [386668] [1]
EFlow weighted, [386668] [1]
EFlow, [386668] [1]
EFlow weighted, [386668] [1]
EFlow, [386668] [1]
EFlow weighted, [386668] [1]
EFlow, [386668] [1]
EFlow weighted, [386668] [1]
EFlow, [386668] [1]
EFlow weighted, [386668] [1]
EFlow, [386668] [1]
EFlow weighted, [386668] [1]
EFlow, [386668] [1]
EFlow weighted, [386668] [1]
EFlow, [386668] [1]
EFlow weighted, [386668] [1]
EFlow, [386668] [1]
EFlow weighted, [386668] [1]
EFlow, [386668] [1]
EFlow weighted, [386668] [1]
EFlow, [386668] [1]
EFlow weighted, [386668] [1]
EFlow, [386668] [1]
EFlow weighted, [386668] [1]
EFlow, [386668] [1]
EFlow weighted, [386668] [1]
EFlow, [386668] [1]
EFlow weighted, [386668] [1]
EFlow, [386668] [1]
EFlow weighted, [386668] [1]
EFlow, [386668] [1]
EFlow weighted, [386668] [1]
EFlow, [386668] [1]
EFlow weighted, [386668] [1]
EFlow, [386668] [1]
EFlow weighted, [386668] [1]
EFlow, [386668] [1]
EFlow weighted, [386668] [1]
EFlow, [386668] [1]
EFlow weighted, [386668] [1]
EFlow, [386668] [1]
EFlow weighted, [386668] [1]
EFlow, [386668] [1]
EFlow weighted, [386668] [1]
EFlow, [386668] [1]
EFlow weighted, [386668] [1]
EFlow, [386668] [1]
EFlow weighted, [386668] [1]
EFlow, [386668] [1]
EFlow weighted, [386668] [1]
EFlow, [386668] [1]
EFlow weighted, [386668] [1]
EFlow, [386668] [1]
EFlow weighted, [386668] [1]
EFlow, [386668] [1]
EFlow weighted, [386668] [1]
EFlow, [386668] [1]
EFlow weighted, [386668] [1]
EFlow, [386668] [1]
EFlow weighted, [386668] [1]
EFlow, [386668] [1]
EFlow weighted, [386668] [1]
EFlow, [386668] [1]
EFlow weighted, [386668] [1]
EFlow, [386668] [1]
EFlow weighted, [386668] [1]
EFlow, [386668] [1]
EFlow weighted, [386668] [1]
EFlow, [386668] [1]
EFlow weighted, [386668] [1]
EFlow, [386668] [1]
EFlow weighted, [386668] [1]
EFlow, [386668] [1]
EFlow weighted, [386668] [1]
EFlow, [386668] [1]
EFlow weighted, [386668] [1]
EFlow, [386668] [1]
EFlow weighted, [386668] [1]
EFlow, [386668] [1]
EFlow weighted, [386668] [1]
EFlow, [386668] [1]
EFlow weighted, [386668] [1]
EFlow, [386668] [1]
EFlow weighted, [386668] [1]
EFlow, [386668] [1]
EFlow weighted, [386668] [1]
EFlow, [386668] [1]
EFlow weighted, [386668] [1]
EFlow, [386668] [1]
EFlow weighted, [386668] [1]
EFlow, [386668] [1]
EFlow weighted, [386668] [1]
EFlow, [386668] [1]
EFlow weighted, [386668] [1]
EFlow, [386668] [1]
EFlow weighted, [386668] [1]
EFlow, [386668] [1]
EFlow weighted, [386668] [1]
EFlow, [386668] [1]
EFlow weighted, [386668] [1]
EFlow, [386668] [1]
EFlow weighted, [386668] [1]
EFlow, [386668] [1]
EFlow weighted, [386668] [1]
EFlow, [386668] [1]
EFlow weighted, [386668] [1]
EFlow, [386668] [1]
EFlow weighted, [386668] [1]
EFlow, [386668] [1]
EFlow weighted, [386668] [1]
EFlow, [386668] [1]
EFlow weighted, [386668] [1]
EFlow, [386668] [1]
EFlow weighted, [386668] [1]
EFlow, [386668] [1]
EFlow weighted, [386668] [1]
EFlow, [386668] [1]
EFlow weighted, [386668] [1]
EFlow, [386668] [1]
EFlow weighted, [386668] [1]
EFlow, [386668] [1]
EFlow weighted, [386668] [1]
EFlow, [386668] [1]
EFlow weighted, [386668] [1]
EFlow, [386668] [1]
EFlow weighted, [386668] [1]
EFlow, [386668] [1]
EFlow weighted, [386668] [1]
EFlow, [386668] [1]
EFlow weighted, [386668] [1]
EFlow, [386668] [1]
EFlow weighted, [386668] [1]
EFlow, [386668] [1]
EFlow weighted, [386668] [1]
EFlow, [386668] [1]
EFlow weighted, [386668] [1]
EFlow, [386668] [1]
EFlow weighted, [386668] [1]
EFlow, [386668] [1]
EFlow weighted, [386668] [1]
EFlow, [386668] [1]
EFlow weighted, [386668] [1]
EFlow, [386668] [1]
EFlow weighted, [386668] [1]
EFlow, [386668] [1]
EFlow weighted, [386668] [1]
EFlow, [386668] [1]
EFlow weighted, [386668] [1]
EFlow, [386668] [1]
EFlow weighted, [386668] [1]
EFlow, [386668] [1]
EFlow weighted, [386668] [1]
EFlow, [386668] [1]
EFlow weighted, [386668] [1]
EFlow, [386668] [1]
EFlow weighted, [386668] [1]
EFlow, [386668] [1]
EFlow weighted, [386668] [1]
EFlow, [386668] [1]
EFlow weighted, [386668] [1]
EFlow, [386668] [1]
EFlow weighted, [386668] [1]
EFlow, [386668] [1]
EFlow weighted, [386668] [1]
EFlow, [386668] [1]
EFlow weighted, [386668] [1]
EFlow, [386668] [1]
EFlow weighted, [386668] [1]
EFlow, [386668] [1]
EFlow weighted, [386668] [1]
EFlow, [386668] [1]
EFlow weighted, [386668] [1]
EFlow, [386668] [1]
EFlow weighted, [386668] [1]
EFlow, [386668] [1]
EFlow weighted, [386668] [1]
EFlow, [386668] [1]
EFlow weighted, [386668] [1]
EFlow, [386668] [1]
EFlow weighted, [386668] [1]
EFlow, [386668] [1]
EFlow weighted, [386668] [1]
EFlow, [386668] [1]
EFlow weighted, [386668] [1]
EFlow, [386668] [1]
EFlow weighted, [386668] [1]
EFlow, [386668] [1]
EFlow weighted, [386668] [1]
EFlow, [386668] [1]
EFlow weighted, [386668] [1]
EFlow, [386668] [1]
EFlow weighted, [386668] [1]
EFlow, [386668] [1]
EFlow weighted, [386668] [1]
EFlow, [386668] [1]
EFlow weighted, [386668] [1]
EFlow, [386668] [1]
EFlow weighted, [386668] [1]
EFlow, [386668] [1]
EFlow weighted, [386668] [1]
EFlow, [386668] [1]
EFlow weighted, [386668] [1]
EFlow, [386668] [1]
EFlow weighted, [386668] [1]
EFlow, [386668] [1]
EFlow weighted, [386668] [1]
EFlow, [386668] [1]
EFlow weighted, [386668] [1]
EFlow, [386668] [1]
EFlow weighted, [386668] [1]
EFlow, [386668] [1]
EFlow weighted, [386668] [1]
EFlow, [386668] [1]
EFlow weighted, [386668] [1]
EFlow, [386668] [1]
EFlow weighted, [386668] [1]
EFlow, [386668] [1]
EFlow weighted, [386668] [1]
EFlow, [386668] [1]
EFlow weighted, [386668] [1]
EFlow, [386668] [1]
EFlow weighted, [386668] [1]
EFlow, [386668] [1]
EFlow weighted, [386668] [1]
EFlow, [386668] [1]
EFlow weighted, [386668] [1]
EFlow, [386668] [1]
EFlow weighted, [386668] [1]
EFlow, [386668] [1]
EFlow weighted, [386668] [1]
EFlow, [386668] [1]
EFlow weighted, [386668] [1]
EFlow, [386668] [1]
EFlow weighted, [386668] [1]
EFlow, [386668] [1]
EFlow weighted, [386668] [1]
EFlow, [386668] [1]
EFlow weighted, [386668] [1]
EFlow, [386668] [1]
EFlow weighted, [386668] [1]
EFlow, [386668] [1]
EFlow weighted, [386668] [1]
EFlow, [386668] [1]
EFlow weighted, [386668] [1]
EFlow, [386668] [1]
EFlow weighted, [386668] [1]
EFlow, [386668] [1]
EFlow weighted, [386668] [1]
EFlow, [386668] [1]
EFlow weighted, [386668] [1]
EFlow, [386668] [1]
EFlow weighted, [386668] [1]
EFlow, [386668] [1]
EFlow weighted, [386668] [1]
EFlow, [386668] [1]
EFlow weighted, [386668] [1]
EFlow, [386668] [1]
EFlow weighted, [386668] [1]
EFlow, [386668] [1]
EFlow weighted, [386668] [1]
EFlow, [386668] [1]
EFlow weighted, [386668] [1]
EFlow, [386668] [1]
EFlow weighted, [386668] [1]
EFlow, [386668] [1]
EFlow weighted, [386668] [1]
Bad xstal i$\eta$ = 63 i$\phi$ = 281 ---> Skipping 
EFlow, [386668] [1]
EFlow weighted, [386668] [1]
EFlow, [386668] [1]
EFlow weighted, [386668] [1]
EFlow, [386668] [1]
EFlow weighted, [386668] [1]
EFlow, [386668] [1]
EFlow weighted, [386668] [1]
EFlow, [386668] [1]
EFlow weighted, [386668] [1]
EFlow, [386668] [1]
EFlow weighted, [386668] [1]
EFlow, [386668] [1]
EFlow weighted, [386668] [1]
EFlow, [386668] [1]
EFlow weighted, [386668] [1]
EFlow, [386668] [1]
EFlow weighted, [386668] [1]
EFlow, [386668] [1]
EFlow weighted, [386668] [1]
EFlow, [386668] [1]
EFlow weighted, [386668] [1]
EFlow, [386668] [1]
EFlow weighted, [386668] [1]
EFlow, [386668] [1]
EFlow weighted, [386668] [1]
EFlow, [386668] [1]
EFlow weighted, [386668] [1]
EFlow, [386668] [1]
EFlow weighted, [386668] [1]
EFlow, [386668] [1]
EFlow weighted, [386668] [1]
EFlow, [386668] [1]
EFlow weighted, [386668] [1]
EFlow, [386668] [1]
EFlow weighted, [386668] [1]
EFlow, [386668] [1]
EFlow weighted, [386668] [1]
EFlow, [386668] [1]
EFlow weighted, [386668] [1]
EFlow, [386668] [1]
EFlow weighted, [386668] [1]
EFlow, [386668] [1]
EFlow weighted, [386668] [1]
EFlow, [386668] [1]
EFlow weighted, [386668] [1]
EFlow, [386668] [1]
EFlow weighted, [386668] [1]
EFlow, [386668] [1]
EFlow weighted, [386668] [1]
EFlow, [386668] [1]
EFlow weighted, [386668] [1]
EFlow, [386668] [1]
EFlow weighted, [386668] [1]
EFlow, [386668] [1]
EFlow weighted, [386668] [1]
EFlow, [386668] [1]
EFlow weighted, [386668] [1]
EFlow, [386668] [1]
EFlow weighted, [386668] [1]
EFlow, [386668] [1]
EFlow weighted, [386668] [1]
EFlow, [386668] [1]
EFlow weighted, [386668] [1]
Bad xstal i$\eta$ = 72 i$\phi$ = 341 ---> Skipping 
EFlow, [386668] [1]
EFlow weighted, [386668] [1]
EFlow, [386668] [1]
EFlow weighted, [386668] [1]
EFlow, [386668] [1]
EFlow weighted, [386668] [1]
EFlow, [386668] [1]
EFlow weighted, [386668] [1]
EFlow, [386668] [1]
EFlow weighted, [386668] [1]
EFlow, [386668] [1]
EFlow weighted, [386668] [1]
EFlow, [386668] [1]
EFlow weighted, [386668] [1]
EFlow, [386668] [1]
EFlow weighted, [386668] [1]
EFlow, [386668] [1]
EFlow weighted, [386668] [1]
EFlow, [386668] [1]
EFlow weighted, [386668] [1]
EFlow, [386668] [1]
EFlow weighted, [386668] [1]
EFlow, [386668] [1]
EFlow weighted, [386668] [1]
EFlow, [386668] [1]
EFlow weighted, [386668] [1]
EFlow, [386668] [1]
EFlow weighted, [386668] [1]
EFlow, [386668] [1]
EFlow weighted, [386668] [1]
EFlow, [386668] [1]
EFlow weighted, [386668] [1]
EFlow, [386668] [1]
EFlow weighted, [386668] [1]
EFlow, [386668] [1]
EFlow weighted, [386668] [1]
EFlow, [386668] [1]
EFlow weighted, [386668] [1]
EFlow, [386668] [1]
EFlow weighted, [386668] [1]
EFlow, [386668] [1]
EFlow weighted, [386668] [1]
EFlow, [386668] [1]
EFlow weighted, [386668] [1]
EFlow, [386668] [1]
EFlow weighted, [386668] [1]
EFlow, [386668] [1]
EFlow weighted, [386668] [1]
EFlow, [386668] [1]
EFlow weighted, [386668] [1]
EFlow, [386668] [1]
EFlow weighted, [386668] [1]
EFlow, [386668] [1]
EFlow weighted, [386668] [1]
EFlow, [386668] [1]
EFlow weighted, [386668] [1]
EFlow, [386668] [1]
EFlow weighted, [386668] [1]
EFlow, [386668] [1]
EFlow weighted, [386668] [1]
EFlow, [386668] [1]
EFlow weighted, [386668] [1]
EFlow, [386668] [1]
EFlow weighted, [386668] [1]
EFlow, [386668] [1]
EFlow weighted, [386668] [1]
EFlow, [386668] [1]
EFlow weighted, [386668] [1]
EFlow, [386668] [1]
EFlow weighted, [386668] [1]
EFlow, [386668] [1]
EFlow weighted, [386668] [1]
EFlow, [386668] [1]
EFlow weighted, [386668] [1]
EFlow, [386668] [1]
EFlow weighted, [386668] [1]
EFlow, [386668] [1]
EFlow weighted, [386668] [1]
EFlow, [386668] [1]
EFlow weighted, [386668] [1]
EFlow, [386668] [1]
EFlow weighted, [386668] [1]
EFlow, [386668] [1]
EFlow weighted, [386668] [1]
EFlow, [386668] [1]
EFlow weighted, [386668] [1]
EFlow, [386668] [1]
EFlow weighted, [386668] [1]
EFlow, [386668] [1]
EFlow weighted, [386668] [1]
EFlow, [386668] [1]
EFlow weighted, [386668] [1]
... saved plots and now ICs in eflow_plots/10207/
Job status done with output:  /eos/cms/store/group/dpg_ecal/alca_ecalcalib/automation_replays/test_eflow_v1/eflow-phisym/eflow//386668/file.txt
