Received arguments: 10805023.0 0 eflow-phisym ecal_rerecos_v1 386642 10204 eflow_plots/10204/ /eos/cms/store/group/dpg_ecal/alca_ecalcalib/automation_replays/test_eflow_v1/eflow-phisym/eflow/ test_eflow_v1 386642
1
eflow-phisym
2
ecal_rerecos_v1
3
test_eflow_v1
10805023.0
0
Some automation commands require a valid grid proxy.
For those the automation T0 API is expecting a path to a VOMS proxy file in the X509_USER_PROXY environment variable which is set to '/pool/condor/dir_2225070/grid_proxy.x509'.
If needed, the file itself can be generated e.g. with 'voms-proxy-init --voms cms --out $HOME/grid_proxy.x509' before starting the singularity container.
Alternatively, the X509_USER_PROXY environment variable can be set to point to an existing VOMS proxy file.
/eos/user/p/pbackes/ecalphisym
/eos/user/p/pbackes/ecalphisym
run numbers: ['386642']
Running on these files: 
{'PhiSym': ['/eos/cms/store/group/dpg_ecal/alca_ecalcalib/automation_replays/test_eflow_v1/phisym/386642/phisymreco_nano_9.root', '/eos/cms/store/group/dpg_ecal/alca_ecalcalib/automation_replays/test_eflow_v1/phisym/386642/phisymreco_nano_7.root', '/eos/cms/store/group/dpg_ecal/alca_ecalcalib/automation_replays/test_eflow_v1/phisym/386642/phisymreco_nano_5.root', '/eos/cms/store/group/dpg_ecal/alca_ecalcalib/automation_replays/test_eflow_v1/phisym/386642/phisymreco_nano_6.root', '/eos/cms/store/group/dpg_ecal/alca_ecalcalib/automation_replays/test_eflow_v1/phisym/386642/phisymreco_nano_11.root', '/eos/cms/store/group/dpg_ecal/alca_ecalcalib/automation_replays/test_eflow_v1/phisym/386642/phisymreco_nano_0.root', '/eos/cms/store/group/dpg_ecal/alca_ecalcalib/automation_replays/test_eflow_v1/phisym/386642/phisymreco_nano_2.root', '/eos/cms/store/group/dpg_ecal/alca_ecalcalib/automation_replays/test_eflow_v1/phisym/386642/phisymreco_nano_8.root', '/eos/cms/store/group/dpg_ecal/alca_ecalcalib/automation_replays/test_eflow_v1/phisym/386642/phisymreco_nano_4.root', '/eos/cms/store/group/dpg_ecal/alca_ecalcalib/automation_replays/test_eflow_v1/phisym/386642/phisymreco_nano_1.root', '/eos/cms/store/group/dpg_ecal/alca_ecalcalib/automation_replays/test_eflow_v1/phisym/386642/phisymreco_nano_3.root', '/eos/cms/store/group/dpg_ecal/alca_ecalcalib/automation_replays/test_eflow_v1/phisym/386642/phisymreco_nano_10.root']}
  Preprocessing 100% ━━━━━━━━━━━━━━━ 12/12 [ 0:00:00 < 0:00:00 | 34.0   file/s ]
Merging (local) 100% ━━━━━━━━━━━━━━━ 12/12 [ 0:00:00 < 0:00:00 | ?    merges/s ]
     Processing 100% ━━━━━━━━━━━━━━━━ 12/12 [ 0:00:03 < 0:00:00 | 5.6  chunk/s ]
Merging (local) 100% ━━━━━━━━━━━━━━━━ 12/12 [ 0:00:03 < 0:00:00 | ?   merges/s ]
runs:  [386642, 386642, 386642, 386642, 386642, ... 386642, 386642, 386642, 386642, 386642]
12
Fill: 0 and Run: 386642 
 hits here 50331307 -- n hits before 0
Fill: 0 and Run: 386642 
 hits here 88390875 -- n hits before 50331307
Fill: 0 and Run: 386642 
 hits here 107995593 -- n hits before 138722182
Fill: 0 and Run: 386642 
 hits here 38708106 -- n hits before 246717775
Fill: 0 and Run: 386642 
 hits here 31372924 -- n hits before 285425881
Fill: 0 and Run: 386642 
 hits here 23681833 -- n hits before 316798805
Fill: 0 and Run: 386642 
 hits here 36409737 -- n hits before 340480638
Fill: 0 and Run: 386642 
 hits here 60050050 -- n hits before 376890375
Fill: 0 and Run: 386642 
 hits here 30188200 -- n hits before 436940425
Fill: 0 and Run: 386642 
 hits here 50361135 -- n hits before 467128625
Fill: 0 and Run: 386642 
 hits here 42312524 -- n hits before 517489760
Fill: 0 and Run: 386642 
 hits here 155393858 -- n hits before 559802284
So this are the counts merged:: 
   [0] 
 These are the final splits: 
  [12]
Diveded in 1 IOVS --> These are the initial runs of the IOV: 
 [386642]
Diveded in 1 IOVS --> These are the final runs of the IOV: 
 [386642]
Number of hits for each IOV:  [[715196142]]
Deriving the corrections...
