Received arguments: 10961861.0 0 eflow-phisym ecal_rerecos_v1 386640,386642 10204 eflow_plots/10204/ /eos/cms/store/group/dpg_ecal/alca_ecalcalib/automation_replays/test_eflow_v1/eflow-phisym/eflow/ test_eflow_v1 386642
1
eflow-phisym
2
ecal_rerecos_v1
3
test_eflow_v1
10961861.0
0
/eos/user/p/pbackes/gitlab/ecalphisym
run numbers: ['386640', '386642']
Running on these files: 
{'PhiSym': ['/eos/cms/store/group/dpg_ecal/alca_ecalcalib/automation_replays/test_eflow_v1/phisym/386640/phisymreco_nano_8.root', '/eos/cms/store/group/dpg_ecal/alca_ecalcalib/automation_replays/test_eflow_v1/phisym/386640/phisymreco_nano_18.root', '/eos/cms/store/group/dpg_ecal/alca_ecalcalib/automation_replays/test_eflow_v1/phisym/386642/phisymreco_nano_6.root', '/eos/cms/store/group/dpg_ecal/alca_ecalcalib/automation_replays/test_eflow_v1/phisym/386640/phisymreco_nano_21.root', '/eos/cms/store/group/dpg_ecal/alca_ecalcalib/automation_replays/test_eflow_v1/phisym/386640/phisymreco_nano_16.root', '/eos/cms/store/group/dpg_ecal/alca_ecalcalib/automation_replays/test_eflow_v1/phisym/386640/phisymreco_nano_4.root', '/eos/cms/store/group/dpg_ecal/alca_ecalcalib/automation_replays/test_eflow_v1/phisym/386640/phisymreco_nano_2.root', '/eos/cms/store/group/dpg_ecal/alca_ecalcalib/automation_replays/test_eflow_v1/phisym/386642/phisymreco_nano_2.root', '/eos/cms/store/group/dpg_ecal/alca_ecalcalib/automation_replays/test_eflow_v1/phisym/386642/phisymreco_nano_9.root', '/eos/cms/store/group/dpg_ecal/alca_ecalcalib/automation_replays/test_eflow_v1/phisym/386642/phisymreco_nano_0.root', '/eos/cms/store/group/dpg_ecal/alca_ecalcalib/automation_replays/test_eflow_v1/phisym/386640/phisymreco_nano_1.root', '/eos/cms/store/group/dpg_ecal/alca_ecalcalib/automation_replays/test_eflow_v1/phisym/386640/phisymreco_nano_3.root', '/eos/cms/store/group/dpg_ecal/alca_ecalcalib/automation_replays/test_eflow_v1/phisym/386642/phisymreco_nano_10.root', '/eos/cms/store/group/dpg_ecal/alca_ecalcalib/automation_replays/test_eflow_v1/phisym/386642/phisymreco_nano_7.root', '/eos/cms/store/group/dpg_ecal/alca_ecalcalib/automation_replays/test_eflow_v1/phisym/386640/phisymreco_nano_12.root', '/eos/cms/store/group/dpg_ecal/alca_ecalcalib/automation_replays/test_eflow_v1/phisym/386642/phisymreco_nano_3.root', '/eos/cms/store/group/dpg_ecal/alca_ecalcalib/automation_replays/test_eflow_v1/phisym/386640/phisymreco_nano_17.root', '/eos/cms/store/group/dpg_ecal/alca_ecalcalib/automation_replays/test_eflow_v1/phisym/386640/phisymreco_nano_10.root', '/eos/cms/store/group/dpg_ecal/alca_ecalcalib/automation_replays/test_eflow_v1/phisym/386640/phisymreco_nano_0.root', '/eos/cms/store/group/dpg_ecal/alca_ecalcalib/automation_replays/test_eflow_v1/phisym/386640/phisymreco_nano_9.root', '/eos/cms/store/group/dpg_ecal/alca_ecalcalib/automation_replays/test_eflow_v1/phisym/386642/phisymreco_nano_4.root', '/eos/cms/store/group/dpg_ecal/alca_ecalcalib/automation_replays/test_eflow_v1/phisym/386640/phisymreco_nano_7.root', '/eos/cms/store/group/dpg_ecal/alca_ecalcalib/automation_replays/test_eflow_v1/phisym/386642/phisymreco_nano_5.root', '/eos/cms/store/group/dpg_ecal/alca_ecalcalib/automation_replays/test_eflow_v1/phisym/386640/phisymreco_nano_14.root', '/eos/cms/store/group/dpg_ecal/alca_ecalcalib/automation_replays/test_eflow_v1/phisym/386640/phisymreco_nano_13.root', '/eos/cms/store/group/dpg_ecal/alca_ecalcalib/automation_replays/test_eflow_v1/phisym/386642/phisymreco_nano_8.root', '/eos/cms/store/group/dpg_ecal/alca_ecalcalib/automation_replays/test_eflow_v1/phisym/386642/phisymreco_nano_1.root', '/eos/cms/store/group/dpg_ecal/alca_ecalcalib/automation_replays/test_eflow_v1/phisym/386642/phisymreco_nano_11.root', '/eos/cms/store/group/dpg_ecal/alca_ecalcalib/automation_replays/test_eflow_v1/phisym/386640/phisymreco_nano_20.root', '/eos/cms/store/group/dpg_ecal/alca_ecalcalib/automation_replays/test_eflow_v1/phisym/386640/phisymreco_nano_6.root', '/eos/cms/store/group/dpg_ecal/alca_ecalcalib/automation_replays/test_eflow_v1/phisym/386640/phisymreco_nano_22.root', '/eos/cms/store/group/dpg_ecal/alca_ecalcalib/automation_replays/test_eflow_v1/phisym/386640/phisymreco_nano_15.root', '/eos/cms/store/group/dpg_ecal/alca_ecalcalib/automation_replays/test_eflow_v1/phisym/386640/phisymreco_nano_19.root', '/eos/cms/store/group/dpg_ecal/alca_ecalcalib/automation_replays/test_eflow_v1/phisym/386640/phisymreco_nano_11.root', '/eos/cms/store/group/dpg_ecal/alca_ecalcalib/automation_replays/test_eflow_v1/phisym/386640/phisymreco_nano_5.root']}
  Preprocessing 100% ━━━━━━━━━━━━━━━ 35/35 [ 0:00:01 < 0:00:00 | 31.5   file/s ]
Merging (local)   3%                  1/35 [ 0:00:01 < -:--:-- | ?    merges/s ]
     Processing 100% ━━━━━━━━━━━━━━━━ 35/35 [ 0:00:08 < 0:00:00 | 4.5  chunk/s ]
Merging (local)   3%                   1/35 [ 0:00:08 < -:--:-- | ?   merges/s ]
runs:  [386640, 386640, 386640, 386640, 386640, ... 386640, 386640, 386642, 386640, 386640]
[0, 0, 0, 0, 0, 0, 0, 0, 0, 0, 0, 0, 0, 0, ... 0, 0, 0, 0, 0, 0, 0, 0, 0, 0, 0, 0, 0] <class 'awkward.highlevel.Array'>
[0, 1, 2, 3, 4, 5, 6, 10, 11, 13, 15, ... 8, 9, 12, 14, 18, 21, 22, 25, 26, 27, 32] [386640, 386640, 386640, 386640, 386640, ... 386640, 386640, 386642, 386640, 386640]
35
Fill: 0 and Run: 386640 
 hits here 14535989 -- n hits before 0
Fill: 0 and Run: 386640 
 hits here 16529736 -- n hits before 14535989
Fill: 0 and Run: 386640 
 hits here 16047587 -- n hits before 31065725
Fill: 0 and Run: 386640 
 hits here 65510387 -- n hits before 47113312
Fill: 0 and Run: 386640 
 hits here 17129098 -- n hits before 112623699
Fill: 0 and Run: 386640 
 hits here 20296116 -- n hits before 129752797
Fill: 0 and Run: 386640 
 hits here 57908341 -- n hits before 150048913
Fill: 0 and Run: 386640 
 hits here 7372335 -- n hits before 207957254
Fill: 0 and Run: 386640 
 hits here 19205178 -- n hits before 215329589
Fill: 0 and Run: 386640 
 hits here 7359861 -- n hits before 234534767
Fill: 0 and Run: 386640 
 hits here 16784982 -- n hits before 241894628
Fill: 0 and Run: 386640 
 hits here 17929274 -- n hits before 258679610
Fill: 0 and Run: 386640 
 hits here 7390980 -- n hits before 276608884
Fill: 0 and Run: 386640 
 hits here 19830464 -- n hits before 283999864
Fill: 0 and Run: 386640 
 hits here 15699223 -- n hits before 303830328
Fill: 0 and Run: 386640 
 hits here 18052506 -- n hits before 319529551
Fill: 0 and Run: 386640 
 hits here 11217595 -- n hits before 337582057
Fill: 0 and Run: 386640 
 hits here 7354874 -- n hits before 348799652
Fill: 0 and Run: 386640 
 hits here 12837680 -- n hits before 356154526
Fill: 0 and Run: 386640 
 hits here 11780805 -- n hits before 368992206
Fill: 0 and Run: 386640 
 hits here 7373576 -- n hits before 380773011
Fill: 0 and Run: 386640 
 hits here 14013307 -- n hits before 388146587
Fill: 0 and Run: 386640 
 hits here 13089285 -- n hits before 402159894
Fill: 0 and Run: 386642 
 hits here 60050050 -- n hits before 415249179
Fill: 0 and Run: 386642 
 hits here 88390875 -- n hits before 475299229
Fill: 0 and Run: 386642 
 hits here 31372924 -- n hits before 563690104
Fill: 0 and Run: 386642 
 hits here 50361135 -- n hits before 595063028
Fill: 0 and Run: 386642 
 hits here 50331307 -- n hits before 645424163
Fill: 0 and Run: 386642 
 hits here 107995593 -- n hits before 695755470
Fill: 0 and Run: 386642 
 hits here 42312524 -- n hits before 803751063
Fill: 0 and Run: 386642 
 hits here 38708106 -- n hits before 846063587
Fill: 0 and Run: 386642 
 hits here 36409737 -- n hits before 884771693
Fill: 0 and Run: 386642 
 hits here 23681833 -- n hits before 921181430
Fill: 0 and Run: 386642 
 hits here 155393858 -- n hits before 944863263
Fill: 0 and Run: 386642 
 hits here 30188200 -- n hits before 1100257121
So this are the counts merged:: 
   [0] 
 These are the final splits: 
  [35]
Diveded in 1 IOVS --> These are the initial runs of the IOV: 
 [386640]
Diveded in 1 IOVS --> These are the final runs of the IOV: 
 [386642]
Number of hits for each IOV:  [[1130445321]]
Deriving the corrections...
Eta Weight file provided ...  {'/eos/cms/store/group/dpg_ecal/alca_ecalcalib/automation_replays/test_eflow_v1/eflow-phisym/reweighting/10204/386640_386642/weights.txt'}
... saving histories in .root ...
How much does it takes??? 0.15868711471557617 s
... plotting ...
EFlow, [386640] [1]
EFlow weighted, [386640] [1]
EFlow, [386640] [1]
EFlow weighted, [386640] [1]
EFlow, [386640] [1]
EFlow weighted, [386640] [1]
EFlow, [386640] [1]
EFlow weighted, [386640] [1]
EFlow, [386640] [1]
EFlow weighted, [386640] [1]
EFlow, [386640] [1]
EFlow weighted, [386640] [1]
EFlow, [386640] [1]
EFlow weighted, [386640] [1]
EFlow, [386640] [1]
EFlow weighted, [386640] [1]
EFlow, [386640] [1]
EFlow weighted, [386640] [1]
EFlow, [386640] [1]
EFlow weighted, [386640] [1]
EFlow, [386640] [1]
EFlow weighted, [386640] [1]
EFlow, [386640] [1]
EFlow weighted, [386640] [1]
EFlow, [386640] [1]
EFlow weighted, [386640] [1]
EFlow, [386640] [1]
EFlow weighted, [386640] [1]
EFlow, [386640] [1]
EFlow weighted, [386640] [1]
EFlow, [386640] [1]
EFlow weighted, [386640] [1]
EFlow, [386640] [1]
EFlow weighted, [386640] [1]
EFlow, [386640] [1]
EFlow weighted, [386640] [1]
EFlow, [386640] [1]
EFlow weighted, [386640] [1]
EFlow, [386640] [1]
EFlow weighted, [386640] [1]
EFlow, [386640] [1]
EFlow weighted, [386640] [1]
EFlow, [386640] [1]
EFlow weighted, [386640] [1]
EFlow, [386640] [1]
EFlow weighted, [386640] [1]
EFlow, [386640] [1]
EFlow weighted, [386640] [1]
EFlow, [386640] [1]
EFlow weighted, [386640] [1]
EFlow, [386640] [1]
EFlow weighted, [386640] [1]
EFlow, [386640] [1]
EFlow weighted, [386640] [1]
EFlow, [386640] [1]
EFlow weighted, [386640] [1]
EFlow, [386640] [1]
EFlow weighted, [386640] [1]
EFlow, [386640] [1]
EFlow weighted, [386640] [1]
EFlow, [386640] [1]
EFlow weighted, [386640] [1]
EFlow, [386640] [1]
EFlow weighted, [386640] [1]
EFlow, [386640] [1]
EFlow weighted, [386640] [1]
EFlow, [386640] [1]
EFlow weighted, [386640] [1]
EFlow, [386640] [1]
EFlow weighted, [386640] [1]
EFlow, [386640] [1]
EFlow weighted, [386640] [1]
EFlow, [386640] [1]
EFlow weighted, [386640] [1]
EFlow, [386640] [1]
EFlow weighted, [386640] [1]
EFlow, [386640] [1]
EFlow weighted, [386640] [1]
EFlow, [386640] [1]
EFlow weighted, [386640] [1]
EFlow, [386640] [1]
EFlow weighted, [386640] [1]
EFlow, [386640] [1]
EFlow weighted, [386640] [1]
EFlow, [386640] [1]
EFlow weighted, [386640] [1]
EFlow, [386640] [1]
EFlow weighted, [386640] [1]
EFlow, [386640] [1]
EFlow weighted, [386640] [1]
EFlow, [386640] [1]
EFlow weighted, [386640] [1]
EFlow, [386640] [1]
EFlow weighted, [386640] [1]
EFlow, [386640] [1]
EFlow weighted, [386640] [1]
EFlow, [386640] [1]
EFlow weighted, [386640] [1]
EFlow, [386640] [1]
EFlow weighted, [386640] [1]
EFlow, [386640] [1]
EFlow weighted, [386640] [1]
EFlow, [386640] [1]
EFlow weighted, [386640] [1]
EFlow, [386640] [1]
EFlow weighted, [386640] [1]
EFlow, [386640] [1]
EFlow weighted, [386640] [1]
EFlow, [386640] [1]
EFlow weighted, [386640] [1]
EFlow, [386640] [1]
EFlow weighted, [386640] [1]
EFlow, [386640] [1]
EFlow weighted, [386640] [1]
Bad xstal i$\eta$ = -70 i$\phi$ = 301 ---> Skipping 
EFlow, [386640] [1]
EFlow weighted, [386640] [1]
EFlow, [386640] [1]
EFlow weighted, [386640] [1]
Bad xstal i$\eta$ = -69 i$\phi$ = 241 ---> Skipping 
EFlow, [386640] [1]
EFlow weighted, [386640] [1]
EFlow, [386640] [1]
EFlow weighted, [386640] [1]
EFlow, [386640] [1]
EFlow weighted, [386640] [1]
EFlow, [386640] [1]
EFlow weighted, [386640] [1]
EFlow, [386640] [1]
EFlow weighted, [386640] [1]
EFlow, [386640] [1]
EFlow weighted, [386640] [1]
EFlow, [386640] [1]
EFlow weighted, [386640] [1]
EFlow, [386640] [1]
EFlow weighted, [386640] [1]
EFlow, [386640] [1]
EFlow weighted, [386640] [1]
EFlow, [386640] [1]
EFlow weighted, [386640] [1]
EFlow, [386640] [1]
EFlow weighted, [386640] [1]
EFlow, [386640] [1]
EFlow weighted, [386640] [1]
EFlow, [386640] [1]
EFlow weighted, [386640] [1]
Bad xstal i$\eta$ = -65 i$\phi$ = 201 ---> Skipping 
EFlow, [386640] [1]
EFlow weighted, [386640] [1]
EFlow, [386640] [1]
EFlow weighted, [386640] [1]
EFlow, [386640] [1]
EFlow weighted, [386640] [1]
EFlow, [386640] [1]
EFlow weighted, [386640] [1]
EFlow, [386640] [1]
EFlow weighted, [386640] [1]
EFlow, [386640] [1]
EFlow weighted, [386640] [1]
EFlow, [386640] [1]
EFlow weighted, [386640] [1]
EFlow, [386640] [1]
EFlow weighted, [386640] [1]
EFlow, [386640] [1]
EFlow weighted, [386640] [1]
EFlow, [386640] [1]
EFlow weighted, [386640] [1]
EFlow, [386640] [1]
EFlow weighted, [386640] [1]
EFlow, [386640] [1]
EFlow weighted, [386640] [1]
EFlow, [386640] [1]
EFlow weighted, [386640] [1]
EFlow, [386640] [1]
EFlow weighted, [386640] [1]
EFlow, [386640] [1]
EFlow weighted, [386640] [1]
EFlow, [386640] [1]
EFlow weighted, [386640] [1]
EFlow, [386640] [1]
EFlow weighted, [386640] [1]
EFlow, [386640] [1]
EFlow weighted, [386640] [1]
EFlow, [386640] [1]
EFlow weighted, [386640] [1]
EFlow, [386640] [1]
EFlow weighted, [386640] [1]
EFlow, [386640] [1]
EFlow weighted, [386640] [1]
EFlow, [386640] [1]
EFlow weighted, [386640] [1]
EFlow, [386640] [1]
EFlow weighted, [386640] [1]
EFlow, [386640] [1]
EFlow weighted, [386640] [1]
EFlow, [386640] [1]
EFlow weighted, [386640] [1]
EFlow, [386640] [1]
EFlow weighted, [386640] [1]
EFlow, [386640] [1]
EFlow weighted, [386640] [1]
EFlow, [386640] [1]
EFlow weighted, [386640] [1]
EFlow, [386640] [1]
EFlow weighted, [386640] [1]
EFlow, [386640] [1]
EFlow weighted, [386640] [1]
EFlow, [386640] [1]
EFlow weighted, [386640] [1]
EFlow, [386640] [1]
EFlow weighted, [386640] [1]
EFlow, [386640] [1]
EFlow weighted, [386640] [1]
EFlow, [386640] [1]
EFlow weighted, [386640] [1]
EFlow, [386640] [1]
EFlow weighted, [386640] [1]
EFlow, [386640] [1]
EFlow weighted, [386640] [1]
EFlow, [386640] [1]
EFlow weighted, [386640] [1]
EFlow, [386640] [1]
EFlow weighted, [386640] [1]
EFlow, [386640] [1]
EFlow weighted, [386640] [1]
EFlow, [386640] [1]
EFlow weighted, [386640] [1]
EFlow, [386640] [1]
EFlow weighted, [386640] [1]
EFlow, [386640] [1]
EFlow weighted, [386640] [1]
Bad xstal i$\eta$ = -53 i$\phi$ = 181 ---> Skipping 
EFlow, [386640] [1]
EFlow weighted, [386640] [1]
EFlow, [386640] [1]
EFlow weighted, [386640] [1]
EFlow, [386640] [1]
EFlow weighted, [386640] [1]
EFlow, [386640] [1]
EFlow weighted, [386640] [1]
EFlow, [386640] [1]
EFlow weighted, [386640] [1]
EFlow, [386640] [1]
EFlow weighted, [386640] [1]
EFlow, [386640] [1]
EFlow weighted, [386640] [1]
EFlow, [386640] [1]
EFlow weighted, [386640] [1]
EFlow, [386640] [1]
EFlow weighted, [386640] [1]
EFlow, [386640] [1]
EFlow weighted, [386640] [1]
EFlow, [386640] [1]
EFlow weighted, [386640] [1]
EFlow, [386640] [1]
EFlow weighted, [386640] [1]
EFlow, [386640] [1]
EFlow weighted, [386640] [1]
EFlow, [386640] [1]
EFlow weighted, [386640] [1]
EFlow, [386640] [1]
EFlow weighted, [386640] [1]
EFlow, [386640] [1]
EFlow weighted, [386640] [1]
EFlow, [386640] [1]
EFlow weighted, [386640] [1]
EFlow, [386640] [1]
EFlow weighted, [386640] [1]
EFlow, [386640] [1]
EFlow weighted, [386640] [1]
EFlow, [386640] [1]
EFlow weighted, [386640] [1]
EFlow, [386640] [1]
EFlow weighted, [386640] [1]
EFlow, [386640] [1]
EFlow weighted, [386640] [1]
EFlow, [386640] [1]
EFlow weighted, [386640] [1]
EFlow, [386640] [1]
EFlow weighted, [386640] [1]
EFlow, [386640] [1]
EFlow weighted, [386640] [1]
EFlow, [386640] [1]
EFlow weighted, [386640] [1]
EFlow, [386640] [1]
EFlow weighted, [386640] [1]
EFlow, [386640] [1]
EFlow weighted, [386640] [1]
EFlow, [386640] [1]
EFlow weighted, [386640] [1]
EFlow, [386640] [1]
EFlow weighted, [386640] [1]
EFlow, [386640] [1]
EFlow weighted, [386640] [1]
EFlow, [386640] [1]
EFlow weighted, [386640] [1]
Bad xstal i$\eta$ = -44 i$\phi$ = 241 ---> Skipping 
EFlow, [386640] [1]
EFlow weighted, [386640] [1]
EFlow, [386640] [1]
EFlow weighted, [386640] [1]
EFlow, [386640] [1]
EFlow weighted, [386640] [1]
EFlow, [386640] [1]
EFlow weighted, [386640] [1]
EFlow, [386640] [1]
EFlow weighted, [386640] [1]
EFlow, [386640] [1]
EFlow weighted, [386640] [1]
EFlow, [386640] [1]
EFlow weighted, [386640] [1]
EFlow, [386640] [1]
EFlow weighted, [386640] [1]
EFlow, [386640] [1]
EFlow weighted, [386640] [1]
EFlow, [386640] [1]
EFlow weighted, [386640] [1]
EFlow, [386640] [1]
EFlow weighted, [386640] [1]
EFlow, [386640] [1]
EFlow weighted, [386640] [1]
EFlow, [386640] [1]
EFlow weighted, [386640] [1]
EFlow, [386640] [1]
EFlow weighted, [386640] [1]
EFlow, [386640] [1]
EFlow weighted, [386640] [1]
EFlow, [386640] [1]
EFlow weighted, [386640] [1]
EFlow, [386640] [1]
EFlow weighted, [386640] [1]
EFlow, [386640] [1]
EFlow weighted, [386640] [1]
EFlow, [386640] [1]
EFlow weighted, [386640] [1]
EFlow, [386640] [1]
EFlow weighted, [386640] [1]
EFlow, [386640] [1]
EFlow weighted, [386640] [1]
EFlow, [386640] [1]
EFlow weighted, [386640] [1]
EFlow, [386640] [1]
EFlow weighted, [386640] [1]
EFlow, [386640] [1]
EFlow weighted, [386640] [1]
EFlow, [386640] [1]
EFlow weighted, [386640] [1]
EFlow, [386640] [1]
EFlow weighted, [386640] [1]
EFlow, [386640] [1]
EFlow weighted, [386640] [1]
EFlow, [386640] [1]
EFlow weighted, [386640] [1]
EFlow, [386640] [1]
EFlow weighted, [386640] [1]
EFlow, [386640] [1]
EFlow weighted, [386640] [1]
EFlow, [386640] [1]
EFlow weighted, [386640] [1]
EFlow, [386640] [1]
EFlow weighted, [386640] [1]
EFlow, [386640] [1]
EFlow weighted, [386640] [1]
EFlow, [386640] [1]
EFlow weighted, [386640] [1]
EFlow, [386640] [1]
EFlow weighted, [386640] [1]
EFlow, [386640] [1]
EFlow weighted, [386640] [1]
EFlow, [386640] [1]
EFlow weighted, [386640] [1]
EFlow, [386640] [1]
EFlow weighted, [386640] [1]
EFlow, [386640] [1]
EFlow weighted, [386640] [1]
EFlow, [386640] [1]
EFlow weighted, [386640] [1]
EFlow, [386640] [1]
EFlow weighted, [386640] [1]
EFlow, [386640] [1]
EFlow weighted, [386640] [1]
EFlow, [386640] [1]
EFlow weighted, [386640] [1]
EFlow, [386640] [1]
EFlow weighted, [386640] [1]
EFlow, [386640] [1]
EFlow weighted, [386640] [1]
EFlow, [386640] [1]
EFlow weighted, [386640] [1]
EFlow, [386640] [1]
EFlow weighted, [386640] [1]
EFlow, [386640] [1]
EFlow weighted, [386640] [1]
EFlow, [386640] [1]
EFlow weighted, [386640] [1]
EFlow, [386640] [1]
EFlow weighted, [386640] [1]
EFlow, [386640] [1]
EFlow weighted, [386640] [1]
EFlow, [386640] [1]
EFlow weighted, [386640] [1]
EFlow, [386640] [1]
EFlow weighted, [386640] [1]
EFlow, [386640] [1]
EFlow weighted, [386640] [1]
EFlow, [386640] [1]
EFlow weighted, [386640] [1]
EFlow, [386640] [1]
EFlow weighted, [386640] [1]
EFlow, [386640] [1]
EFlow weighted, [386640] [1]
EFlow, [386640] [1]
EFlow weighted, [386640] [1]
EFlow, [386640] [1]
EFlow weighted, [386640] [1]
EFlow, [386640] [1]
EFlow weighted, [386640] [1]
EFlow, [386640] [1]
EFlow weighted, [386640] [1]
EFlow, [386640] [1]
EFlow weighted, [386640] [1]
EFlow, [386640] [1]
EFlow weighted, [386640] [1]
EFlow, [386640] [1]
EFlow weighted, [386640] [1]
EFlow, [386640] [1]
EFlow weighted, [386640] [1]
EFlow, [386640] [1]
EFlow weighted, [386640] [1]
EFlow, [386640] [1]
EFlow weighted, [386640] [1]
EFlow, [386640] [1]
EFlow weighted, [386640] [1]
Bad xstal i$\eta$ = -25 i$\phi$ = 301 ---> Skipping 
EFlow, [386640] [1]
EFlow weighted, [386640] [1]
EFlow, [386640] [1]
EFlow weighted, [386640] [1]
EFlow, [386640] [1]
EFlow weighted, [386640] [1]
EFlow, [386640] [1]
EFlow weighted, [386640] [1]
EFlow, [386640] [1]
EFlow weighted, [386640] [1]
EFlow, [386640] [1]
EFlow weighted, [386640] [1]
EFlow, [386640] [1]
EFlow weighted, [386640] [1]
EFlow, [386640] [1]
EFlow weighted, [386640] [1]
EFlow, [386640] [1]
EFlow weighted, [386640] [1]
EFlow, [386640] [1]
EFlow weighted, [386640] [1]
EFlow, [386640] [1]
EFlow weighted, [386640] [1]
EFlow, [386640] [1]
EFlow weighted, [386640] [1]
EFlow, [386640] [1]
EFlow weighted, [386640] [1]
EFlow, [386640] [1]
EFlow weighted, [386640] [1]
EFlow, [386640] [1]
EFlow weighted, [386640] [1]
EFlow, [386640] [1]
EFlow weighted, [386640] [1]
EFlow, [386640] [1]
EFlow weighted, [386640] [1]
EFlow, [386640] [1]
EFlow weighted, [386640] [1]
EFlow, [386640] [1]
EFlow weighted, [386640] [1]
EFlow, [386640] [1]
EFlow weighted, [386640] [1]
EFlow, [386640] [1]
EFlow weighted, [386640] [1]
EFlow, [386640] [1]
EFlow weighted, [386640] [1]
EFlow, [386640] [1]
EFlow weighted, [386640] [1]
EFlow, [386640] [1]
EFlow weighted, [386640] [1]
EFlow, [386640] [1]
EFlow weighted, [386640] [1]
Bad xstal i$\eta$ = -17 i$\phi$ = 21 ---> Skipping 
EFlow, [386640] [1]
EFlow weighted, [386640] [1]
EFlow, [386640] [1]
EFlow weighted, [386640] [1]
EFlow, [386640] [1]
EFlow weighted, [386640] [1]
EFlow, [386640] [1]
EFlow weighted, [386640] [1]
EFlow, [386640] [1]
EFlow weighted, [386640] [1]
EFlow, [386640] [1]
EFlow weighted, [386640] [1]
EFlow, [386640] [1]
EFlow weighted, [386640] [1]
EFlow, [386640] [1]
EFlow weighted, [386640] [1]
EFlow, [386640] [1]
EFlow weighted, [386640] [1]
EFlow, [386640] [1]
EFlow weighted, [386640] [1]
EFlow, [386640] [1]
EFlow weighted, [386640] [1]
EFlow, [386640] [1]
EFlow weighted, [386640] [1]
EFlow, [386640] [1]
EFlow weighted, [386640] [1]
EFlow, [386640] [1]
EFlow weighted, [386640] [1]
EFlow, [386640] [1]
EFlow weighted, [386640] [1]
EFlow, [386640] [1]
EFlow weighted, [386640] [1]
EFlow, [386640] [1]
EFlow weighted, [386640] [1]
EFlow, [386640] [1]
EFlow weighted, [386640] [1]
EFlow, [386640] [1]
EFlow weighted, [386640] [1]
EFlow, [386640] [1]
EFlow weighted, [386640] [1]
EFlow, [386640] [1]
EFlow weighted, [386640] [1]
EFlow, [386640] [1]
EFlow weighted, [386640] [1]
EFlow, [386640] [1]
EFlow weighted, [386640] [1]
EFlow, [386640] [1]
EFlow weighted, [386640] [1]
EFlow, [386640] [1]
EFlow weighted, [386640] [1]
EFlow, [386640] [1]
EFlow weighted, [386640] [1]
EFlow, [386640] [1]
EFlow weighted, [386640] [1]
EFlow, [386640] [1]
EFlow weighted, [386640] [1]
EFlow, [386640] [1]
EFlow weighted, [386640] [1]
EFlow, [386640] [1]
EFlow weighted, [386640] [1]
EFlow, [386640] [1]
EFlow weighted, [386640] [1]
EFlow, [386640] [1]
EFlow weighted, [386640] [1]
EFlow, [386640] [1]
EFlow weighted, [386640] [1]
EFlow, [386640] [1]
EFlow weighted, [386640] [1]
EFlow, [386640] [1]
EFlow weighted, [386640] [1]
EFlow, [386640] [1]
EFlow weighted, [386640] [1]
EFlow, [386640] [1]
EFlow weighted, [386640] [1]
Bad xstal i$\eta$ = -7 i$\phi$ = 221 ---> Skipping 
EFlow, [386640] [1]
EFlow weighted, [386640] [1]
EFlow, [386640] [1]
EFlow weighted, [386640] [1]
EFlow, [386640] [1]
EFlow weighted, [386640] [1]
EFlow, [386640] [1]
EFlow weighted, [386640] [1]
EFlow, [386640] [1]
EFlow weighted, [386640] [1]
EFlow, [386640] [1]
EFlow weighted, [386640] [1]
EFlow, [386640] [1]
EFlow weighted, [386640] [1]
EFlow, [386640] [1]
EFlow weighted, [386640] [1]
EFlow, [386640] [1]
EFlow weighted, [386640] [1]
EFlow, [386640] [1]
EFlow weighted, [386640] [1]
EFlow, [386640] [1]
EFlow weighted, [386640] [1]
EFlow, [386640] [1]
EFlow weighted, [386640] [1]
EFlow, [386640] [1]
EFlow weighted, [386640] [1]
EFlow, [386640] [1]
EFlow weighted, [386640] [1]
EFlow, [386640] [1]
EFlow weighted, [386640] [1]
EFlow, [386640] [1]
EFlow weighted, [386640] [1]
EFlow, [386640] [1]
EFlow weighted, [386640] [1]
EFlow, [386640] [1]
EFlow weighted, [386640] [1]
EFlow, [386640] [1]
EFlow weighted, [386640] [1]
Bad xstal i$\eta$ = -1 i$\phi$ = 61 ---> Skipping 
EFlow, [386640] [1]
EFlow weighted, [386640] [1]
EFlow, [386640] [1]
EFlow weighted, [386640] [1]
EFlow, [386640] [1]
EFlow weighted, [386640] [1]
EFlow, [386640] [1]
EFlow weighted, [386640] [1]
EFlow, [386640] [1]
EFlow weighted, [386640] [1]
EFlow, [386640] [1]
EFlow weighted, [386640] [1]
EFlow, [386640] [1]
EFlow weighted, [386640] [1]
EFlow, [386640] [1]
EFlow weighted, [386640] [1]
EFlow, [386640] [1]
EFlow weighted, [386640] [1]
EFlow, [386640] [1]
EFlow weighted, [386640] [1]
EFlow, [386640] [1]
EFlow weighted, [386640] [1]
EFlow, [386640] [1]
EFlow weighted, [386640] [1]
EFlow, [386640] [1]
EFlow weighted, [386640] [1]
Bad xstal i$\eta$ = 4 i$\phi$ = 21 ---> Skipping 
EFlow, [386640] [1]
EFlow weighted, [386640] [1]
EFlow, [386640] [1]
EFlow weighted, [386640] [1]
EFlow, [386640] [1]
EFlow weighted, [386640] [1]
EFlow, [386640] [1]
EFlow weighted, [386640] [1]
EFlow, [386640] [1]
EFlow weighted, [386640] [1]
EFlow, [386640] [1]
EFlow weighted, [386640] [1]
EFlow, [386640] [1]
EFlow weighted, [386640] [1]
EFlow, [386640] [1]
EFlow weighted, [386640] [1]
EFlow, [386640] [1]
EFlow weighted, [386640] [1]
EFlow, [386640] [1]
EFlow weighted, [386640] [1]
EFlow, [386640] [1]
EFlow weighted, [386640] [1]
EFlow, [386640] [1]
EFlow weighted, [386640] [1]
EFlow, [386640] [1]
EFlow weighted, [386640] [1]
EFlow, [386640] [1]
EFlow weighted, [386640] [1]
EFlow, [386640] [1]
EFlow weighted, [386640] [1]
EFlow, [386640] [1]
EFlow weighted, [386640] [1]
EFlow, [386640] [1]
EFlow weighted, [386640] [1]
EFlow, [386640] [1]
EFlow weighted, [386640] [1]
EFlow, [386640] [1]
EFlow weighted, [386640] [1]
EFlow, [386640] [1]
EFlow weighted, [386640] [1]
EFlow, [386640] [1]
EFlow weighted, [386640] [1]
EFlow, [386640] [1]
EFlow weighted, [386640] [1]
EFlow, [386640] [1]
EFlow weighted, [386640] [1]
EFlow, [386640] [1]
EFlow weighted, [386640] [1]
EFlow, [386640] [1]
EFlow weighted, [386640] [1]
EFlow, [386640] [1]
EFlow weighted, [386640] [1]
EFlow, [386640] [1]
EFlow weighted, [386640] [1]
EFlow, [386640] [1]
EFlow weighted, [386640] [1]
EFlow, [386640] [1]
EFlow weighted, [386640] [1]
EFlow, [386640] [1]
EFlow weighted, [386640] [1]
EFlow, [386640] [1]
EFlow weighted, [386640] [1]
EFlow, [386640] [1]
EFlow weighted, [386640] [1]
EFlow, [386640] [1]
EFlow weighted, [386640] [1]
EFlow, [386640] [1]
EFlow weighted, [386640] [1]
EFlow, [386640] [1]
EFlow weighted, [386640] [1]
EFlow, [386640] [1]
EFlow weighted, [386640] [1]
EFlow, [386640] [1]
EFlow weighted, [386640] [1]
EFlow, [386640] [1]
EFlow weighted, [386640] [1]
EFlow, [386640] [1]
EFlow weighted, [386640] [1]
EFlow, [386640] [1]
EFlow weighted, [386640] [1]
EFlow, [386640] [1]
EFlow weighted, [386640] [1]
EFlow, [386640] [1]
EFlow weighted, [386640] [1]
EFlow, [386640] [1]
EFlow weighted, [386640] [1]
EFlow, [386640] [1]
EFlow weighted, [386640] [1]
EFlow, [386640] [1]
EFlow weighted, [386640] [1]
EFlow, [386640] [1]
EFlow weighted, [386640] [1]
EFlow, [386640] [1]
EFlow weighted, [386640] [1]
EFlow, [386640] [1]
EFlow weighted, [386640] [1]
EFlow, [386640] [1]
EFlow weighted, [386640] [1]
EFlow, [386640] [1]
EFlow weighted, [386640] [1]
EFlow, [386640] [1]
EFlow weighted, [386640] [1]
EFlow, [386640] [1]
EFlow weighted, [386640] [1]
EFlow, [386640] [1]
EFlow weighted, [386640] [1]
EFlow, [386640] [1]
EFlow weighted, [386640] [1]
EFlow, [386640] [1]
EFlow weighted, [386640] [1]
EFlow, [386640] [1]
EFlow weighted, [386640] [1]
EFlow, [386640] [1]
EFlow weighted, [386640] [1]
EFlow, [386640] [1]
EFlow weighted, [386640] [1]
EFlow, [386640] [1]
EFlow weighted, [386640] [1]
EFlow, [386640] [1]
EFlow weighted, [386640] [1]
EFlow, [386640] [1]
EFlow weighted, [386640] [1]
EFlow, [386640] [1]
EFlow weighted, [386640] [1]
EFlow, [386640] [1]
EFlow weighted, [386640] [1]
EFlow, [386640] [1]
EFlow weighted, [386640] [1]
EFlow, [386640] [1]
EFlow weighted, [386640] [1]
EFlow, [386640] [1]
EFlow weighted, [386640] [1]
EFlow, [386640] [1]
EFlow weighted, [386640] [1]
EFlow, [386640] [1]
EFlow weighted, [386640] [1]
EFlow, [386640] [1]
EFlow weighted, [386640] [1]
EFlow, [386640] [1]
EFlow weighted, [386640] [1]
EFlow, [386640] [1]
EFlow weighted, [386640] [1]
EFlow, [386640] [1]
EFlow weighted, [386640] [1]
EFlow, [386640] [1]
EFlow weighted, [386640] [1]
EFlow, [386640] [1]
EFlow weighted, [386640] [1]
EFlow, [386640] [1]
EFlow weighted, [386640] [1]
EFlow, [386640] [1]
EFlow weighted, [386640] [1]
EFlow, [386640] [1]
EFlow weighted, [386640] [1]
EFlow, [386640] [1]
EFlow weighted, [386640] [1]
EFlow, [386640] [1]
EFlow weighted, [386640] [1]
EFlow, [386640] [1]
EFlow weighted, [386640] [1]
EFlow, [386640] [1]
EFlow weighted, [386640] [1]
EFlow, [386640] [1]
EFlow weighted, [386640] [1]
EFlow, [386640] [1]
EFlow weighted, [386640] [1]
EFlow, [386640] [1]
EFlow weighted, [386640] [1]
EFlow, [386640] [1]
EFlow weighted, [386640] [1]
EFlow, [386640] [1]
EFlow weighted, [386640] [1]
EFlow, [386640] [1]
EFlow weighted, [386640] [1]
EFlow, [386640] [1]
EFlow weighted, [386640] [1]
EFlow, [386640] [1]
EFlow weighted, [386640] [1]
EFlow, [386640] [1]
EFlow weighted, [386640] [1]
EFlow, [386640] [1]
EFlow weighted, [386640] [1]
EFlow, [386640] [1]
EFlow weighted, [386640] [1]
EFlow, [386640] [1]
EFlow weighted, [386640] [1]
EFlow, [386640] [1]
EFlow weighted, [386640] [1]
EFlow, [386640] [1]
EFlow weighted, [386640] [1]
EFlow, [386640] [1]
EFlow weighted, [386640] [1]
EFlow, [386640] [1]
EFlow weighted, [386640] [1]
EFlow, [386640] [1]
EFlow weighted, [386640] [1]
EFlow, [386640] [1]
EFlow weighted, [386640] [1]
EFlow, [386640] [1]
EFlow weighted, [386640] [1]
EFlow, [386640] [1]
EFlow weighted, [386640] [1]
EFlow, [386640] [1]
EFlow weighted, [386640] [1]
EFlow, [386640] [1]
EFlow weighted, [386640] [1]
EFlow, [386640] [1]
EFlow weighted, [386640] [1]
EFlow, [386640] [1]
EFlow weighted, [386640] [1]
EFlow, [386640] [1]
EFlow weighted, [386640] [1]
EFlow, [386640] [1]
EFlow weighted, [386640] [1]
EFlow, [386640] [1]
EFlow weighted, [386640] [1]
EFlow, [386640] [1]
EFlow weighted, [386640] [1]
EFlow, [386640] [1]
EFlow weighted, [386640] [1]
EFlow, [386640] [1]
EFlow weighted, [386640] [1]
EFlow, [386640] [1]
EFlow weighted, [386640] [1]
EFlow, [386640] [1]
EFlow weighted, [386640] [1]
EFlow, [386640] [1]
EFlow weighted, [386640] [1]
EFlow, [386640] [1]
EFlow weighted, [386640] [1]
EFlow, [386640] [1]
EFlow weighted, [386640] [1]
EFlow, [386640] [1]
EFlow weighted, [386640] [1]
EFlow, [386640] [1]
EFlow weighted, [386640] [1]
EFlow, [386640] [1]
EFlow weighted, [386640] [1]
EFlow, [386640] [1]
EFlow weighted, [386640] [1]
EFlow, [386640] [1]
EFlow weighted, [386640] [1]
EFlow, [386640] [1]
EFlow weighted, [386640] [1]
EFlow, [386640] [1]
EFlow weighted, [386640] [1]
EFlow, [386640] [1]
EFlow weighted, [386640] [1]
EFlow, [386640] [1]
EFlow weighted, [386640] [1]
EFlow, [386640] [1]
EFlow weighted, [386640] [1]
EFlow, [386640] [1]
EFlow weighted, [386640] [1]
EFlow, [386640] [1]
EFlow weighted, [386640] [1]
EFlow, [386640] [1]
EFlow weighted, [386640] [1]
EFlow, [386640] [1]
EFlow weighted, [386640] [1]
EFlow, [386640] [1]
EFlow weighted, [386640] [1]
EFlow, [386640] [1]
EFlow weighted, [386640] [1]
EFlow, [386640] [1]
EFlow weighted, [386640] [1]
EFlow, [386640] [1]
EFlow weighted, [386640] [1]
EFlow, [386640] [1]
EFlow weighted, [386640] [1]
EFlow, [386640] [1]
EFlow weighted, [386640] [1]
EFlow, [386640] [1]
EFlow weighted, [386640] [1]
EFlow, [386640] [1]
EFlow weighted, [386640] [1]
EFlow, [386640] [1]
EFlow weighted, [386640] [1]
EFlow, [386640] [1]
EFlow weighted, [386640] [1]
EFlow, [386640] [1]
EFlow weighted, [386640] [1]
EFlow, [386640] [1]
EFlow weighted, [386640] [1]
EFlow, [386640] [1]
EFlow weighted, [386640] [1]
EFlow, [386640] [1]
EFlow weighted, [386640] [1]
EFlow, [386640] [1]
EFlow weighted, [386640] [1]
EFlow, [386640] [1]
EFlow weighted, [386640] [1]
EFlow, [386640] [1]
EFlow weighted, [386640] [1]
EFlow, [386640] [1]
EFlow weighted, [386640] [1]
EFlow, [386640] [1]
EFlow weighted, [386640] [1]
EFlow, [386640] [1]
EFlow weighted, [386640] [1]
EFlow, [386640] [1]
EFlow weighted, [386640] [1]
EFlow, [386640] [1]
EFlow weighted, [386640] [1]
EFlow, [386640] [1]
EFlow weighted, [386640] [1]
EFlow, [386640] [1]
EFlow weighted, [386640] [1]
EFlow, [386640] [1]
EFlow weighted, [386640] [1]
EFlow, [386640] [1]
EFlow weighted, [386640] [1]
EFlow, [386640] [1]
EFlow weighted, [386640] [1]
EFlow, [386640] [1]
EFlow weighted, [386640] [1]
EFlow, [386640] [1]
EFlow weighted, [386640] [1]
EFlow, [386640] [1]
EFlow weighted, [386640] [1]
EFlow, [386640] [1]
EFlow weighted, [386640] [1]
EFlow, [386640] [1]
EFlow weighted, [386640] [1]
EFlow, [386640] [1]
EFlow weighted, [386640] [1]
EFlow, [386640] [1]
EFlow weighted, [386640] [1]
EFlow, [386640] [1]
EFlow weighted, [386640] [1]
EFlow, [386640] [1]
EFlow weighted, [386640] [1]
EFlow, [386640] [1]
EFlow weighted, [386640] [1]
EFlow, [386640] [1]
EFlow weighted, [386640] [1]
EFlow, [386640] [1]
EFlow weighted, [386640] [1]
EFlow, [386640] [1]
EFlow weighted, [386640] [1]
EFlow, [386640] [1]
EFlow weighted, [386640] [1]
EFlow, [386640] [1]
EFlow weighted, [386640] [1]
EFlow, [386640] [1]
EFlow weighted, [386640] [1]
EFlow, [386640] [1]
EFlow weighted, [386640] [1]
EFlow, [386640] [1]
EFlow weighted, [386640] [1]
EFlow, [386640] [1]
EFlow weighted, [386640] [1]
EFlow, [386640] [1]
EFlow weighted, [386640] [1]
EFlow, [386640] [1]
EFlow weighted, [386640] [1]
EFlow, [386640] [1]
EFlow weighted, [386640] [1]
EFlow, [386640] [1]
EFlow weighted, [386640] [1]
EFlow, [386640] [1]
EFlow weighted, [386640] [1]
EFlow, [386640] [1]
EFlow weighted, [386640] [1]
EFlow, [386640] [1]
EFlow weighted, [386640] [1]
EFlow, [386640] [1]
EFlow weighted, [386640] [1]
EFlow, [386640] [1]
EFlow weighted, [386640] [1]
EFlow, [386640] [1]
EFlow weighted, [386640] [1]
EFlow, [386640] [1]
EFlow weighted, [386640] [1]
EFlow, [386640] [1]
EFlow weighted, [386640] [1]
EFlow, [386640] [1]
EFlow weighted, [386640] [1]
EFlow, [386640] [1]
EFlow weighted, [386640] [1]
EFlow, [386640] [1]
EFlow weighted, [386640] [1]
EFlow, [386640] [1]
EFlow weighted, [386640] [1]
EFlow, [386640] [1]
EFlow weighted, [386640] [1]
EFlow, [386640] [1]
EFlow weighted, [386640] [1]
EFlow, [386640] [1]
EFlow weighted, [386640] [1]
EFlow, [386640] [1]
EFlow weighted, [386640] [1]
EFlow, [386640] [1]
EFlow weighted, [386640] [1]
EFlow, [386640] [1]
EFlow weighted, [386640] [1]
EFlow, [386640] [1]
EFlow weighted, [386640] [1]
EFlow, [386640] [1]
EFlow weighted, [386640] [1]
EFlow, [386640] [1]
EFlow weighted, [386640] [1]
EFlow, [386640] [1]
EFlow weighted, [386640] [1]
EFlow, [386640] [1]
EFlow weighted, [386640] [1]
EFlow, [386640] [1]
EFlow weighted, [386640] [1]
EFlow, [386640] [1]
EFlow weighted, [386640] [1]
EFlow, [386640] [1]
EFlow weighted, [386640] [1]
EFlow, [386640] [1]
EFlow weighted, [386640] [1]
EFlow, [386640] [1]
EFlow weighted, [386640] [1]
EFlow, [386640] [1]
EFlow weighted, [386640] [1]
EFlow, [386640] [1]
EFlow weighted, [386640] [1]
EFlow, [386640] [1]
EFlow weighted, [386640] [1]
EFlow, [386640] [1]
EFlow weighted, [386640] [1]
EFlow, [386640] [1]
EFlow weighted, [386640] [1]
EFlow, [386640] [1]
EFlow weighted, [386640] [1]
Bad xstal i$\eta$ = 63 i$\phi$ = 281 ---> Skipping 
EFlow, [386640] [1]
EFlow weighted, [386640] [1]
EFlow, [386640] [1]
EFlow weighted, [386640] [1]
EFlow, [386640] [1]
EFlow weighted, [386640] [1]
EFlow, [386640] [1]
EFlow weighted, [386640] [1]
EFlow, [386640] [1]
EFlow weighted, [386640] [1]
EFlow, [386640] [1]
EFlow weighted, [386640] [1]
EFlow, [386640] [1]
EFlow weighted, [386640] [1]
EFlow, [386640] [1]
EFlow weighted, [386640] [1]
EFlow, [386640] [1]
EFlow weighted, [386640] [1]
EFlow, [386640] [1]
EFlow weighted, [386640] [1]
EFlow, [386640] [1]
EFlow weighted, [386640] [1]
EFlow, [386640] [1]
EFlow weighted, [386640] [1]
EFlow, [386640] [1]
EFlow weighted, [386640] [1]
EFlow, [386640] [1]
EFlow weighted, [386640] [1]
EFlow, [386640] [1]
EFlow weighted, [386640] [1]
EFlow, [386640] [1]
EFlow weighted, [386640] [1]
EFlow, [386640] [1]
EFlow weighted, [386640] [1]
EFlow, [386640] [1]
EFlow weighted, [386640] [1]
EFlow, [386640] [1]
EFlow weighted, [386640] [1]
EFlow, [386640] [1]
EFlow weighted, [386640] [1]
EFlow, [386640] [1]
EFlow weighted, [386640] [1]
EFlow, [386640] [1]
EFlow weighted, [386640] [1]
EFlow, [386640] [1]
EFlow weighted, [386640] [1]
EFlow, [386640] [1]
EFlow weighted, [386640] [1]
EFlow, [386640] [1]
EFlow weighted, [386640] [1]
EFlow, [386640] [1]
EFlow weighted, [386640] [1]
EFlow, [386640] [1]
EFlow weighted, [386640] [1]
EFlow, [386640] [1]
EFlow weighted, [386640] [1]
EFlow, [386640] [1]
EFlow weighted, [386640] [1]
EFlow, [386640] [1]
EFlow weighted, [386640] [1]
EFlow, [386640] [1]
EFlow weighted, [386640] [1]
EFlow, [386640] [1]
EFlow weighted, [386640] [1]
Bad xstal i$\eta$ = 72 i$\phi$ = 341 ---> Skipping 
EFlow, [386640] [1]
EFlow weighted, [386640] [1]
EFlow, [386640] [1]
EFlow weighted, [386640] [1]
EFlow, [386640] [1]
EFlow weighted, [386640] [1]
EFlow, [386640] [1]
EFlow weighted, [386640] [1]
EFlow, [386640] [1]
EFlow weighted, [386640] [1]
EFlow, [386640] [1]
EFlow weighted, [386640] [1]
EFlow, [386640] [1]
EFlow weighted, [386640] [1]
EFlow, [386640] [1]
EFlow weighted, [386640] [1]
EFlow, [386640] [1]
EFlow weighted, [386640] [1]
EFlow, [386640] [1]
EFlow weighted, [386640] [1]
EFlow, [386640] [1]
EFlow weighted, [386640] [1]
EFlow, [386640] [1]
EFlow weighted, [386640] [1]
EFlow, [386640] [1]
EFlow weighted, [386640] [1]
EFlow, [386640] [1]
EFlow weighted, [386640] [1]
EFlow, [386640] [1]
EFlow weighted, [386640] [1]
EFlow, [386640] [1]
EFlow weighted, [386640] [1]
EFlow, [386640] [1]
EFlow weighted, [386640] [1]
EFlow, [386640] [1]
EFlow weighted, [386640] [1]
EFlow, [386640] [1]
EFlow weighted, [386640] [1]
EFlow, [386640] [1]
EFlow weighted, [386640] [1]
EFlow, [386640] [1]
EFlow weighted, [386640] [1]
EFlow, [386640] [1]
EFlow weighted, [386640] [1]
EFlow, [386640] [1]
EFlow weighted, [386640] [1]
EFlow, [386640] [1]
EFlow weighted, [386640] [1]
EFlow, [386640] [1]
EFlow weighted, [386640] [1]
EFlow, [386640] [1]
EFlow weighted, [386640] [1]
EFlow, [386640] [1]
EFlow weighted, [386640] [1]
EFlow, [386640] [1]
EFlow weighted, [386640] [1]
EFlow, [386640] [1]
EFlow weighted, [386640] [1]
EFlow, [386640] [1]
EFlow weighted, [386640] [1]
EFlow, [386640] [1]
EFlow weighted, [386640] [1]
EFlow, [386640] [1]
EFlow weighted, [386640] [1]
EFlow, [386640] [1]
EFlow weighted, [386640] [1]
EFlow, [386640] [1]
EFlow weighted, [386640] [1]
EFlow, [386640] [1]
EFlow weighted, [386640] [1]
EFlow, [386640] [1]
EFlow weighted, [386640] [1]
EFlow, [386640] [1]
EFlow weighted, [386640] [1]
EFlow, [386640] [1]
EFlow weighted, [386640] [1]
EFlow, [386640] [1]
EFlow weighted, [386640] [1]
EFlow, [386640] [1]
EFlow weighted, [386640] [1]
EFlow, [386640] [1]
EFlow weighted, [386640] [1]
EFlow, [386640] [1]
EFlow weighted, [386640] [1]
EFlow, [386640] [1]
EFlow weighted, [386640] [1]
EFlow, [386640] [1]
EFlow weighted, [386640] [1]
EFlow, [386640] [1]
EFlow weighted, [386640] [1]
EFlow, [386640] [1]
EFlow weighted, [386640] [1]
... saved plots and now ICs in eflow_plots/10204/
Job status done with output:  /eos/cms/store/group/dpg_ecal/alca_ecalcalib/automation_replays/test_eflow_v1/eflow-phisym/eflow//386640/file.txt
