Received arguments: 10962742.0 0 eflow-phisym ecal_rerecos_v1 386640,386642 10204 eflow_plots/10204/ /eos/cms/store/group/dpg_ecal/alca_ecalcalib/automation_replays/test_eflow_v1/eflow-phisym/eflow/ test_eflow_v1 386642
1
eflow-phisym
2
ecal_rerecos_v1
3
test_eflow_v1
10962742.0
0
/eos/user/p/pbackes/gitlab/ecalphisym
run numbers: ['386640', '386642']
Running on these files: 
{'PhiSym': ['/eos/cms/store/group/dpg_ecal/alca_ecalcalib/automation_replays/test_eflow_v1/phisym/386640/phisymreco_nano_4.root', '/eos/cms/store/group/dpg_ecal/alca_ecalcalib/automation_replays/test_eflow_v1/phisym/386640/phisymreco_nano_19.root', '/eos/cms/store/group/dpg_ecal/alca_ecalcalib/automation_replays/test_eflow_v1/phisym/386640/phisymreco_nano_16.root', '/eos/cms/store/group/dpg_ecal/alca_ecalcalib/automation_replays/test_eflow_v1/phisym/386640/phisymreco_nano_15.root', '/eos/cms/store/group/dpg_ecal/alca_ecalcalib/automation_replays/test_eflow_v1/phisym/386640/phisymreco_nano_10.root', '/eos/cms/store/group/dpg_ecal/alca_ecalcalib/automation_replays/test_eflow_v1/phisym/386642/phisymreco_nano_1.root', '/eos/cms/store/group/dpg_ecal/alca_ecalcalib/automation_replays/test_eflow_v1/phisym/386640/phisymreco_nano_7.root', '/eos/cms/store/group/dpg_ecal/alca_ecalcalib/automation_replays/test_eflow_v1/phisym/386642/phisymreco_nano_9.root', '/eos/cms/store/group/dpg_ecal/alca_ecalcalib/automation_replays/test_eflow_v1/phisym/386640/phisymreco_nano_11.root', '/eos/cms/store/group/dpg_ecal/alca_ecalcalib/automation_replays/test_eflow_v1/phisym/386642/phisymreco_nano_10.root', '/eos/cms/store/group/dpg_ecal/alca_ecalcalib/automation_replays/test_eflow_v1/phisym/386640/phisymreco_nano_1.root', '/eos/cms/store/group/dpg_ecal/alca_ecalcalib/automation_replays/test_eflow_v1/phisym/386640/phisymreco_nano_9.root', '/eos/cms/store/group/dpg_ecal/alca_ecalcalib/automation_replays/test_eflow_v1/phisym/386640/phisymreco_nano_0.root', '/eos/cms/store/group/dpg_ecal/alca_ecalcalib/automation_replays/test_eflow_v1/phisym/386642/phisymreco_nano_6.root', '/eos/cms/store/group/dpg_ecal/alca_ecalcalib/automation_replays/test_eflow_v1/phisym/386642/phisymreco_nano_5.root', '/eos/cms/store/group/dpg_ecal/alca_ecalcalib/automation_replays/test_eflow_v1/phisym/386640/phisymreco_nano_5.root', '/eos/cms/store/group/dpg_ecal/alca_ecalcalib/automation_replays/test_eflow_v1/phisym/386640/phisymreco_nano_12.root', '/eos/cms/store/group/dpg_ecal/alca_ecalcalib/automation_replays/test_eflow_v1/phisym/386642/phisymreco_nano_0.root', '/eos/cms/store/group/dpg_ecal/alca_ecalcalib/automation_replays/test_eflow_v1/phisym/386640/phisymreco_nano_8.root', '/eos/cms/store/group/dpg_ecal/alca_ecalcalib/automation_replays/test_eflow_v1/phisym/386640/phisymreco_nano_18.root', '/eos/cms/store/group/dpg_ecal/alca_ecalcalib/automation_replays/test_eflow_v1/phisym/386640/phisymreco_nano_14.root', '/eos/cms/store/group/dpg_ecal/alca_ecalcalib/automation_replays/test_eflow_v1/phisym/386640/phisymreco_nano_21.root', '/eos/cms/store/group/dpg_ecal/alca_ecalcalib/automation_replays/test_eflow_v1/phisym/386642/phisymreco_nano_11.root', '/eos/cms/store/group/dpg_ecal/alca_ecalcalib/automation_replays/test_eflow_v1/phisym/386642/phisymreco_nano_7.root', '/eos/cms/store/group/dpg_ecal/alca_ecalcalib/automation_replays/test_eflow_v1/phisym/386642/phisymreco_nano_4.root', '/eos/cms/store/group/dpg_ecal/alca_ecalcalib/automation_replays/test_eflow_v1/phisym/386640/phisymreco_nano_6.root', '/eos/cms/store/group/dpg_ecal/alca_ecalcalib/automation_replays/test_eflow_v1/phisym/386640/phisymreco_nano_17.root', '/eos/cms/store/group/dpg_ecal/alca_ecalcalib/automation_replays/test_eflow_v1/phisym/386640/phisymreco_nano_20.root', '/eos/cms/store/group/dpg_ecal/alca_ecalcalib/automation_replays/test_eflow_v1/phisym/386642/phisymreco_nano_2.root', '/eos/cms/store/group/dpg_ecal/alca_ecalcalib/automation_replays/test_eflow_v1/phisym/386640/phisymreco_nano_22.root', '/eos/cms/store/group/dpg_ecal/alca_ecalcalib/automation_replays/test_eflow_v1/phisym/386640/phisymreco_nano_13.root', '/eos/cms/store/group/dpg_ecal/alca_ecalcalib/automation_replays/test_eflow_v1/phisym/386640/phisymreco_nano_3.root', '/eos/cms/store/group/dpg_ecal/alca_ecalcalib/automation_replays/test_eflow_v1/phisym/386642/phisymreco_nano_3.root', '/eos/cms/store/group/dpg_ecal/alca_ecalcalib/automation_replays/test_eflow_v1/phisym/386642/phisymreco_nano_8.root', '/eos/cms/store/group/dpg_ecal/alca_ecalcalib/automation_replays/test_eflow_v1/phisym/386640/phisymreco_nano_2.root']}
  Preprocessing 100% ━━━━━━━━━━━━━━━ 35/35 [ 0:00:03 < 0:00:00 | 12.0   file/s ]
Merging (local)   3%                  1/35 [ 0:00:03 < -:--:-- | ?    merges/s ]
     Processing 100% ━━━━━━━━━━━━━━━━ 35/35 [ 0:00:22 < 0:00:00 | 1.7  chunk/s ]
Merging (local)   3%                   1/35 [ 0:00:22 < -:--:-- | ?   merges/s ]
runs:  [386640, 386640, 386642, 386642, 386640, ... 386640, 386640, 386640, 386640, 386640]
[0, 0, 0, 0, 0, 0, 0, 0, 0, 0, 0, 0, 0, 0, ... 0, 0, 0, 0, 0, 0, 0, 0, 0, 0, 0, 0, 0] <class 'awkward.highlevel.Array'>
[0, 1, 4, 5, 7, 8, 11, 13, 14, 15, 16, ... 3, 6, 9, 10, 12, 18, 21, 22, 25, 27, 29] [386640, 386640, 386642, 386642, 386640, ... 386640, 386640, 386640, 386640, 386640]
35
Fill: 0 and Run: 386640 
 hits here 18052506 -- n hits before 0
Fill: 0 and Run: 386640 
 hits here 7354874 -- n hits before 18052506
Fill: 0 and Run: 386640 
 hits here 57908341 -- n hits before 25407380
Fill: 0 and Run: 386640 
 hits here 7372335 -- n hits before 83315721
Fill: 0 and Run: 386640 
 hits here 20296116 -- n hits before 90688056
Fill: 0 and Run: 386640 
 hits here 19830464 -- n hits before 110984172
Fill: 0 and Run: 386640 
 hits here 17129098 -- n hits before 130814636
Fill: 0 and Run: 386640 
 hits here 14013307 -- n hits before 147943734
Fill: 0 and Run: 386640 
 hits here 7373576 -- n hits before 161957041
Fill: 0 and Run: 386640 
 hits here 19205178 -- n hits before 169330617
Fill: 0 and Run: 386640 
 hits here 13089285 -- n hits before 188535795
Fill: 0 and Run: 386640 
 hits here 15699223 -- n hits before 201625080
Fill: 0 and Run: 386640 
 hits here 14535989 -- n hits before 217324303
Fill: 0 and Run: 386640 
 hits here 17929274 -- n hits before 231860292
Fill: 0 and Run: 386640 
 hits here 16784982 -- n hits before 249789566
Fill: 0 and Run: 386640 
 hits here 11217595 -- n hits before 266574548
Fill: 0 and Run: 386640 
 hits here 16529736 -- n hits before 277792143
Fill: 0 and Run: 386640 
 hits here 7359861 -- n hits before 294321879
Fill: 0 and Run: 386640 
 hits here 7390980 -- n hits before 301681740
Fill: 0 and Run: 386640 
 hits here 16047587 -- n hits before 309072720
Fill: 0 and Run: 386640 
 hits here 11780805 -- n hits before 325120307
Fill: 0 and Run: 386640 
 hits here 12837680 -- n hits before 336901112
Fill: 0 and Run: 386640 
 hits here 65510387 -- n hits before 349738792
Fill: 0 and Run: 386642 
 hits here 107995593 -- n hits before 415249179
Fill: 0 and Run: 386642 
 hits here 31372924 -- n hits before 523244772
Fill: 0 and Run: 386642 
 hits here 23681833 -- n hits before 554617696
Fill: 0 and Run: 386642 
 hits here 50331307 -- n hits before 578299529
Fill: 0 and Run: 386642 
 hits here 42312524 -- n hits before 628630836
Fill: 0 and Run: 386642 
 hits here 60050050 -- n hits before 670943360
Fill: 0 and Run: 386642 
 hits here 36409737 -- n hits before 730993410
Fill: 0 and Run: 386642 
 hits here 50361135 -- n hits before 767403147
Fill: 0 and Run: 386642 
 hits here 30188200 -- n hits before 817764282
Fill: 0 and Run: 386642 
 hits here 38708106 -- n hits before 847952482
Fill: 0 and Run: 386642 
 hits here 155393858 -- n hits before 886660588
Fill: 0 and Run: 386642 
 hits here 88390875 -- n hits before 1042054446
So this are the counts merged:: 
   [0] 
 These are the final splits: 
  [35]
Diveded in 1 IOVS --> These are the initial runs of the IOV: 
 [386640]
Diveded in 1 IOVS --> These are the final runs of the IOV: 
 [386642]
Number of hits for each IOV:  [[1130445321]]
Deriving the corrections...
Eta Weight file provided ...  {'/eos/cms/store/group/dpg_ecal/alca_ecalcalib/automation_replays/test_eflow_v1/eflow-phisym/reweighting/10204/386640_386642/weights.txt'}
... saving histories in .root ...
How much does it takes??? 0.24288201332092285 s
... plotting ...
EFlow, [386640] [1]
EFlow weighted, [386640] [1]
EFlow, [386640] [1]
EFlow weighted, [386640] [1]
EFlow, [386640] [1]
EFlow weighted, [386640] [1]
EFlow, [386640] [1]
EFlow weighted, [386640] [1]
EFlow, [386640] [1]
EFlow weighted, [386640] [1]
EFlow, [386640] [1]
EFlow weighted, [386640] [1]
EFlow, [386640] [1]
EFlow weighted, [386640] [1]
EFlow, [386640] [1]
EFlow weighted, [386640] [1]
EFlow, [386640] [1]
EFlow weighted, [386640] [1]
EFlow, [386640] [1]
EFlow weighted, [386640] [1]
EFlow, [386640] [1]
EFlow weighted, [386640] [1]
EFlow, [386640] [1]
EFlow weighted, [386640] [1]
EFlow, [386640] [1]
EFlow weighted, [386640] [1]
EFlow, [386640] [1]
EFlow weighted, [386640] [1]
EFlow, [386640] [1]
EFlow weighted, [386640] [1]
EFlow, [386640] [1]
EFlow weighted, [386640] [1]
EFlow, [386640] [1]
EFlow weighted, [386640] [1]
EFlow, [386640] [1]
EFlow weighted, [386640] [1]
EFlow, [386640] [1]
EFlow weighted, [386640] [1]
EFlow, [386640] [1]
EFlow weighted, [386640] [1]
EFlow, [386640] [1]
EFlow weighted, [386640] [1]
EFlow, [386640] [1]
EFlow weighted, [386640] [1]
EFlow, [386640] [1]
EFlow weighted, [386640] [1]
EFlow, [386640] [1]
EFlow weighted, [386640] [1]
EFlow, [386640] [1]
EFlow weighted, [386640] [1]
EFlow, [386640] [1]
EFlow weighted, [386640] [1]
EFlow, [386640] [1]
EFlow weighted, [386640] [1]
EFlow, [386640] [1]
EFlow weighted, [386640] [1]
EFlow, [386640] [1]
EFlow weighted, [386640] [1]
EFlow, [386640] [1]
EFlow weighted, [386640] [1]
EFlow, [386640] [1]
EFlow weighted, [386640] [1]
EFlow, [386640] [1]
EFlow weighted, [386640] [1]
EFlow, [386640] [1]
EFlow weighted, [386640] [1]
EFlow, [386640] [1]
EFlow weighted, [386640] [1]
EFlow, [386640] [1]
EFlow weighted, [386640] [1]
EFlow, [386640] [1]
EFlow weighted, [386640] [1]
EFlow, [386640] [1]
EFlow weighted, [386640] [1]
EFlow, [386640] [1]
EFlow weighted, [386640] [1]
EFlow, [386640] [1]
EFlow weighted, [386640] [1]
EFlow, [386640] [1]
EFlow weighted, [386640] [1]
EFlow, [386640] [1]
EFlow weighted, [386640] [1]
EFlow, [386640] [1]
EFlow weighted, [386640] [1]
EFlow, [386640] [1]
EFlow weighted, [386640] [1]
EFlow, [386640] [1]
EFlow weighted, [386640] [1]
EFlow, [386640] [1]
EFlow weighted, [386640] [1]
EFlow, [386640] [1]
EFlow weighted, [386640] [1]
EFlow, [386640] [1]
EFlow weighted, [386640] [1]
EFlow, [386640] [1]
EFlow weighted, [386640] [1]
EFlow, [386640] [1]
EFlow weighted, [386640] [1]
EFlow, [386640] [1]
EFlow weighted, [386640] [1]
EFlow, [386640] [1]
EFlow weighted, [386640] [1]
EFlow, [386640] [1]
EFlow weighted, [386640] [1]
EFlow, [386640] [1]
EFlow weighted, [386640] [1]
EFlow, [386640] [1]
EFlow weighted, [386640] [1]
EFlow, [386640] [1]
EFlow weighted, [386640] [1]
EFlow, [386640] [1]
EFlow weighted, [386640] [1]
EFlow, [386640] [1]
EFlow weighted, [386640] [1]
Bad xstal i$\eta$ = -70 i$\phi$ = 301 ---> Skipping 
EFlow, [386640] [1]
EFlow weighted, [386640] [1]
EFlow, [386640] [1]
EFlow weighted, [386640] [1]
Bad xstal i$\eta$ = -69 i$\phi$ = 241 ---> Skipping 
EFlow, [386640] [1]
EFlow weighted, [386640] [1]
EFlow, [386640] [1]
EFlow weighted, [386640] [1]
EFlow, [386640] [1]
EFlow weighted, [386640] [1]
EFlow, [386640] [1]
EFlow weighted, [386640] [1]
EFlow, [386640] [1]
EFlow weighted, [386640] [1]
EFlow, [386640] [1]
EFlow weighted, [386640] [1]
EFlow, [386640] [1]
EFlow weighted, [386640] [1]
EFlow, [386640] [1]
EFlow weighted, [386640] [1]
EFlow, [386640] [1]
EFlow weighted, [386640] [1]
EFlow, [386640] [1]
EFlow weighted, [386640] [1]
EFlow, [386640] [1]
EFlow weighted, [386640] [1]
EFlow, [386640] [1]
EFlow weighted, [386640] [1]
EFlow, [386640] [1]
EFlow weighted, [386640] [1]
Bad xstal i$\eta$ = -65 i$\phi$ = 201 ---> Skipping 
EFlow, [386640] [1]
EFlow weighted, [386640] [1]
EFlow, [386640] [1]
EFlow weighted, [386640] [1]
EFlow, [386640] [1]
EFlow weighted, [386640] [1]
EFlow, [386640] [1]
EFlow weighted, [386640] [1]
EFlow, [386640] [1]
EFlow weighted, [386640] [1]
EFlow, [386640] [1]
EFlow weighted, [386640] [1]
EFlow, [386640] [1]
EFlow weighted, [386640] [1]
EFlow, [386640] [1]
EFlow weighted, [386640] [1]
EFlow, [386640] [1]
EFlow weighted, [386640] [1]
EFlow, [386640] [1]
EFlow weighted, [386640] [1]
EFlow, [386640] [1]
EFlow weighted, [386640] [1]
EFlow, [386640] [1]
EFlow weighted, [386640] [1]
EFlow, [386640] [1]
EFlow weighted, [386640] [1]
EFlow, [386640] [1]
EFlow weighted, [386640] [1]
EFlow, [386640] [1]
EFlow weighted, [386640] [1]
EFlow, [386640] [1]
EFlow weighted, [386640] [1]
EFlow, [386640] [1]
EFlow weighted, [386640] [1]
EFlow, [386640] [1]
EFlow weighted, [386640] [1]
EFlow, [386640] [1]
EFlow weighted, [386640] [1]
EFlow, [386640] [1]
EFlow weighted, [386640] [1]
EFlow, [386640] [1]
EFlow weighted, [386640] [1]
EFlow, [386640] [1]
EFlow weighted, [386640] [1]
EFlow, [386640] [1]
EFlow weighted, [386640] [1]
EFlow, [386640] [1]
EFlow weighted, [386640] [1]
EFlow, [386640] [1]
EFlow weighted, [386640] [1]
EFlow, [386640] [1]
EFlow weighted, [386640] [1]
EFlow, [386640] [1]
EFlow weighted, [386640] [1]
EFlow, [386640] [1]
EFlow weighted, [386640] [1]
EFlow, [386640] [1]
EFlow weighted, [386640] [1]
EFlow, [386640] [1]
EFlow weighted, [386640] [1]
EFlow, [386640] [1]
EFlow weighted, [386640] [1]
EFlow, [386640] [1]
EFlow weighted, [386640] [1]
EFlow, [386640] [1]
EFlow weighted, [386640] [1]
EFlow, [386640] [1]
EFlow weighted, [386640] [1]
EFlow, [386640] [1]
EFlow weighted, [386640] [1]
EFlow, [386640] [1]
EFlow weighted, [386640] [1]
EFlow, [386640] [1]
EFlow weighted, [386640] [1]
EFlow, [386640] [1]
EFlow weighted, [386640] [1]
EFlow, [386640] [1]
EFlow weighted, [386640] [1]
EFlow, [386640] [1]
EFlow weighted, [386640] [1]
EFlow, [386640] [1]
EFlow weighted, [386640] [1]
EFlow, [386640] [1]
EFlow weighted, [386640] [1]
Bad xstal i$\eta$ = -53 i$\phi$ = 181 ---> Skipping 
EFlow, [386640] [1]
EFlow weighted, [386640] [1]
EFlow, [386640] [1]
EFlow weighted, [386640] [1]
EFlow, [386640] [1]
EFlow weighted, [386640] [1]
EFlow, [386640] [1]
EFlow weighted, [386640] [1]
EFlow, [386640] [1]
EFlow weighted, [386640] [1]
EFlow, [386640] [1]
EFlow weighted, [386640] [1]
EFlow, [386640] [1]
EFlow weighted, [386640] [1]
EFlow, [386640] [1]
EFlow weighted, [386640] [1]
EFlow, [386640] [1]
EFlow weighted, [386640] [1]
EFlow, [386640] [1]
EFlow weighted, [386640] [1]
EFlow, [386640] [1]
EFlow weighted, [386640] [1]
EFlow, [386640] [1]
EFlow weighted, [386640] [1]
EFlow, [386640] [1]
EFlow weighted, [386640] [1]
EFlow, [386640] [1]
EFlow weighted, [386640] [1]
EFlow, [386640] [1]
EFlow weighted, [386640] [1]
EFlow, [386640] [1]
EFlow weighted, [386640] [1]
EFlow, [386640] [1]
EFlow weighted, [386640] [1]
EFlow, [386640] [1]
EFlow weighted, [386640] [1]
EFlow, [386640] [1]
EFlow weighted, [386640] [1]
EFlow, [386640] [1]
EFlow weighted, [386640] [1]
EFlow, [386640] [1]
EFlow weighted, [386640] [1]
EFlow, [386640] [1]
EFlow weighted, [386640] [1]
EFlow, [386640] [1]
EFlow weighted, [386640] [1]
EFlow, [386640] [1]
EFlow weighted, [386640] [1]
EFlow, [386640] [1]
EFlow weighted, [386640] [1]
EFlow, [386640] [1]
EFlow weighted, [386640] [1]
EFlow, [386640] [1]
EFlow weighted, [386640] [1]
EFlow, [386640] [1]
EFlow weighted, [386640] [1]
EFlow, [386640] [1]
EFlow weighted, [386640] [1]
EFlow, [386640] [1]
EFlow weighted, [386640] [1]
EFlow, [386640] [1]
EFlow weighted, [386640] [1]
EFlow, [386640] [1]
EFlow weighted, [386640] [1]
Bad xstal i$\eta$ = -44 i$\phi$ = 241 ---> Skipping 
EFlow, [386640] [1]
EFlow weighted, [386640] [1]
EFlow, [386640] [1]
EFlow weighted, [386640] [1]
EFlow, [386640] [1]
EFlow weighted, [386640] [1]
EFlow, [386640] [1]
EFlow weighted, [386640] [1]
EFlow, [386640] [1]
EFlow weighted, [386640] [1]
EFlow, [386640] [1]
EFlow weighted, [386640] [1]
EFlow, [386640] [1]
EFlow weighted, [386640] [1]
EFlow, [386640] [1]
EFlow weighted, [386640] [1]
EFlow, [386640] [1]
EFlow weighted, [386640] [1]
EFlow, [386640] [1]
EFlow weighted, [386640] [1]
EFlow, [386640] [1]
EFlow weighted, [386640] [1]
EFlow, [386640] [1]
EFlow weighted, [386640] [1]
EFlow, [386640] [1]
EFlow weighted, [386640] [1]
EFlow, [386640] [1]
EFlow weighted, [386640] [1]
EFlow, [386640] [1]
EFlow weighted, [386640] [1]
EFlow, [386640] [1]
EFlow weighted, [386640] [1]
EFlow, [386640] [1]
EFlow weighted, [386640] [1]
EFlow, [386640] [1]
EFlow weighted, [386640] [1]
EFlow, [386640] [1]
EFlow weighted, [386640] [1]
EFlow, [386640] [1]
EFlow weighted, [386640] [1]
EFlow, [386640] [1]
EFlow weighted, [386640] [1]
EFlow, [386640] [1]
EFlow weighted, [386640] [1]
EFlow, [386640] [1]
EFlow weighted, [386640] [1]
EFlow, [386640] [1]
EFlow weighted, [386640] [1]
EFlow, [386640] [1]
EFlow weighted, [386640] [1]
EFlow, [386640] [1]
EFlow weighted, [386640] [1]
EFlow, [386640] [1]
EFlow weighted, [386640] [1]
EFlow, [386640] [1]
EFlow weighted, [386640] [1]
EFlow, [386640] [1]
EFlow weighted, [386640] [1]
EFlow, [386640] [1]
EFlow weighted, [386640] [1]
EFlow, [386640] [1]
EFlow weighted, [386640] [1]
EFlow, [386640] [1]
EFlow weighted, [386640] [1]
EFlow, [386640] [1]
EFlow weighted, [386640] [1]
EFlow, [386640] [1]
EFlow weighted, [386640] [1]
EFlow, [386640] [1]
EFlow weighted, [386640] [1]
EFlow, [386640] [1]
EFlow weighted, [386640] [1]
EFlow, [386640] [1]
EFlow weighted, [386640] [1]
EFlow, [386640] [1]
EFlow weighted, [386640] [1]
EFlow, [386640] [1]
EFlow weighted, [386640] [1]
EFlow, [386640] [1]
EFlow weighted, [386640] [1]
EFlow, [386640] [1]
EFlow weighted, [386640] [1]
EFlow, [386640] [1]
EFlow weighted, [386640] [1]
EFlow, [386640] [1]
EFlow weighted, [386640] [1]
EFlow, [386640] [1]
EFlow weighted, [386640] [1]
EFlow, [386640] [1]
EFlow weighted, [386640] [1]
EFlow, [386640] [1]
EFlow weighted, [386640] [1]
EFlow, [386640] [1]
EFlow weighted, [386640] [1]
EFlow, [386640] [1]
EFlow weighted, [386640] [1]
EFlow, [386640] [1]
EFlow weighted, [386640] [1]
EFlow, [386640] [1]
EFlow weighted, [386640] [1]
EFlow, [386640] [1]
EFlow weighted, [386640] [1]
EFlow, [386640] [1]
EFlow weighted, [386640] [1]
EFlow, [386640] [1]
EFlow weighted, [386640] [1]
EFlow, [386640] [1]
EFlow weighted, [386640] [1]
EFlow, [386640] [1]
EFlow weighted, [386640] [1]
EFlow, [386640] [1]
EFlow weighted, [386640] [1]
EFlow, [386640] [1]
EFlow weighted, [386640] [1]
EFlow, [386640] [1]
EFlow weighted, [386640] [1]
EFlow, [386640] [1]
EFlow weighted, [386640] [1]
EFlow, [386640] [1]
EFlow weighted, [386640] [1]
EFlow, [386640] [1]
EFlow weighted, [386640] [1]
EFlow, [386640] [1]
EFlow weighted, [386640] [1]
EFlow, [386640] [1]
EFlow weighted, [386640] [1]
EFlow, [386640] [1]
EFlow weighted, [386640] [1]
EFlow, [386640] [1]
EFlow weighted, [386640] [1]
EFlow, [386640] [1]
EFlow weighted, [386640] [1]
EFlow, [386640] [1]
EFlow weighted, [386640] [1]
EFlow, [386640] [1]
EFlow weighted, [386640] [1]
Bad xstal i$\eta$ = -25 i$\phi$ = 301 ---> Skipping 
EFlow, [386640] [1]
EFlow weighted, [386640] [1]
EFlow, [386640] [1]
EFlow weighted, [386640] [1]
EFlow, [386640] [1]
EFlow weighted, [386640] [1]
EFlow, [386640] [1]
EFlow weighted, [386640] [1]
EFlow, [386640] [1]
EFlow weighted, [386640] [1]
EFlow, [386640] [1]
EFlow weighted, [386640] [1]
EFlow, [386640] [1]
EFlow weighted, [386640] [1]
EFlow, [386640] [1]
EFlow weighted, [386640] [1]
EFlow, [386640] [1]
EFlow weighted, [386640] [1]
EFlow, [386640] [1]
EFlow weighted, [386640] [1]
EFlow, [386640] [1]
EFlow weighted, [386640] [1]
EFlow, [386640] [1]
EFlow weighted, [386640] [1]
EFlow, [386640] [1]
EFlow weighted, [386640] [1]
EFlow, [386640] [1]
EFlow weighted, [386640] [1]
EFlow, [386640] [1]
EFlow weighted, [386640] [1]
EFlow, [386640] [1]
EFlow weighted, [386640] [1]
EFlow, [386640] [1]
EFlow weighted, [386640] [1]
EFlow, [386640] [1]
EFlow weighted, [386640] [1]
EFlow, [386640] [1]
EFlow weighted, [386640] [1]
EFlow, [386640] [1]
EFlow weighted, [386640] [1]
EFlow, [386640] [1]
EFlow weighted, [386640] [1]
EFlow, [386640] [1]
EFlow weighted, [386640] [1]
EFlow, [386640] [1]
EFlow weighted, [386640] [1]
EFlow, [386640] [1]
EFlow weighted, [386640] [1]
EFlow, [386640] [1]
EFlow weighted, [386640] [1]
Bad xstal i$\eta$ = -17 i$\phi$ = 21 ---> Skipping 
EFlow, [386640] [1]
EFlow weighted, [386640] [1]
EFlow, [386640] [1]
EFlow weighted, [386640] [1]
EFlow, [386640] [1]
EFlow weighted, [386640] [1]
EFlow, [386640] [1]
EFlow weighted, [386640] [1]
EFlow, [386640] [1]
EFlow weighted, [386640] [1]
EFlow, [386640] [1]
EFlow weighted, [386640] [1]
EFlow, [386640] [1]
EFlow weighted, [386640] [1]
EFlow, [386640] [1]
EFlow weighted, [386640] [1]
EFlow, [386640] [1]
EFlow weighted, [386640] [1]
EFlow, [386640] [1]
EFlow weighted, [386640] [1]
EFlow, [386640] [1]
EFlow weighted, [386640] [1]
EFlow, [386640] [1]
EFlow weighted, [386640] [1]
EFlow, [386640] [1]
EFlow weighted, [386640] [1]
EFlow, [386640] [1]
EFlow weighted, [386640] [1]
EFlow, [386640] [1]
EFlow weighted, [386640] [1]
EFlow, [386640] [1]
EFlow weighted, [386640] [1]
EFlow, [386640] [1]
EFlow weighted, [386640] [1]
EFlow, [386640] [1]
EFlow weighted, [386640] [1]
EFlow, [386640] [1]
EFlow weighted, [386640] [1]
EFlow, [386640] [1]
EFlow weighted, [386640] [1]
EFlow, [386640] [1]
EFlow weighted, [386640] [1]
EFlow, [386640] [1]
EFlow weighted, [386640] [1]
EFlow, [386640] [1]
EFlow weighted, [386640] [1]
EFlow, [386640] [1]
EFlow weighted, [386640] [1]
EFlow, [386640] [1]
EFlow weighted, [386640] [1]
EFlow, [386640] [1]
EFlow weighted, [386640] [1]
EFlow, [386640] [1]
EFlow weighted, [386640] [1]
EFlow, [386640] [1]
EFlow weighted, [386640] [1]
EFlow, [386640] [1]
EFlow weighted, [386640] [1]
EFlow, [386640] [1]
EFlow weighted, [386640] [1]
EFlow, [386640] [1]
EFlow weighted, [386640] [1]
EFlow, [386640] [1]
EFlow weighted, [386640] [1]
EFlow, [386640] [1]
EFlow weighted, [386640] [1]
EFlow, [386640] [1]
EFlow weighted, [386640] [1]
EFlow, [386640] [1]
EFlow weighted, [386640] [1]
EFlow, [386640] [1]
EFlow weighted, [386640] [1]
EFlow, [386640] [1]
EFlow weighted, [386640] [1]
Bad xstal i$\eta$ = -7 i$\phi$ = 221 ---> Skipping 
EFlow, [386640] [1]
EFlow weighted, [386640] [1]
EFlow, [386640] [1]
EFlow weighted, [386640] [1]
EFlow, [386640] [1]
EFlow weighted, [386640] [1]
EFlow, [386640] [1]
EFlow weighted, [386640] [1]
EFlow, [386640] [1]
EFlow weighted, [386640] [1]
EFlow, [386640] [1]
EFlow weighted, [386640] [1]
EFlow, [386640] [1]
EFlow weighted, [386640] [1]
EFlow, [386640] [1]
EFlow weighted, [386640] [1]
EFlow, [386640] [1]
EFlow weighted, [386640] [1]
EFlow, [386640] [1]
EFlow weighted, [386640] [1]
EFlow, [386640] [1]
EFlow weighted, [386640] [1]
EFlow, [386640] [1]
EFlow weighted, [386640] [1]
EFlow, [386640] [1]
EFlow weighted, [386640] [1]
EFlow, [386640] [1]
EFlow weighted, [386640] [1]
EFlow, [386640] [1]
EFlow weighted, [386640] [1]
EFlow, [386640] [1]
EFlow weighted, [386640] [1]
EFlow, [386640] [1]
EFlow weighted, [386640] [1]
EFlow, [386640] [1]
EFlow weighted, [386640] [1]
EFlow, [386640] [1]
EFlow weighted, [386640] [1]
Bad xstal i$\eta$ = -1 i$\phi$ = 61 ---> Skipping 
EFlow, [386640] [1]
EFlow weighted, [386640] [1]
EFlow, [386640] [1]
EFlow weighted, [386640] [1]
EFlow, [386640] [1]
EFlow weighted, [386640] [1]
EFlow, [386640] [1]
EFlow weighted, [386640] [1]
EFlow, [386640] [1]
EFlow weighted, [386640] [1]
EFlow, [386640] [1]
EFlow weighted, [386640] [1]
EFlow, [386640] [1]
EFlow weighted, [386640] [1]
EFlow, [386640] [1]
EFlow weighted, [386640] [1]
EFlow, [386640] [1]
EFlow weighted, [386640] [1]
EFlow, [386640] [1]
EFlow weighted, [386640] [1]
EFlow, [386640] [1]
EFlow weighted, [386640] [1]
EFlow, [386640] [1]
EFlow weighted, [386640] [1]
EFlow, [386640] [1]
EFlow weighted, [386640] [1]
Bad xstal i$\eta$ = 4 i$\phi$ = 21 ---> Skipping 
EFlow, [386640] [1]
EFlow weighted, [386640] [1]
EFlow, [386640] [1]
EFlow weighted, [386640] [1]
EFlow, [386640] [1]
EFlow weighted, [386640] [1]
EFlow, [386640] [1]
EFlow weighted, [386640] [1]
EFlow, [386640] [1]
EFlow weighted, [386640] [1]
EFlow, [386640] [1]
EFlow weighted, [386640] [1]
EFlow, [386640] [1]
EFlow weighted, [386640] [1]
EFlow, [386640] [1]
EFlow weighted, [386640] [1]
EFlow, [386640] [1]
EFlow weighted, [386640] [1]
EFlow, [386640] [1]
EFlow weighted, [386640] [1]
EFlow, [386640] [1]
EFlow weighted, [386640] [1]
EFlow, [386640] [1]
EFlow weighted, [386640] [1]
EFlow, [386640] [1]
EFlow weighted, [386640] [1]
EFlow, [386640] [1]
EFlow weighted, [386640] [1]
EFlow, [386640] [1]
EFlow weighted, [386640] [1]
EFlow, [386640] [1]
EFlow weighted, [386640] [1]
EFlow, [386640] [1]
EFlow weighted, [386640] [1]
EFlow, [386640] [1]
EFlow weighted, [386640] [1]
EFlow, [386640] [1]
EFlow weighted, [386640] [1]
EFlow, [386640] [1]
EFlow weighted, [386640] [1]
EFlow, [386640] [1]
EFlow weighted, [386640] [1]
EFlow, [386640] [1]
EFlow weighted, [386640] [1]
EFlow, [386640] [1]
EFlow weighted, [386640] [1]
EFlow, [386640] [1]
EFlow weighted, [386640] [1]
EFlow, [386640] [1]
EFlow weighted, [386640] [1]
EFlow, [386640] [1]
EFlow weighted, [386640] [1]
EFlow, [386640] [1]
EFlow weighted, [386640] [1]
EFlow, [386640] [1]
EFlow weighted, [386640] [1]
EFlow, [386640] [1]
EFlow weighted, [386640] [1]
EFlow, [386640] [1]
EFlow weighted, [386640] [1]
EFlow, [386640] [1]
EFlow weighted, [386640] [1]
EFlow, [386640] [1]
EFlow weighted, [386640] [1]
EFlow, [386640] [1]
EFlow weighted, [386640] [1]
EFlow, [386640] [1]
EFlow weighted, [386640] [1]
EFlow, [386640] [1]
EFlow weighted, [386640] [1]
EFlow, [386640] [1]
EFlow weighted, [386640] [1]
EFlow, [386640] [1]
EFlow weighted, [386640] [1]
EFlow, [386640] [1]
EFlow weighted, [386640] [1]
EFlow, [386640] [1]
EFlow weighted, [386640] [1]
EFlow, [386640] [1]
EFlow weighted, [386640] [1]
EFlow, [386640] [1]
EFlow weighted, [386640] [1]
EFlow, [386640] [1]
EFlow weighted, [386640] [1]
EFlow, [386640] [1]
EFlow weighted, [386640] [1]
EFlow, [386640] [1]
EFlow weighted, [386640] [1]
EFlow, [386640] [1]
EFlow weighted, [386640] [1]
EFlow, [386640] [1]
EFlow weighted, [386640] [1]
EFlow, [386640] [1]
EFlow weighted, [386640] [1]
EFlow, [386640] [1]
EFlow weighted, [386640] [1]
EFlow, [386640] [1]
EFlow weighted, [386640] [1]
EFlow, [386640] [1]
EFlow weighted, [386640] [1]
EFlow, [386640] [1]
EFlow weighted, [386640] [1]
EFlow, [386640] [1]
EFlow weighted, [386640] [1]
EFlow, [386640] [1]
EFlow weighted, [386640] [1]
EFlow, [386640] [1]
EFlow weighted, [386640] [1]
EFlow, [386640] [1]
EFlow weighted, [386640] [1]
EFlow, [386640] [1]
EFlow weighted, [386640] [1]
EFlow, [386640] [1]
EFlow weighted, [386640] [1]
EFlow, [386640] [1]
EFlow weighted, [386640] [1]
EFlow, [386640] [1]
EFlow weighted, [386640] [1]
EFlow, [386640] [1]
EFlow weighted, [386640] [1]
EFlow, [386640] [1]
EFlow weighted, [386640] [1]
EFlow, [386640] [1]
EFlow weighted, [386640] [1]
EFlow, [386640] [1]
EFlow weighted, [386640] [1]
EFlow, [386640] [1]
EFlow weighted, [386640] [1]
EFlow, [386640] [1]
EFlow weighted, [386640] [1]
EFlow, [386640] [1]
EFlow weighted, [386640] [1]
EFlow, [386640] [1]
EFlow weighted, [386640] [1]
EFlow, [386640] [1]
EFlow weighted, [386640] [1]
EFlow, [386640] [1]
EFlow weighted, [386640] [1]
EFlow, [386640] [1]
EFlow weighted, [386640] [1]
EFlow, [386640] [1]
EFlow weighted, [386640] [1]
EFlow, [386640] [1]
EFlow weighted, [386640] [1]
EFlow, [386640] [1]
EFlow weighted, [386640] [1]
EFlow, [386640] [1]
EFlow weighted, [386640] [1]
EFlow, [386640] [1]
EFlow weighted, [386640] [1]
EFlow, [386640] [1]
EFlow weighted, [386640] [1]
EFlow, [386640] [1]
EFlow weighted, [386640] [1]
EFlow, [386640] [1]
EFlow weighted, [386640] [1]
EFlow, [386640] [1]
EFlow weighted, [386640] [1]
EFlow, [386640] [1]
EFlow weighted, [386640] [1]
EFlow, [386640] [1]
EFlow weighted, [386640] [1]
EFlow, [386640] [1]
EFlow weighted, [386640] [1]
EFlow, [386640] [1]
EFlow weighted, [386640] [1]
EFlow, [386640] [1]
EFlow weighted, [386640] [1]
EFlow, [386640] [1]
EFlow weighted, [386640] [1]
EFlow, [386640] [1]
EFlow weighted, [386640] [1]
EFlow, [386640] [1]
EFlow weighted, [386640] [1]
EFlow, [386640] [1]
EFlow weighted, [386640] [1]
EFlow, [386640] [1]
EFlow weighted, [386640] [1]
EFlow, [386640] [1]
EFlow weighted, [386640] [1]
EFlow, [386640] [1]
EFlow weighted, [386640] [1]
EFlow, [386640] [1]
EFlow weighted, [386640] [1]
EFlow, [386640] [1]
EFlow weighted, [386640] [1]
EFlow, [386640] [1]
EFlow weighted, [386640] [1]
EFlow, [386640] [1]
EFlow weighted, [386640] [1]
EFlow, [386640] [1]
EFlow weighted, [386640] [1]
EFlow, [386640] [1]
EFlow weighted, [386640] [1]
EFlow, [386640] [1]
EFlow weighted, [386640] [1]
EFlow, [386640] [1]
EFlow weighted, [386640] [1]
EFlow, [386640] [1]
EFlow weighted, [386640] [1]
EFlow, [386640] [1]
EFlow weighted, [386640] [1]
EFlow, [386640] [1]
EFlow weighted, [386640] [1]
EFlow, [386640] [1]
EFlow weighted, [386640] [1]
EFlow, [386640] [1]
EFlow weighted, [386640] [1]
EFlow, [386640] [1]
EFlow weighted, [386640] [1]
EFlow, [386640] [1]
EFlow weighted, [386640] [1]
EFlow, [386640] [1]
EFlow weighted, [386640] [1]
EFlow, [386640] [1]
EFlow weighted, [386640] [1]
EFlow, [386640] [1]
EFlow weighted, [386640] [1]
EFlow, [386640] [1]
EFlow weighted, [386640] [1]
EFlow, [386640] [1]
EFlow weighted, [386640] [1]
EFlow, [386640] [1]
EFlow weighted, [386640] [1]
EFlow, [386640] [1]
EFlow weighted, [386640] [1]
EFlow, [386640] [1]
EFlow weighted, [386640] [1]
EFlow, [386640] [1]
EFlow weighted, [386640] [1]
EFlow, [386640] [1]
EFlow weighted, [386640] [1]
EFlow, [386640] [1]
EFlow weighted, [386640] [1]
EFlow, [386640] [1]
EFlow weighted, [386640] [1]
EFlow, [386640] [1]
EFlow weighted, [386640] [1]
EFlow, [386640] [1]
EFlow weighted, [386640] [1]
EFlow, [386640] [1]
EFlow weighted, [386640] [1]
EFlow, [386640] [1]
EFlow weighted, [386640] [1]
EFlow, [386640] [1]
EFlow weighted, [386640] [1]
EFlow, [386640] [1]
EFlow weighted, [386640] [1]
EFlow, [386640] [1]
EFlow weighted, [386640] [1]
EFlow, [386640] [1]
EFlow weighted, [386640] [1]
EFlow, [386640] [1]
EFlow weighted, [386640] [1]
EFlow, [386640] [1]
EFlow weighted, [386640] [1]
EFlow, [386640] [1]
EFlow weighted, [386640] [1]
EFlow, [386640] [1]
EFlow weighted, [386640] [1]
EFlow, [386640] [1]
EFlow weighted, [386640] [1]
EFlow, [386640] [1]
EFlow weighted, [386640] [1]
EFlow, [386640] [1]
EFlow weighted, [386640] [1]
EFlow, [386640] [1]
EFlow weighted, [386640] [1]
EFlow, [386640] [1]
EFlow weighted, [386640] [1]
EFlow, [386640] [1]
EFlow weighted, [386640] [1]
EFlow, [386640] [1]
EFlow weighted, [386640] [1]
EFlow, [386640] [1]
EFlow weighted, [386640] [1]
EFlow, [386640] [1]
EFlow weighted, [386640] [1]
EFlow, [386640] [1]
EFlow weighted, [386640] [1]
EFlow, [386640] [1]
EFlow weighted, [386640] [1]
EFlow, [386640] [1]
EFlow weighted, [386640] [1]
EFlow, [386640] [1]
EFlow weighted, [386640] [1]
EFlow, [386640] [1]
EFlow weighted, [386640] [1]
EFlow, [386640] [1]
EFlow weighted, [386640] [1]
EFlow, [386640] [1]
EFlow weighted, [386640] [1]
EFlow, [386640] [1]
EFlow weighted, [386640] [1]
EFlow, [386640] [1]
EFlow weighted, [386640] [1]
EFlow, [386640] [1]
EFlow weighted, [386640] [1]
EFlow, [386640] [1]
EFlow weighted, [386640] [1]
EFlow, [386640] [1]
EFlow weighted, [386640] [1]
EFlow, [386640] [1]
EFlow weighted, [386640] [1]
EFlow, [386640] [1]
EFlow weighted, [386640] [1]
EFlow, [386640] [1]
EFlow weighted, [386640] [1]
EFlow, [386640] [1]
EFlow weighted, [386640] [1]
EFlow, [386640] [1]
EFlow weighted, [386640] [1]
EFlow, [386640] [1]
EFlow weighted, [386640] [1]
EFlow, [386640] [1]
EFlow weighted, [386640] [1]
EFlow, [386640] [1]
EFlow weighted, [386640] [1]
EFlow, [386640] [1]
EFlow weighted, [386640] [1]
EFlow, [386640] [1]
EFlow weighted, [386640] [1]
EFlow, [386640] [1]
EFlow weighted, [386640] [1]
EFlow, [386640] [1]
EFlow weighted, [386640] [1]
EFlow, [386640] [1]
EFlow weighted, [386640] [1]
EFlow, [386640] [1]
EFlow weighted, [386640] [1]
EFlow, [386640] [1]
EFlow weighted, [386640] [1]
EFlow, [386640] [1]
EFlow weighted, [386640] [1]
EFlow, [386640] [1]
EFlow weighted, [386640] [1]
EFlow, [386640] [1]
EFlow weighted, [386640] [1]
EFlow, [386640] [1]
EFlow weighted, [386640] [1]
EFlow, [386640] [1]
EFlow weighted, [386640] [1]
EFlow, [386640] [1]
EFlow weighted, [386640] [1]
EFlow, [386640] [1]
EFlow weighted, [386640] [1]
EFlow, [386640] [1]
EFlow weighted, [386640] [1]
EFlow, [386640] [1]
EFlow weighted, [386640] [1]
EFlow, [386640] [1]
EFlow weighted, [386640] [1]
EFlow, [386640] [1]
EFlow weighted, [386640] [1]
EFlow, [386640] [1]
EFlow weighted, [386640] [1]
EFlow, [386640] [1]
EFlow weighted, [386640] [1]
EFlow, [386640] [1]
EFlow weighted, [386640] [1]
EFlow, [386640] [1]
EFlow weighted, [386640] [1]
EFlow, [386640] [1]
EFlow weighted, [386640] [1]
EFlow, [386640] [1]
EFlow weighted, [386640] [1]
EFlow, [386640] [1]
EFlow weighted, [386640] [1]
EFlow, [386640] [1]
EFlow weighted, [386640] [1]
EFlow, [386640] [1]
EFlow weighted, [386640] [1]
EFlow, [386640] [1]
EFlow weighted, [386640] [1]
EFlow, [386640] [1]
EFlow weighted, [386640] [1]
EFlow, [386640] [1]
EFlow weighted, [386640] [1]
EFlow, [386640] [1]
EFlow weighted, [386640] [1]
EFlow, [386640] [1]
EFlow weighted, [386640] [1]
EFlow, [386640] [1]
EFlow weighted, [386640] [1]
EFlow, [386640] [1]
EFlow weighted, [386640] [1]
EFlow, [386640] [1]
EFlow weighted, [386640] [1]
EFlow, [386640] [1]
EFlow weighted, [386640] [1]
EFlow, [386640] [1]
EFlow weighted, [386640] [1]
EFlow, [386640] [1]
EFlow weighted, [386640] [1]
EFlow, [386640] [1]
EFlow weighted, [386640] [1]
EFlow, [386640] [1]
EFlow weighted, [386640] [1]
EFlow, [386640] [1]
EFlow weighted, [386640] [1]
EFlow, [386640] [1]
EFlow weighted, [386640] [1]
EFlow, [386640] [1]
EFlow weighted, [386640] [1]
EFlow, [386640] [1]
EFlow weighted, [386640] [1]
EFlow, [386640] [1]
EFlow weighted, [386640] [1]
EFlow, [386640] [1]
EFlow weighted, [386640] [1]
EFlow, [386640] [1]
EFlow weighted, [386640] [1]
EFlow, [386640] [1]
EFlow weighted, [386640] [1]
EFlow, [386640] [1]
EFlow weighted, [386640] [1]
EFlow, [386640] [1]
EFlow weighted, [386640] [1]
EFlow, [386640] [1]
EFlow weighted, [386640] [1]
EFlow, [386640] [1]
EFlow weighted, [386640] [1]
EFlow, [386640] [1]
EFlow weighted, [386640] [1]
EFlow, [386640] [1]
EFlow weighted, [386640] [1]
EFlow, [386640] [1]
EFlow weighted, [386640] [1]
Bad xstal i$\eta$ = 63 i$\phi$ = 281 ---> Skipping 
EFlow, [386640] [1]
EFlow weighted, [386640] [1]
EFlow, [386640] [1]
EFlow weighted, [386640] [1]
EFlow, [386640] [1]
EFlow weighted, [386640] [1]
EFlow, [386640] [1]
EFlow weighted, [386640] [1]
EFlow, [386640] [1]
EFlow weighted, [386640] [1]
EFlow, [386640] [1]
EFlow weighted, [386640] [1]
EFlow, [386640] [1]
EFlow weighted, [386640] [1]
EFlow, [386640] [1]
EFlow weighted, [386640] [1]
EFlow, [386640] [1]
EFlow weighted, [386640] [1]
EFlow, [386640] [1]
EFlow weighted, [386640] [1]
EFlow, [386640] [1]
EFlow weighted, [386640] [1]
EFlow, [386640] [1]
EFlow weighted, [386640] [1]
EFlow, [386640] [1]
EFlow weighted, [386640] [1]
EFlow, [386640] [1]
EFlow weighted, [386640] [1]
EFlow, [386640] [1]
EFlow weighted, [386640] [1]
EFlow, [386640] [1]
EFlow weighted, [386640] [1]
EFlow, [386640] [1]
EFlow weighted, [386640] [1]
EFlow, [386640] [1]
EFlow weighted, [386640] [1]
EFlow, [386640] [1]
EFlow weighted, [386640] [1]
EFlow, [386640] [1]
EFlow weighted, [386640] [1]
EFlow, [386640] [1]
EFlow weighted, [386640] [1]
EFlow, [386640] [1]
EFlow weighted, [386640] [1]
EFlow, [386640] [1]
EFlow weighted, [386640] [1]
EFlow, [386640] [1]
EFlow weighted, [386640] [1]
EFlow, [386640] [1]
EFlow weighted, [386640] [1]
EFlow, [386640] [1]
EFlow weighted, [386640] [1]
EFlow, [386640] [1]
EFlow weighted, [386640] [1]
EFlow, [386640] [1]
EFlow weighted, [386640] [1]
EFlow, [386640] [1]
EFlow weighted, [386640] [1]
EFlow, [386640] [1]
EFlow weighted, [386640] [1]
EFlow, [386640] [1]
EFlow weighted, [386640] [1]
EFlow, [386640] [1]
EFlow weighted, [386640] [1]
Bad xstal i$\eta$ = 72 i$\phi$ = 341 ---> Skipping 
EFlow, [386640] [1]
EFlow weighted, [386640] [1]
EFlow, [386640] [1]
EFlow weighted, [386640] [1]
EFlow, [386640] [1]
EFlow weighted, [386640] [1]
EFlow, [386640] [1]
EFlow weighted, [386640] [1]
EFlow, [386640] [1]
EFlow weighted, [386640] [1]
EFlow, [386640] [1]
EFlow weighted, [386640] [1]
EFlow, [386640] [1]
EFlow weighted, [386640] [1]
EFlow, [386640] [1]
EFlow weighted, [386640] [1]
EFlow, [386640] [1]
EFlow weighted, [386640] [1]
EFlow, [386640] [1]
EFlow weighted, [386640] [1]
EFlow, [386640] [1]
EFlow weighted, [386640] [1]
EFlow, [386640] [1]
EFlow weighted, [386640] [1]
EFlow, [386640] [1]
EFlow weighted, [386640] [1]
EFlow, [386640] [1]
EFlow weighted, [386640] [1]
EFlow, [386640] [1]
EFlow weighted, [386640] [1]
EFlow, [386640] [1]
EFlow weighted, [386640] [1]
EFlow, [386640] [1]
EFlow weighted, [386640] [1]
EFlow, [386640] [1]
EFlow weighted, [386640] [1]
EFlow, [386640] [1]
EFlow weighted, [386640] [1]
EFlow, [386640] [1]
EFlow weighted, [386640] [1]
EFlow, [386640] [1]
EFlow weighted, [386640] [1]
EFlow, [386640] [1]
EFlow weighted, [386640] [1]
EFlow, [386640] [1]
EFlow weighted, [386640] [1]
EFlow, [386640] [1]
EFlow weighted, [386640] [1]
EFlow, [386640] [1]
EFlow weighted, [386640] [1]
EFlow, [386640] [1]
EFlow weighted, [386640] [1]
EFlow, [386640] [1]
EFlow weighted, [386640] [1]
EFlow, [386640] [1]
EFlow weighted, [386640] [1]
EFlow, [386640] [1]
EFlow weighted, [386640] [1]
EFlow, [386640] [1]
EFlow weighted, [386640] [1]
EFlow, [386640] [1]
EFlow weighted, [386640] [1]
EFlow, [386640] [1]
EFlow weighted, [386640] [1]
EFlow, [386640] [1]
EFlow weighted, [386640] [1]
EFlow, [386640] [1]
EFlow weighted, [386640] [1]
EFlow, [386640] [1]
EFlow weighted, [386640] [1]
EFlow, [386640] [1]
EFlow weighted, [386640] [1]
EFlow, [386640] [1]
EFlow weighted, [386640] [1]
EFlow, [386640] [1]
EFlow weighted, [386640] [1]
EFlow, [386640] [1]
EFlow weighted, [386640] [1]
EFlow, [386640] [1]
EFlow weighted, [386640] [1]
EFlow, [386640] [1]
EFlow weighted, [386640] [1]
EFlow, [386640] [1]
EFlow weighted, [386640] [1]
EFlow, [386640] [1]
EFlow weighted, [386640] [1]
EFlow, [386640] [1]
EFlow weighted, [386640] [1]
EFlow, [386640] [1]
EFlow weighted, [386640] [1]
EFlow, [386640] [1]
EFlow weighted, [386640] [1]
... saved plots and now ICs in eflow_plots/10204/
Job status done with output:  /eos/cms/store/group/dpg_ecal/alca_ecalcalib/automation_replays/test_eflow_v1/eflow-phisym/eflow//386640/file.txt
