/srv
/srv
total 220
-rw-r--r--. 1 pbackes zh   8894 Jan 14 16:52 EcalPhiSymReco_cfg.py
-rw-r--r--. 1 pbackes zh 147373 Jan 14 16:52 _condor_stderr
-rw-r--r--. 1 pbackes zh     10 Jan 14 16:52 _condor_stdout
-rw-r--r--. 1 pbackes zh   1840 Jan 14 16:52 alcanano_customize.py
-rwxr-xr-x. 1 pbackes zh   1851 Jan 14 16:52 batch_script.sh
drwxr-xr-x. 2 pbackes zh      6 Jan 14 16:52 output
-rw-------. 1 pbackes zh   3011 Jan 14 16:52 pbackes.cc
drwxr-x---. 6 pbackes zh     51 Jan 14 16:52 scratch
drwx------. 2 pbackes zh      6 Jan 14 16:52 srv
drwx------. 2 pbackes zh      6 Jan 14 16:52 tmp
drwx------. 3 pbackes zh     17 Jan 14 16:52 var
drwxrwxrwt. 2 pbackes zh      6 Jan 14 16:52 var_tmp
/cvmfs/cms.cern.ch/share/overrides/python:/home/ecalgit/CMSSW_14_1_5_patch1/python:/home/ecalgit/CMSSW_14_1_5_patch1/lib/el8_amd64_gcc12:/cvmfs/cms.cern.ch/el8_amd64_gcc12/cms/cmssw-patch/CMSSW_14_1_5_patch1/python:/cvmfs/cms.cern.ch/el8_amd64_gcc12/cms/cmssw-patch/CMSSW_14_1_5_patch1/lib/el8_amd64_gcc12:/cvmfs/cms.cern.ch/el8_amd64_gcc12/cms/coral/CORAL_2_3_21-a02979274176804e1e269845631edece/el8_amd64_gcc12/python:/cvmfs/cms.cern.ch/el8_amd64_gcc12/cms/coral/CORAL_2_3_21-a02979274176804e1e269845631edece/el8_amd64_gcc12/lib:/cvmfs/cms.cern.ch/el8_amd64_gcc12/cms/cmssw/CMSSW_14_1_5/lib/el8_amd64_gcc12:/cvmfs/cms.cern.ch/el8_amd64_gcc12/cms/cmssw-patch-tools/1.0-e8c01158489f29d1ab2ba0ffc672be37/lib/python3.9/site-packages:/srv
:/srv
RECO:bunchSpacingProducer+ecalMultiFitUncalibRecHitTask+ecalCalibratedRecHitTask,ALCA:EcalPhiSymByRun,ENDJOB
We have determined that this is real data (if not, rerun cmsDriver.py with --mc)
entry root://cms-xrd-global.cern.ch//store/data/Run2024I/AlCaPhiSym/RAW/v1/000/386/640/00000/0ce31192-9b19-4bfb-9160-cf8316b24b00.root
entry root://cms-xrd-global.cern.ch//store/data/Run2024I/AlCaPhiSym/RAW/v1/000/386/640/00000/7496fbad-c34e-4e2b-bc3a-8778b03d7783.root
entry root://cms-xrd-global.cern.ch//store/data/Run2024I/AlCaPhiSym/RAW/v1/000/386/640/00000/9f89d65a-9978-434d-8ac9-320c5d21d4e3.root
entry root://cms-xrd-global.cern.ch//store/data/Run2024I/AlCaPhiSym/RAW/v1/000/386/640/00000/181bab73-6331-4f80-ab04-85470cff59dd.root
entry root://cms-xrd-global.cern.ch//store/data/Run2024I/AlCaPhiSym/RAW/v1/000/386/640/00000/b7d8237e-5330-4da7-8853-0d976915b20d.root
entry root://cms-xrd-global.cern.ch//store/data/Run2024I/AlCaPhiSym/RAW/v1/000/386/640/00000/f8c9bd1b-06fb-494d-8ca7-082d51ed817f.root
entry root://cms-xrd-global.cern.ch//store/data/Run2024I/AlCaPhiSym/RAW/v1/000/386/640/00000/70a65cf7-4164-4545-9686-61d761636793.root
entry root://cms-xrd-global.cern.ch//store/data/Run2024I/AlCaPhiSym/RAW/v1/000/386/640/00000/afcb82c0-949b-4bce-b7aa-2dbbee7740a4.root
entry root://cms-xrd-global.cern.ch//store/data/Run2024I/AlCaPhiSym/RAW/v1/000/386/640/00000/d46fb875-4488-4955-a6cd-33ebec9b4d9c.root
entry root://cms-xrd-global.cern.ch//store/data/Run2024I/AlCaPhiSym/RAW/v1/000/386/640/00000/dabf0ae4-0746-4cc6-a4a6-ca910d85f68f.root
Step: RECO Spec: ['bunchSpacingProducer', 'ecalMultiFitUncalibRecHitTask', 'ecalCalibratedRecHitTask']
Step: ALCA Spec: ['EcalPhiSymByRun']
Step: ENDJOB Spec: 
customising the process with customise from alcanano_customize
Config file EcalPhiSymReco_cfg.py created
