Some automation commands require a valid grid proxy.
For those the automation T0 API is expecting a path to a VOMS proxy file in the X509_USER_PROXY environment variable which is set to '/pool/condor/dir_2881795/grid_proxy.x509'.
If needed, the file itself can be generated e.g. with 'voms-proxy-init --voms cms --out $HOME/grid_proxy.x509' before starting the singularity container.
Alternatively, the X509_USER_PROXY environment variable can be set to point to an existing VOMS proxy file.
/srv
/srv
total 208
-rw-r--r--. 1 pbackes zh 147382 Nov 29 15:44 _condor_stderr
-rw-r--r--. 1 pbackes zh    502 Nov 29 15:44 _condor_stdout
-rw-r--r--. 1 pbackes zh   1840 Nov 29 15:44 alcanano_customize.py
-rwxr-xr-x. 1 pbackes zh   1851 Nov 29 15:44 batch_script.sh
drwxr-xr-x. 2 pbackes zh      6 Nov 29 15:44 output
-rw-------. 1 pbackes zh   3179 Nov 29 15:44 pbackes.cc
drwxr-x---. 6 pbackes zh     51 Nov 29 15:44 scratch
drwx------. 2 pbackes zh      6 Nov 29 15:44 srv
drwx------. 2 pbackes zh      6 Nov 29 15:44 tmp
drwx------. 3 pbackes zh     17 Nov 29 15:44 var
drwxrwxrwt. 2 pbackes zh      6 Nov 29 15:44 var_tmp
/cvmfs/cms.cern.ch/share/overrides/python:/home/ecalgit/CMSSW_14_1_5_patch1/python:/home/ecalgit/CMSSW_14_1_5_patch1/lib/el8_amd64_gcc12:/cvmfs/cms.cern.ch/el8_amd64_gcc12/cms/cmssw-patch/CMSSW_14_1_5_patch1/python:/cvmfs/cms.cern.ch/el8_amd64_gcc12/cms/cmssw-patch/CMSSW_14_1_5_patch1/lib/el8_amd64_gcc12:/cvmfs/cms.cern.ch/el8_amd64_gcc12/cms/coral/CORAL_2_3_21-a02979274176804e1e269845631edece/el8_amd64_gcc12/python:/cvmfs/cms.cern.ch/el8_amd64_gcc12/cms/coral/CORAL_2_3_21-a02979274176804e1e269845631edece/el8_amd64_gcc12/lib:/cvmfs/cms.cern.ch/el8_amd64_gcc12/cms/cmssw/CMSSW_14_1_5/lib/el8_amd64_gcc12:/cvmfs/cms.cern.ch/el8_amd64_gcc12/cms/cmssw-patch-tools/1.0-e8c01158489f29d1ab2ba0ffc672be37/lib/python3.9/site-packages:/srv
:/srv
RECO:bunchSpacingProducer+ecalMultiFitUncalibRecHitTask+ecalCalibratedRecHitTask,ALCA:EcalPhiSymByRun,ENDJOB
We have determined that this is real data (if not, rerun cmsDriver.py with --mc)
entry root://cms-xrd-global.cern.ch//store/data/Run2024I/AlCaPhiSym/RAW/v1/000/386/642/00000/ff98cfa8-eda5-485c-a92b-d8736ca44eda.root
entry root://cms-xrd-global.cern.ch//store/data/Run2024I/AlCaPhiSym/RAW/v1/000/386/642/00000/22e65592-ea93-40d5-b596-e05d43fb9030.root
entry root://cms-xrd-global.cern.ch//store/data/Run2024I/AlCaPhiSym/RAW/v1/000/386/642/00000/e6dcc347-567f-44a7-bec0-08fc6dc87bb1.root
entry root://cms-xrd-global.cern.ch//store/data/Run2024I/AlCaPhiSym/RAW/v1/000/386/642/00000/3b4e6c7e-f566-4f31-9cde-4d210f680e55.root
entry root://cms-xrd-global.cern.ch//store/data/Run2024I/AlCaPhiSym/RAW/v1/000/386/642/00000/7f26dbef-726e-47dc-8d1e-fc02af2cb515.root
entry root://cms-xrd-global.cern.ch//store/data/Run2024I/AlCaPhiSym/RAW/v1/000/386/642/00000/c9f8780d-186e-4a04-8f49-b43c6f4f41fd.root
entry root://cms-xrd-global.cern.ch//store/data/Run2024I/AlCaPhiSym/RAW/v1/000/386/642/00000/fd636355-5b95-4b5a-85e8-1630f302097f.root
entry root://cms-xrd-global.cern.ch//store/data/Run2024I/AlCaPhiSym/RAW/v1/000/386/642/00000/45705f1c-e876-4f0e-829d-e6760798b555.root
entry root://cms-xrd-global.cern.ch//store/data/Run2024I/AlCaPhiSym/RAW/v1/000/386/642/00000/fbeb8b60-b33c-4af5-8d9d-fb22605c204c.root
entry root://cms-xrd-global.cern.ch//store/data/Run2024I/AlCaPhiSym/RAW/v1/000/386/642/00000/8f526fe6-8b91-461d-91ad-3920ee281357.root
Step: RECO Spec: ['bunchSpacingProducer', 'ecalMultiFitUncalibRecHitTask', 'ecalCalibratedRecHitTask']
Step: ALCA Spec: ['EcalPhiSymByRun']
Step: ENDJOB Spec: 
customising the process with customise from alcanano_customize
Config file EcalPhiSymReco_cfg.py created
