Some automation commands require a valid grid proxy.
For those the automation T0 API is expecting a path to a VOMS proxy file in the X509_USER_PROXY environment variable which is set to '/pool/condor/dir_64254/grid_proxy.x509'.
If needed, the file itself can be generated e.g. with 'voms-proxy-init --voms cms --out $HOME/grid_proxy.x509' before starting the singularity container.
Alternatively, the X509_USER_PROXY environment variable can be set to point to an existing VOMS proxy file.
/srv
/srv
total 10292
-rw-r--r--. 1 pbackes zh 4715240 Dec  2 12:19 EcalPhiSymByRun.root
-rw-r--r--. 1 pbackes zh    8894 Dec  2 12:19 EcalPhiSymReco_cfg.py
-rw-r--r--. 1 pbackes zh  147354 Dec  2 12:19 _condor_stderr
-rw-r--r--. 1 pbackes zh     500 Dec  2 12:19 _condor_stdout
-rw-r--r--. 1 pbackes zh    1840 Dec  2 12:19 alcanano_customize.py
-rwxr-xr-x. 1 pbackes zh    1851 Dec  2 12:19 batch_script.sh
-rw-r--r--. 1 pbackes zh 5590525 Dec  2 12:19 ecal_phisym_nano.root
drwxr-xr-x. 2 pbackes zh       6 Dec  2 12:19 output
-rw-------. 1 pbackes zh    5933 Dec  2 12:19 pbackes.cc
drwxr-x---. 6 pbackes zh      71 Dec  2 12:19 scratch
drwx------. 2 pbackes zh       6 Dec  2 12:19 srv
drwx------. 2 pbackes zh       6 Dec  2 12:19 tmp
drwx------. 3 pbackes zh      17 Dec  2 12:19 var
drwxrwxrwt. 2 pbackes zh       6 Dec  2 12:19 var_tmp
/cvmfs/cms.cern.ch/share/overrides/python:/home/ecalgit/CMSSW_14_1_5_patch1/python:/home/ecalgit/CMSSW_14_1_5_patch1/lib/el8_amd64_gcc12:/cvmfs/cms.cern.ch/el8_amd64_gcc12/cms/cmssw-patch/CMSSW_14_1_5_patch1/python:/cvmfs/cms.cern.ch/el8_amd64_gcc12/cms/cmssw-patch/CMSSW_14_1_5_patch1/lib/el8_amd64_gcc12:/cvmfs/cms.cern.ch/el8_amd64_gcc12/cms/coral/CORAL_2_3_21-a02979274176804e1e269845631edece/el8_amd64_gcc12/python:/cvmfs/cms.cern.ch/el8_amd64_gcc12/cms/coral/CORAL_2_3_21-a02979274176804e1e269845631edece/el8_amd64_gcc12/lib:/cvmfs/cms.cern.ch/el8_amd64_gcc12/cms/cmssw/CMSSW_14_1_5/lib/el8_amd64_gcc12:/cvmfs/cms.cern.ch/el8_amd64_gcc12/cms/cmssw-patch-tools/1.0-e8c01158489f29d1ab2ba0ffc672be37/lib/python3.9/site-packages:/srv
:/srv
RECO:bunchSpacingProducer+ecalMultiFitUncalibRecHitTask+ecalCalibratedRecHitTask,ALCA:EcalPhiSymByRun,ENDJOB
We have determined that this is real data (if not, rerun cmsDriver.py with --mc)
entry root://cms-xrd-global.cern.ch//store/data/Run2024I/AlCaPhiSym/RAW/v1/000/386/642/00000/3e614c92-e1f1-4c67-9b3c-65b57261c225.root
entry root://cms-xrd-global.cern.ch//store/data/Run2024I/AlCaPhiSym/RAW/v1/000/386/642/00000/ae3e166c-2db1-4402-a9f6-9e13226c16f3.root
entry root://cms-xrd-global.cern.ch//store/data/Run2024I/AlCaPhiSym/RAW/v1/000/386/642/00000/6ad86ee1-9507-4020-8cf7-846745625d8e.root
entry root://cms-xrd-global.cern.ch//store/data/Run2024I/AlCaPhiSym/RAW/v1/000/386/642/00000/2447f769-4c56-4d55-9f5c-20e1f2b885be.root
entry root://cms-xrd-global.cern.ch//store/data/Run2024I/AlCaPhiSym/RAW/v1/000/386/642/00000/6c9b1f69-d3cc-4c1b-8fd3-144aa67f09a0.root
entry root://cms-xrd-global.cern.ch//store/data/Run2024I/AlCaPhiSym/RAW/v1/000/386/642/00000/ab565031-b38c-4046-ace7-a9274d36a3ff.root
entry root://cms-xrd-global.cern.ch//store/data/Run2024I/AlCaPhiSym/RAW/v1/000/386/642/00000/c2e379cf-87dd-4a21-967a-9d1edbe26a1c.root
entry root://cms-xrd-global.cern.ch//store/data/Run2024I/AlCaPhiSym/RAW/v1/000/386/642/00000/243fa802-0f55-487d-ba65-4673a26f7e77.root
entry root://cms-xrd-global.cern.ch//store/data/Run2024I/AlCaPhiSym/RAW/v1/000/386/642/00000/d4fd03d9-36d2-4820-9e71-db061c4a28f4.root
entry root://cms-xrd-global.cern.ch//store/data/Run2024I/AlCaPhiSym/RAW/v1/000/386/642/00000/96014004-c88c-45b0-86c4-b23013292a6e.root
Step: RECO Spec: ['bunchSpacingProducer', 'ecalMultiFitUncalibRecHitTask', 'ecalCalibratedRecHitTask']
Step: ALCA Spec: ['EcalPhiSymByRun']
Step: ENDJOB Spec: 
customising the process with customise from alcanano_customize
Config file EcalPhiSymReco_cfg.py created
