Some automation commands require a valid grid proxy.
For those the automation T0 API is expecting a path to a VOMS proxy file in the X509_USER_PROXY environment variable which is set to '/pool/condor/dir_3759430/grid_proxy.x509'.
If needed, the file itself can be generated e.g. with 'voms-proxy-init --voms cms --out $HOME/grid_proxy.x509' before starting the singularity container.
Alternatively, the X509_USER_PROXY environment variable can be set to point to an existing VOMS proxy file.
/srv
/srv
total 220
-rw-r--r--. 1 pbackes zh   8625 Jan 14 16:52 EcalPhiSymReco_cfg.py
-rw-r--r--. 1 pbackes zh 147749 Jan 14 16:52 _condor_stderr
-rw-r--r--. 1 pbackes zh    502 Jan 14 16:52 _condor_stdout
-rw-r--r--. 1 pbackes zh   1840 Jan 14 16:52 alcanano_customize.py
-rwxr-xr-x. 1 pbackes zh   1851 Jan 14 16:52 batch_script.sh
drwxr-xr-x. 2 pbackes zh      6 Jan 14 16:52 output
-rw-------. 1 pbackes zh   3011 Jan 14 16:52 pbackes.cc
drwxr-x---. 6 pbackes zh     71 Jan 14 16:52 scratch
drwx------. 2 pbackes zh      6 Jan 14 16:52 srv
drwx------. 2 pbackes zh      6 Jan 14 16:52 tmp
drwx------. 3 pbackes zh     17 Jan 14 16:52 var
drwxrwxrwt. 2 pbackes zh      6 Jan 14 16:52 var_tmp
/cvmfs/cms.cern.ch/share/overrides/python:/home/ecalgit/CMSSW_14_1_5_patch1/python:/home/ecalgit/CMSSW_14_1_5_patch1/lib/el8_amd64_gcc12:/cvmfs/cms.cern.ch/el8_amd64_gcc12/cms/cmssw-patch/CMSSW_14_1_5_patch1/python:/cvmfs/cms.cern.ch/el8_amd64_gcc12/cms/cmssw-patch/CMSSW_14_1_5_patch1/lib/el8_amd64_gcc12:/cvmfs/cms.cern.ch/el8_amd64_gcc12/cms/coral/CORAL_2_3_21-a02979274176804e1e269845631edece/el8_amd64_gcc12/python:/cvmfs/cms.cern.ch/el8_amd64_gcc12/cms/coral/CORAL_2_3_21-a02979274176804e1e269845631edece/el8_amd64_gcc12/lib:/cvmfs/cms.cern.ch/el8_amd64_gcc12/cms/cmssw/CMSSW_14_1_5/lib/el8_amd64_gcc12:/cvmfs/cms.cern.ch/el8_amd64_gcc12/cms/cmssw-patch-tools/1.0-e8c01158489f29d1ab2ba0ffc672be37/lib/python3.9/site-packages:/srv
:/srv
RECO:bunchSpacingProducer+ecalMultiFitUncalibRecHitTask+ecalCalibratedRecHitTask,ALCA:EcalPhiSymByRun,ENDJOB
We have determined that this is real data (if not, rerun cmsDriver.py with --mc)
entry root://cms-xrd-global.cern.ch//store/data/Run2024I/AlCaPhiSym/RAW/v1/000/386/661/00000/9bd42319-e757-4182-82a3-8109eed2375f.root
entry root://cms-xrd-global.cern.ch//store/data/Run2024I/AlCaPhiSym/RAW/v1/000/386/661/00000/f9ff3c66-08ff-40e8-a3d8-769d4706c01a.root
entry root://cms-xrd-global.cern.ch//store/data/Run2024I/AlCaPhiSym/RAW/v1/000/386/661/00000/fbb07510-9bb4-4cfa-b913-687d2d7583a6.root
entry root://cms-xrd-global.cern.ch//store/data/Run2024I/AlCaPhiSym/RAW/v1/000/386/661/00000/e0095336-3bd4-40b3-bdbc-cd0e6dc4d440.root
entry root://cms-xrd-global.cern.ch//store/data/Run2024I/AlCaPhiSym/RAW/v1/000/386/661/00000/ffd9a12d-8b1f-4fd8-bbf3-bba6a640abc6.root
entry root://cms-xrd-global.cern.ch//store/data/Run2024I/AlCaPhiSym/RAW/v1/000/386/661/00000/7bf58be2-d898-4164-a2df-4308b54d6515.root
entry root://cms-xrd-global.cern.ch//store/data/Run2024I/AlCaPhiSym/RAW/v1/000/386/661/00000/4ac21f50-6bf6-4e7f-a978-e2b47cd185b6.root
entry root://cms-xrd-global.cern.ch//store/data/Run2024I/AlCaPhiSym/RAW/v1/000/386/661/00000/da9cc70d-fa7d-4804-8db6-27d48f8c17e5.root
entry root://cms-xrd-global.cern.ch//store/data/Run2024I/AlCaPhiSym/RAW/v1/000/386/661/00000/a8ed9db5-c3db-4eef-963f-5992ec41f5a3.root
Step: RECO Spec: ['bunchSpacingProducer', 'ecalMultiFitUncalibRecHitTask', 'ecalCalibratedRecHitTask']
Step: ALCA Spec: ['EcalPhiSymByRun']
Step: ENDJOB Spec: 
customising the process with customise from alcanano_customize
Config file EcalPhiSymReco_cfg.py created
