/srv
/srv
total 220
-rw-r--r--. 1 pbackes zh   8894 Jan 14 16:52 EcalPhiSymReco_cfg.py
-rw-r--r--. 1 pbackes zh 147377 Jan 14 16:53 _condor_stderr
-rw-r--r--. 1 pbackes zh     10 Jan 14 16:52 _condor_stdout
-rw-r--r--. 1 pbackes zh   1840 Jan 14 16:52 alcanano_customize.py
-rwxr-xr-x. 1 pbackes zh   1851 Jan 14 16:52 batch_script.sh
drwxr-xr-x. 2 pbackes zh      6 Jan 14 16:53 output
-rw-------. 1 pbackes zh   3011 Jan 14 16:52 pbackes.cc
drwxr-x---. 6 pbackes zh     51 Jan 14 16:52 scratch
drwx------. 2 pbackes zh      6 Jan 14 16:52 srv
drwx------. 2 pbackes zh      6 Jan 14 16:52 tmp
drwx------. 3 pbackes zh     17 Jan 14 16:52 var
drwxrwxrwt. 2 pbackes zh      6 Jan 14 16:52 var_tmp
/cvmfs/cms.cern.ch/share/overrides/python:/home/ecalgit/CMSSW_14_1_5_patch1/python:/home/ecalgit/CMSSW_14_1_5_patch1/lib/el8_amd64_gcc12:/cvmfs/cms.cern.ch/el8_amd64_gcc12/cms/cmssw-patch/CMSSW_14_1_5_patch1/python:/cvmfs/cms.cern.ch/el8_amd64_gcc12/cms/cmssw-patch/CMSSW_14_1_5_patch1/lib/el8_amd64_gcc12:/cvmfs/cms.cern.ch/el8_amd64_gcc12/cms/coral/CORAL_2_3_21-a02979274176804e1e269845631edece/el8_amd64_gcc12/python:/cvmfs/cms.cern.ch/el8_amd64_gcc12/cms/coral/CORAL_2_3_21-a02979274176804e1e269845631edece/el8_amd64_gcc12/lib:/cvmfs/cms.cern.ch/el8_amd64_gcc12/cms/cmssw/CMSSW_14_1_5/lib/el8_amd64_gcc12:/cvmfs/cms.cern.ch/el8_amd64_gcc12/cms/cmssw-patch-tools/1.0-e8c01158489f29d1ab2ba0ffc672be37/lib/python3.9/site-packages:/srv
:/srv
RECO:bunchSpacingProducer+ecalMultiFitUncalibRecHitTask+ecalCalibratedRecHitTask,ALCA:EcalPhiSymByRun,ENDJOB
We have determined that this is real data (if not, rerun cmsDriver.py with --mc)
entry root://cms-xrd-global.cern.ch//store/data/Run2024I/AlCaPhiSym/RAW/v1/000/386/640/00000/11064818-f2c2-4d56-beeb-bfcbf273ac60.root
entry root://cms-xrd-global.cern.ch//store/data/Run2024I/AlCaPhiSym/RAW/v1/000/386/640/00000/21fe80db-239a-4b97-9a6a-3e7bc9243c27.root
entry root://cms-xrd-global.cern.ch//store/data/Run2024I/AlCaPhiSym/RAW/v1/000/386/640/00000/2f982967-3d97-4da8-a006-7d300edd0efc.root
entry root://cms-xrd-global.cern.ch//store/data/Run2024I/AlCaPhiSym/RAW/v1/000/386/640/00000/6fb758c3-62b8-430a-bda8-d48ca16379a8.root
entry root://cms-xrd-global.cern.ch//store/data/Run2024I/AlCaPhiSym/RAW/v1/000/386/640/00000/430ca226-b5bb-4871-9188-69df027df779.root
entry root://cms-xrd-global.cern.ch//store/data/Run2024I/AlCaPhiSym/RAW/v1/000/386/640/00000/c00bd299-392d-4bea-bf0d-ff66cbae4665.root
entry root://cms-xrd-global.cern.ch//store/data/Run2024I/AlCaPhiSym/RAW/v1/000/386/640/00000/b76ddf01-a2fb-4218-859c-a4b147b53242.root
entry root://cms-xrd-global.cern.ch//store/data/Run2024I/AlCaPhiSym/RAW/v1/000/386/640/00000/e9626183-ff8f-4042-9a3d-70977968ec4d.root
entry root://cms-xrd-global.cern.ch//store/data/Run2024I/AlCaPhiSym/RAW/v1/000/386/640/00000/77ae7684-f649-4f94-8b01-ac23e60625ae.root
entry root://cms-xrd-global.cern.ch//store/data/Run2024I/AlCaPhiSym/RAW/v1/000/386/640/00000/270e4ac4-9fe3-4359-930c-85510b71ce65.root
Step: RECO Spec: ['bunchSpacingProducer', 'ecalMultiFitUncalibRecHitTask', 'ecalCalibratedRecHitTask']
Step: ALCA Spec: ['EcalPhiSymByRun']
Step: ENDJOB Spec: 
customising the process with customise from alcanano_customize
Config file EcalPhiSymReco_cfg.py created
