/srv
/srv
total 220
-rw-r--r--. 1 pbackes zh   8894 Jan 14 17:02 EcalPhiSymReco_cfg.py
-rw-r--r--. 1 pbackes zh 147377 Jan 14 17:02 _condor_stderr
-rw-r--r--. 1 pbackes zh     10 Jan 14 17:02 _condor_stdout
-rw-r--r--. 1 pbackes zh   1840 Jan 14 17:02 alcanano_customize.py
-rwxr-xr-x. 1 pbackes zh   1851 Jan 14 17:02 batch_script.sh
drwxr-xr-x. 2 pbackes zh      6 Jan 14 17:02 output
-rw-------. 1 pbackes zh   3011 Jan 14 17:02 pbackes.cc
drwxr-x---. 6 pbackes zh     71 Jan 14 17:02 scratch
drwx------. 2 pbackes zh      6 Jan 14 17:02 srv
drwx------. 2 pbackes zh      6 Jan 14 17:02 tmp
drwx------. 3 pbackes zh     17 Jan 14 17:02 var
drwxrwxrwt. 2 pbackes zh      6 Jan 14 17:02 var_tmp
/cvmfs/cms.cern.ch/share/overrides/python:/home/ecalgit/CMSSW_14_1_5_patch1/python:/home/ecalgit/CMSSW_14_1_5_patch1/lib/el8_amd64_gcc12:/cvmfs/cms.cern.ch/el8_amd64_gcc12/cms/cmssw-patch/CMSSW_14_1_5_patch1/python:/cvmfs/cms.cern.ch/el8_amd64_gcc12/cms/cmssw-patch/CMSSW_14_1_5_patch1/lib/el8_amd64_gcc12:/cvmfs/cms.cern.ch/el8_amd64_gcc12/cms/coral/CORAL_2_3_21-a02979274176804e1e269845631edece/el8_amd64_gcc12/python:/cvmfs/cms.cern.ch/el8_amd64_gcc12/cms/coral/CORAL_2_3_21-a02979274176804e1e269845631edece/el8_amd64_gcc12/lib:/cvmfs/cms.cern.ch/el8_amd64_gcc12/cms/cmssw/CMSSW_14_1_5/lib/el8_amd64_gcc12:/cvmfs/cms.cern.ch/el8_amd64_gcc12/cms/cmssw-patch-tools/1.0-e8c01158489f29d1ab2ba0ffc672be37/lib/python3.9/site-packages:/srv
:/srv
RECO:bunchSpacingProducer+ecalMultiFitUncalibRecHitTask+ecalCalibratedRecHitTask,ALCA:EcalPhiSymByRun,ENDJOB
We have determined that this is real data (if not, rerun cmsDriver.py with --mc)
entry root://cms-xrd-global.cern.ch//store/data/Run2024I/AlCaPhiSym/RAW/v1/000/386/640/00000/6376a4f2-fb6e-4229-bf83-bda4334de621.root
entry root://cms-xrd-global.cern.ch//store/data/Run2024I/AlCaPhiSym/RAW/v1/000/386/640/00000/d2730de9-19d6-4cc0-8114-55b9025aad00.root
entry root://cms-xrd-global.cern.ch//store/data/Run2024I/AlCaPhiSym/RAW/v1/000/386/640/00000/2ffe38cc-b8f8-47d6-8b57-c10b29aeb180.root
entry root://cms-xrd-global.cern.ch//store/data/Run2024I/AlCaPhiSym/RAW/v1/000/386/640/00000/ff4e1ae3-8358-404a-afb5-a366323626fd.root
entry root://cms-xrd-global.cern.ch//store/data/Run2024I/AlCaPhiSym/RAW/v1/000/386/640/00000/4a3eb9b6-d4f5-489e-ad20-3402ac829d63.root
entry root://cms-xrd-global.cern.ch//store/data/Run2024I/AlCaPhiSym/RAW/v1/000/386/640/00000/02081087-53ee-46c8-be44-079b2f47c01a.root
entry root://cms-xrd-global.cern.ch//store/data/Run2024I/AlCaPhiSym/RAW/v1/000/386/640/00000/af6d5862-0fb3-49e2-a664-a713faf6011c.root
entry root://cms-xrd-global.cern.ch//store/data/Run2024I/AlCaPhiSym/RAW/v1/000/386/640/00000/3bcf777d-5270-457a-9381-fe0dc0a14fa1.root
entry root://cms-xrd-global.cern.ch//store/data/Run2024I/AlCaPhiSym/RAW/v1/000/386/640/00000/2a6e1de0-a444-45f2-bfc8-c8e2cab76a93.root
entry root://cms-xrd-global.cern.ch//store/data/Run2024I/AlCaPhiSym/RAW/v1/000/386/640/00000/e125514e-f5c8-4812-9526-43470dfdcc85.root
Step: RECO Spec: ['bunchSpacingProducer', 'ecalMultiFitUncalibRecHitTask', 'ecalCalibratedRecHitTask']
Step: ALCA Spec: ['EcalPhiSymByRun']
Step: ENDJOB Spec: 
customising the process with customise from alcanano_customize
Config file EcalPhiSymReco_cfg.py created
