/srv
/srv
total 220
-rw-r--r--. 1 pbackes zh   8894 Jan 14 16:52 EcalPhiSymReco_cfg.py
-rw-r--r--. 1 pbackes zh 147377 Jan 14 16:52 _condor_stderr
-rw-r--r--. 1 pbackes zh     10 Jan 14 16:52 _condor_stdout
-rw-r--r--. 1 pbackes zh   1840 Jan 14 16:52 alcanano_customize.py
-rwxr-xr-x. 1 pbackes zh   1851 Jan 14 16:52 batch_script.sh
drwxr-xr-x. 2 pbackes zh      6 Jan 14 16:52 output
-rw-------. 1 pbackes zh   3011 Jan 14 16:52 pbackes.cc
drwxr-x---. 6 pbackes zh     51 Jan 14 16:52 scratch
drwx------. 2 pbackes zh      6 Jan 14 16:52 srv
drwx------. 2 pbackes zh      6 Jan 14 16:52 tmp
drwx------. 3 pbackes zh     17 Jan 14 16:52 var
drwxrwxrwt. 2 pbackes zh      6 Jan 14 16:52 var_tmp
/cvmfs/cms.cern.ch/share/overrides/python:/home/ecalgit/CMSSW_14_1_5_patch1/python:/home/ecalgit/CMSSW_14_1_5_patch1/lib/el8_amd64_gcc12:/cvmfs/cms.cern.ch/el8_amd64_gcc12/cms/cmssw-patch/CMSSW_14_1_5_patch1/python:/cvmfs/cms.cern.ch/el8_amd64_gcc12/cms/cmssw-patch/CMSSW_14_1_5_patch1/lib/el8_amd64_gcc12:/cvmfs/cms.cern.ch/el8_amd64_gcc12/cms/coral/CORAL_2_3_21-a02979274176804e1e269845631edece/el8_amd64_gcc12/python:/cvmfs/cms.cern.ch/el8_amd64_gcc12/cms/coral/CORAL_2_3_21-a02979274176804e1e269845631edece/el8_amd64_gcc12/lib:/cvmfs/cms.cern.ch/el8_amd64_gcc12/cms/cmssw/CMSSW_14_1_5/lib/el8_amd64_gcc12:/cvmfs/cms.cern.ch/el8_amd64_gcc12/cms/cmssw-patch-tools/1.0-e8c01158489f29d1ab2ba0ffc672be37/lib/python3.9/site-packages:/srv
:/srv
RECO:bunchSpacingProducer+ecalMultiFitUncalibRecHitTask+ecalCalibratedRecHitTask,ALCA:EcalPhiSymByRun,ENDJOB
We have determined that this is real data (if not, rerun cmsDriver.py with --mc)
entry root://cms-xrd-global.cern.ch//store/data/Run2024I/AlCaPhiSym/RAW/v1/000/386/640/00000/92c55a86-8840-4f26-b7a7-32421e46472c.root
entry root://cms-xrd-global.cern.ch//store/data/Run2024I/AlCaPhiSym/RAW/v1/000/386/640/00000/6d4934ae-e7fa-46a6-a18d-e657851da9cd.root
entry root://cms-xrd-global.cern.ch//store/data/Run2024I/AlCaPhiSym/RAW/v1/000/386/640/00000/070fb40c-7987-48a7-a832-451aa7072304.root
entry root://cms-xrd-global.cern.ch//store/data/Run2024I/AlCaPhiSym/RAW/v1/000/386/640/00000/c12a2f52-10c9-4df7-948d-6ae879c64334.root
entry root://cms-xrd-global.cern.ch//store/data/Run2024I/AlCaPhiSym/RAW/v1/000/386/640/00000/4cd89515-9c1a-44bc-9100-d23336776bb3.root
entry root://cms-xrd-global.cern.ch//store/data/Run2024I/AlCaPhiSym/RAW/v1/000/386/640/00000/4ee0f408-e389-4e10-b0fd-4cc82863ca0e.root
entry root://cms-xrd-global.cern.ch//store/data/Run2024I/AlCaPhiSym/RAW/v1/000/386/640/00000/901a19c8-1f61-4b0c-8fab-1cb4bf839ed9.root
entry root://cms-xrd-global.cern.ch//store/data/Run2024I/AlCaPhiSym/RAW/v1/000/386/640/00000/afab27b2-3dc6-4094-82b5-bdbf358e21b2.root
entry root://cms-xrd-global.cern.ch//store/data/Run2024I/AlCaPhiSym/RAW/v1/000/386/640/00000/f830df3c-6a67-4515-8ff1-db8bceef451c.root
entry root://cms-xrd-global.cern.ch//store/data/Run2024I/AlCaPhiSym/RAW/v1/000/386/640/00000/194899f7-dc81-4ceb-adae-7d8f8c3e8eaa.root
Step: RECO Spec: ['bunchSpacingProducer', 'ecalMultiFitUncalibRecHitTask', 'ecalCalibratedRecHitTask']
Step: ALCA Spec: ['EcalPhiSymByRun']
Step: ENDJOB Spec: 
customising the process with customise from alcanano_customize
Config file EcalPhiSymReco_cfg.py created
